CRITICAL - 2022-04-13 08:34:07 --> Cannot declare class App\Controllers\SignupController, because the name is already in use
#0 [internal function]: CodeIgniter\Debug\Exceptions->shutdownHandler()
#1 {main}
CRITICAL - 2022-04-13 08:37:04 --> Arquivo inválido: signup.php
#0 C:\alaragon\www\site\ci4\vendor\codeigniter4\framework\system\View\View.php(203): CodeIgniter\Exceptions\FrameworkException::forInvalidFile('signup.php')
#1 C:\alaragon\www\site\ci4\vendor\codeigniter4\framework\system\Common.php(1217): CodeIgniter\View\View->render('signup', Array, true)
#2 C:\alaragon\www\site\ci4\app\Controllers\Front\SignupController.php(12): view('signup', Array)
#3 C:\alaragon\www\site\ci4\vendor\codeigniter4\framework\system\CodeIgniter.php(937): App\Controllers\Front\SignupController->index()
#4 C:\alaragon\www\site\ci4\vendor\codeigniter4\framework\system\CodeIgniter.php(433): CodeIgniter\CodeIgniter->runController(Object(App\Controllers\Front\SignupController))
#5 C:\alaragon\www\site\ci4\vendor\codeigniter4\framework\system\CodeIgniter.php(334): CodeIgniter\CodeIgniter->handleRequest(NULL, Object(Config\Cache), false)
#6 C:\alaragon\www\site\public_html\index.php(45): CodeIgniter\CodeIgniter->run()
#7 {main}
CRITICAL - 2022-04-13 08:37:53 --> Arquivo inválido: /front/signup.php
#0 C:\alaragon\www\site\ci4\vendor\codeigniter4\framework\system\View\View.php(203): CodeIgniter\Exceptions\FrameworkException::forInvalidFile('/front/signup.p...')
#1 C:\alaragon\www\site\ci4\vendor\codeigniter4\framework\system\Common.php(1217): CodeIgniter\View\View->render('/front/signup', Array, true)
#2 C:\alaragon\www\site\ci4\app\Controllers\Front\SignupController.php(12): view('/front/signup', Array)
#3 C:\alaragon\www\site\ci4\vendor\codeigniter4\framework\system\CodeIgniter.php(937): App\Controllers\Front\SignupController->index()
#4 C:\alaragon\www\site\ci4\vendor\codeigniter4\framework\system\CodeIgniter.php(433): CodeIgniter\CodeIgniter->runController(Object(App\Controllers\Front\SignupController))
#5 C:\alaragon\www\site\ci4\vendor\codeigniter4\framework\system\CodeIgniter.php(334): CodeIgniter\CodeIgniter->handleRequest(NULL, Object(Config\Cache), false)
#6 C:\alaragon\www\site\public_html\index.php(45): CodeIgniter\CodeIgniter->run()
#7 {main}
CRITICAL - 2022-04-13 08:41:41 --> Undefined variable: dados
#0 C:\alaragon\www\site\ci4\app\Views\front\site\index.php(15): CodeIgniter\Debug\Exceptions->errorHandler(8, 'Undefined varia...', 'C:\\alaragon\\www...', 15, Array)
#1 C:\alaragon\www\site\ci4\vendor\codeigniter4\framework\system\View\View.php(220): include('C:\\alaragon\\www...')
#2 C:\alaragon\www\site\ci4\vendor\codeigniter4\framework\system\View\View.php(222): CodeIgniter\View\View->CodeIgniter\View\{closure}()
#3 C:\alaragon\www\site\ci4\vendor\codeigniter4\framework\system\View\View.php(236): CodeIgniter\View\View->render('front/site/inde...', Array, true)
#4 C:\alaragon\www\site\ci4\vendor\codeigniter4\framework\system\Common.php(1217): CodeIgniter\View\View->render('/front/login/si...', Array, true)
#5 C:\alaragon\www\site\ci4\app\Controllers\Front\SignupController.php(12): view('/front/login/si...', Array)
#6 C:\alaragon\www\site\ci4\vendor\codeigniter4\framework\system\CodeIgniter.php(937): App\Controllers\Front\SignupController->index()
#7 C:\alaragon\www\site\ci4\vendor\codeigniter4\framework\system\CodeIgniter.php(433): CodeIgniter\CodeIgniter->runController(Object(App\Controllers\Front\SignupController))
#8 C:\alaragon\www\site\ci4\vendor\codeigniter4\framework\system\CodeIgniter.php(334): CodeIgniter\CodeIgniter->handleRequest(NULL, Object(Config\Cache), false)
#9 C:\alaragon\www\site\public_html\index.php(45): CodeIgniter\CodeIgniter->run()
#10 {main}
CRITICAL - 2022-04-13 08:43:01 --> Cannot declare class App\Models\Users_model, because the name is already in use
#0 [internal function]: CodeIgniter\Debug\Exceptions->shutdownHandler()
#1 {main}
CRITICAL - 2022-04-13 08:49:47 --> O filtro {0} deve ter um alias correspondente definido.
#0 C:\alaragon\www\site\ci4\vendor\codeigniter4\framework\system\Filters\Filters.php(354): CodeIgniter\Filters\Exceptions\FilterException::forNoAlias('role')
#1 C:\alaragon\www\site\ci4\vendor\codeigniter4\framework\system\CodeIgniter.php(395): CodeIgniter\Filters\Filters->enableFilter('role', 'before')
#2 C:\alaragon\www\site\ci4\vendor\codeigniter4\framework\system\CodeIgniter.php(334): CodeIgniter\CodeIgniter->handleRequest(NULL, Object(Config\Cache), false)
#3 C:\alaragon\www\site\public_html\index.php(45): CodeIgniter\CodeIgniter->run()
#4 {main}
CRITICAL - 2022-04-13 08:50:00 --> Call to undefined function user()
#0 C:\alaragon\www\site\ci4\vendor\codeigniter4\framework\system\View\View.php(220): include()
#1 C:\alaragon\www\site\ci4\vendor\codeigniter4\framework\system\View\View.php(222): CodeIgniter\View\View->CodeIgniter\View\{closure}()
#2 C:\alaragon\www\site\ci4\vendor\codeigniter4\framework\system\Common.php(1217): CodeIgniter\View\View->render('admin/painel/in...', Array, true)
#3 C:\alaragon\www\site\ci4\app\Controllers\Admin\Painel.php(11): view('admin/painel/in...', Array)
#4 C:\alaragon\www\site\ci4\vendor\codeigniter4\framework\system\CodeIgniter.php(937): App\Controllers\Admin\Painel->index()
#5 C:\alaragon\www\site\ci4\vendor\codeigniter4\framework\system\CodeIgniter.php(433): CodeIgniter\CodeIgniter->runController(Object(App\Controllers\Admin\Painel))
#6 C:\alaragon\www\site\ci4\vendor\codeigniter4\framework\system\CodeIgniter.php(334): CodeIgniter\CodeIgniter->handleRequest(NULL, Object(Config\Cache), false)
#7 C:\alaragon\www\site\public_html\index.php(45): CodeIgniter\CodeIgniter->run()
#8 {main}
CRITICAL - 2022-04-13 08:52:46 --> Call to undefined function in_groups()
#0 C:\alaragon\www\site\ci4\vendor\codeigniter4\framework\system\View\View.php(220): include()
#1 C:\alaragon\www\site\ci4\vendor\codeigniter4\framework\system\View\View.php(222): CodeIgniter\View\View->CodeIgniter\View\{closure}()
#2 C:\alaragon\www\site\ci4\vendor\codeigniter4\framework\system\View\View.php(236): CodeIgniter\View\View->render('admin/template/...', Array, true)
#3 C:\alaragon\www\site\ci4\vendor\codeigniter4\framework\system\Common.php(1217): CodeIgniter\View\View->render('admin/painel/in...', Array, true)
#4 C:\alaragon\www\site\ci4\app\Controllers\Admin\Painel.php(11): view('admin/painel/in...', Array)
#5 C:\alaragon\www\site\ci4\vendor\codeigniter4\framework\system\CodeIgniter.php(937): App\Controllers\Admin\Painel->index()
#6 C:\alaragon\www\site\ci4\vendor\codeigniter4\framework\system\CodeIgniter.php(433): CodeIgniter\CodeIgniter->runController(Object(App\Controllers\Admin\Painel))
#7 C:\alaragon\www\site\ci4\vendor\codeigniter4\framework\system\CodeIgniter.php(334): CodeIgniter\CodeIgniter->handleRequest(NULL, Object(Config\Cache), false)
#8 C:\alaragon\www\site\public_html\index.php(45): CodeIgniter\CodeIgniter->run()
#9 {main}
ERROR - 2022-04-13 08:58:31 --> mysqli_sql_exception: Table 'site.shop_categorias' doesn't exist in C:\alaragon\www\site\ci4\vendor\codeigniter4\framework\system\Database\MySQLi\Connection.php:314
Stack trace:
#0 C:\alaragon\www\site\ci4\vendor\codeigniter4\framework\system\Database\MySQLi\Connection.php(314): mysqli->query('SELECT *\nFROM `...')
#1 C:\alaragon\www\site\ci4\vendor\codeigniter4\framework\system\Database\BaseConnection.php(715): CodeIgniter\Database\MySQLi\Connection->execute('SELECT *\nFROM `...')
#2 C:\alaragon\www\site\ci4\vendor\codeigniter4\framework\system\Database\BaseConnection.php(643): CodeIgniter\Database\BaseConnection->simpleQuery('SELECT *\nFROM `...')
#3 C:\alaragon\www\site\ci4\vendor\codeigniter4\framework\system\Database\BaseBuilder.php(1866): CodeIgniter\Database\BaseConnection->query('SELECT *\nFROM `...', Array, false)
#4 C:\alaragon\www\site\ci4\vendor\codeigniter4\framework\system\Model.php(213): CodeIgniter\Database\BaseBuilder->get()
#5 C:\alaragon\www\site\ci4\vendor\codeigniter4\framework\system\BaseModel.php(583): CodeIgniter\Model->doFindAll(0, 0)
#6 C:\alaragon\www\site\ci4\app\Models\Admin\Shop\Categorias_model.php(16): CodeIgniter\BaseModel->findAll()
#7 C:\alaragon\www\site\ci4\app\Controllers\Admin\Shop\Categorias.php(13): App\Models\Admin\Shop\Categorias_model->getDados()
#8 C:\alaragon\www\site\ci4\vendor\codeigniter4\framework\system\CodeIgniter.php(937): App\Controllers\Admin\Shop\Categorias->index()
#9 C:\alaragon\www\site\ci4\vendor\codeigniter4\framework\system\CodeIgniter.php(433): CodeIgniter\CodeIgniter->runController(Object(App\Controllers\Admin\Shop\Categorias))
#10 C:\alaragon\www\site\ci4\vendor\codeigniter4\framework\system\CodeIgniter.php(334): CodeIgniter\CodeIgniter->handleRequest(NULL, Object(Config\Cache), false)
#11 C:\alaragon\www\site\public_html\index.php(45): CodeIgniter\CodeIgniter->run()
#12 {main}
CRITICAL - 2022-04-13 08:58:31 --> Table 'site.shop_categorias' doesn't exist
#0 C:\alaragon\www\site\ci4\vendor\codeigniter4\framework\system\Database\MySQLi\Connection.php(314): mysqli->query('SELECT *\nFROM `...')
#1 C:\alaragon\www\site\ci4\vendor\codeigniter4\framework\system\Database\BaseConnection.php(715): CodeIgniter\Database\MySQLi\Connection->execute('SELECT *\nFROM `...')
#2 C:\alaragon\www\site\ci4\vendor\codeigniter4\framework\system\Database\BaseConnection.php(643): CodeIgniter\Database\BaseConnection->simpleQuery('SELECT *\nFROM `...')
#3 C:\alaragon\www\site\ci4\vendor\codeigniter4\framework\system\Database\BaseBuilder.php(1866): CodeIgniter\Database\BaseConnection->query('SELECT *\nFROM `...', Array, false)
#4 C:\alaragon\www\site\ci4\vendor\codeigniter4\framework\system\Model.php(213): CodeIgniter\Database\BaseBuilder->get()
#5 C:\alaragon\www\site\ci4\vendor\codeigniter4\framework\system\BaseModel.php(583): CodeIgniter\Model->doFindAll(0, 0)
#6 C:\alaragon\www\site\ci4\app\Models\Admin\Shop\Categorias_model.php(16): CodeIgniter\BaseModel->findAll()
#7 C:\alaragon\www\site\ci4\app\Controllers\Admin\Shop\Categorias.php(13): App\Models\Admin\Shop\Categorias_model->getDados()
#8 C:\alaragon\www\site\ci4\vendor\codeigniter4\framework\system\CodeIgniter.php(937): App\Controllers\Admin\Shop\Categorias->index()
#9 C:\alaragon\www\site\ci4\vendor\codeigniter4\framework\system\CodeIgniter.php(433): CodeIgniter\CodeIgniter->runController(Object(App\Controllers\Admin\Shop\Categorias))
#10 C:\alaragon\www\site\ci4\vendor\codeigniter4\framework\system\CodeIgniter.php(334): CodeIgniter\CodeIgniter->handleRequest(NULL, Object(Config\Cache), false)
#11 C:\alaragon\www\site\public_html\index.php(45): CodeIgniter\CodeIgniter->run()
#12 {main}
ERROR - 2022-04-13 08:58:37 --> mysqli_sql_exception: Table 'site.shop_marcas' doesn't exist in C:\alaragon\www\site\ci4\vendor\codeigniter4\framework\system\Database\MySQLi\Connection.php:314
Stack trace:
#0 C:\alaragon\www\site\ci4\vendor\codeigniter4\framework\system\Database\MySQLi\Connection.php(314): mysqli->query('SELECT *\nFROM `...')
#1 C:\alaragon\www\site\ci4\vendor\codeigniter4\framework\system\Database\BaseConnection.php(715): CodeIgniter\Database\MySQLi\Connection->execute('SELECT *\nFROM `...')
#2 C:\alaragon\www\site\ci4\vendor\codeigniter4\framework\system\Database\BaseConnection.php(643): CodeIgniter\Database\BaseConnection->simpleQuery('SELECT *\nFROM `...')
#3 C:\alaragon\www\site\ci4\vendor\codeigniter4\framework\system\Database\BaseBuilder.php(1866): CodeIgniter\Database\BaseConnection->query('SELECT *\nFROM `...', Array, false)
#4 C:\alaragon\www\site\ci4\vendor\codeigniter4\framework\system\Model.php(213): CodeIgniter\Database\BaseBuilder->get()
#5 C:\alaragon\www\site\ci4\vendor\codeigniter4\framework\system\BaseModel.php(583): CodeIgniter\Model->doFindAll(0, 0)
#6 C:\alaragon\www\site\ci4\app\Models\Admin\Shop\Marcas_model.php(16): CodeIgniter\BaseModel->findAll()
#7 C:\alaragon\www\site\ci4\app\Controllers\Admin\Shop\Marcas.php(13): App\Models\Admin\Shop\Marcas_model->getDados()
#8 C:\alaragon\www\site\ci4\vendor\codeigniter4\framework\system\CodeIgniter.php(937): App\Controllers\Admin\Shop\Marcas->index()
#9 C:\alaragon\www\site\ci4\vendor\codeigniter4\framework\system\CodeIgniter.php(433): CodeIgniter\CodeIgniter->runController(Object(App\Controllers\Admin\Shop\Marcas))
#10 C:\alaragon\www\site\ci4\vendor\codeigniter4\framework\system\CodeIgniter.php(334): CodeIgniter\CodeIgniter->handleRequest(NULL, Object(Config\Cache), false)
#11 C:\alaragon\www\site\public_html\index.php(45): CodeIgniter\CodeIgniter->run()
#12 {main}
CRITICAL - 2022-04-13 08:58:37 --> Table 'site.shop_marcas' doesn't exist
#0 C:\alaragon\www\site\ci4\vendor\codeigniter4\framework\system\Database\MySQLi\Connection.php(314): mysqli->query('SELECT *\nFROM `...')
#1 C:\alaragon\www\site\ci4\vendor\codeigniter4\framework\system\Database\BaseConnection.php(715): CodeIgniter\Database\MySQLi\Connection->execute('SELECT *\nFROM `...')
#2 C:\alaragon\www\site\ci4\vendor\codeigniter4\framework\system\Database\BaseConnection.php(643): CodeIgniter\Database\BaseConnection->simpleQuery('SELECT *\nFROM `...')
#3 C:\alaragon\www\site\ci4\vendor\codeigniter4\framework\system\Database\BaseBuilder.php(1866): CodeIgniter\Database\BaseConnection->query('SELECT *\nFROM `...', Array, false)
#4 C:\alaragon\www\site\ci4\vendor\codeigniter4\framework\system\Model.php(213): CodeIgniter\Database\BaseBuilder->get()
#5 C:\alaragon\www\site\ci4\vendor\codeigniter4\framework\system\BaseModel.php(583): CodeIgniter\Model->doFindAll(0, 0)
#6 C:\alaragon\www\site\ci4\app\Models\Admin\Shop\Marcas_model.php(16): CodeIgniter\BaseModel->findAll()
#7 C:\alaragon\www\site\ci4\app\Controllers\Admin\Shop\Marcas.php(13): App\Models\Admin\Shop\Marcas_model->getDados()
#8 C:\alaragon\www\site\ci4\vendor\codeigniter4\framework\system\CodeIgniter.php(937): App\Controllers\Admin\Shop\Marcas->index()
#9 C:\alaragon\www\site\ci4\vendor\codeigniter4\framework\system\CodeIgniter.php(433): CodeIgniter\CodeIgniter->runController(Object(App\Controllers\Admin\Shop\Marcas))
#10 C:\alaragon\www\site\ci4\vendor\codeigniter4\framework\system\CodeIgniter.php(334): CodeIgniter\CodeIgniter->handleRequest(NULL, Object(Config\Cache), false)
#11 C:\alaragon\www\site\public_html\index.php(45): CodeIgniter\CodeIgniter->run()
#12 {main}
ERROR - 2022-04-13 08:58:40 --> mysqli_sql_exception: Table 'site.shop_pedidos' doesn't exist in C:\alaragon\www\site\ci4\vendor\codeigniter4\framework\system\Database\MySQLi\Connection.php:314
Stack trace:
#0 C:\alaragon\www\site\ci4\vendor\codeigniter4\framework\system\Database\MySQLi\Connection.php(314): mysqli->query('SELECT `shop_pe...')
#1 C:\alaragon\www\site\ci4\vendor\codeigniter4\framework\system\Database\BaseConnection.php(715): CodeIgniter\Database\MySQLi\Connection->execute('SELECT `shop_pe...')
#2 C:\alaragon\www\site\ci4\vendor\codeigniter4\framework\system\Database\BaseConnection.php(643): CodeIgniter\Database\BaseConnection->simpleQuery('SELECT `shop_pe...')
#3 C:\alaragon\www\site\ci4\vendor\codeigniter4\framework\system\Database\BaseBuilder.php(1866): CodeIgniter\Database\BaseConnection->query('SELECT `shop_pe...', Array, false)
#4 C:\alaragon\www\site\ci4\app\Models\Admin\Shop\Pedidos_model.php(34): CodeIgniter\Database\BaseBuilder->get()
#5 C:\alaragon\www\site\ci4\app\Controllers\Admin\Shop\Pedidos.php(19): App\Models\Admin\Shop\Pedidos_model->getDados()
#6 C:\alaragon\www\site\ci4\vendor\codeigniter4\framework\system\CodeIgniter.php(937): App\Controllers\Admin\Shop\Pedidos->index()
#7 C:\alaragon\www\site\ci4\vendor\codeigniter4\framework\system\CodeIgniter.php(433): CodeIgniter\CodeIgniter->runController(Object(App\Controllers\Admin\Shop\Pedidos))
#8 C:\alaragon\www\site\ci4\vendor\codeigniter4\framework\system\CodeIgniter.php(334): CodeIgniter\CodeIgniter->handleRequest(NULL, Object(Config\Cache), false)
#9 C:\alaragon\www\site\public_html\index.php(45): CodeIgniter\CodeIgniter->run()
#10 {main}
CRITICAL - 2022-04-13 08:58:40 --> Table 'site.shop_pedidos' doesn't exist
#0 C:\alaragon\www\site\ci4\vendor\codeigniter4\framework\system\Database\MySQLi\Connection.php(314): mysqli->query('SELECT `shop_pe...')
#1 C:\alaragon\www\site\ci4\vendor\codeigniter4\framework\system\Database\BaseConnection.php(715): CodeIgniter\Database\MySQLi\Connection->execute('SELECT `shop_pe...')
#2 C:\alaragon\www\site\ci4\vendor\codeigniter4\framework\system\Database\BaseConnection.php(643): CodeIgniter\Database\BaseConnection->simpleQuery('SELECT `shop_pe...')
#3 C:\alaragon\www\site\ci4\vendor\codeigniter4\framework\system\Database\BaseBuilder.php(1866): CodeIgniter\Database\BaseConnection->query('SELECT `shop_pe...', Array, false)
#4 C:\alaragon\www\site\ci4\app\Models\Admin\Shop\Pedidos_model.php(34): CodeIgniter\Database\BaseBuilder->get()
#5 C:\alaragon\www\site\ci4\app\Controllers\Admin\Shop\Pedidos.php(19): App\Models\Admin\Shop\Pedidos_model->getDados()
#6 C:\alaragon\www\site\ci4\vendor\codeigniter4\framework\system\CodeIgniter.php(937): App\Controllers\Admin\Shop\Pedidos->index()
#7 C:\alaragon\www\site\ci4\vendor\codeigniter4\framework\system\CodeIgniter.php(433): CodeIgniter\CodeIgniter->runController(Object(App\Controllers\Admin\Shop\Pedidos))
#8 C:\alaragon\www\site\ci4\vendor\codeigniter4\framework\system\CodeIgniter.php(334): CodeIgniter\CodeIgniter->handleRequest(NULL, Object(Config\Cache), false)
#9 C:\alaragon\www\site\public_html\index.php(45): CodeIgniter\CodeIgniter->run()
#10 {main}
CRITICAL - 2022-04-13 08:59:19 --> O filtro {0} deve ter um alias correspondente definido.
#0 C:\alaragon\www\site\ci4\vendor\codeigniter4\framework\system\Filters\Filters.php(354): CodeIgniter\Filters\Exceptions\FilterException::forNoAlias('role')
#1 C:\alaragon\www\site\ci4\vendor\codeigniter4\framework\system\CodeIgniter.php(395): CodeIgniter\Filters\Filters->enableFilter('role', 'before')
#2 C:\alaragon\www\site\ci4\vendor\codeigniter4\framework\system\CodeIgniter.php(334): CodeIgniter\CodeIgniter->handleRequest(NULL, Object(Config\Cache), false)
#3 C:\alaragon\www\site\public_html\index.php(45): CodeIgniter\CodeIgniter->run()
#4 {main}
CRITICAL - 2022-04-13 09:00:09 --> O filtro {0} deve ter um alias correspondente definido.
#0 C:\alaragon\www\site\ci4\vendor\codeigniter4\framework\system\Filters\Filters.php(354): CodeIgniter\Filters\Exceptions\FilterException::forNoAlias('role')
#1 C:\alaragon\www\site\ci4\vendor\codeigniter4\framework\system\CodeIgniter.php(395): CodeIgniter\Filters\Filters->enableFilter('role', 'before')
#2 C:\alaragon\www\site\ci4\vendor\codeigniter4\framework\system\CodeIgniter.php(334): CodeIgniter\CodeIgniter->handleRequest(NULL, Object(Config\Cache), false)
#3 C:\alaragon\www\site\public_html\index.php(45): CodeIgniter\CodeIgniter->run()
#4 {main}
CRITICAL - 2022-04-13 09:00:12 --> O filtro {0} deve ter um alias correspondente definido.
#0 C:\alaragon\www\site\ci4\vendor\codeigniter4\framework\system\Filters\Filters.php(354): CodeIgniter\Filters\Exceptions\FilterException::forNoAlias('role')
#1 C:\alaragon\www\site\ci4\vendor\codeigniter4\framework\system\CodeIgniter.php(395): CodeIgniter\Filters\Filters->enableFilter('role', 'before')
#2 C:\alaragon\www\site\ci4\vendor\codeigniter4\framework\system\CodeIgniter.php(334): CodeIgniter\CodeIgniter->handleRequest(NULL, Object(Config\Cache), false)
#3 C:\alaragon\www\site\public_html\index.php(45): CodeIgniter\CodeIgniter->run()
#4 {main}
CRITICAL - 2022-04-13 09:26:15 --> Call to undefined method CodeIgniter\Session\Session::unset()
#0 C:\alaragon\www\site\ci4\vendor\codeigniter4\framework\system\CodeIgniter.php(937): App\Controllers\Front\SigninController->logout()
#1 C:\alaragon\www\site\ci4\vendor\codeigniter4\framework\system\CodeIgniter.php(433): CodeIgniter\CodeIgniter->runController(Object(App\Controllers\Front\SigninController))
#2 C:\alaragon\www\site\ci4\vendor\codeigniter4\framework\system\CodeIgniter.php(334): CodeIgniter\CodeIgniter->handleRequest(NULL, Object(Config\Cache), false)
#3 C:\alaragon\www\site\public_html\index.php(45): CodeIgniter\CodeIgniter->run()
#4 {main}
CRITICAL - 2022-04-13 09:26:24 --> Call to undefined method CodeIgniter\Session\Session::unset()
#0 C:\alaragon\www\site\ci4\vendor\codeigniter4\framework\system\CodeIgniter.php(937): App\Controllers\Front\SigninController->logout()
#1 C:\alaragon\www\site\ci4\vendor\codeigniter4\framework\system\CodeIgniter.php(433): CodeIgniter\CodeIgniter->runController(Object(App\Controllers\Front\SigninController))
#2 C:\alaragon\www\site\ci4\vendor\codeigniter4\framework\system\CodeIgniter.php(334): CodeIgniter\CodeIgniter->handleRequest(NULL, Object(Config\Cache), false)
#3 C:\alaragon\www\site\public_html\index.php(45): CodeIgniter\CodeIgniter->run()
#4 {main}
CRITICAL - 2022-04-13 09:27:16 --> syntax error, unexpected 'unset' (T_UNSET)
#0 C:\alaragon\www\site\ci4\vendor\codeigniter4\framework\system\Autoloader\Autoloader.php(274): CodeIgniter\Autoloader\Autoloader->includeFile('C:\\alaragon\\www...')
#1 C:\alaragon\www\site\ci4\vendor\codeigniter4\framework\system\Autoloader\Autoloader.php(228): CodeIgniter\Autoloader\Autoloader->loadInNamespace('App\\Controllers...')
#2 [internal function]: CodeIgniter\Autoloader\Autoloader->loadClass('App\\Controllers...')
#3 [internal function]: spl_autoload_call('App\\Controllers...')
#4 C:\alaragon\www\site\ci4\vendor\codeigniter4\framework\system\CodeIgniter.php(894): class_exists('\\App\\Controller...', true)
#5 C:\alaragon\www\site\ci4\vendor\codeigniter4\framework\system\CodeIgniter.php(418): CodeIgniter\CodeIgniter->startController()
#6 C:\alaragon\www\site\ci4\vendor\codeigniter4\framework\system\CodeIgniter.php(334): CodeIgniter\CodeIgniter->handleRequest(NULL, Object(Config\Cache), false)
#7 C:\alaragon\www\site\public_html\index.php(45): CodeIgniter\CodeIgniter->run()
#8 {main}
CRITICAL - 2022-04-13 09:33:10 --> Undefined variable: session
#0 C:\alaragon\www\site\ci4\app\Views\admin\template\index.php(87): CodeIgniter\Debug\Exceptions->errorHandler(8, 'Undefined varia...', 'C:\\alaragon\\www...', 87, Array)
#1 C:\alaragon\www\site\ci4\vendor\codeigniter4\framework\system\View\View.php(220): include('C:\\alaragon\\www...')
#2 C:\alaragon\www\site\ci4\vendor\codeigniter4\framework\system\View\View.php(222): CodeIgniter\View\View->CodeIgniter\View\{closure}()
#3 C:\alaragon\www\site\ci4\vendor\codeigniter4\framework\system\View\View.php(236): CodeIgniter\View\View->render('admin/template/...', Array, true)
#4 C:\alaragon\www\site\ci4\vendor\codeigniter4\framework\system\Common.php(1217): CodeIgniter\View\View->render('admin/categoria...', Array, true)
#5 C:\alaragon\www\site\ci4\app\Controllers\Admin\Categorias.php(22): view('admin/categoria...', Array)
#6 C:\alaragon\www\site\ci4\vendor\codeigniter4\framework\system\CodeIgniter.php(937): App\Controllers\Admin\Categorias->index()
#7 C:\alaragon\www\site\ci4\vendor\codeigniter4\framework\system\CodeIgniter.php(433): CodeIgniter\CodeIgniter->runController(Object(App\Controllers\Admin\Categorias))
#8 C:\alaragon\www\site\ci4\vendor\codeigniter4\framework\system\CodeIgniter.php(334): CodeIgniter\CodeIgniter->handleRequest(NULL, Object(Config\Cache), false)
#9 C:\alaragon\www\site\public_html\index.php(45): CodeIgniter\CodeIgniter->run()
#10 {main}
CRITICAL - 2022-04-13 09:43:24 --> Class 'App\Controllers\Front\siteConfig_model' not found
#0 C:\alaragon\www\site\ci4\vendor\codeigniter4\framework\system\CodeIgniter.php(937): App\Controllers\Front\SigninController->index()
#1 C:\alaragon\www\site\ci4\vendor\codeigniter4\framework\system\CodeIgniter.php(433): CodeIgniter\CodeIgniter->runController(Object(App\Controllers\Front\SigninController))
#2 C:\alaragon\www\site\ci4\vendor\codeigniter4\framework\system\CodeIgniter.php(334): CodeIgniter\CodeIgniter->handleRequest(NULL, Object(Config\Cache), false)
#3 C:\alaragon\www\site\public_html\index.php(45): CodeIgniter\CodeIgniter->run()
#4 {main}
CRITICAL - 2022-04-13 09:43:43 --> Class 'App\Controllers\Front\Banners_model' not found
#0 C:\alaragon\www\site\ci4\vendor\codeigniter4\framework\system\CodeIgniter.php(937): App\Controllers\Front\SigninController->index()
#1 C:\alaragon\www\site\ci4\vendor\codeigniter4\framework\system\CodeIgniter.php(433): CodeIgniter\CodeIgniter->runController(Object(App\Controllers\Front\SigninController))
#2 C:\alaragon\www\site\ci4\vendor\codeigniter4\framework\system\CodeIgniter.php(334): CodeIgniter\CodeIgniter->handleRequest(NULL, Object(Config\Cache), false)
#3 C:\alaragon\www\site\public_html\index.php(45): CodeIgniter\CodeIgniter->run()
#4 {main}
CRITICAL - 2022-04-13 09:44:04 --> Undefined variable: dados
#0 C:\alaragon\www\site\ci4\app\Views\front\site\index.php(15): CodeIgniter\Debug\Exceptions->errorHandler(8, 'Undefined varia...', 'C:\\alaragon\\www...', 15, Array)
#1 C:\alaragon\www\site\ci4\vendor\codeigniter4\framework\system\View\View.php(220): include('C:\\alaragon\\www...')
#2 C:\alaragon\www\site\ci4\vendor\codeigniter4\framework\system\View\View.php(222): CodeIgniter\View\View->CodeIgniter\View\{closure}()
#3 C:\alaragon\www\site\ci4\vendor\codeigniter4\framework\system\View\View.php(236): CodeIgniter\View\View->render('front/site/inde...', Array, true)
#4 C:\alaragon\www\site\ci4\vendor\codeigniter4\framework\system\Common.php(1217): CodeIgniter\View\View->render('/front/login/si...', Array, true)
#5 C:\alaragon\www\site\ci4\app\Controllers\Front\SigninController.php(29): view('/front/login/si...')
#6 C:\alaragon\www\site\ci4\vendor\codeigniter4\framework\system\CodeIgniter.php(937): App\Controllers\Front\SigninController->index()
#7 C:\alaragon\www\site\ci4\vendor\codeigniter4\framework\system\CodeIgniter.php(433): CodeIgniter\CodeIgniter->runController(Object(App\Controllers\Front\SigninController))
#8 C:\alaragon\www\site\ci4\vendor\codeigniter4\framework\system\CodeIgniter.php(334): CodeIgniter\CodeIgniter->handleRequest(NULL, Object(Config\Cache), false)
#9 C:\alaragon\www\site\public_html\index.php(45): CodeIgniter\CodeIgniter->run()
#10 {main}
CRITICAL - 2022-04-13 09:44:53 --> Undefined variable: dados
#0 C:\alaragon\www\site\ci4\app\Views\front\site\index.php(15): CodeIgniter\Debug\Exceptions->errorHandler(8, 'Undefined varia...', 'C:\\alaragon\\www...', 15, Array)
#1 C:\alaragon\www\site\ci4\vendor\codeigniter4\framework\system\View\View.php(220): include('C:\\alaragon\\www...')
#2 C:\alaragon\www\site\ci4\vendor\codeigniter4\framework\system\View\View.php(222): CodeIgniter\View\View->CodeIgniter\View\{closure}()
#3 C:\alaragon\www\site\ci4\vendor\codeigniter4\framework\system\View\View.php(236): CodeIgniter\View\View->render('front/site/inde...', Array, true)
#4 C:\alaragon\www\site\ci4\vendor\codeigniter4\framework\system\Common.php(1217): CodeIgniter\View\View->render('/front/login/si...', Array, true)
#5 C:\alaragon\www\site\ci4\app\Controllers\Front\SigninController.php(29): view('/front/login/si...')
#6 C:\alaragon\www\site\ci4\vendor\codeigniter4\framework\system\CodeIgniter.php(937): App\Controllers\Front\SigninController->index()
#7 C:\alaragon\www\site\ci4\vendor\codeigniter4\framework\system\CodeIgniter.php(433): CodeIgniter\CodeIgniter->runController(Object(App\Controllers\Front\SigninController))
#8 C:\alaragon\www\site\ci4\vendor\codeigniter4\framework\system\CodeIgniter.php(334): CodeIgniter\CodeIgniter->handleRequest(NULL, Object(Config\Cache), false)
#9 C:\alaragon\www\site\public_html\index.php(45): CodeIgniter\CodeIgniter->run()
#10 {main}
CRITICAL - 2022-04-13 09:45:45 --> Undefined variable: servicos
#0 C:\alaragon\www\site\ci4\app\Views\front\site\index.php(114): CodeIgniter\Debug\Exceptions->errorHandler(8, 'Undefined varia...', 'C:\\alaragon\\www...', 114, Array)
#1 C:\alaragon\www\site\ci4\vendor\codeigniter4\framework\system\View\View.php(220): include('C:\\alaragon\\www...')
#2 C:\alaragon\www\site\ci4\vendor\codeigniter4\framework\system\View\View.php(222): CodeIgniter\View\View->CodeIgniter\View\{closure}()
#3 C:\alaragon\www\site\ci4\vendor\codeigniter4\framework\system\View\View.php(236): CodeIgniter\View\View->render('front/site/inde...', Array, true)
#4 C:\alaragon\www\site\ci4\vendor\codeigniter4\framework\system\Common.php(1217): CodeIgniter\View\View->render('/front/login/si...', Array, true)
#5 C:\alaragon\www\site\ci4\app\Controllers\Front\SigninController.php(23): view('/front/login/si...', Array)
#6 C:\alaragon\www\site\ci4\vendor\codeigniter4\framework\system\CodeIgniter.php(937): App\Controllers\Front\SigninController->index()
#7 C:\alaragon\www\site\ci4\vendor\codeigniter4\framework\system\CodeIgniter.php(433): CodeIgniter\CodeIgniter->runController(Object(App\Controllers\Front\SigninController))
#8 C:\alaragon\www\site\ci4\vendor\codeigniter4\framework\system\CodeIgniter.php(334): CodeIgniter\CodeIgniter->handleRequest(NULL, Object(Config\Cache), false)
#9 C:\alaragon\www\site\public_html\index.php(45): CodeIgniter\CodeIgniter->run()
#10 {main}
CRITICAL - 2022-04-13 09:46:19 --> Undefined variable: servicos
#0 C:\alaragon\www\site\ci4\app\Views\front\site\index.php(114): CodeIgniter\Debug\Exceptions->errorHandler(8, 'Undefined varia...', 'C:\\alaragon\\www...', 114, Array)
#1 C:\alaragon\www\site\ci4\vendor\codeigniter4\framework\system\View\View.php(220): include('C:\\alaragon\\www...')
#2 C:\alaragon\www\site\ci4\vendor\codeigniter4\framework\system\View\View.php(222): CodeIgniter\View\View->CodeIgniter\View\{closure}()
#3 C:\alaragon\www\site\ci4\vendor\codeigniter4\framework\system\View\View.php(236): CodeIgniter\View\View->render('front/site/inde...', Array, true)
#4 C:\alaragon\www\site\ci4\vendor\codeigniter4\framework\system\Common.php(1217): CodeIgniter\View\View->render('/front/login/si...', Array, true)
#5 C:\alaragon\www\site\ci4\app\Controllers\Front\SigninController.php(23): view('/front/login/si...', Array)
#6 C:\alaragon\www\site\ci4\vendor\codeigniter4\framework\system\CodeIgniter.php(937): App\Controllers\Front\SigninController->index()
#7 C:\alaragon\www\site\ci4\vendor\codeigniter4\framework\system\CodeIgniter.php(433): CodeIgniter\CodeIgniter->runController(Object(App\Controllers\Front\SigninController))
#8 C:\alaragon\www\site\ci4\vendor\codeigniter4\framework\system\CodeIgniter.php(334): CodeIgniter\CodeIgniter->handleRequest(NULL, Object(Config\Cache), false)
#9 C:\alaragon\www\site\public_html\index.php(45): CodeIgniter\CodeIgniter->run()
#10 {main}
CRITICAL - 2022-04-13 09:48:10 --> Undefined variable: dados
#0 C:\alaragon\www\site\ci4\app\Views\front\site\index.php(15): CodeIgniter\Debug\Exceptions->errorHandler(8, 'Undefined varia...', 'C:\\alaragon\\www...', 15, Array)
#1 C:\alaragon\www\site\ci4\vendor\codeigniter4\framework\system\View\View.php(220): include('C:\\alaragon\\www...')
#2 C:\alaragon\www\site\ci4\vendor\codeigniter4\framework\system\View\View.php(222): CodeIgniter\View\View->CodeIgniter\View\{closure}()
#3 C:\alaragon\www\site\ci4\vendor\codeigniter4\framework\system\View\View.php(236): CodeIgniter\View\View->render('front/site/inde...', Array, true)
#4 C:\alaragon\www\site\ci4\vendor\codeigniter4\framework\system\Common.php(1217): CodeIgniter\View\View->render('/front/login/si...', Array, true)
#5 C:\alaragon\www\site\ci4\app\Controllers\Front\SignupController.php(12): view('/front/login/si...', Array)
#6 C:\alaragon\www\site\ci4\vendor\codeigniter4\framework\system\CodeIgniter.php(937): App\Controllers\Front\SignupController->index()
#7 C:\alaragon\www\site\ci4\vendor\codeigniter4\framework\system\CodeIgniter.php(433): CodeIgniter\CodeIgniter->runController(Object(App\Controllers\Front\SignupController))
#8 C:\alaragon\www\site\ci4\vendor\codeigniter4\framework\system\CodeIgniter.php(334): CodeIgniter\CodeIgniter->handleRequest(NULL, Object(Config\Cache), false)
#9 C:\alaragon\www\site\public_html\index.php(45): CodeIgniter\CodeIgniter->run()
#10 {main}
CRITICAL - 2022-04-13 09:54:01 --> Arquivo inválido: /cadastro.php
#0 C:\alaragon\www\site\ci4\vendor\codeigniter4\framework\system\View\View.php(203): CodeIgniter\Exceptions\FrameworkException::forInvalidFile('/cadastro.php')
#1 C:\alaragon\www\site\ci4\vendor\codeigniter4\framework\system\Common.php(1217): CodeIgniter\View\View->render('/cadastro', Array, true)
#2 C:\alaragon\www\site\ci4\app\Controllers\Front\SignupController.php(49): view('/cadastro', Array)
#3 C:\alaragon\www\site\ci4\vendor\codeigniter4\framework\system\CodeIgniter.php(937): App\Controllers\Front\SignupController->store()
#4 C:\alaragon\www\site\ci4\vendor\codeigniter4\framework\system\CodeIgniter.php(433): CodeIgniter\CodeIgniter->runController(Object(App\Controllers\Front\SignupController))
#5 C:\alaragon\www\site\ci4\vendor\codeigniter4\framework\system\CodeIgniter.php(334): CodeIgniter\CodeIgniter->handleRequest(NULL, Object(Config\Cache), false)
#6 C:\alaragon\www\site\public_html\index.php(45): CodeIgniter\CodeIgniter->run()
#7 {main}
CRITICAL - 2022-04-13 09:57:34 --> Argument 2 passed to CodeIgniter\HTTP\RedirectResponse::to() must be of the type int or null, array given, called in C:\alaragon\www\site\ci4\app\Controllers\Front\SignupController.php on line 49
#0 C:\alaragon\www\site\ci4\app\Controllers\Front\SignupController.php(49): CodeIgniter\HTTP\RedirectResponse->to('/login', Array)
#1 C:\alaragon\www\site\ci4\vendor\codeigniter4\framework\system\CodeIgniter.php(937): App\Controllers\Front\SignupController->store()
#2 C:\alaragon\www\site\ci4\vendor\codeigniter4\framework\system\CodeIgniter.php(433): CodeIgniter\CodeIgniter->runController(Object(App\Controllers\Front\SignupController))
#3 C:\alaragon\www\site\ci4\vendor\codeigniter4\framework\system\CodeIgniter.php(334): CodeIgniter\CodeIgniter->handleRequest(NULL, Object(Config\Cache), false)
#4 C:\alaragon\www\site\public_html\index.php(45): CodeIgniter\CodeIgniter->run()
#5 {main}
CRITICAL - 2022-04-13 09:58:52 --> Argument 2 passed to CodeIgniter\HTTP\RedirectResponse::to() must be of the type int or null, array given, called in C:\alaragon\www\site\ci4\app\Controllers\Front\SignupController.php on line 50
#0 C:\alaragon\www\site\ci4\app\Controllers\Front\SignupController.php(50): CodeIgniter\HTTP\RedirectResponse->to('/login', Array)
#1 C:\alaragon\www\site\ci4\vendor\codeigniter4\framework\system\CodeIgniter.php(937): App\Controllers\Front\SignupController->store()
#2 C:\alaragon\www\site\ci4\vendor\codeigniter4\framework\system\CodeIgniter.php(433): CodeIgniter\CodeIgniter->runController(Object(App\Controllers\Front\SignupController))
#3 C:\alaragon\www\site\ci4\vendor\codeigniter4\framework\system\CodeIgniter.php(334): CodeIgniter\CodeIgniter->handleRequest(NULL, Object(Config\Cache), false)
#4 C:\alaragon\www\site\public_html\index.php(45): CodeIgniter\CodeIgniter->run()
#5 {main}
CRITICAL - 2022-04-13 10:10:43 --> Cannot declare class App\Controllers\SignupController, because the name is already in use
#0 [internal function]: CodeIgniter\Debug\Exceptions->shutdownHandler()
#1 {main}
CRITICAL - 2022-04-13 10:10:56 --> Arquivo inválido: signup.php
#0 C:\alaragon\www\site\ci4\vendor\codeigniter4\framework\system\View\View.php(203): CodeIgniter\Exceptions\FrameworkException::forInvalidFile('signup.php')
#1 C:\alaragon\www\site\ci4\vendor\codeigniter4\framework\system\Common.php(1217): CodeIgniter\View\View->render('signup', Array, true)
#2 C:\alaragon\www\site\ci4\app\Controllers\Front\SignupController.php(12): view('signup', Array)
#3 C:\alaragon\www\site\ci4\vendor\codeigniter4\framework\system\CodeIgniter.php(937): App\Controllers\Front\SignupController->index()
#4 C:\alaragon\www\site\ci4\vendor\codeigniter4\framework\system\CodeIgniter.php(433): CodeIgniter\CodeIgniter->runController(Object(App\Controllers\Front\SignupController))
#5 C:\alaragon\www\site\ci4\vendor\codeigniter4\framework\system\CodeIgniter.php(334): CodeIgniter\CodeIgniter->handleRequest(NULL, Object(Config\Cache), false)
#6 C:\alaragon\www\site\public_html\index.php(45): CodeIgniter\CodeIgniter->run()
#7 {main}
CRITICAL - 2022-04-13 10:11:16 --> Arquivo inválido: cadastro.php
#0 C:\alaragon\www\site\ci4\vendor\codeigniter4\framework\system\View\View.php(203): CodeIgniter\Exceptions\FrameworkException::forInvalidFile('cadastro.php')
#1 C:\alaragon\www\site\ci4\vendor\codeigniter4\framework\system\Common.php(1217): CodeIgniter\View\View->render('cadastro', Array, true)
#2 C:\alaragon\www\site\ci4\app\Controllers\Front\SignupController.php(12): view('cadastro', Array)
#3 C:\alaragon\www\site\ci4\vendor\codeigniter4\framework\system\CodeIgniter.php(937): App\Controllers\Front\SignupController->index()
#4 C:\alaragon\www\site\ci4\vendor\codeigniter4\framework\system\CodeIgniter.php(433): CodeIgniter\CodeIgniter->runController(Object(App\Controllers\Front\SignupController))
#5 C:\alaragon\www\site\ci4\vendor\codeigniter4\framework\system\CodeIgniter.php(334): CodeIgniter\CodeIgniter->handleRequest(NULL, Object(Config\Cache), false)
#6 C:\alaragon\www\site\public_html\index.php(45): CodeIgniter\CodeIgniter->run()
#7 {main}
CRITICAL - 2022-04-13 10:13:16 --> Arquivo inválido: cadastro.php
#0 C:\alaragon\www\site\ci4\vendor\codeigniter4\framework\system\View\View.php(203): CodeIgniter\Exceptions\FrameworkException::forInvalidFile('cadastro.php')
#1 C:\alaragon\www\site\ci4\vendor\codeigniter4\framework\system\Common.php(1217): CodeIgniter\View\View->render('cadastro', Array, true)
#2 C:\alaragon\www\site\ci4\app\Controllers\Front\SignupController.php(12): view('cadastro', Array)
#3 C:\alaragon\www\site\ci4\vendor\codeigniter4\framework\system\CodeIgniter.php(937): App\Controllers\Front\SignupController->index()
#4 C:\alaragon\www\site\ci4\vendor\codeigniter4\framework\system\CodeIgniter.php(433): CodeIgniter\CodeIgniter->runController(Object(App\Controllers\Front\SignupController))
#5 C:\alaragon\www\site\ci4\vendor\codeigniter4\framework\system\CodeIgniter.php(334): CodeIgniter\CodeIgniter->handleRequest(NULL, Object(Config\Cache), false)
#6 C:\alaragon\www\site\public_html\index.php(45): CodeIgniter\CodeIgniter->run()
#7 {main}
CRITICAL - 2022-04-13 10:13:29 --> Undefined variable: dados
#0 C:\alaragon\www\site\ci4\app\Views\front\site\index.php(15): CodeIgniter\Debug\Exceptions->errorHandler(8, 'Undefined varia...', 'C:\\alaragon\\www...', 15, Array)
#1 C:\alaragon\www\site\ci4\vendor\codeigniter4\framework\system\View\View.php(220): include('C:\\alaragon\\www...')
#2 C:\alaragon\www\site\ci4\vendor\codeigniter4\framework\system\View\View.php(222): CodeIgniter\View\View->CodeIgniter\View\{closure}()
#3 C:\alaragon\www\site\ci4\vendor\codeigniter4\framework\system\View\View.php(236): CodeIgniter\View\View->render('front/site/inde...', Array, true)
#4 C:\alaragon\www\site\ci4\vendor\codeigniter4\framework\system\Common.php(1217): CodeIgniter\View\View->render('front/login/sig...', Array, true)
#5 C:\alaragon\www\site\ci4\app\Controllers\Front\SignupController.php(12): view('front/login/sig...', Array)
#6 C:\alaragon\www\site\ci4\vendor\codeigniter4\framework\system\CodeIgniter.php(937): App\Controllers\Front\SignupController->index()
#7 C:\alaragon\www\site\ci4\vendor\codeigniter4\framework\system\CodeIgniter.php(433): CodeIgniter\CodeIgniter->runController(Object(App\Controllers\Front\SignupController))
#8 C:\alaragon\www\site\ci4\vendor\codeigniter4\framework\system\CodeIgniter.php(334): CodeIgniter\CodeIgniter->handleRequest(NULL, Object(Config\Cache), false)
#9 C:\alaragon\www\site\public_html\index.php(45): CodeIgniter\CodeIgniter->run()
#10 {main}
CRITICAL - 2022-04-13 10:14:23 --> Undefined variable: dados
#0 C:\alaragon\www\site\ci4\app\Views\front\site\index.php(15): CodeIgniter\Debug\Exceptions->errorHandler(8, 'Undefined varia...', 'C:\\alaragon\\www...', 15, Array)
#1 C:\alaragon\www\site\ci4\vendor\codeigniter4\framework\system\View\View.php(220): include('C:\\alaragon\\www...')
#2 C:\alaragon\www\site\ci4\vendor\codeigniter4\framework\system\View\View.php(222): CodeIgniter\View\View->CodeIgniter\View\{closure}()
#3 C:\alaragon\www\site\ci4\vendor\codeigniter4\framework\system\View\View.php(236): CodeIgniter\View\View->render('front/site/inde...', Array, true)
#4 C:\alaragon\www\site\ci4\vendor\codeigniter4\framework\system\Common.php(1217): CodeIgniter\View\View->render('front/login/sig...', Array, true)
#5 C:\alaragon\www\site\ci4\app\Controllers\Front\SignupController.php(44): view('front/login/sig...', Array)
#6 C:\alaragon\www\site\ci4\vendor\codeigniter4\framework\system\CodeIgniter.php(937): App\Controllers\Front\SignupController->store()
#7 C:\alaragon\www\site\ci4\vendor\codeigniter4\framework\system\CodeIgniter.php(433): CodeIgniter\CodeIgniter->runController(Object(App\Controllers\Front\SignupController))
#8 C:\alaragon\www\site\ci4\vendor\codeigniter4\framework\system\CodeIgniter.php(334): CodeIgniter\CodeIgniter->handleRequest(NULL, Object(Config\Cache), false)
#9 C:\alaragon\www\site\public_html\index.php(45): CodeIgniter\CodeIgniter->run()
#10 {main}
CRITICAL - 2022-04-13 10:18:13 --> Undefined variable: dados
#0 C:\alaragon\www\site\ci4\app\Views\front\site\index.php(15): CodeIgniter\Debug\Exceptions->errorHandler(8, 'Undefined varia...', 'C:\\alaragon\\www...', 15, Array)
#1 C:\alaragon\www\site\ci4\vendor\codeigniter4\framework\system\View\View.php(220): include('C:\\alaragon\\www...')
#2 C:\alaragon\www\site\ci4\vendor\codeigniter4\framework\system\View\View.php(222): CodeIgniter\View\View->CodeIgniter\View\{closure}()
#3 C:\alaragon\www\site\ci4\vendor\codeigniter4\framework\system\View\View.php(236): CodeIgniter\View\View->render('front/site/inde...', Array, true)
#4 C:\alaragon\www\site\ci4\vendor\codeigniter4\framework\system\Common.php(1217): CodeIgniter\View\View->render('front/login/sig...', Array, true)
#5 C:\alaragon\www\site\ci4\app\Controllers\Front\SignupController.php(44): view('front/login/sig...', Array)
#6 C:\alaragon\www\site\ci4\vendor\codeigniter4\framework\system\CodeIgniter.php(937): App\Controllers\Front\SignupController->store()
#7 C:\alaragon\www\site\ci4\vendor\codeigniter4\framework\system\CodeIgniter.php(433): CodeIgniter\CodeIgniter->runController(Object(App\Controllers\Front\SignupController))
#8 C:\alaragon\www\site\ci4\vendor\codeigniter4\framework\system\CodeIgniter.php(334): CodeIgniter\CodeIgniter->handleRequest(NULL, Object(Config\Cache), false)
#9 C:\alaragon\www\site\public_html\index.php(45): CodeIgniter\CodeIgniter->run()
#10 {main}
CRITICAL - 2022-04-13 10:19:14 --> Undefined variable: dados
#0 C:\alaragon\www\site\ci4\app\Views\front\site\index.php(15): CodeIgniter\Debug\Exceptions->errorHandler(8, 'Undefined varia...', 'C:\\alaragon\\www...', 15, Array)
#1 C:\alaragon\www\site\ci4\vendor\codeigniter4\framework\system\View\View.php(220): include('C:\\alaragon\\www...')
#2 C:\alaragon\www\site\ci4\vendor\codeigniter4\framework\system\View\View.php(222): CodeIgniter\View\View->CodeIgniter\View\{closure}()
#3 C:\alaragon\www\site\ci4\vendor\codeigniter4\framework\system\View\View.php(236): CodeIgniter\View\View->render('front/site/inde...', Array, true)
#4 C:\alaragon\www\site\ci4\vendor\codeigniter4\framework\system\Common.php(1217): CodeIgniter\View\View->render('front/login/sig...', Array, true)
#5 C:\alaragon\www\site\ci4\app\Controllers\Front\SignupController.php(44): view('front/login/sig...', Array)
#6 C:\alaragon\www\site\ci4\vendor\codeigniter4\framework\system\CodeIgniter.php(937): App\Controllers\Front\SignupController->store()
#7 C:\alaragon\www\site\ci4\vendor\codeigniter4\framework\system\CodeIgniter.php(433): CodeIgniter\CodeIgniter->runController(Object(App\Controllers\Front\SignupController))
#8 C:\alaragon\www\site\ci4\vendor\codeigniter4\framework\system\CodeIgniter.php(334): CodeIgniter\CodeIgniter->handleRequest(NULL, Object(Config\Cache), false)
#9 C:\alaragon\www\site\public_html\index.php(45): CodeIgniter\CodeIgniter->run()
#10 {main}
CRITICAL - 2022-04-13 10:30:28 --> Array to string conversion
#0 C:\alaragon\www\site\ci4\app\Controllers\Front\SigninController.php(34): CodeIgniter\Debug\Exceptions->errorHandler(8, 'Array to string...', 'C:\\alaragon\\www...', 34, Array)
#1 C:\alaragon\www\site\ci4\vendor\codeigniter4\framework\system\CodeIgniter.php(937): App\Controllers\Front\SigninController->loginAuth()
#2 C:\alaragon\www\site\ci4\vendor\codeigniter4\framework\system\CodeIgniter.php(433): CodeIgniter\CodeIgniter->runController(Object(App\Controllers\Front\SigninController))
#3 C:\alaragon\www\site\ci4\vendor\codeigniter4\framework\system\CodeIgniter.php(334): CodeIgniter\CodeIgniter->handleRequest(NULL, Object(Config\Cache), false)
#4 C:\alaragon\www\site\public_html\index.php(45): CodeIgniter\CodeIgniter->run()
#5 {main}
CRITICAL - 2022-04-13 10:51:34 --> Use of undefined constant authenticatePassword - assumed 'authenticatePassword' (this will throw an Error in a future version of PHP)
#0 C:\alaragon\www\site\ci4\app\Controllers\Front\SigninController.php(37): CodeIgniter\Debug\Exceptions->errorHandler(2, 'Use of undefine...', 'C:\\alaragon\\www...', 37, Array)
#1 C:\alaragon\www\site\ci4\vendor\codeigniter4\framework\system\CodeIgniter.php(937): App\Controllers\Front\SigninController->loginAuth()
#2 C:\alaragon\www\site\ci4\vendor\codeigniter4\framework\system\CodeIgniter.php(433): CodeIgniter\CodeIgniter->runController(Object(App\Controllers\Front\SigninController))
#3 C:\alaragon\www\site\ci4\vendor\codeigniter4\framework\system\CodeIgniter.php(334): CodeIgniter\CodeIgniter->handleRequest(NULL, Object(Config\Cache), false)
#4 C:\alaragon\www\site\public_html\index.php(45): CodeIgniter\CodeIgniter->run()
#5 {main}
CRITICAL - 2022-04-13 11:10:35 --> syntax error, unexpected ''categorias/todas'' (T_CONSTANT_ENCAPSED_STRING), expecting ']'
#0 C:\alaragon\www\site\ci4\vendor\codeigniter4\framework\system\Autoloader\Autoloader.php(274): CodeIgniter\Autoloader\Autoloader->includeFile('C:\\alaragon\\www...')
#1 C:\alaragon\www\site\ci4\vendor\codeigniter4\framework\system\Autoloader\Autoloader.php(228): CodeIgniter\Autoloader\Autoloader->loadInNamespace('Config\\Filters')
#2 [internal function]: CodeIgniter\Autoloader\Autoloader->loadClass('Config\\Filters')
#3 [internal function]: spl_autoload_call('Config\\Filters')
#4 C:\alaragon\www\site\ci4\vendor\codeigniter4\framework\system\Config\Factories.php(144): class_exists('Config\\Filters')
#5 C:\alaragon\www\site\ci4\vendor\codeigniter4\framework\system\Config\Factories.php(109): CodeIgniter\Config\Factories::locateClass(Array, 'Filters')
#6 C:\alaragon\www\site\ci4\vendor\codeigniter4\framework\system\Common.php(225): CodeIgniter\Config\Factories::__callStatic('config', Array)
#7 C:\alaragon\www\site\ci4\vendor\codeigniter4\framework\system\Config\Services.php(283): config('Filters')
#8 C:\alaragon\www\site\ci4\vendor\codeigniter4\framework\system\Config\BaseService.php(100): CodeIgniter\Config\Services::filters(NULL, false)
#9 C:\alaragon\www\site\ci4\vendor\codeigniter4\framework\system\Config\Services.php(280): CodeIgniter\Config\BaseService::getSharedInstance('filters', NULL)
#10 C:\alaragon\www\site\ci4\vendor\codeigniter4\framework\system\Config\BaseService.php(171): CodeIgniter\Config\Services::filters()
#11 C:\alaragon\www\site\ci4\vendor\codeigniter4\framework\system\CodeIgniter.php(389): CodeIgniter\Config\BaseService::__callStatic('filters', Array)
#12 C:\alaragon\www\site\ci4\vendor\codeigniter4\framework\system\CodeIgniter.php(334): CodeIgniter\CodeIgniter->handleRequest(NULL, Object(Config\Cache), false)
#13 C:\alaragon\www\site\public_html\index.php(45): CodeIgniter\CodeIgniter->run()
#14 {main}
CRITICAL - 2022-04-13 11:57:55 --> Toolbar collector does not exists(Myth\Auth\Collectors\Auth).please check $collectors in the Config\Toolbar.php file.
CRITICAL - 2022-04-13 11:57:56 --> Toolbar collector does not exists(Myth\Auth\Collectors\Auth).please check $collectors in the Config\Toolbar.php file.
CRITICAL - 2022-04-13 11:58:02 --> Toolbar collector does not exists(Myth\Auth\Collectors\Auth).please check $collectors in the Config\Toolbar.php file.
CRITICAL - 2022-04-13 11:58:02 --> syntax error, unexpected '=>' (T_DOUBLE_ARROW), expecting ']'
#0 C:\alaragon\www\site\ci4\vendor\codeigniter4\framework\system\Router\Router.php(170): CodeIgniter\Router\Router->autoRoute('front/api/apilo...')
#1 C:\alaragon\www\site\ci4\vendor\codeigniter4\framework\system\CodeIgniter.php(817): CodeIgniter\Router\Router->handle('front/api/apilo...')
#2 C:\alaragon\www\site\ci4\vendor\codeigniter4\framework\system\CodeIgniter.php(386): CodeIgniter\CodeIgniter->tryToRouteIt(Object(CodeIgniter\Router\RouteCollection))
#3 C:\alaragon\www\site\ci4\vendor\codeigniter4\framework\system\CodeIgniter.php(334): CodeIgniter\CodeIgniter->handleRequest(NULL, Object(Config\Cache), false)
#4 C:\alaragon\www\site\public_html\index.php(45): CodeIgniter\CodeIgniter->run()
#5 {main}
CRITICAL - 2022-04-13 11:58:32 --> Toolbar collector does not exists(Myth\Auth\Collectors\Auth).please check $collectors in the Config\Toolbar.php file.
CRITICAL - 2022-04-13 11:59:06 --> Toolbar collector does not exists(Myth\Auth\Collectors\Auth).please check $collectors in the Config\Toolbar.php file.
CRITICAL - 2022-04-13 11:59:26 --> Toolbar collector does not exists(Myth\Auth\Collectors\Auth).please check $collectors in the Config\Toolbar.php file.
CRITICAL - 2022-04-13 12:00:26 --> Toolbar collector does not exists(Myth\Auth\Collectors\Auth).please check $collectors in the Config\Toolbar.php file.
CRITICAL - 2022-04-13 13:30:00 --> Toolbar collector does not exists(Myth\Auth\Collectors\Auth).please check $collectors in the Config\Toolbar.php file.
CRITICAL - 2022-04-13 13:38:24 --> Toolbar collector does not exists(Myth\Auth\Collectors\Auth).please check $collectors in the Config\Toolbar.php file.
CRITICAL - 2022-04-13 13:38:25 --> Toolbar collector does not exists(Myth\Auth\Collectors\Auth).please check $collectors in the Config\Toolbar.php file.
CRITICAL - 2022-04-13 13:40:00 --> Toolbar collector does not exists(Myth\Auth\Collectors\Auth).please check $collectors in the Config\Toolbar.php file.
CRITICAL - 2022-04-13 13:40:00 --> Toolbar collector does not exists(Myth\Auth\Collectors\Auth).please check $collectors in the Config\Toolbar.php file.
CRITICAL - 2022-04-13 13:40:02 --> Toolbar collector does not exists(Myth\Auth\Collectors\Auth).please check $collectors in the Config\Toolbar.php file.
CRITICAL - 2022-04-13 13:43:15 --> Toolbar collector does not exists(Myth\Auth\Collectors\Auth).please check $collectors in the Config\Toolbar.php file.
CRITICAL - 2022-04-13 13:43:15 --> Toolbar collector does not exists(Myth\Auth\Collectors\Auth).please check $collectors in the Config\Toolbar.php file.
CRITICAL - 2022-04-13 13:43:28 --> Toolbar collector does not exists(Myth\Auth\Collectors\Auth).please check $collectors in the Config\Toolbar.php file.
CRITICAL - 2022-04-13 13:43:29 --> Toolbar collector does not exists(Myth\Auth\Collectors\Auth).please check $collectors in the Config\Toolbar.php file.
CRITICAL - 2022-04-13 13:43:47 --> Toolbar collector does not exists(Myth\Auth\Collectors\Auth).please check $collectors in the Config\Toolbar.php file.
CRITICAL - 2022-04-13 13:43:48 --> Toolbar collector does not exists(Myth\Auth\Collectors\Auth).please check $collectors in the Config\Toolbar.php file.
CRITICAL - 2022-04-13 13:43:49 --> Toolbar collector does not exists(Myth\Auth\Collectors\Auth).please check $collectors in the Config\Toolbar.php file.
CRITICAL - 2022-04-13 13:46:31 --> Toolbar collector does not exists(Myth\Auth\Collectors\Auth).please check $collectors in the Config\Toolbar.php file.
CRITICAL - 2022-04-13 13:46:31 --> Toolbar collector does not exists(Myth\Auth\Collectors\Auth).please check $collectors in the Config\Toolbar.php file.
CRITICAL - 2022-04-13 13:46:39 --> Toolbar collector does not exists(Myth\Auth\Collectors\Auth).please check $collectors in the Config\Toolbar.php file.
CRITICAL - 2022-04-13 13:46:40 --> Toolbar collector does not exists(Myth\Auth\Collectors\Auth).please check $collectors in the Config\Toolbar.php file.
CRITICAL - 2022-04-13 13:47:14 --> Toolbar collector does not exists(Myth\Auth\Collectors\Auth).please check $collectors in the Config\Toolbar.php file.
CRITICAL - 2022-04-13 13:47:14 --> Toolbar collector does not exists(Myth\Auth\Collectors\Auth).please check $collectors in the Config\Toolbar.php file.
CRITICAL - 2022-04-13 13:47:24 --> Toolbar collector does not exists(Myth\Auth\Collectors\Auth).please check $collectors in the Config\Toolbar.php file.
CRITICAL - 2022-04-13 13:47:24 --> Toolbar collector does not exists(Myth\Auth\Collectors\Auth).please check $collectors in the Config\Toolbar.php file.
CRITICAL - 2022-04-13 13:49:18 --> Toolbar collector does not exists(Myth\Auth\Collectors\Auth).please check $collectors in the Config\Toolbar.php file.
CRITICAL - 2022-04-13 13:49:18 --> Toolbar collector does not exists(Myth\Auth\Collectors\Auth).please check $collectors in the Config\Toolbar.php file.
CRITICAL - 2022-04-13 13:49:56 --> Toolbar collector does not exists(Myth\Auth\Collectors\Auth).please check $collectors in the Config\Toolbar.php file.
CRITICAL - 2022-04-13 13:49:56 --> Toolbar collector does not exists(Myth\Auth\Collectors\Auth).please check $collectors in the Config\Toolbar.php file.
CRITICAL - 2022-04-13 13:50:57 --> Toolbar collector does not exists(Myth\Auth\Collectors\Auth).please check $collectors in the Config\Toolbar.php file.
CRITICAL - 2022-04-13 13:50:57 --> Toolbar collector does not exists(Myth\Auth\Collectors\Auth).please check $collectors in the Config\Toolbar.php file.
CRITICAL - 2022-04-13 13:51:10 --> Toolbar collector does not exists(Myth\Auth\Collectors\Auth).please check $collectors in the Config\Toolbar.php file.
CRITICAL - 2022-04-13 13:51:10 --> Toolbar collector does not exists(Myth\Auth\Collectors\Auth).please check $collectors in the Config\Toolbar.php file.
CRITICAL - 2022-04-13 13:53:09 --> Toolbar collector does not exists(Myth\Auth\Collectors\Auth).please check $collectors in the Config\Toolbar.php file.
CRITICAL - 2022-04-13 13:53:09 --> Toolbar collector does not exists(Myth\Auth\Collectors\Auth).please check $collectors in the Config\Toolbar.php file.
CRITICAL - 2022-04-13 13:53:45 --> Toolbar collector does not exists(Myth\Auth\Collectors\Auth).please check $collectors in the Config\Toolbar.php file.
CRITICAL - 2022-04-13 13:53:45 --> Toolbar collector does not exists(Myth\Auth\Collectors\Auth).please check $collectors in the Config\Toolbar.php file.
CRITICAL - 2022-04-13 13:54:28 --> Toolbar collector does not exists(Myth\Auth\Collectors\Auth).please check $collectors in the Config\Toolbar.php file.
CRITICAL - 2022-04-13 13:54:28 --> Toolbar collector does not exists(Myth\Auth\Collectors\Auth).please check $collectors in the Config\Toolbar.php file.
CRITICAL - 2022-04-13 13:56:21 --> Toolbar collector does not exists(Myth\Auth\Collectors\Auth).please check $collectors in the Config\Toolbar.php file.
CRITICAL - 2022-04-13 13:56:21 --> Toolbar collector does not exists(Myth\Auth\Collectors\Auth).please check $collectors in the Config\Toolbar.php file.
CRITICAL - 2022-04-13 14:13:45 --> Toolbar collector does not exists(Myth\Auth\Collectors\Auth).please check $collectors in the Config\Toolbar.php file.
CRITICAL - 2022-04-13 14:13:46 --> Toolbar collector does not exists(Myth\Auth\Collectors\Auth).please check $collectors in the Config\Toolbar.php file.
CRITICAL - 2022-04-13 14:17:34 --> Toolbar collector does not exists(Myth\Auth\Collectors\Auth).please check $collectors in the Config\Toolbar.php file.
CRITICAL - 2022-04-13 14:17:34 --> Toolbar collector does not exists(Myth\Auth\Collectors\Auth).please check $collectors in the Config\Toolbar.php file.
CRITICAL - 2022-04-13 14:18:34 --> Toolbar collector does not exists(Myth\Auth\Collectors\Auth).please check $collectors in the Config\Toolbar.php file.
CRITICAL - 2022-04-13 14:18:34 --> Toolbar collector does not exists(Myth\Auth\Collectors\Auth).please check $collectors in the Config\Toolbar.php file.
CRITICAL - 2022-04-13 14:22:53 --> Toolbar collector does not exists(Myth\Auth\Collectors\Auth).please check $collectors in the Config\Toolbar.php file.
CRITICAL - 2022-04-13 14:22:54 --> Toolbar collector does not exists(Myth\Auth\Collectors\Auth).please check $collectors in the Config\Toolbar.php file.
CRITICAL - 2022-04-13 14:33:08 --> Toolbar collector does not exists(Myth\Auth\Collectors\Auth).please check $collectors in the Config\Toolbar.php file.
CRITICAL - 2022-04-13 14:33:08 --> Toolbar collector does not exists(Myth\Auth\Collectors\Auth).please check $collectors in the Config\Toolbar.php file.
CRITICAL - 2022-04-13 14:34:56 --> Toolbar collector does not exists(Myth\Auth\Collectors\Auth).please check $collectors in the Config\Toolbar.php file.
CRITICAL - 2022-04-13 14:34:56 --> Toolbar collector does not exists(Myth\Auth\Collectors\Auth).please check $collectors in the Config\Toolbar.php file.
CRITICAL - 2022-04-13 14:35:13 --> Toolbar collector does not exists(Myth\Auth\Collectors\Auth).please check $collectors in the Config\Toolbar.php file.
CRITICAL - 2022-04-13 14:42:54 --> Toolbar collector does not exists(Myth\Auth\Collectors\Auth).please check $collectors in the Config\Toolbar.php file.
CRITICAL - 2022-04-13 14:42:54 --> Toolbar collector does not exists(Myth\Auth\Collectors\Auth).please check $collectors in the Config\Toolbar.php file.
CRITICAL - 2022-04-13 14:43:43 --> Toolbar collector does not exists(Myth\Auth\Collectors\Auth).please check $collectors in the Config\Toolbar.php file.
CRITICAL - 2022-04-13 14:43:43 --> Toolbar collector does not exists(Myth\Auth\Collectors\Auth).please check $collectors in the Config\Toolbar.php file.
CRITICAL - 2022-04-13 14:44:17 --> Toolbar collector does not exists(Myth\Auth\Collectors\Auth).please check $collectors in the Config\Toolbar.php file.
CRITICAL - 2022-04-13 14:44:18 --> Toolbar collector does not exists(Myth\Auth\Collectors\Auth).please check $collectors in the Config\Toolbar.php file.
CRITICAL - 2022-04-13 14:44:25 --> Toolbar collector does not exists(Myth\Auth\Collectors\Auth).please check $collectors in the Config\Toolbar.php file.
CRITICAL - 2022-04-13 14:44:25 --> Toolbar collector does not exists(Myth\Auth\Collectors\Auth).please check $collectors in the Config\Toolbar.php file.
CRITICAL - 2022-04-13 14:45:01 --> Toolbar collector does not exists(Myth\Auth\Collectors\Auth).please check $collectors in the Config\Toolbar.php file.
CRITICAL - 2022-04-13 14:45:01 --> Toolbar collector does not exists(Myth\Auth\Collectors\Auth).please check $collectors in the Config\Toolbar.php file.
CRITICAL - 2022-04-13 14:59:14 --> Toolbar collector does not exists(Myth\Auth\Collectors\Auth).please check $collectors in the Config\Toolbar.php file.
CRITICAL - 2022-04-13 14:59:14 --> Toolbar collector does not exists(Myth\Auth\Collectors\Auth).please check $collectors in the Config\Toolbar.php file.
CRITICAL - 2022-04-13 14:59:40 --> Toolbar collector does not exists(Myth\Auth\Collectors\Auth).please check $collectors in the Config\Toolbar.php file.
CRITICAL - 2022-04-13 14:59:40 --> Toolbar collector does not exists(Myth\Auth\Collectors\Auth).please check $collectors in the Config\Toolbar.php file.
CRITICAL - 2022-04-13 15:20:14 --> Toolbar collector does not exists(Myth\Auth\Collectors\Auth).please check $collectors in the Config\Toolbar.php file.
CRITICAL - 2022-04-13 15:20:14 --> Toolbar collector does not exists(Myth\Auth\Collectors\Auth).please check $collectors in the Config\Toolbar.php file.
CRITICAL - 2022-04-13 15:23:33 --> Toolbar collector does not exists(Myth\Auth\Collectors\Auth).please check $collectors in the Config\Toolbar.php file.
CRITICAL - 2022-04-13 15:24:53 --> Toolbar collector does not exists(Myth\Auth\Collectors\Auth).please check $collectors in the Config\Toolbar.php file.
CRITICAL - 2022-04-13 15:25:02 --> Toolbar collector does not exists(Myth\Auth\Collectors\Auth).please check $collectors in the Config\Toolbar.php file.
CRITICAL - 2022-04-13 15:48:55 --> Toolbar collector does not exists(Myth\Auth\Collectors\Auth).please check $collectors in the Config\Toolbar.php file.
CRITICAL - 2022-04-13 15:48:55 --> Toolbar collector does not exists(Myth\Auth\Collectors\Auth).please check $collectors in the Config\Toolbar.php file.
