CRITICAL - 2023-03-10 10:46:14 --> Toolbar collector does not exists(Myth\Auth\Collectors\Auth).please check $collectors in the Config\Toolbar.php file.
ERROR - 2023-03-10 10:46:15 --> Error connecting to the database: Unknown database 'site'
CRITICAL - 2023-03-10 10:46:15 --> Unable to connect to the database.
#0 C:\wamp64\www\site\ci4\vendor\codeigniter4\framework\system\Database\BaseConnection.php(620): CodeIgniter\Database\BaseConnection->initialize()
#1 C:\wamp64\www\site\ci4\vendor\codeigniter4\framework\system\Database\BaseBuilder.php(1866): CodeIgniter\Database\BaseConnection->query('SELECT *\nFROM `...', Array, false)
#2 C:\wamp64\www\site\ci4\vendor\codeigniter4\framework\system\Model.php(247): CodeIgniter\Database\BaseBuilder->get()
#3 C:\wamp64\www\site\ci4\vendor\codeigniter4\framework\system\BaseModel.php(624): CodeIgniter\Model->doFirst()
#4 C:\wamp64\www\site\ci4\app\Models\Front\siteConfig_model.php(12): CodeIgniter\BaseModel->first()
#5 C:\wamp64\www\site\ci4\app\Controllers\Front\Home.php(21): App\Models\Front\siteConfig_model->getDados()
#6 C:\wamp64\www\site\ci4\vendor\codeigniter4\framework\system\CodeIgniter.php(937): App\Controllers\Front\Home->index()
#7 C:\wamp64\www\site\ci4\vendor\codeigniter4\framework\system\CodeIgniter.php(433): CodeIgniter\CodeIgniter->runController(Object(App\Controllers\Front\Home))
#8 C:\wamp64\www\site\ci4\vendor\codeigniter4\framework\system\CodeIgniter.php(334): CodeIgniter\CodeIgniter->handleRequest(NULL, Object(Config\Cache), false)
#9 C:\wamp64\www\site\public_html\index.php(45): CodeIgniter\CodeIgniter->run()
#10 {main}
CRITICAL - 2023-03-10 10:47:21 --> Toolbar collector does not exists(Myth\Auth\Collectors\Auth).please check $collectors in the Config\Toolbar.php file.
ERROR - 2023-03-10 10:47:21 --> Error connecting to the database: Unknown database 'site'
CRITICAL - 2023-03-10 10:47:21 --> Unable to connect to the database.
#0 C:\wamp64\www\site\ci4\vendor\codeigniter4\framework\system\Database\BaseConnection.php(620): CodeIgniter\Database\BaseConnection->initialize()
#1 C:\wamp64\www\site\ci4\vendor\codeigniter4\framework\system\Database\BaseBuilder.php(1866): CodeIgniter\Database\BaseConnection->query('SELECT *\nFROM `...', Array, false)
#2 C:\wamp64\www\site\ci4\vendor\codeigniter4\framework\system\Model.php(247): CodeIgniter\Database\BaseBuilder->get()
#3 C:\wamp64\www\site\ci4\vendor\codeigniter4\framework\system\BaseModel.php(624): CodeIgniter\Model->doFirst()
#4 C:\wamp64\www\site\ci4\app\Models\Front\siteConfig_model.php(12): CodeIgniter\BaseModel->first()
#5 C:\wamp64\www\site\ci4\app\Controllers\Front\Home.php(21): App\Models\Front\siteConfig_model->getDados()
#6 C:\wamp64\www\site\ci4\vendor\codeigniter4\framework\system\CodeIgniter.php(937): App\Controllers\Front\Home->index()
#7 C:\wamp64\www\site\ci4\vendor\codeigniter4\framework\system\CodeIgniter.php(433): CodeIgniter\CodeIgniter->runController(Object(App\Controllers\Front\Home))
#8 C:\wamp64\www\site\ci4\vendor\codeigniter4\framework\system\CodeIgniter.php(334): CodeIgniter\CodeIgniter->handleRequest(NULL, Object(Config\Cache), false)
#9 C:\wamp64\www\site\public_html\index.php(45): CodeIgniter\CodeIgniter->run()
#10 {main}
CRITICAL - 2023-03-10 10:47:22 --> Toolbar collector does not exists(Myth\Auth\Collectors\Auth).please check $collectors in the Config\Toolbar.php file.
ERROR - 2023-03-10 10:47:22 --> Error connecting to the database: Unknown database 'site'
CRITICAL - 2023-03-10 10:47:22 --> Unable to connect to the database.
#0 C:\wamp64\www\site\ci4\vendor\codeigniter4\framework\system\Database\BaseConnection.php(620): CodeIgniter\Database\BaseConnection->initialize()
#1 C:\wamp64\www\site\ci4\vendor\codeigniter4\framework\system\Database\BaseBuilder.php(1866): CodeIgniter\Database\BaseConnection->query('SELECT *\nFROM `...', Array, false)
#2 C:\wamp64\www\site\ci4\vendor\codeigniter4\framework\system\Model.php(247): CodeIgniter\Database\BaseBuilder->get()
#3 C:\wamp64\www\site\ci4\vendor\codeigniter4\framework\system\BaseModel.php(624): CodeIgniter\Model->doFirst()
#4 C:\wamp64\www\site\ci4\app\Models\Front\siteConfig_model.php(12): CodeIgniter\BaseModel->first()
#5 C:\wamp64\www\site\ci4\app\Controllers\Front\Home.php(21): App\Models\Front\siteConfig_model->getDados()
#6 C:\wamp64\www\site\ci4\vendor\codeigniter4\framework\system\CodeIgniter.php(937): App\Controllers\Front\Home->index()
#7 C:\wamp64\www\site\ci4\vendor\codeigniter4\framework\system\CodeIgniter.php(433): CodeIgniter\CodeIgniter->runController(Object(App\Controllers\Front\Home))
#8 C:\wamp64\www\site\ci4\vendor\codeigniter4\framework\system\CodeIgniter.php(334): CodeIgniter\CodeIgniter->handleRequest(NULL, Object(Config\Cache), false)
#9 C:\wamp64\www\site\public_html\index.php(45): CodeIgniter\CodeIgniter->run()
#10 {main}
CRITICAL - 2023-03-10 10:50:17 --> Toolbar collector does not exists(Myth\Auth\Collectors\Auth).please check $collectors in the Config\Toolbar.php file.
CRITICAL - 2023-03-10 10:50:29 --> Toolbar collector does not exists(Myth\Auth\Collectors\Auth).please check $collectors in the Config\Toolbar.php file.
CRITICAL - 2023-03-10 10:50:42 --> Toolbar collector does not exists(Myth\Auth\Collectors\Auth).please check $collectors in the Config\Toolbar.php file.
CRITICAL - 2023-03-10 10:50:53 --> Toolbar collector does not exists(Myth\Auth\Collectors\Auth).please check $collectors in the Config\Toolbar.php file.
CRITICAL - 2023-03-10 11:00:04 --> Toolbar collector does not exists(Myth\Auth\Collectors\Auth).please check $collectors in the Config\Toolbar.php file.
CRITICAL - 2023-03-10 11:00:39 --> Toolbar collector does not exists(Myth\Auth\Collectors\Auth).please check $collectors in the Config\Toolbar.php file.
CRITICAL - 2023-03-10 11:07:41 --> Toolbar collector does not exists(Myth\Auth\Collectors\Auth).please check $collectors in the Config\Toolbar.php file.
CRITICAL - 2023-03-10 11:07:42 --> Toolbar collector does not exists(Myth\Auth\Collectors\Auth).please check $collectors in the Config\Toolbar.php file.
CRITICAL - 2023-03-10 11:07:42 --> Toolbar collector does not exists(Myth\Auth\Collectors\Auth).please check $collectors in the Config\Toolbar.php file.
CRITICAL - 2023-03-10 11:07:42 --> Toolbar collector does not exists(Myth\Auth\Collectors\Auth).please check $collectors in the Config\Toolbar.php file.
CRITICAL - 2023-03-10 11:07:43 --> Toolbar collector does not exists(Myth\Auth\Collectors\Auth).please check $collectors in the Config\Toolbar.php file.
CRITICAL - 2023-03-10 11:07:43 --> Toolbar collector does not exists(Myth\Auth\Collectors\Auth).please check $collectors in the Config\Toolbar.php file.
CRITICAL - 2023-03-10 11:07:43 --> Toolbar collector does not exists(Myth\Auth\Collectors\Auth).please check $collectors in the Config\Toolbar.php file.
CRITICAL - 2023-03-10 11:09:55 --> Toolbar collector does not exists(Myth\Auth\Collectors\Auth).please check $collectors in the Config\Toolbar.php file.
CRITICAL - 2023-03-10 11:09:56 --> Toolbar collector does not exists(Myth\Auth\Collectors\Auth).please check $collectors in the Config\Toolbar.php file.
CRITICAL - 2023-03-10 11:09:56 --> Toolbar collector does not exists(Myth\Auth\Collectors\Auth).please check $collectors in the Config\Toolbar.php file.
CRITICAL - 2023-03-10 11:09:56 --> Toolbar collector does not exists(Myth\Auth\Collectors\Auth).please check $collectors in the Config\Toolbar.php file.
CRITICAL - 2023-03-10 11:09:56 --> Toolbar collector does not exists(Myth\Auth\Collectors\Auth).please check $collectors in the Config\Toolbar.php file.
CRITICAL - 2023-03-10 11:09:57 --> Toolbar collector does not exists(Myth\Auth\Collectors\Auth).please check $collectors in the Config\Toolbar.php file.
CRITICAL - 2023-03-10 11:09:57 --> Toolbar collector does not exists(Myth\Auth\Collectors\Auth).please check $collectors in the Config\Toolbar.php file.
CRITICAL - 2023-03-10 11:10:05 --> Toolbar collector does not exists(Myth\Auth\Collectors\Auth).please check $collectors in the Config\Toolbar.php file.
CRITICAL - 2023-03-10 11:10:05 --> Toolbar collector does not exists(Myth\Auth\Collectors\Auth).please check $collectors in the Config\Toolbar.php file.
CRITICAL - 2023-03-10 11:10:05 --> Toolbar collector does not exists(Myth\Auth\Collectors\Auth).please check $collectors in the Config\Toolbar.php file.
CRITICAL - 2023-03-10 11:10:05 --> Toolbar collector does not exists(Myth\Auth\Collectors\Auth).please check $collectors in the Config\Toolbar.php file.
CRITICAL - 2023-03-10 11:10:06 --> Toolbar collector does not exists(Myth\Auth\Collectors\Auth).please check $collectors in the Config\Toolbar.php file.
CRITICAL - 2023-03-10 11:10:06 --> Toolbar collector does not exists(Myth\Auth\Collectors\Auth).please check $collectors in the Config\Toolbar.php file.
CRITICAL - 2023-03-10 11:10:06 --> Toolbar collector does not exists(Myth\Auth\Collectors\Auth).please check $collectors in the Config\Toolbar.php file.
CRITICAL - 2023-03-10 11:10:56 --> Toolbar collector does not exists(Myth\Auth\Collectors\Auth).please check $collectors in the Config\Toolbar.php file.
CRITICAL - 2023-03-10 11:10:56 --> Toolbar collector does not exists(Myth\Auth\Collectors\Auth).please check $collectors in the Config\Toolbar.php file.
CRITICAL - 2023-03-10 11:10:56 --> Toolbar collector does not exists(Myth\Auth\Collectors\Auth).please check $collectors in the Config\Toolbar.php file.
CRITICAL - 2023-03-10 11:10:56 --> Toolbar collector does not exists(Myth\Auth\Collectors\Auth).please check $collectors in the Config\Toolbar.php file.
CRITICAL - 2023-03-10 11:10:56 --> Toolbar collector does not exists(Myth\Auth\Collectors\Auth).please check $collectors in the Config\Toolbar.php file.
CRITICAL - 2023-03-10 11:10:56 --> Toolbar collector does not exists(Myth\Auth\Collectors\Auth).please check $collectors in the Config\Toolbar.php file.
CRITICAL - 2023-03-10 11:11:00 --> Toolbar collector does not exists(Myth\Auth\Collectors\Auth).please check $collectors in the Config\Toolbar.php file.
CRITICAL - 2023-03-10 11:11:00 --> Toolbar collector does not exists(Myth\Auth\Collectors\Auth).please check $collectors in the Config\Toolbar.php file.
CRITICAL - 2023-03-10 11:11:00 --> Toolbar collector does not exists(Myth\Auth\Collectors\Auth).please check $collectors in the Config\Toolbar.php file.
CRITICAL - 2023-03-10 11:11:00 --> Toolbar collector does not exists(Myth\Auth\Collectors\Auth).please check $collectors in the Config\Toolbar.php file.
CRITICAL - 2023-03-10 11:11:00 --> Toolbar collector does not exists(Myth\Auth\Collectors\Auth).please check $collectors in the Config\Toolbar.php file.
CRITICAL - 2023-03-10 11:11:00 --> Toolbar collector does not exists(Myth\Auth\Collectors\Auth).please check $collectors in the Config\Toolbar.php file.
CRITICAL - 2023-03-10 11:11:00 --> Toolbar collector does not exists(Myth\Auth\Collectors\Auth).please check $collectors in the Config\Toolbar.php file.
CRITICAL - 2023-03-10 11:11:04 --> Toolbar collector does not exists(Myth\Auth\Collectors\Auth).please check $collectors in the Config\Toolbar.php file.
CRITICAL - 2023-03-10 11:11:04 --> Toolbar collector does not exists(Myth\Auth\Collectors\Auth).please check $collectors in the Config\Toolbar.php file.
CRITICAL - 2023-03-10 11:11:04 --> Toolbar collector does not exists(Myth\Auth\Collectors\Auth).please check $collectors in the Config\Toolbar.php file.
CRITICAL - 2023-03-10 11:11:04 --> Toolbar collector does not exists(Myth\Auth\Collectors\Auth).please check $collectors in the Config\Toolbar.php file.
CRITICAL - 2023-03-10 11:11:04 --> Toolbar collector does not exists(Myth\Auth\Collectors\Auth).please check $collectors in the Config\Toolbar.php file.
CRITICAL - 2023-03-10 11:11:04 --> Toolbar collector does not exists(Myth\Auth\Collectors\Auth).please check $collectors in the Config\Toolbar.php file.
CRITICAL - 2023-03-10 11:11:04 --> Toolbar collector does not exists(Myth\Auth\Collectors\Auth).please check $collectors in the Config\Toolbar.php file.
CRITICAL - 2023-03-10 11:11:23 --> Toolbar collector does not exists(Myth\Auth\Collectors\Auth).please check $collectors in the Config\Toolbar.php file.
ERROR - 2023-03-10 11:11:23 --> mysqli_sql_exception: Unknown column 'int_departamentos.name' in 'field list' in C:\wamp64\www\site\vendor\codeigniter4\framework\system\Database\MySQLi\Connection.php:314
Stack trace:
#0 C:\wamp64\www\site\vendor\codeigniter4\framework\system\Database\MySQLi\Connection.php(314): mysqli->query('SELECT `int_tel...')
#1 C:\wamp64\www\site\vendor\codeigniter4\framework\system\Database\BaseConnection.php(715): CodeIgniter\Database\MySQLi\Connection->execute('SELECT `int_tel...')
#2 C:\wamp64\www\site\vendor\codeigniter4\framework\system\Database\BaseConnection.php(643): CodeIgniter\Database\BaseConnection->simpleQuery('SELECT `int_tel...')
#3 C:\wamp64\www\site\vendor\codeigniter4\framework\system\Database\BaseBuilder.php(1866): CodeIgniter\Database\BaseConnection->query('SELECT `int_tel...', Array, false)
#4 C:\wamp64\www\site\app\Models\Front\Telefones_model.php(35): CodeIgniter\Database\BaseBuilder->get()
#5 C:\wamp64\www\site\app\Controllers\Front\Telefones.php(21): App\Models\Front\Telefones_model->getPesquisa(NULL)
#6 C:\wamp64\www\site\vendor\codeigniter4\framework\system\CodeIgniter.php(937): App\Controllers\Front\Telefones->index()
#7 C:\wamp64\www\site\vendor\codeigniter4\framework\system\CodeIgniter.php(433): CodeIgniter\CodeIgniter->runController(Object(App\Controllers\Front\Telefones))
#8 C:\wamp64\www\site\vendor\codeigniter4\framework\system\CodeIgniter.php(334): CodeIgniter\CodeIgniter->handleRequest(NULL, Object(Config\Cache), false)
#9 C:\wamp64\www\site\index.php(45): CodeIgniter\CodeIgniter->run()
#10 {main}
CRITICAL - 2023-03-10 11:11:23 --> Unknown column 'int_departamentos.name' in 'field list'
#0 C:\wamp64\www\site\vendor\codeigniter4\framework\system\Database\MySQLi\Connection.php(314): mysqli->query('SELECT `int_tel...')
#1 C:\wamp64\www\site\vendor\codeigniter4\framework\system\Database\BaseConnection.php(715): CodeIgniter\Database\MySQLi\Connection->execute('SELECT `int_tel...')
#2 C:\wamp64\www\site\vendor\codeigniter4\framework\system\Database\BaseConnection.php(643): CodeIgniter\Database\BaseConnection->simpleQuery('SELECT `int_tel...')
#3 C:\wamp64\www\site\vendor\codeigniter4\framework\system\Database\BaseBuilder.php(1866): CodeIgniter\Database\BaseConnection->query('SELECT `int_tel...', Array, false)
#4 C:\wamp64\www\site\app\Models\Front\Telefones_model.php(35): CodeIgniter\Database\BaseBuilder->get()
#5 C:\wamp64\www\site\app\Controllers\Front\Telefones.php(21): App\Models\Front\Telefones_model->getPesquisa(NULL)
#6 C:\wamp64\www\site\vendor\codeigniter4\framework\system\CodeIgniter.php(937): App\Controllers\Front\Telefones->index()
#7 C:\wamp64\www\site\vendor\codeigniter4\framework\system\CodeIgniter.php(433): CodeIgniter\CodeIgniter->runController(Object(App\Controllers\Front\Telefones))
#8 C:\wamp64\www\site\vendor\codeigniter4\framework\system\CodeIgniter.php(334): CodeIgniter\CodeIgniter->handleRequest(NULL, Object(Config\Cache), false)
#9 C:\wamp64\www\site\index.php(45): CodeIgniter\CodeIgniter->run()
#10 {main}
CRITICAL - 2023-03-10 11:13:02 --> Toolbar collector does not exists(Myth\Auth\Collectors\Auth).please check $collectors in the Config\Toolbar.php file.
CRITICAL - 2023-03-10 11:13:02 --> Toolbar collector does not exists(Myth\Auth\Collectors\Auth).please check $collectors in the Config\Toolbar.php file.
CRITICAL - 2023-03-10 11:13:02 --> Toolbar collector does not exists(Myth\Auth\Collectors\Auth).please check $collectors in the Config\Toolbar.php file.
CRITICAL - 2023-03-10 11:13:02 --> Toolbar collector does not exists(Myth\Auth\Collectors\Auth).please check $collectors in the Config\Toolbar.php file.
CRITICAL - 2023-03-10 11:13:02 --> Toolbar collector does not exists(Myth\Auth\Collectors\Auth).please check $collectors in the Config\Toolbar.php file.
CRITICAL - 2023-03-10 11:13:06 --> Toolbar collector does not exists(Myth\Auth\Collectors\Auth).please check $collectors in the Config\Toolbar.php file.
CRITICAL - 2023-03-10 11:13:06 --> Toolbar collector does not exists(Myth\Auth\Collectors\Auth).please check $collectors in the Config\Toolbar.php file.
CRITICAL - 2023-03-10 11:13:06 --> Toolbar collector does not exists(Myth\Auth\Collectors\Auth).please check $collectors in the Config\Toolbar.php file.
CRITICAL - 2023-03-10 11:13:06 --> Toolbar collector does not exists(Myth\Auth\Collectors\Auth).please check $collectors in the Config\Toolbar.php file.
CRITICAL - 2023-03-10 11:13:06 --> Toolbar collector does not exists(Myth\Auth\Collectors\Auth).please check $collectors in the Config\Toolbar.php file.
CRITICAL - 2023-03-10 11:13:21 --> Toolbar collector does not exists(Myth\Auth\Collectors\Auth).please check $collectors in the Config\Toolbar.php file.
CRITICAL - 2023-03-10 11:13:21 --> Toolbar collector does not exists(Myth\Auth\Collectors\Auth).please check $collectors in the Config\Toolbar.php file.
CRITICAL - 2023-03-10 11:13:22 --> Toolbar collector does not exists(Myth\Auth\Collectors\Auth).please check $collectors in the Config\Toolbar.php file.
CRITICAL - 2023-03-10 11:13:22 --> Toolbar collector does not exists(Myth\Auth\Collectors\Auth).please check $collectors in the Config\Toolbar.php file.
CRITICAL - 2023-03-10 11:13:22 --> Toolbar collector does not exists(Myth\Auth\Collectors\Auth).please check $collectors in the Config\Toolbar.php file.
CRITICAL - 2023-03-10 11:13:22 --> Toolbar collector does not exists(Myth\Auth\Collectors\Auth).please check $collectors in the Config\Toolbar.php file.
CRITICAL - 2023-03-10 12:47:16 --> syntax error, unexpected single-quoted string "front/signupcontroller/store", expecting "]"
#0 C:\wamp64\www\site\vendor\codeigniter4\framework\system\Autoloader\Autoloader.php(274): CodeIgniter\Autoloader\Autoloader->includeFile('C:\\wamp64\\www\\s...')
#1 C:\wamp64\www\site\vendor\codeigniter4\framework\system\Autoloader\Autoloader.php(228): CodeIgniter\Autoloader\Autoloader->loadInNamespace('Config\\Filters')
#2 [internal function]: CodeIgniter\Autoloader\Autoloader->loadClass('Config\\Filters')
#3 C:\wamp64\www\site\vendor\codeigniter4\framework\system\Config\Factories.php(144): class_exists('Config\\Filters')
#4 C:\wamp64\www\site\vendor\codeigniter4\framework\system\Config\Factories.php(109): CodeIgniter\Config\Factories::locateClass(Array, 'Filters')
#5 C:\wamp64\www\site\vendor\codeigniter4\framework\system\Common.php(225): CodeIgniter\Config\Factories::__callStatic('config', Array)
#6 C:\wamp64\www\site\vendor\codeigniter4\framework\system\Config\Services.php(283): config('Filters')
#7 C:\wamp64\www\site\vendor\codeigniter4\framework\system\Config\BaseService.php(100): CodeIgniter\Config\Services::filters(NULL, false)
#8 C:\wamp64\www\site\vendor\codeigniter4\framework\system\Config\Services.php(280): CodeIgniter\Config\BaseService::getSharedInstance('filters', NULL)
#9 C:\wamp64\www\site\vendor\codeigniter4\framework\system\Config\BaseService.php(171): CodeIgniter\Config\Services::filters()
#10 C:\wamp64\www\site\vendor\codeigniter4\framework\system\CodeIgniter.php(389): CodeIgniter\Config\BaseService::__callStatic('filters', Array)
#11 C:\wamp64\www\site\vendor\codeigniter4\framework\system\CodeIgniter.php(334): CodeIgniter\CodeIgniter->handleRequest(NULL, Object(Config\Cache), false)
#12 C:\wamp64\www\site\index.php(45): CodeIgniter\CodeIgniter->run()
#13 {main}
CRITICAL - 2023-03-10 12:47:25 --> Cannot declare class App\Controllers\Front\Server, because the name is already in use
#0 [internal function]: CodeIgniter\Debug\Exceptions->shutdownHandler()
#1 {main}
CRITICAL - 2023-03-10 13:10:04 --> Class "App\Controllers\Front\BaseController" not found
#0 C:\wamp64\www\site\vendor\codeigniter4\framework\system\Router\Router.php(562): include_once()
#1 C:\wamp64\www\site\vendor\codeigniter4\framework\system\Router\Router.php(170): CodeIgniter\Router\Router->autoRoute('front/chat')
#2 C:\wamp64\www\site\vendor\codeigniter4\framework\system\CodeIgniter.php(817): CodeIgniter\Router\Router->handle('front/chat')
#3 C:\wamp64\www\site\vendor\codeigniter4\framework\system\CodeIgniter.php(386): CodeIgniter\CodeIgniter->tryToRouteIt(Object(CodeIgniter\Router\RouteCollection))
#4 C:\wamp64\www\site\vendor\codeigniter4\framework\system\CodeIgniter.php(334): CodeIgniter\CodeIgniter->handleRequest(NULL, Object(Config\Cache), false)
#5 C:\wamp64\www\site\index.php(45): CodeIgniter\CodeIgniter->run()
#6 {main}
CRITICAL - 2023-03-10 13:10:44 --> Class "App\Controllers\Front\BaseController" not found
#0 C:\wamp64\www\site\vendor\codeigniter4\framework\system\Router\Router.php(562): include_once()
#1 C:\wamp64\www\site\vendor\codeigniter4\framework\system\Router\Router.php(170): CodeIgniter\Router\Router->autoRoute('front/chat')
#2 C:\wamp64\www\site\vendor\codeigniter4\framework\system\CodeIgniter.php(817): CodeIgniter\Router\Router->handle('front/chat')
#3 C:\wamp64\www\site\vendor\codeigniter4\framework\system\CodeIgniter.php(386): CodeIgniter\CodeIgniter->tryToRouteIt(Object(CodeIgniter\Router\RouteCollection))
#4 C:\wamp64\www\site\vendor\codeigniter4\framework\system\CodeIgniter.php(334): CodeIgniter\CodeIgniter->handleRequest(NULL, Object(Config\Cache), false)
#5 C:\wamp64\www\site\index.php(45): CodeIgniter\CodeIgniter->run()
#6 {main}
CRITICAL - 2023-03-10 13:11:05 --> Class "App\Controllers\Front\Codeigniter" not found
#0 C:\wamp64\www\site\vendor\codeigniter4\framework\system\Router\Router.php(562): include_once()
#1 C:\wamp64\www\site\vendor\codeigniter4\framework\system\Router\Router.php(170): CodeIgniter\Router\Router->autoRoute('front/chat')
#2 C:\wamp64\www\site\vendor\codeigniter4\framework\system\CodeIgniter.php(817): CodeIgniter\Router\Router->handle('front/chat')
#3 C:\wamp64\www\site\vendor\codeigniter4\framework\system\CodeIgniter.php(386): CodeIgniter\CodeIgniter->tryToRouteIt(Object(CodeIgniter\Router\RouteCollection))
#4 C:\wamp64\www\site\vendor\codeigniter4\framework\system\CodeIgniter.php(334): CodeIgniter\CodeIgniter->handleRequest(NULL, Object(Config\Cache), false)
#5 C:\wamp64\www\site\index.php(45): CodeIgniter\CodeIgniter->run()
#6 {main}
CRITICAL - 2023-03-10 13:11:42 --> Class "App\Controllers\Front\BaseController" not found
#0 C:\wamp64\www\site\vendor\codeigniter4\framework\system\Router\Router.php(562): include_once()
#1 C:\wamp64\www\site\vendor\codeigniter4\framework\system\Router\Router.php(170): CodeIgniter\Router\Router->autoRoute('front/chat')
#2 C:\wamp64\www\site\vendor\codeigniter4\framework\system\CodeIgniter.php(817): CodeIgniter\Router\Router->handle('front/chat')
#3 C:\wamp64\www\site\vendor\codeigniter4\framework\system\CodeIgniter.php(386): CodeIgniter\CodeIgniter->tryToRouteIt(Object(CodeIgniter\Router\RouteCollection))
#4 C:\wamp64\www\site\vendor\codeigniter4\framework\system\CodeIgniter.php(334): CodeIgniter\CodeIgniter->handleRequest(NULL, Object(Config\Cache), false)
#5 C:\wamp64\www\site\index.php(45): CodeIgniter\CodeIgniter->run()
#6 {main}
CRITICAL - 2023-03-10 13:12:38 --> syntax error, unexpected single-quoted string "Front/Shop/Checkout/cadastrarU...", expecting "]"
#0 C:\wamp64\www\site\vendor\codeigniter4\framework\system\Autoloader\Autoloader.php(274): CodeIgniter\Autoloader\Autoloader->includeFile('C:\\wamp64\\www\\s...')
#1 C:\wamp64\www\site\vendor\codeigniter4\framework\system\Autoloader\Autoloader.php(228): CodeIgniter\Autoloader\Autoloader->loadInNamespace('Config\\Filters')
#2 [internal function]: CodeIgniter\Autoloader\Autoloader->loadClass('Config\\Filters')
#3 C:\wamp64\www\site\vendor\codeigniter4\framework\system\Config\Factories.php(144): class_exists('Config\\Filters')
#4 C:\wamp64\www\site\vendor\codeigniter4\framework\system\Config\Factories.php(109): CodeIgniter\Config\Factories::locateClass(Array, 'Filters')
#5 C:\wamp64\www\site\vendor\codeigniter4\framework\system\Common.php(225): CodeIgniter\Config\Factories::__callStatic('config', Array)
#6 C:\wamp64\www\site\vendor\codeigniter4\framework\system\Config\Services.php(283): config('Filters')
#7 C:\wamp64\www\site\vendor\codeigniter4\framework\system\Config\BaseService.php(100): CodeIgniter\Config\Services::filters(NULL, false)
#8 C:\wamp64\www\site\vendor\codeigniter4\framework\system\Config\Services.php(280): CodeIgniter\Config\BaseService::getSharedInstance('filters', NULL)
#9 C:\wamp64\www\site\vendor\codeigniter4\framework\system\Config\BaseService.php(171): CodeIgniter\Config\Services::filters()
#10 C:\wamp64\www\site\vendor\codeigniter4\framework\system\CodeIgniter.php(389): CodeIgniter\Config\BaseService::__callStatic('filters', Array)
#11 C:\wamp64\www\site\vendor\codeigniter4\framework\system\CodeIgniter.php(334): CodeIgniter\CodeIgniter->handleRequest(NULL, Object(Config\Cache), false)
#12 C:\wamp64\www\site\index.php(45): CodeIgniter\CodeIgniter->run()
#13 {main}
CRITICAL - 2023-03-10 13:16:01 --> Undefined variable $dados
#0 C:\wamp64\www\site\app\Views\front\intranet\index.php(6): CodeIgniter\Debug\Exceptions->errorHandler(2, 'Undefined varia...', 'C:\\wamp64\\www\\s...', 6)
#1 C:\wamp64\www\site\vendor\codeigniter4\framework\system\View\View.php(220): include('C:\\wamp64\\www\\s...')
#2 C:\wamp64\www\site\vendor\codeigniter4\framework\system\View\View.php(222): CodeIgniter\View\View->CodeIgniter\View\{closure}()
#3 C:\wamp64\www\site\vendor\codeigniter4\framework\system\View\View.php(236): CodeIgniter\View\View->render('front/intranet/...', Array, true)
#4 C:\wamp64\www\site\vendor\codeigniter4\framework\system\Common.php(1217): CodeIgniter\View\View->render('front/chat/chat', Array, true)
#5 C:\wamp64\www\site\app\Controllers\Front\Chat.php(14): view('front/chat/chat', Array)
#6 C:\wamp64\www\site\vendor\codeigniter4\framework\system\CodeIgniter.php(937): App\Controllers\Front\Chat->index()
#7 C:\wamp64\www\site\vendor\codeigniter4\framework\system\CodeIgniter.php(433): CodeIgniter\CodeIgniter->runController(Object(App\Controllers\Front\Chat))
#8 C:\wamp64\www\site\vendor\codeigniter4\framework\system\CodeIgniter.php(334): CodeIgniter\CodeIgniter->handleRequest(NULL, Object(Config\Cache), false)
#9 C:\wamp64\www\site\index.php(45): CodeIgniter\CodeIgniter->run()
#10 {main}
CRITICAL - 2023-03-10 13:51:18 --> Class 'App\Controllers\BaseController' not found
#0 [internal function]: CodeIgniter\Debug\Exceptions->shutdownHandler()
#1 {main}
CRITICAL - 2023-03-10 13:51:36 --> Class 'App\Controllers\Controller' not found
#0 [internal function]: CodeIgniter\Debug\Exceptions->shutdownHandler()
#1 {main}
CRITICAL - 2023-03-10 13:57:16 --> Class 'App\Controllers\Controller' not found
#0 [internal function]: CodeIgniter\Debug\Exceptions->shutdownHandler()
#1 {main}
CRITICAL - 2023-03-10 13:58:19 --> Class 'App\Controllers\BaseController' not found
#0 [internal function]: CodeIgniter\Debug\Exceptions->shutdownHandler()
#1 {main}
CRITICAL - 2023-03-10 14:20:17 --> CodeIgniter\Router\Router::main(): Failed opening required 'C:\wamp64\www\site\app/vendor/autoload.php' (include_path='.;C:/alaragon/etc/php/pear')
#0 [internal function]: CodeIgniter\Debug\Exceptions->shutdownHandler()
#1 {main}
CRITICAL - 2023-03-10 14:21:11 --> CodeIgniter\Router\Router::main(): Failed opening required 'C:\wamp64\www\site\app../vendor/autoload.php' (include_path='.;C:/alaragon/etc/php/pear')
#0 [internal function]: CodeIgniter\Debug\Exceptions->shutdownHandler()
#1 {main}
CRITICAL - 2023-03-10 14:21:28 --> CodeIgniter\Router\Router::main(): Failed opening required 'C:\wamp64\www\site\app./vendor/autoload.php' (include_path='.;C:/alaragon/etc/php/pear')
#0 [internal function]: CodeIgniter\Debug\Exceptions->shutdownHandler()
#1 {main}
CRITICAL - 2023-03-10 14:22:36 --> CodeIgniter\Router\Router::main(): Failed opening required 'C:\wamp64\www\site\app/vendor/autoload.php' (include_path='.;C:/alaragon/etc/php/pear')
#0 [internal function]: CodeIgniter\Debug\Exceptions->shutdownHandler()
#1 {main}
CRITICAL - 2023-03-10 14:22:48 --> CodeIgniter\Router\Router::main(): Failed opening required 'C:\wamp64\www\site\app/vendor/autoload.php' (include_path='.;C:/alaragon/etc/php/pear')
#0 [internal function]: CodeIgniter\Debug\Exceptions->shutdownHandler()
#1 {main}
CRITICAL - 2023-03-10 14:31:21 --> CodeIgniter\Router\Router::main(): Failed opening required 'C:\wamp64\www\site\app/vendor/autoload.php' (include_path='.;C:/alaragon/etc/php/pear')
#0 [internal function]: CodeIgniter\Debug\Exceptions->shutdownHandler()
#1 {main}
CRITICAL - 2023-03-10 14:42:24 --> syntax error, unexpected '<'
#0 C:\wamp64\www\site\vendor\codeigniter4\framework\system\Router\Router.php(170): CodeIgniter\Router\Router->autoRoute('server/index')
#1 C:\wamp64\www\site\vendor\codeigniter4\framework\system\CodeIgniter.php(817): CodeIgniter\Router\Router->handle('server/index')
#2 C:\wamp64\www\site\vendor\codeigniter4\framework\system\CodeIgniter.php(386): CodeIgniter\CodeIgniter->tryToRouteIt(Object(CodeIgniter\Router\RouteCollection))
#3 C:\wamp64\www\site\vendor\codeigniter4\framework\system\CodeIgniter.php(334): CodeIgniter\CodeIgniter->handleRequest(NULL, Object(Config\Cache), false)
#4 C:\wamp64\www\site\index.php(45): CodeIgniter\CodeIgniter->run()
#5 {main}
CRITICAL - 2023-03-10 14:52:13 --> CodeIgniter\Router\Router::main(): Failed opening required 'C:\wamp64\www\site\app/vendor/autoload.php' (include_path='.;C:/alaragon/etc/php/pear')
#0 [internal function]: CodeIgniter\Debug\Exceptions->shutdownHandler()
#1 {main}
CRITICAL - 2023-03-10 14:53:29 --> CodeIgniter\Router\Router::main(): Failed opening required 'C:\wamp64\www\site\app/vendor/autoload.php' (include_path='.;C:/alaragon/etc/php/pear')
#0 [internal function]: CodeIgniter\Debug\Exceptions->shutdownHandler()
#1 {main}
CRITICAL - 2023-03-10 15:25:37 --> Arquivo inválido: admin/aniversariantes/index.php
#0 C:\wamp64\www\site\vendor\codeigniter4\framework\system\View\View.php(203): CodeIgniter\Exceptions\FrameworkException::forInvalidFile('admin/aniversar...')
#1 C:\wamp64\www\site\vendor\codeigniter4\framework\system\Common.php(1217): CodeIgniter\View\View->render('admin/aniversar...', Array, true)
#2 C:\wamp64\www\site\app\Controllers\Admin\Aniversariantes.php(31): view('admin/aniversar...', Array)
#3 C:\wamp64\www\site\vendor\codeigniter4\framework\system\CodeIgniter.php(937): App\Controllers\Admin\Aniversariantes->index()
#4 C:\wamp64\www\site\vendor\codeigniter4\framework\system\CodeIgniter.php(433): CodeIgniter\CodeIgniter->runController(Object(App\Controllers\Admin\Aniversariantes))
#5 C:\wamp64\www\site\vendor\codeigniter4\framework\system\CodeIgniter.php(334): CodeIgniter\CodeIgniter->handleRequest(NULL, Object(Config\Cache), false)
#6 C:\wamp64\www\site\index.php(45): CodeIgniter\CodeIgniter->run()
#7 {main}
CRITICAL - 2023-03-10 15:25:57 --> Undefined property: stdClass::$name
#0 C:\wamp64\www\site\app\Views\admin\aniversariantes\add.php(25): CodeIgniter\Debug\Exceptions->errorHandler(2, 'Undefined prope...', 'C:\\wamp64\\www\\s...', 25)
#1 C:\wamp64\www\site\vendor\codeigniter4\framework\system\View\View.php(220): include('C:\\wamp64\\www\\s...')
#2 C:\wamp64\www\site\vendor\codeigniter4\framework\system\View\View.php(222): CodeIgniter\View\View->CodeIgniter\View\{closure}()
#3 C:\wamp64\www\site\vendor\codeigniter4\framework\system\View\View.php(468): CodeIgniter\View\View->render('admin/aniversar...', NULL, true)
#4 C:\wamp64\www\site\app\Views\admin\aniversariantes\index.php(24): CodeIgniter\View\View->include('admin/aniversar...')
#5 C:\wamp64\www\site\vendor\codeigniter4\framework\system\View\View.php(220): include('C:\\wamp64\\www\\s...')
#6 C:\wamp64\www\site\vendor\codeigniter4\framework\system\View\View.php(222): CodeIgniter\View\View->CodeIgniter\View\{closure}()
#7 C:\wamp64\www\site\vendor\codeigniter4\framework\system\Common.php(1217): CodeIgniter\View\View->render('admin/aniversar...', Array, true)
#8 C:\wamp64\www\site\app\Controllers\Admin\Aniversariantes.php(31): view('admin/aniversar...', Array)
#9 C:\wamp64\www\site\vendor\codeigniter4\framework\system\CodeIgniter.php(937): App\Controllers\Admin\Aniversariantes->index()
#10 C:\wamp64\www\site\vendor\codeigniter4\framework\system\CodeIgniter.php(433): CodeIgniter\CodeIgniter->runController(Object(App\Controllers\Admin\Aniversariantes))
#11 C:\wamp64\www\site\vendor\codeigniter4\framework\system\CodeIgniter.php(334): CodeIgniter\CodeIgniter->handleRequest(NULL, Object(Config\Cache), false)
#12 C:\wamp64\www\site\index.php(45): CodeIgniter\CodeIgniter->run()
#13 {main}
ERROR - 2023-03-10 15:27:21 --> mysqli_sql_exception: Column 'data' cannot be null in C:\wamp64\www\site\vendor\codeigniter4\framework\system\Database\MySQLi\Connection.php:314
Stack trace:
#0 C:\wamp64\www\site\vendor\codeigniter4\framework\system\Database\MySQLi\Connection.php(314): mysqli->query('INSERT INTO `in...')
#1 C:\wamp64\www\site\vendor\codeigniter4\framework\system\Database\BaseConnection.php(715): CodeIgniter\Database\MySQLi\Connection->execute('INSERT INTO `in...')
#2 C:\wamp64\www\site\vendor\codeigniter4\framework\system\Database\BaseConnection.php(643): CodeIgniter\Database\BaseConnection->simpleQuery('INSERT INTO `in...')
#3 C:\wamp64\www\site\vendor\codeigniter4\framework\system\Database\BaseBuilder.php(2265): CodeIgniter\Database\BaseConnection->query('INSERT INTO `in...', Array, false)
#4 C:\wamp64\www\site\vendor\codeigniter4\framework\system\Model.php(278): CodeIgniter\Database\BaseBuilder->insert()
#5 C:\wamp64\www\site\vendor\codeigniter4\framework\system\BaseModel.php(758): CodeIgniter\Model->doInsert(Array)
#6 C:\wamp64\www\site\vendor\codeigniter4\framework\system\Model.php(705): CodeIgniter\BaseModel->insert(Array, false)
#7 C:\wamp64\www\site\vendor\codeigniter4\framework\system\BaseModel.php(667): CodeIgniter\Model->insert(Array, false)
#8 C:\wamp64\www\site\app\Controllers\Admin\Aniversariantes.php(72): CodeIgniter\BaseModel->save(Array)
#9 C:\wamp64\www\site\vendor\codeigniter4\framework\system\CodeIgniter.php(937): App\Controllers\Admin\Aniversariantes->core()
#10 C:\wamp64\www\site\vendor\codeigniter4\framework\system\CodeIgniter.php(433): CodeIgniter\CodeIgniter->runController(Object(App\Controllers\Admin\Aniversariantes))
#11 C:\wamp64\www\site\vendor\codeigniter4\framework\system\CodeIgniter.php(334): CodeIgniter\CodeIgniter->handleRequest(NULL, Object(Config\Cache), false)
#12 C:\wamp64\www\site\index.php(45): CodeIgniter\CodeIgniter->run()
#13 {main}
CRITICAL - 2023-03-10 15:27:21 --> Column 'data' cannot be null
#0 C:\wamp64\www\site\vendor\codeigniter4\framework\system\Database\MySQLi\Connection.php(314): mysqli->query('INSERT INTO `in...')
#1 C:\wamp64\www\site\vendor\codeigniter4\framework\system\Database\BaseConnection.php(715): CodeIgniter\Database\MySQLi\Connection->execute('INSERT INTO `in...')
#2 C:\wamp64\www\site\vendor\codeigniter4\framework\system\Database\BaseConnection.php(643): CodeIgniter\Database\BaseConnection->simpleQuery('INSERT INTO `in...')
#3 C:\wamp64\www\site\vendor\codeigniter4\framework\system\Database\BaseBuilder.php(2265): CodeIgniter\Database\BaseConnection->query('INSERT INTO `in...', Array, false)
#4 C:\wamp64\www\site\vendor\codeigniter4\framework\system\Model.php(278): CodeIgniter\Database\BaseBuilder->insert()
#5 C:\wamp64\www\site\vendor\codeigniter4\framework\system\BaseModel.php(758): CodeIgniter\Model->doInsert(Array)
#6 C:\wamp64\www\site\vendor\codeigniter4\framework\system\Model.php(705): CodeIgniter\BaseModel->insert(Array, false)
#7 C:\wamp64\www\site\vendor\codeigniter4\framework\system\BaseModel.php(667): CodeIgniter\Model->insert(Array, false)
#8 C:\wamp64\www\site\app\Controllers\Admin\Aniversariantes.php(72): CodeIgniter\BaseModel->save(Array)
#9 C:\wamp64\www\site\vendor\codeigniter4\framework\system\CodeIgniter.php(937): App\Controllers\Admin\Aniversariantes->core()
#10 C:\wamp64\www\site\vendor\codeigniter4\framework\system\CodeIgniter.php(433): CodeIgniter\CodeIgniter->runController(Object(App\Controllers\Admin\Aniversariantes))
#11 C:\wamp64\www\site\vendor\codeigniter4\framework\system\CodeIgniter.php(334): CodeIgniter\CodeIgniter->handleRequest(NULL, Object(Config\Cache), false)
#12 C:\wamp64\www\site\index.php(45): CodeIgniter\CodeIgniter->run()
#13 {main}
CRITICAL - 2023-03-10 15:30:03 --> Undefined variable $telefone
#0 C:\wamp64\www\site\app\Views\admin\aniversariantes\modulo.php(25): CodeIgniter\Debug\Exceptions->errorHandler(2, 'Undefined varia...', 'C:\\wamp64\\www\\s...', 25)
#1 C:\wamp64\www\site\vendor\codeigniter4\framework\system\View\View.php(220): include('C:\\wamp64\\www\\s...')
#2 C:\wamp64\www\site\vendor\codeigniter4\framework\system\View\View.php(222): CodeIgniter\View\View->CodeIgniter\View\{closure}()
#3 C:\wamp64\www\site\vendor\codeigniter4\framework\system\Common.php(1217): CodeIgniter\View\View->render('admin/aniversar...', Array, true)
#4 C:\wamp64\www\site\app\Controllers\Admin\Aniversariantes.php(50): view('admin/aniversar...', Array)
#5 C:\wamp64\www\site\vendor\codeigniter4\framework\system\CodeIgniter.php(937): App\Controllers\Admin\Aniversariantes->create('2')
#6 C:\wamp64\www\site\vendor\codeigniter4\framework\system\CodeIgniter.php(433): CodeIgniter\CodeIgniter->runController(Object(App\Controllers\Admin\Aniversariantes))
#7 C:\wamp64\www\site\vendor\codeigniter4\framework\system\CodeIgniter.php(334): CodeIgniter\CodeIgniter->handleRequest(NULL, Object(Config\Cache), false)
#8 C:\wamp64\www\site\index.php(45): CodeIgniter\CodeIgniter->run()
#9 {main}
CRITICAL - 2023-03-10 15:30:55 --> Undefined variable $aniversariante
#0 C:\wamp64\www\site\app\Views\admin\aniversariantes\modulo.php(25): CodeIgniter\Debug\Exceptions->errorHandler(2, 'Undefined varia...', 'C:\\wamp64\\www\\s...', 25)
#1 C:\wamp64\www\site\vendor\codeigniter4\framework\system\View\View.php(220): include('C:\\wamp64\\www\\s...')
#2 C:\wamp64\www\site\vendor\codeigniter4\framework\system\View\View.php(222): CodeIgniter\View\View->CodeIgniter\View\{closure}()
#3 C:\wamp64\www\site\vendor\codeigniter4\framework\system\Common.php(1217): CodeIgniter\View\View->render('admin/aniversar...', Array, true)
#4 C:\wamp64\www\site\app\Controllers\Admin\Aniversariantes.php(50): view('admin/aniversar...', Array)
#5 C:\wamp64\www\site\vendor\codeigniter4\framework\system\CodeIgniter.php(937): App\Controllers\Admin\Aniversariantes->create('2')
#6 C:\wamp64\www\site\vendor\codeigniter4\framework\system\CodeIgniter.php(433): CodeIgniter\CodeIgniter->runController(Object(App\Controllers\Admin\Aniversariantes))
#7 C:\wamp64\www\site\vendor\codeigniter4\framework\system\CodeIgniter.php(334): CodeIgniter\CodeIgniter->handleRequest(NULL, Object(Config\Cache), false)
#8 C:\wamp64\www\site\index.php(45): CodeIgniter\CodeIgniter->run()
#9 {main}
CRITICAL - 2023-03-10 15:31:13 --> Undefined property: stdClass::$name
#0 C:\wamp64\www\site\app\Views\admin\aniversariantes\modulo.php(26): CodeIgniter\Debug\Exceptions->errorHandler(2, 'Undefined prope...', 'C:\\wamp64\\www\\s...', 26)
#1 C:\wamp64\www\site\vendor\codeigniter4\framework\system\View\View.php(220): include('C:\\wamp64\\www\\s...')
#2 C:\wamp64\www\site\vendor\codeigniter4\framework\system\View\View.php(222): CodeIgniter\View\View->CodeIgniter\View\{closure}()
#3 C:\wamp64\www\site\vendor\codeigniter4\framework\system\Common.php(1217): CodeIgniter\View\View->render('admin/aniversar...', Array, true)
#4 C:\wamp64\www\site\app\Controllers\Admin\Aniversariantes.php(50): view('admin/aniversar...', Array)
#5 C:\wamp64\www\site\vendor\codeigniter4\framework\system\CodeIgniter.php(937): App\Controllers\Admin\Aniversariantes->create('2')
#6 C:\wamp64\www\site\vendor\codeigniter4\framework\system\CodeIgniter.php(433): CodeIgniter\CodeIgniter->runController(Object(App\Controllers\Admin\Aniversariantes))
#7 C:\wamp64\www\site\vendor\codeigniter4\framework\system\CodeIgniter.php(334): CodeIgniter\CodeIgniter->handleRequest(NULL, Object(Config\Cache), false)
#8 C:\wamp64\www\site\index.php(45): CodeIgniter\CodeIgniter->run()
#9 {main}
CRITICAL - 2023-03-10 15:31:39 --> Undefined property: stdClass::$fones
#0 C:\wamp64\www\site\app\Views\admin\aniversariantes\modulo.php(31): CodeIgniter\Debug\Exceptions->errorHandler(2, 'Undefined prope...', 'C:\\wamp64\\www\\s...', 31)
#1 C:\wamp64\www\site\vendor\codeigniter4\framework\system\View\View.php(220): include('C:\\wamp64\\www\\s...')
#2 C:\wamp64\www\site\vendor\codeigniter4\framework\system\View\View.php(222): CodeIgniter\View\View->CodeIgniter\View\{closure}()
#3 C:\wamp64\www\site\vendor\codeigniter4\framework\system\Common.php(1217): CodeIgniter\View\View->render('admin/aniversar...', Array, true)
#4 C:\wamp64\www\site\app\Controllers\Admin\Aniversariantes.php(50): view('admin/aniversar...', Array)
#5 C:\wamp64\www\site\vendor\codeigniter4\framework\system\CodeIgniter.php(937): App\Controllers\Admin\Aniversariantes->create('2')
#6 C:\wamp64\www\site\vendor\codeigniter4\framework\system\CodeIgniter.php(433): CodeIgniter\CodeIgniter->runController(Object(App\Controllers\Admin\Aniversariantes))
#7 C:\wamp64\www\site\vendor\codeigniter4\framework\system\CodeIgniter.php(334): CodeIgniter\CodeIgniter->handleRequest(NULL, Object(Config\Cache), false)
#8 C:\wamp64\www\site\index.php(45): CodeIgniter\CodeIgniter->run()
#9 {main}
