CRITICAL - 2021-12-21 08:23:47 --> Use of undefined constant whatsapp - assumed 'whatsapp' (this will throw an Error in a future version of PHP)
#0 C:\alaragon\www\site\ci4\app\Views\front\shop\index.php(142): CodeIgniter\Debug\Exceptions->errorHandler(2, 'Use of undefine...', 'C:\\alaragon\\www...', 142, Array)
#1 C:\alaragon\www\site\ci4\vendor\codeigniter4\framework\system\View\View.php(220): include('C:\\alaragon\\www...')
#2 C:\alaragon\www\site\ci4\vendor\codeigniter4\framework\system\View\View.php(222): CodeIgniter\View\View->CodeIgniter\View\{closure}()
#3 C:\alaragon\www\site\ci4\vendor\codeigniter4\framework\system\View\View.php(236): CodeIgniter\View\View->render('front/shop/inde...', Array, true)
#4 C:\alaragon\www\site\ci4\vendor\codeigniter4\framework\system\Common.php(1217): CodeIgniter\View\View->render('front/shop/cont...', Array, true)
#5 C:\alaragon\www\site\ci4\app\Controllers\Front\Home.php(35): view('front/shop/cont...', Array)
#6 C:\alaragon\www\site\ci4\vendor\codeigniter4\framework\system\CodeIgniter.php(937): App\Controllers\Front\Home->index()
#7 C:\alaragon\www\site\ci4\vendor\codeigniter4\framework\system\CodeIgniter.php(433): CodeIgniter\CodeIgniter->runController(Object(App\Controllers\Front\Home))
#8 C:\alaragon\www\site\ci4\vendor\codeigniter4\framework\system\CodeIgniter.php(334): CodeIgniter\CodeIgniter->handleRequest(NULL, Object(Config\Cache), false)
#9 C:\alaragon\www\site\public_html\index.php(45): CodeIgniter\CodeIgniter->run()
#10 {main}
CRITICAL - 2021-12-21 08:32:45 --> Argument 2 passed to CodeIgniter\Database\BaseBuilder::like() must be of the type string, null given, called in C:\alaragon\www\site\ci4\app\Models\Front\Pagina_model.php on line 134
#0 C:\alaragon\www\site\ci4\app\Models\Front\Pagina_model.php(134): CodeIgniter\Database\BaseBuilder->like('paginas.titulo', NULL, 'both')
#1 C:\alaragon\www\site\ci4\app\Controllers\Front\Pesquisa.php(41): App\Models\Front\Pagina_model->getPesquisa(NULL)
#2 C:\alaragon\www\site\ci4\vendor\codeigniter4\framework\system\CodeIgniter.php(937): App\Controllers\Front\Pesquisa->index()
#3 C:\alaragon\www\site\ci4\vendor\codeigniter4\framework\system\CodeIgniter.php(433): CodeIgniter\CodeIgniter->runController(Object(App\Controllers\Front\Pesquisa))
#4 C:\alaragon\www\site\ci4\vendor\codeigniter4\framework\system\CodeIgniter.php(334): CodeIgniter\CodeIgniter->handleRequest(NULL, Object(Config\Cache), false)
#5 C:\alaragon\www\site\public_html\index.php(45): CodeIgniter\CodeIgniter->run()
#6 {main}
CRITICAL - 2021-12-21 08:38:47 --> Undefined variable: maisLidas
#0 C:\alaragon\www\site\ci4\app\Views\front\site\index.php(161): CodeIgniter\Debug\Exceptions->errorHandler(8, 'Undefined varia...', 'C:\\alaragon\\www...', 161, Array)
#1 C:\alaragon\www\site\ci4\vendor\codeigniter4\framework\system\View\View.php(220): include('C:\\alaragon\\www...')
#2 C:\alaragon\www\site\ci4\vendor\codeigniter4\framework\system\View\View.php(222): CodeIgniter\View\View->CodeIgniter\View\{closure}()
#3 C:\alaragon\www\site\ci4\vendor\codeigniter4\framework\system\View\View.php(236): CodeIgniter\View\View->render('front/site/inde...', Array, true)
#4 C:\alaragon\www\site\ci4\vendor\codeigniter4\framework\system\Common.php(1217): CodeIgniter\View\View->render('front/pagina/pe...', Array, true)
#5 C:\alaragon\www\site\ci4\app\Controllers\Front\Pesquisa.php(47): view('front/pagina/pe...', Array)
#6 C:\alaragon\www\site\ci4\vendor\codeigniter4\framework\system\CodeIgniter.php(937): App\Controllers\Front\Pesquisa->index()
#7 C:\alaragon\www\site\ci4\vendor\codeigniter4\framework\system\CodeIgniter.php(433): CodeIgniter\CodeIgniter->runController(Object(App\Controllers\Front\Pesquisa))
#8 C:\alaragon\www\site\ci4\vendor\codeigniter4\framework\system\CodeIgniter.php(334): CodeIgniter\CodeIgniter->handleRequest(NULL, Object(Config\Cache), false)
#9 C:\alaragon\www\site\public_html\index.php(45): CodeIgniter\CodeIgniter->run()
#10 {main}
CRITICAL - 2021-12-21 08:39:17 --> Undefined variable: maisLidas
#0 C:\alaragon\www\site\ci4\app\Views\front\site\index.php(161): CodeIgniter\Debug\Exceptions->errorHandler(8, 'Undefined varia...', 'C:\\alaragon\\www...', 161, Array)
#1 C:\alaragon\www\site\ci4\vendor\codeigniter4\framework\system\View\View.php(220): include('C:\\alaragon\\www...')
#2 C:\alaragon\www\site\ci4\vendor\codeigniter4\framework\system\View\View.php(222): CodeIgniter\View\View->CodeIgniter\View\{closure}()
#3 C:\alaragon\www\site\ci4\vendor\codeigniter4\framework\system\View\View.php(236): CodeIgniter\View\View->render('front/site/inde...', Array, true)
#4 C:\alaragon\www\site\ci4\vendor\codeigniter4\framework\system\Common.php(1217): CodeIgniter\View\View->render('front/pagina/pe...', Array, true)
#5 C:\alaragon\www\site\ci4\app\Controllers\Front\Pesquisa.php(47): view('front/pagina/pe...', Array)
#6 C:\alaragon\www\site\ci4\vendor\codeigniter4\framework\system\CodeIgniter.php(937): App\Controllers\Front\Pesquisa->index()
#7 C:\alaragon\www\site\ci4\vendor\codeigniter4\framework\system\CodeIgniter.php(433): CodeIgniter\CodeIgniter->runController(Object(App\Controllers\Front\Pesquisa))
#8 C:\alaragon\www\site\ci4\vendor\codeigniter4\framework\system\CodeIgniter.php(334): CodeIgniter\CodeIgniter->handleRequest(NULL, Object(Config\Cache), false)
#9 C:\alaragon\www\site\public_html\index.php(45): CodeIgniter\CodeIgniter->run()
#10 {main}
CRITICAL - 2021-12-21 08:39:21 --> Undefined variable: maisLidas
#0 C:\alaragon\www\site\ci4\app\Views\front\site\index.php(161): CodeIgniter\Debug\Exceptions->errorHandler(8, 'Undefined varia...', 'C:\\alaragon\\www...', 161, Array)
#1 C:\alaragon\www\site\ci4\vendor\codeigniter4\framework\system\View\View.php(220): include('C:\\alaragon\\www...')
#2 C:\alaragon\www\site\ci4\vendor\codeigniter4\framework\system\View\View.php(222): CodeIgniter\View\View->CodeIgniter\View\{closure}()
#3 C:\alaragon\www\site\ci4\vendor\codeigniter4\framework\system\View\View.php(236): CodeIgniter\View\View->render('front/site/inde...', Array, true)
#4 C:\alaragon\www\site\ci4\vendor\codeigniter4\framework\system\Common.php(1217): CodeIgniter\View\View->render('front/pagina/pe...', Array, true)
#5 C:\alaragon\www\site\ci4\app\Controllers\Front\Pesquisa.php(47): view('front/pagina/pe...', Array)
#6 C:\alaragon\www\site\ci4\vendor\codeigniter4\framework\system\CodeIgniter.php(937): App\Controllers\Front\Pesquisa->index()
#7 C:\alaragon\www\site\ci4\vendor\codeigniter4\framework\system\CodeIgniter.php(433): CodeIgniter\CodeIgniter->runController(Object(App\Controllers\Front\Pesquisa))
#8 C:\alaragon\www\site\ci4\vendor\codeigniter4\framework\system\CodeIgniter.php(334): CodeIgniter\CodeIgniter->handleRequest(NULL, Object(Config\Cache), false)
#9 C:\alaragon\www\site\public_html\index.php(45): CodeIgniter\CodeIgniter->run()
#10 {main}
CRITICAL - 2021-12-21 08:39:35 --> Undefined variable: maisLidas
#0 C:\alaragon\www\site\ci4\app\Views\front\site\index.php(161): CodeIgniter\Debug\Exceptions->errorHandler(8, 'Undefined varia...', 'C:\\alaragon\\www...', 161, Array)
#1 C:\alaragon\www\site\ci4\vendor\codeigniter4\framework\system\View\View.php(220): include('C:\\alaragon\\www...')
#2 C:\alaragon\www\site\ci4\vendor\codeigniter4\framework\system\View\View.php(222): CodeIgniter\View\View->CodeIgniter\View\{closure}()
#3 C:\alaragon\www\site\ci4\vendor\codeigniter4\framework\system\View\View.php(236): CodeIgniter\View\View->render('front/site/inde...', Array, true)
#4 C:\alaragon\www\site\ci4\vendor\codeigniter4\framework\system\Common.php(1217): CodeIgniter\View\View->render('front/pagina/pe...', Array, true)
#5 C:\alaragon\www\site\ci4\app\Controllers\Front\Pesquisa.php(47): view('front/pagina/pe...', Array)
#6 C:\alaragon\www\site\ci4\vendor\codeigniter4\framework\system\CodeIgniter.php(937): App\Controllers\Front\Pesquisa->index()
#7 C:\alaragon\www\site\ci4\vendor\codeigniter4\framework\system\CodeIgniter.php(433): CodeIgniter\CodeIgniter->runController(Object(App\Controllers\Front\Pesquisa))
#8 C:\alaragon\www\site\ci4\vendor\codeigniter4\framework\system\CodeIgniter.php(334): CodeIgniter\CodeIgniter->handleRequest(NULL, Object(Config\Cache), false)
#9 C:\alaragon\www\site\public_html\index.php(45): CodeIgniter\CodeIgniter->run()
#10 {main}
CRITICAL - 2021-12-21 08:40:34 --> Undefined variable: menuProdutos
#0 C:\alaragon\www\site\ci4\app\Views\front\shop\index.php(135): CodeIgniter\Debug\Exceptions->errorHandler(8, 'Undefined varia...', 'C:\\alaragon\\www...', 135, Array)
#1 C:\alaragon\www\site\ci4\vendor\codeigniter4\framework\system\View\View.php(220): include('C:\\alaragon\\www...')
#2 C:\alaragon\www\site\ci4\vendor\codeigniter4\framework\system\View\View.php(222): CodeIgniter\View\View->CodeIgniter\View\{closure}()
#3 C:\alaragon\www\site\ci4\vendor\codeigniter4\framework\system\View\View.php(236): CodeIgniter\View\View->render('front/shop/inde...', Array, true)
#4 C:\alaragon\www\site\ci4\vendor\codeigniter4\framework\system\Common.php(1217): CodeIgniter\View\View->render('front/shop/pesq...', Array, true)
#5 C:\alaragon\www\site\ci4\app\Controllers\Front\Pesquisa.php(47): view('front/shop/pesq...', Array)
#6 C:\alaragon\www\site\ci4\vendor\codeigniter4\framework\system\CodeIgniter.php(937): App\Controllers\Front\Pesquisa->index()
#7 C:\alaragon\www\site\ci4\vendor\codeigniter4\framework\system\CodeIgniter.php(433): CodeIgniter\CodeIgniter->runController(Object(App\Controllers\Front\Pesquisa))
#8 C:\alaragon\www\site\ci4\vendor\codeigniter4\framework\system\CodeIgniter.php(334): CodeIgniter\CodeIgniter->handleRequest(NULL, Object(Config\Cache), false)
#9 C:\alaragon\www\site\public_html\index.php(45): CodeIgniter\CodeIgniter->run()
#10 {main}
CRITICAL - 2021-12-21 08:40:57 --> Undefined variable: model_loja
#0 C:\alaragon\www\site\ci4\app\Controllers\Front\Pesquisa.php(42): CodeIgniter\Debug\Exceptions->errorHandler(8, 'Undefined varia...', 'C:\\alaragon\\www...', 42, Array)
#1 C:\alaragon\www\site\ci4\vendor\codeigniter4\framework\system\CodeIgniter.php(937): App\Controllers\Front\Pesquisa->index()
#2 C:\alaragon\www\site\ci4\vendor\codeigniter4\framework\system\CodeIgniter.php(433): CodeIgniter\CodeIgniter->runController(Object(App\Controllers\Front\Pesquisa))
#3 C:\alaragon\www\site\ci4\vendor\codeigniter4\framework\system\CodeIgniter.php(334): CodeIgniter\CodeIgniter->handleRequest(NULL, Object(Config\Cache), false)
#4 C:\alaragon\www\site\public_html\index.php(45): CodeIgniter\CodeIgniter->run()
#5 {main}
CRITICAL - 2021-12-21 09:40:28 --> Undefined offset: 0
#0 C:\alaragon\www\site\ci4\app\Views\front\shop\categoria\index.php(10): CodeIgniter\Debug\Exceptions->errorHandler(8, 'Undefined offse...', 'C:\\alaragon\\www...', 10, Array)
#1 C:\alaragon\www\site\ci4\vendor\codeigniter4\framework\system\View\View.php(220): include('C:\\alaragon\\www...')
#2 C:\alaragon\www\site\ci4\vendor\codeigniter4\framework\system\View\View.php(222): CodeIgniter\View\View->CodeIgniter\View\{closure}()
#3 C:\alaragon\www\site\ci4\vendor\codeigniter4\framework\system\Common.php(1217): CodeIgniter\View\View->render('front/shop/cate...', Array, true)
#4 C:\alaragon\www\site\ci4\app\Controllers\Front\Shop\Categoria.php(28): view('front/shop/cate...', Array)
#5 C:\alaragon\www\site\ci4\vendor\codeigniter4\framework\system\CodeIgniter.php(937): App\Controllers\Front\Shop\Categoria->index()
#6 C:\alaragon\www\site\ci4\vendor\codeigniter4\framework\system\CodeIgniter.php(433): CodeIgniter\CodeIgniter->runController(Object(App\Controllers\Front\Shop\Categoria))
#7 C:\alaragon\www\site\ci4\vendor\codeigniter4\framework\system\CodeIgniter.php(334): CodeIgniter\CodeIgniter->handleRequest(NULL, Object(Config\Cache), false)
#8 C:\alaragon\www\site\public_html\index.php(45): CodeIgniter\CodeIgniter->run()
#9 {main}
CRITICAL - 2021-12-21 09:50:29 --> Undefined offset: 0
#0 C:\alaragon\www\site\ci4\app\Views\front\shop\categoria\index.php(10): CodeIgniter\Debug\Exceptions->errorHandler(8, 'Undefined offse...', 'C:\\alaragon\\www...', 10, Array)
#1 C:\alaragon\www\site\ci4\vendor\codeigniter4\framework\system\View\View.php(220): include('C:\\alaragon\\www...')
#2 C:\alaragon\www\site\ci4\vendor\codeigniter4\framework\system\View\View.php(222): CodeIgniter\View\View->CodeIgniter\View\{closure}()
#3 C:\alaragon\www\site\ci4\vendor\codeigniter4\framework\system\Common.php(1217): CodeIgniter\View\View->render('front/shop/cate...', Array, true)
#4 C:\alaragon\www\site\ci4\app\Controllers\Front\Shop\Categoria.php(28): view('front/shop/cate...', Array)
#5 C:\alaragon\www\site\ci4\vendor\codeigniter4\framework\system\CodeIgniter.php(937): App\Controllers\Front\Shop\Categoria->index()
#6 C:\alaragon\www\site\ci4\vendor\codeigniter4\framework\system\CodeIgniter.php(433): CodeIgniter\CodeIgniter->runController(Object(App\Controllers\Front\Shop\Categoria))
#7 C:\alaragon\www\site\ci4\vendor\codeigniter4\framework\system\CodeIgniter.php(334): CodeIgniter\CodeIgniter->handleRequest(NULL, Object(Config\Cache), false)
#8 C:\alaragon\www\site\public_html\index.php(45): CodeIgniter\CodeIgniter->run()
#9 {main}
CRITICAL - 2021-12-21 09:53:38 --> Undefined offset: 0
#0 C:\alaragon\www\site\ci4\app\Views\front\shop\categoria\index.php(10): CodeIgniter\Debug\Exceptions->errorHandler(8, 'Undefined offse...', 'C:\\alaragon\\www...', 10, Array)
#1 C:\alaragon\www\site\ci4\vendor\codeigniter4\framework\system\View\View.php(220): include('C:\\alaragon\\www...')
#2 C:\alaragon\www\site\ci4\vendor\codeigniter4\framework\system\View\View.php(222): CodeIgniter\View\View->CodeIgniter\View\{closure}()
#3 C:\alaragon\www\site\ci4\vendor\codeigniter4\framework\system\Common.php(1217): CodeIgniter\View\View->render('front/shop/cate...', Array, true)
#4 C:\alaragon\www\site\ci4\app\Controllers\Front\Shop\Categoria.php(28): view('front/shop/cate...', Array)
#5 C:\alaragon\www\site\ci4\vendor\codeigniter4\framework\system\CodeIgniter.php(937): App\Controllers\Front\Shop\Categoria->index()
#6 C:\alaragon\www\site\ci4\vendor\codeigniter4\framework\system\CodeIgniter.php(433): CodeIgniter\CodeIgniter->runController(Object(App\Controllers\Front\Shop\Categoria))
#7 C:\alaragon\www\site\ci4\vendor\codeigniter4\framework\system\CodeIgniter.php(334): CodeIgniter\CodeIgniter->handleRequest(NULL, Object(Config\Cache), false)
#8 C:\alaragon\www\site\public_html\index.php(45): CodeIgniter\CodeIgniter->run()
#9 {main}
CRITICAL - 2021-12-21 09:54:11 --> Undefined offset: 0
#0 C:\alaragon\www\site\ci4\app\Views\front\shop\categoria\index.php(10): CodeIgniter\Debug\Exceptions->errorHandler(8, 'Undefined offse...', 'C:\\alaragon\\www...', 10, Array)
#1 C:\alaragon\www\site\ci4\vendor\codeigniter4\framework\system\View\View.php(220): include('C:\\alaragon\\www...')
#2 C:\alaragon\www\site\ci4\vendor\codeigniter4\framework\system\View\View.php(222): CodeIgniter\View\View->CodeIgniter\View\{closure}()
#3 C:\alaragon\www\site\ci4\vendor\codeigniter4\framework\system\Common.php(1217): CodeIgniter\View\View->render('front/shop/cate...', Array, true)
#4 C:\alaragon\www\site\ci4\app\Controllers\Front\Shop\Categoria.php(28): view('front/shop/cate...', Array)
#5 C:\alaragon\www\site\ci4\vendor\codeigniter4\framework\system\CodeIgniter.php(937): App\Controllers\Front\Shop\Categoria->index()
#6 C:\alaragon\www\site\ci4\vendor\codeigniter4\framework\system\CodeIgniter.php(433): CodeIgniter\CodeIgniter->runController(Object(App\Controllers\Front\Shop\Categoria))
#7 C:\alaragon\www\site\ci4\vendor\codeigniter4\framework\system\CodeIgniter.php(334): CodeIgniter\CodeIgniter->handleRequest(NULL, Object(Config\Cache), false)
#8 C:\alaragon\www\site\public_html\index.php(45): CodeIgniter\CodeIgniter->run()
#9 {main}
CRITICAL - 2021-12-21 09:54:28 --> Trying to get property 'categoria' of non-object
#0 C:\alaragon\www\site\ci4\app\Views\front\shop\categoria\index.php(10): CodeIgniter\Debug\Exceptions->errorHandler(8, 'Trying to get p...', 'C:\\alaragon\\www...', 10, Array)
#1 C:\alaragon\www\site\ci4\vendor\codeigniter4\framework\system\View\View.php(220): include('C:\\alaragon\\www...')
#2 C:\alaragon\www\site\ci4\vendor\codeigniter4\framework\system\View\View.php(222): CodeIgniter\View\View->CodeIgniter\View\{closure}()
#3 C:\alaragon\www\site\ci4\vendor\codeigniter4\framework\system\Common.php(1217): CodeIgniter\View\View->render('front/shop/cate...', Array, true)
#4 C:\alaragon\www\site\ci4\app\Controllers\Front\Shop\Categoria.php(28): view('front/shop/cate...', Array)
#5 C:\alaragon\www\site\ci4\vendor\codeigniter4\framework\system\CodeIgniter.php(937): App\Controllers\Front\Shop\Categoria->index()
#6 C:\alaragon\www\site\ci4\vendor\codeigniter4\framework\system\CodeIgniter.php(433): CodeIgniter\CodeIgniter->runController(Object(App\Controllers\Front\Shop\Categoria))
#7 C:\alaragon\www\site\ci4\vendor\codeigniter4\framework\system\CodeIgniter.php(334): CodeIgniter\CodeIgniter->handleRequest(NULL, Object(Config\Cache), false)
#8 C:\alaragon\www\site\public_html\index.php(45): CodeIgniter\CodeIgniter->run()
#9 {main}
CRITICAL - 2021-12-21 09:54:55 --> Undefined offset: 0
#0 C:\alaragon\www\site\ci4\app\Views\front\shop\categoria\index.php(23): CodeIgniter\Debug\Exceptions->errorHandler(8, 'Undefined offse...', 'C:\\alaragon\\www...', 23, Array)
#1 C:\alaragon\www\site\ci4\vendor\codeigniter4\framework\system\View\View.php(220): include('C:\\alaragon\\www...')
#2 C:\alaragon\www\site\ci4\vendor\codeigniter4\framework\system\View\View.php(222): CodeIgniter\View\View->CodeIgniter\View\{closure}()
#3 C:\alaragon\www\site\ci4\vendor\codeigniter4\framework\system\Common.php(1217): CodeIgniter\View\View->render('front/shop/cate...', Array, true)
#4 C:\alaragon\www\site\ci4\app\Controllers\Front\Shop\Categoria.php(28): view('front/shop/cate...', Array)
#5 C:\alaragon\www\site\ci4\vendor\codeigniter4\framework\system\CodeIgniter.php(937): App\Controllers\Front\Shop\Categoria->index()
#6 C:\alaragon\www\site\ci4\vendor\codeigniter4\framework\system\CodeIgniter.php(433): CodeIgniter\CodeIgniter->runController(Object(App\Controllers\Front\Shop\Categoria))
#7 C:\alaragon\www\site\ci4\vendor\codeigniter4\framework\system\CodeIgniter.php(334): CodeIgniter\CodeIgniter->handleRequest(NULL, Object(Config\Cache), false)
#8 C:\alaragon\www\site\public_html\index.php(45): CodeIgniter\CodeIgniter->run()
#9 {main}
CRITICAL - 2021-12-21 10:59:21 --> Undefined index: cor
#0 C:\alaragon\www\site\ci4\app\Views\front\shop\carrinho\index.php(58): CodeIgniter\Debug\Exceptions->errorHandler(8, 'Undefined index...', 'C:\\alaragon\\www...', 58, Array)
#1 C:\alaragon\www\site\ci4\vendor\codeigniter4\framework\system\View\View.php(220): include('C:\\alaragon\\www...')
#2 C:\alaragon\www\site\ci4\vendor\codeigniter4\framework\system\View\View.php(222): CodeIgniter\View\View->CodeIgniter\View\{closure}()
#3 C:\alaragon\www\site\ci4\vendor\codeigniter4\framework\system\Common.php(1217): CodeIgniter\View\View->render('front/shop/carr...', Array, true)
#4 C:\alaragon\www\site\ci4\app\Controllers\Front\Shop\Carrinho.php(28): view('front/shop/carr...', Array)
#5 C:\alaragon\www\site\ci4\vendor\codeigniter4\framework\system\CodeIgniter.php(937): App\Controllers\Front\Shop\Carrinho->index()
#6 C:\alaragon\www\site\ci4\vendor\codeigniter4\framework\system\CodeIgniter.php(433): CodeIgniter\CodeIgniter->runController(Object(App\Controllers\Front\Shop\Carrinho))
#7 C:\alaragon\www\site\ci4\vendor\codeigniter4\framework\system\CodeIgniter.php(334): CodeIgniter\CodeIgniter->handleRequest(NULL, Object(Config\Cache), false)
#8 C:\alaragon\www\site\public_html\index.php(45): CodeIgniter\CodeIgniter->run()
#9 {main}
CRITICAL - 2021-12-21 11:25:42 --> syntax error, unexpected end of file
#0 C:\alaragon\www\site\ci4\vendor\codeigniter4\framework\system\View\View.php(222): CodeIgniter\View\View->CodeIgniter\View\{closure}()
#1 C:\alaragon\www\site\ci4\vendor\codeigniter4\framework\system\Common.php(1217): CodeIgniter\View\View->render('front/shop/carr...', Array, true)
#2 C:\alaragon\www\site\ci4\app\Controllers\Front\Shop\Carrinho.php(26): view('front/shop/carr...', Array)
#3 C:\alaragon\www\site\ci4\vendor\codeigniter4\framework\system\CodeIgniter.php(937): App\Controllers\Front\Shop\Carrinho->index()
#4 C:\alaragon\www\site\ci4\vendor\codeigniter4\framework\system\CodeIgniter.php(433): CodeIgniter\CodeIgniter->runController(Object(App\Controllers\Front\Shop\Carrinho))
#5 C:\alaragon\www\site\ci4\vendor\codeigniter4\framework\system\CodeIgniter.php(334): CodeIgniter\CodeIgniter->handleRequest(NULL, Object(Config\Cache), false)
#6 C:\alaragon\www\site\public_html\index.php(45): CodeIgniter\CodeIgniter->run()
#7 {main}
CRITICAL - 2021-12-21 11:26:04 --> Undefined variable: total
#0 C:\alaragon\www\site\ci4\app\Views\front\shop\carrinho\index.php(21): CodeIgniter\Debug\Exceptions->errorHandler(8, 'Undefined varia...', 'C:\\alaragon\\www...', 21, Array)
#1 C:\alaragon\www\site\ci4\vendor\codeigniter4\framework\system\View\View.php(220): include('C:\\alaragon\\www...')
#2 C:\alaragon\www\site\ci4\vendor\codeigniter4\framework\system\View\View.php(222): CodeIgniter\View\View->CodeIgniter\View\{closure}()
#3 C:\alaragon\www\site\ci4\vendor\codeigniter4\framework\system\Common.php(1217): CodeIgniter\View\View->render('front/shop/carr...', Array, true)
#4 C:\alaragon\www\site\ci4\app\Controllers\Front\Shop\Carrinho.php(26): view('front/shop/carr...', Array)
#5 C:\alaragon\www\site\ci4\vendor\codeigniter4\framework\system\CodeIgniter.php(937): App\Controllers\Front\Shop\Carrinho->index()
#6 C:\alaragon\www\site\ci4\vendor\codeigniter4\framework\system\CodeIgniter.php(433): CodeIgniter\CodeIgniter->runController(Object(App\Controllers\Front\Shop\Carrinho))
#7 C:\alaragon\www\site\ci4\vendor\codeigniter4\framework\system\CodeIgniter.php(334): CodeIgniter\CodeIgniter->handleRequest(NULL, Object(Config\Cache), false)
#8 C:\alaragon\www\site\public_html\index.php(45): CodeIgniter\CodeIgniter->run()
#9 {main}
CRITICAL - 2021-12-21 11:59:14 --> syntax error, unexpected '"<pre>"' (T_CONSTANT_ENCAPSED_STRING)
#0 C:\alaragon\www\site\ci4\vendor\codeigniter4\framework\system\View\View.php(222): CodeIgniter\View\View->CodeIgniter\View\{closure}()
#1 C:\alaragon\www\site\ci4\vendor\codeigniter4\framework\system\Common.php(1217): CodeIgniter\View\View->render('front/shop/cont...', Array, true)
#2 C:\alaragon\www\site\ci4\app\Controllers\Front\Home.php(33): view('front/shop/cont...', Array)
#3 C:\alaragon\www\site\ci4\vendor\codeigniter4\framework\system\CodeIgniter.php(937): App\Controllers\Front\Home->index()
#4 C:\alaragon\www\site\ci4\vendor\codeigniter4\framework\system\CodeIgniter.php(433): CodeIgniter\CodeIgniter->runController(Object(App\Controllers\Front\Home))
#5 C:\alaragon\www\site\ci4\vendor\codeigniter4\framework\system\CodeIgniter.php(334): CodeIgniter\CodeIgniter->handleRequest(NULL, Object(Config\Cache), false)
#6 C:\alaragon\www\site\public_html\index.php(45): CodeIgniter\CodeIgniter->run()
#7 {main}
CRITICAL - 2021-12-21 12:08:41 --> Undefined variable: p
#0 C:\alaragon\www\site\ci4\app\Views\front\shop\produto\index.php(44): CodeIgniter\Debug\Exceptions->errorHandler(8, 'Undefined varia...', 'C:\\alaragon\\www...', 44, Array)
#1 C:\alaragon\www\site\ci4\vendor\codeigniter4\framework\system\View\View.php(220): include('C:\\alaragon\\www...')
#2 C:\alaragon\www\site\ci4\vendor\codeigniter4\framework\system\View\View.php(222): CodeIgniter\View\View->CodeIgniter\View\{closure}()
#3 C:\alaragon\www\site\ci4\vendor\codeigniter4\framework\system\Common.php(1217): CodeIgniter\View\View->render('front/shop/prod...', Array, true)
#4 C:\alaragon\www\site\ci4\app\Controllers\Front\Shop\Produtos.php(51): view('front/shop/prod...', Array)
#5 C:\alaragon\www\site\ci4\vendor\codeigniter4\framework\system\CodeIgniter.php(937): App\Controllers\Front\Shop\Produtos->index()
#6 C:\alaragon\www\site\ci4\vendor\codeigniter4\framework\system\CodeIgniter.php(433): CodeIgniter\CodeIgniter->runController(Object(App\Controllers\Front\Shop\Produtos))
#7 C:\alaragon\www\site\ci4\vendor\codeigniter4\framework\system\CodeIgniter.php(334): CodeIgniter\CodeIgniter->handleRequest(NULL, Object(Config\Cache), false)
#8 C:\alaragon\www\site\public_html\index.php(45): CodeIgniter\CodeIgniter->run()
#9 {main}
CRITICAL - 2021-12-21 12:24:24 --> Undefined variable: user
#0 C:\alaragon\www\site\ci4\app\Views\front\shop\carrinho\index.php(81): CodeIgniter\Debug\Exceptions->errorHandler(8, 'Undefined varia...', 'C:\\alaragon\\www...', 81, Array)
#1 C:\alaragon\www\site\ci4\vendor\codeigniter4\framework\system\View\View.php(220): include('C:\\alaragon\\www...')
#2 C:\alaragon\www\site\ci4\vendor\codeigniter4\framework\system\View\View.php(222): CodeIgniter\View\View->CodeIgniter\View\{closure}()
#3 C:\alaragon\www\site\ci4\vendor\codeigniter4\framework\system\Common.php(1217): CodeIgniter\View\View->render('front/shop/carr...', Array, true)
#4 C:\alaragon\www\site\ci4\app\Controllers\Front\Shop\Carrinho.php(26): view('front/shop/carr...', Array)
#5 C:\alaragon\www\site\ci4\vendor\codeigniter4\framework\system\CodeIgniter.php(937): App\Controllers\Front\Shop\Carrinho->index()
#6 C:\alaragon\www\site\ci4\vendor\codeigniter4\framework\system\CodeIgniter.php(433): CodeIgniter\CodeIgniter->runController(Object(App\Controllers\Front\Shop\Carrinho))
#7 C:\alaragon\www\site\ci4\vendor\codeigniter4\framework\system\CodeIgniter.php(334): CodeIgniter\CodeIgniter->handleRequest(NULL, Object(Config\Cache), false)
#8 C:\alaragon\www\site\public_html\index.php(45): CodeIgniter\CodeIgniter->run()
#9 {main}
ERROR - 2021-12-21 12:28:01 --> The cart array must contain a product ID, quantity, price, and name.
ERROR - 2021-12-21 12:45:22 --> The cart array must contain a product ID, quantity, price, and name.
ERROR - 2021-12-21 12:57:27 --> The cart array must contain a product ID, quantity, price, and name.
ERROR - 2021-12-21 12:57:31 --> The cart array must contain a product ID, quantity, price, and name.
CRITICAL - 2021-12-21 13:58:48 --> Undefined index: total
#0 C:\alaragon\www\site\ci4\app\Controllers\Front\Shop\Checkout.php(62): CodeIgniter\Debug\Exceptions->errorHandler(8, 'Undefined index...', 'C:\\alaragon\\www...', 62, Array)
#1 C:\alaragon\www\site\ci4\vendor\codeigniter4\framework\system\CodeIgniter.php(937): App\Controllers\Front\Shop\Checkout->gravarCotacao()
#2 C:\alaragon\www\site\ci4\vendor\codeigniter4\framework\system\CodeIgniter.php(433): CodeIgniter\CodeIgniter->runController(Object(App\Controllers\Front\Shop\Checkout))
#3 C:\alaragon\www\site\ci4\vendor\codeigniter4\framework\system\CodeIgniter.php(334): CodeIgniter\CodeIgniter->handleRequest(NULL, Object(Config\Cache), false)
#4 C:\alaragon\www\site\public_html\index.php(45): CodeIgniter\CodeIgniter->run()
#5 {main}
CRITICAL - 2021-12-21 14:04:53 --> syntax error, unexpected '=>' (T_DOUBLE_ARROW), expecting ']'
#0 C:\alaragon\www\site\ci4\vendor\codeigniter4\framework\system\Router\Router.php(170): CodeIgniter\Router\Router->autoRoute('front/shop/chec...')
#1 C:\alaragon\www\site\ci4\vendor\codeigniter4\framework\system\CodeIgniter.php(817): CodeIgniter\Router\Router->handle('front/shop/chec...')
#2 C:\alaragon\www\site\ci4\vendor\codeigniter4\framework\system\CodeIgniter.php(386): CodeIgniter\CodeIgniter->tryToRouteIt(Object(CodeIgniter\Router\RouteCollection))
#3 C:\alaragon\www\site\ci4\vendor\codeigniter4\framework\system\CodeIgniter.php(334): CodeIgniter\CodeIgniter->handleRequest(NULL, Object(Config\Cache), false)
#4 C:\alaragon\www\site\public_html\index.php(45): CodeIgniter\CodeIgniter->run()
#5 {main}
CRITICAL - 2021-12-21 14:05:51 --> syntax error, unexpected '=>' (T_DOUBLE_ARROW), expecting ']'
#0 C:\alaragon\www\site\ci4\vendor\codeigniter4\framework\system\Router\Router.php(170): CodeIgniter\Router\Router->autoRoute('front/shop/chec...')
#1 C:\alaragon\www\site\ci4\vendor\codeigniter4\framework\system\CodeIgniter.php(817): CodeIgniter\Router\Router->handle('front/shop/chec...')
#2 C:\alaragon\www\site\ci4\vendor\codeigniter4\framework\system\CodeIgniter.php(386): CodeIgniter\CodeIgniter->tryToRouteIt(Object(CodeIgniter\Router\RouteCollection))
#3 C:\alaragon\www\site\ci4\vendor\codeigniter4\framework\system\CodeIgniter.php(334): CodeIgniter\CodeIgniter->handleRequest(NULL, Object(Config\Cache), false)
#4 C:\alaragon\www\site\public_html\index.php(45): CodeIgniter\CodeIgniter->run()
#5 {main}
CRITICAL - 2021-12-21 14:06:04 --> syntax error, unexpected '=>' (T_DOUBLE_ARROW), expecting ']'
#0 C:\alaragon\www\site\ci4\vendor\codeigniter4\framework\system\Router\Router.php(170): CodeIgniter\Router\Router->autoRoute('front/shop/chec...')
#1 C:\alaragon\www\site\ci4\vendor\codeigniter4\framework\system\CodeIgniter.php(817): CodeIgniter\Router\Router->handle('front/shop/chec...')
#2 C:\alaragon\www\site\ci4\vendor\codeigniter4\framework\system\CodeIgniter.php(386): CodeIgniter\CodeIgniter->tryToRouteIt(Object(CodeIgniter\Router\RouteCollection))
#3 C:\alaragon\www\site\ci4\vendor\codeigniter4\framework\system\CodeIgniter.php(334): CodeIgniter\CodeIgniter->handleRequest(NULL, Object(Config\Cache), false)
#4 C:\alaragon\www\site\public_html\index.php(45): CodeIgniter\CodeIgniter->run()
#5 {main}
CRITICAL - 2021-12-21 14:07:06 --> syntax error, unexpected '=>' (T_DOUBLE_ARROW), expecting ']'
#0 C:\alaragon\www\site\ci4\vendor\codeigniter4\framework\system\Router\Router.php(170): CodeIgniter\Router\Router->autoRoute('front/shop/chec...')
#1 C:\alaragon\www\site\ci4\vendor\codeigniter4\framework\system\CodeIgniter.php(817): CodeIgniter\Router\Router->handle('front/shop/chec...')
#2 C:\alaragon\www\site\ci4\vendor\codeigniter4\framework\system\CodeIgniter.php(386): CodeIgniter\CodeIgniter->tryToRouteIt(Object(CodeIgniter\Router\RouteCollection))
#3 C:\alaragon\www\site\ci4\vendor\codeigniter4\framework\system\CodeIgniter.php(334): CodeIgniter\CodeIgniter->handleRequest(NULL, Object(Config\Cache), false)
#4 C:\alaragon\www\site\public_html\index.php(45): CodeIgniter\CodeIgniter->run()
#5 {main}
CRITICAL - 2021-12-21 14:07:42 --> Undefined index: total
#0 C:\alaragon\www\site\ci4\app\Controllers\Front\Shop\Checkout.php(62): CodeIgniter\Debug\Exceptions->errorHandler(8, 'Undefined index...', 'C:\\alaragon\\www...', 62, Array)
#1 C:\alaragon\www\site\ci4\vendor\codeigniter4\framework\system\CodeIgniter.php(937): App\Controllers\Front\Shop\Checkout->gravarCotacao()
#2 C:\alaragon\www\site\ci4\vendor\codeigniter4\framework\system\CodeIgniter.php(433): CodeIgniter\CodeIgniter->runController(Object(App\Controllers\Front\Shop\Checkout))
#3 C:\alaragon\www\site\ci4\vendor\codeigniter4\framework\system\CodeIgniter.php(334): CodeIgniter\CodeIgniter->handleRequest(NULL, Object(Config\Cache), false)
#4 C:\alaragon\www\site\public_html\index.php(45): CodeIgniter\CodeIgniter->run()
#5 {main}
CRITICAL - 2021-12-21 14:16:26 --> Undefined variable: cart
#0 C:\alaragon\www\site\ci4\app\Views\front\shop\carrinho\index.php(10): CodeIgniter\Debug\Exceptions->errorHandler(8, 'Undefined varia...', 'C:\\alaragon\\www...', 10, Array)
#1 C:\alaragon\www\site\ci4\vendor\codeigniter4\framework\system\View\View.php(220): include('C:\\alaragon\\www...')
#2 C:\alaragon\www\site\ci4\vendor\codeigniter4\framework\system\View\View.php(222): CodeIgniter\View\View->CodeIgniter\View\{closure}()
#3 C:\alaragon\www\site\ci4\vendor\codeigniter4\framework\system\Common.php(1217): CodeIgniter\View\View->render('front/shop/carr...', Array, true)
#4 C:\alaragon\www\site\ci4\app\Controllers\Front\Shop\Carrinho.php(26): view('front/shop/carr...', Array)
#5 C:\alaragon\www\site\ci4\vendor\codeigniter4\framework\system\CodeIgniter.php(937): App\Controllers\Front\Shop\Carrinho->index()
#6 C:\alaragon\www\site\ci4\vendor\codeigniter4\framework\system\CodeIgniter.php(433): CodeIgniter\CodeIgniter->runController(Object(App\Controllers\Front\Shop\Carrinho))
#7 C:\alaragon\www\site\ci4\vendor\codeigniter4\framework\system\CodeIgniter.php(334): CodeIgniter\CodeIgniter->handleRequest(NULL, Object(Config\Cache), false)
#8 C:\alaragon\www\site\public_html\index.php(45): CodeIgniter\CodeIgniter->run()
#9 {main}
CRITICAL - 2021-12-21 14:17:02 --> Undefined variable: cart
#0 C:\alaragon\www\site\ci4\app\Views\front\shop\carrinho\index.php(10): CodeIgniter\Debug\Exceptions->errorHandler(8, 'Undefined varia...', 'C:\\alaragon\\www...', 10, Array)
#1 C:\alaragon\www\site\ci4\vendor\codeigniter4\framework\system\View\View.php(220): include('C:\\alaragon\\www...')
#2 C:\alaragon\www\site\ci4\vendor\codeigniter4\framework\system\View\View.php(222): CodeIgniter\View\View->CodeIgniter\View\{closure}()
#3 C:\alaragon\www\site\ci4\vendor\codeigniter4\framework\system\Common.php(1217): CodeIgniter\View\View->render('front/shop/carr...', Array, true)
#4 C:\alaragon\www\site\ci4\app\Controllers\Front\Shop\Carrinho.php(26): view('front/shop/carr...', Array)
#5 C:\alaragon\www\site\ci4\vendor\codeigniter4\framework\system\CodeIgniter.php(937): App\Controllers\Front\Shop\Carrinho->index()
#6 C:\alaragon\www\site\ci4\vendor\codeigniter4\framework\system\CodeIgniter.php(433): CodeIgniter\CodeIgniter->runController(Object(App\Controllers\Front\Shop\Carrinho))
#7 C:\alaragon\www\site\ci4\vendor\codeigniter4\framework\system\CodeIgniter.php(334): CodeIgniter\CodeIgniter->handleRequest(NULL, Object(Config\Cache), false)
#8 C:\alaragon\www\site\public_html\index.php(45): CodeIgniter\CodeIgniter->run()
#9 {main}
CRITICAL - 2021-12-21 14:17:04 --> Undefined variable: cart
#0 C:\alaragon\www\site\ci4\app\Views\front\shop\carrinho\index.php(10): CodeIgniter\Debug\Exceptions->errorHandler(8, 'Undefined varia...', 'C:\\alaragon\\www...', 10, Array)
#1 C:\alaragon\www\site\ci4\vendor\codeigniter4\framework\system\View\View.php(220): include('C:\\alaragon\\www...')
#2 C:\alaragon\www\site\ci4\vendor\codeigniter4\framework\system\View\View.php(222): CodeIgniter\View\View->CodeIgniter\View\{closure}()
#3 C:\alaragon\www\site\ci4\vendor\codeigniter4\framework\system\Common.php(1217): CodeIgniter\View\View->render('front/shop/carr...', Array, true)
#4 C:\alaragon\www\site\ci4\app\Controllers\Front\Shop\Carrinho.php(26): view('front/shop/carr...', Array)
#5 C:\alaragon\www\site\ci4\vendor\codeigniter4\framework\system\CodeIgniter.php(937): App\Controllers\Front\Shop\Carrinho->index()
#6 C:\alaragon\www\site\ci4\vendor\codeigniter4\framework\system\CodeIgniter.php(433): CodeIgniter\CodeIgniter->runController(Object(App\Controllers\Front\Shop\Carrinho))
#7 C:\alaragon\www\site\ci4\vendor\codeigniter4\framework\system\CodeIgniter.php(334): CodeIgniter\CodeIgniter->handleRequest(NULL, Object(Config\Cache), false)
#8 C:\alaragon\www\site\public_html\index.php(45): CodeIgniter\CodeIgniter->run()
#9 {main}
CRITICAL - 2021-12-21 14:19:23 --> syntax error, unexpected '<', expecting identifier (T_STRING) or variable (T_VARIABLE) or '{' or '$'
#0 C:\alaragon\www\site\ci4\vendor\codeigniter4\framework\system\View\View.php(222): CodeIgniter\View\View->CodeIgniter\View\{closure}()
#1 C:\alaragon\www\site\ci4\vendor\codeigniter4\framework\system\Common.php(1217): CodeIgniter\View\View->render('front/shop/carr...', Array, true)
#2 C:\alaragon\www\site\ci4\app\Controllers\Front\Shop\Carrinho.php(26): view('front/shop/carr...', Array)
#3 C:\alaragon\www\site\ci4\vendor\codeigniter4\framework\system\CodeIgniter.php(937): App\Controllers\Front\Shop\Carrinho->index()
#4 C:\alaragon\www\site\ci4\vendor\codeigniter4\framework\system\CodeIgniter.php(433): CodeIgniter\CodeIgniter->runController(Object(App\Controllers\Front\Shop\Carrinho))
#5 C:\alaragon\www\site\ci4\vendor\codeigniter4\framework\system\CodeIgniter.php(334): CodeIgniter\CodeIgniter->handleRequest(NULL, Object(Config\Cache), false)
#6 C:\alaragon\www\site\public_html\index.php(45): CodeIgniter\CodeIgniter->run()
#7 {main}
CRITICAL - 2021-12-21 14:19:33 --> Undefined variable: cart
#0 C:\alaragon\www\site\ci4\app\Views\front\shop\carrinho\index.php(10): CodeIgniter\Debug\Exceptions->errorHandler(8, 'Undefined varia...', 'C:\\alaragon\\www...', 10, Array)
#1 C:\alaragon\www\site\ci4\vendor\codeigniter4\framework\system\View\View.php(220): include('C:\\alaragon\\www...')
#2 C:\alaragon\www\site\ci4\vendor\codeigniter4\framework\system\View\View.php(222): CodeIgniter\View\View->CodeIgniter\View\{closure}()
#3 C:\alaragon\www\site\ci4\vendor\codeigniter4\framework\system\Common.php(1217): CodeIgniter\View\View->render('front/shop/carr...', Array, true)
#4 C:\alaragon\www\site\ci4\app\Controllers\Front\Shop\Carrinho.php(26): view('front/shop/carr...', Array)
#5 C:\alaragon\www\site\ci4\vendor\codeigniter4\framework\system\CodeIgniter.php(937): App\Controllers\Front\Shop\Carrinho->index()
#6 C:\alaragon\www\site\ci4\vendor\codeigniter4\framework\system\CodeIgniter.php(433): CodeIgniter\CodeIgniter->runController(Object(App\Controllers\Front\Shop\Carrinho))
#7 C:\alaragon\www\site\ci4\vendor\codeigniter4\framework\system\CodeIgniter.php(334): CodeIgniter\CodeIgniter->handleRequest(NULL, Object(Config\Cache), false)
#8 C:\alaragon\www\site\public_html\index.php(45): CodeIgniter\CodeIgniter->run()
#9 {main}
CRITICAL - 2021-12-21 14:20:01 --> Undefined variable: cart
#0 C:\alaragon\www\site\ci4\app\Views\front\shop\carrinho\index.php(10): CodeIgniter\Debug\Exceptions->errorHandler(8, 'Undefined varia...', 'C:\\alaragon\\www...', 10, Array)
#1 C:\alaragon\www\site\ci4\vendor\codeigniter4\framework\system\View\View.php(220): include('C:\\alaragon\\www...')
#2 C:\alaragon\www\site\ci4\vendor\codeigniter4\framework\system\View\View.php(222): CodeIgniter\View\View->CodeIgniter\View\{closure}()
#3 C:\alaragon\www\site\ci4\vendor\codeigniter4\framework\system\Common.php(1217): CodeIgniter\View\View->render('front/shop/carr...', Array, true)
#4 C:\alaragon\www\site\ci4\app\Controllers\Front\Shop\Carrinho.php(26): view('front/shop/carr...', Array)
#5 C:\alaragon\www\site\ci4\vendor\codeigniter4\framework\system\CodeIgniter.php(937): App\Controllers\Front\Shop\Carrinho->index()
#6 C:\alaragon\www\site\ci4\vendor\codeigniter4\framework\system\CodeIgniter.php(433): CodeIgniter\CodeIgniter->runController(Object(App\Controllers\Front\Shop\Carrinho))
#7 C:\alaragon\www\site\ci4\vendor\codeigniter4\framework\system\CodeIgniter.php(334): CodeIgniter\CodeIgniter->handleRequest(NULL, Object(Config\Cache), false)
#8 C:\alaragon\www\site\public_html\index.php(45): CodeIgniter\CodeIgniter->run()
#9 {main}
CRITICAL - 2021-12-21 14:20:09 --> Undefined variable: cart
#0 C:\alaragon\www\site\ci4\app\Views\front\shop\carrinho\index.php(10): CodeIgniter\Debug\Exceptions->errorHandler(8, 'Undefined varia...', 'C:\\alaragon\\www...', 10, Array)
#1 C:\alaragon\www\site\ci4\vendor\codeigniter4\framework\system\View\View.php(220): include('C:\\alaragon\\www...')
#2 C:\alaragon\www\site\ci4\vendor\codeigniter4\framework\system\View\View.php(222): CodeIgniter\View\View->CodeIgniter\View\{closure}()
#3 C:\alaragon\www\site\ci4\vendor\codeigniter4\framework\system\Common.php(1217): CodeIgniter\View\View->render('front/shop/carr...', Array, true)
#4 C:\alaragon\www\site\ci4\app\Controllers\Front\Shop\Carrinho.php(26): view('front/shop/carr...', Array)
#5 C:\alaragon\www\site\ci4\vendor\codeigniter4\framework\system\CodeIgniter.php(937): App\Controllers\Front\Shop\Carrinho->index()
#6 C:\alaragon\www\site\ci4\vendor\codeigniter4\framework\system\CodeIgniter.php(433): CodeIgniter\CodeIgniter->runController(Object(App\Controllers\Front\Shop\Carrinho))
#7 C:\alaragon\www\site\ci4\vendor\codeigniter4\framework\system\CodeIgniter.php(334): CodeIgniter\CodeIgniter->handleRequest(NULL, Object(Config\Cache), false)
#8 C:\alaragon\www\site\public_html\index.php(45): CodeIgniter\CodeIgniter->run()
#9 {main}
CRITICAL - 2021-12-21 14:23:13 --> Undefined variable: total
#0 C:\alaragon\www\site\ci4\app\Controllers\Front\Shop\Checkout.php(64): CodeIgniter\Debug\Exceptions->errorHandler(8, 'Undefined varia...', 'C:\\alaragon\\www...', 64, Array)
#1 C:\alaragon\www\site\ci4\vendor\codeigniter4\framework\system\CodeIgniter.php(937): App\Controllers\Front\Shop\Checkout->gravarCotacao()
#2 C:\alaragon\www\site\ci4\vendor\codeigniter4\framework\system\CodeIgniter.php(433): CodeIgniter\CodeIgniter->runController(Object(App\Controllers\Front\Shop\Checkout))
#3 C:\alaragon\www\site\ci4\vendor\codeigniter4\framework\system\CodeIgniter.php(334): CodeIgniter\CodeIgniter->handleRequest(NULL, Object(Config\Cache), false)
#4 C:\alaragon\www\site\public_html\index.php(45): CodeIgniter\CodeIgniter->run()
#5 {main}
CRITICAL - 2021-12-21 14:23:34 --> Class 'App\Controllers\Front\Shop\Pedidos_model' not found
#0 C:\alaragon\www\site\ci4\vendor\codeigniter4\framework\system\CodeIgniter.php(937): App\Controllers\Front\Shop\Checkout->gravarCotacao()
#1 C:\alaragon\www\site\ci4\vendor\codeigniter4\framework\system\CodeIgniter.php(433): CodeIgniter\CodeIgniter->runController(Object(App\Controllers\Front\Shop\Checkout))
#2 C:\alaragon\www\site\ci4\vendor\codeigniter4\framework\system\CodeIgniter.php(334): CodeIgniter\CodeIgniter->handleRequest(NULL, Object(Config\Cache), false)
#3 C:\alaragon\www\site\public_html\index.php(45): CodeIgniter\CodeIgniter->run()
#4 {main}
CRITICAL - 2021-12-21 15:00:18 --> Cannot declare class App\Controllers\Admin\Shop\Usuarios, because the name is already in use
#0 [internal function]: CodeIgniter\Debug\Exceptions->shutdownHandler()
#1 {main}
CRITICAL - 2021-12-21 15:01:40 --> Cannot declare class App\Controllers\Admin\Shop\Usuario, because the name is already in use
#0 [internal function]: CodeIgniter\Debug\Exceptions->shutdownHandler()
#1 {main}
CRITICAL - 2021-12-21 15:05:42 --> Undefined property: stdClass::$clienteEmail
#0 C:\alaragon\www\site\ci4\app\Views\front\shop\pedidos\index.php(102): CodeIgniter\Debug\Exceptions->errorHandler(8, 'Undefined prope...', 'C:\\alaragon\\www...', 102, Array)
#1 C:\alaragon\www\site\ci4\vendor\codeigniter4\framework\system\View\View.php(220): include('C:\\alaragon\\www...')
#2 C:\alaragon\www\site\ci4\vendor\codeigniter4\framework\system\View\View.php(222): CodeIgniter\View\View->CodeIgniter\View\{closure}()
#3 C:\alaragon\www\site\ci4\vendor\codeigniter4\framework\system\Common.php(1217): CodeIgniter\View\View->render('front/shop/pedi...', Array, true)
#4 C:\alaragon\www\site\ci4\app\Controllers\Front\Shop\Pedidos.php(42): view('front/shop/pedi...', Array)
#5 C:\alaragon\www\site\ci4\vendor\codeigniter4\framework\system\CodeIgniter.php(937): App\Controllers\Front\Shop\Pedidos->index()
#6 C:\alaragon\www\site\ci4\vendor\codeigniter4\framework\system\CodeIgniter.php(433): CodeIgniter\CodeIgniter->runController(Object(App\Controllers\Front\Shop\Pedidos))
#7 C:\alaragon\www\site\ci4\vendor\codeigniter4\framework\system\CodeIgniter.php(334): CodeIgniter\CodeIgniter->handleRequest(NULL, Object(Config\Cache), false)
#8 C:\alaragon\www\site\public_html\index.php(45): CodeIgniter\CodeIgniter->run()
#9 {main}
CRITICAL - 2021-12-21 15:13:41 --> file_put_contents(C:/xampp/htdocs/site/log.txt): failed to open stream: No such file or directory
#0 [internal function]: CodeIgniter\Debug\Exceptions->errorHandler(2, 'file_put_conten...', 'C:\\alaragon\\www...', 101, Array)
#1 C:\alaragon\www\site\ci4\app\Helpers\Funcoes_helper.php(101): file_put_contents('C:/xampp/htdocs...', '-Camera HD - Ta...', 8)
#2 C:\alaragon\www\site\ci4\app\Controllers\Front\Shop\Checkout.php(108): loga('-Camera HD - Ta...')
#3 C:\alaragon\www\site\ci4\vendor\codeigniter4\framework\system\CodeIgniter.php(937): App\Controllers\Front\Shop\Checkout->gravarCotacao()
#4 C:\alaragon\www\site\ci4\vendor\codeigniter4\framework\system\CodeIgniter.php(433): CodeIgniter\CodeIgniter->runController(Object(App\Controllers\Front\Shop\Checkout))
#5 C:\alaragon\www\site\ci4\vendor\codeigniter4\framework\system\CodeIgniter.php(334): CodeIgniter\CodeIgniter->handleRequest(NULL, Object(Config\Cache), false)
#6 C:\alaragon\www\site\public_html\index.php(45): CodeIgniter\CodeIgniter->run()
#7 {main}
CRITICAL - 2021-12-21 15:14:29 --> file_put_contents(C:/xampp/htdocs/site/log.txt): failed to open stream: No such file or directory
#0 [internal function]: CodeIgniter\Debug\Exceptions->errorHandler(2, 'file_put_conten...', 'C:\\alaragon\\www...', 101, Array)
#1 C:\alaragon\www\site\ci4\app\Helpers\Funcoes_helper.php(101): file_put_contents('C:/xampp/htdocs...', '-Camera HD - Ta...', 8)
#2 C:\alaragon\www\site\ci4\app\Controllers\Front\Shop\Checkout.php(108): loga('-Camera HD - Ta...')
#3 C:\alaragon\www\site\ci4\vendor\codeigniter4\framework\system\CodeIgniter.php(937): App\Controllers\Front\Shop\Checkout->gravarCotacao()
#4 C:\alaragon\www\site\ci4\vendor\codeigniter4\framework\system\CodeIgniter.php(433): CodeIgniter\CodeIgniter->runController(Object(App\Controllers\Front\Shop\Checkout))
#5 C:\alaragon\www\site\ci4\vendor\codeigniter4\framework\system\CodeIgniter.php(334): CodeIgniter\CodeIgniter->handleRequest(NULL, Object(Config\Cache), false)
#6 C:\alaragon\www\site\public_html\index.php(45): CodeIgniter\CodeIgniter->run()
#7 {main}
CRITICAL - 2021-12-21 15:23:58 --> syntax error, unexpected '?'
#0 C:\alaragon\www\site\ci4\vendor\codeigniter4\framework\system\Router\Router.php(170): CodeIgniter\Router\Router->autoRoute('front/shop/chec...')
#1 C:\alaragon\www\site\ci4\vendor\codeigniter4\framework\system\CodeIgniter.php(817): CodeIgniter\Router\Router->handle('front/shop/chec...')
#2 C:\alaragon\www\site\ci4\vendor\codeigniter4\framework\system\CodeIgniter.php(386): CodeIgniter\CodeIgniter->tryToRouteIt(Object(CodeIgniter\Router\RouteCollection))
#3 C:\alaragon\www\site\ci4\vendor\codeigniter4\framework\system\CodeIgniter.php(334): CodeIgniter\CodeIgniter->handleRequest(NULL, Object(Config\Cache), false)
#4 C:\alaragon\www\site\public_html\index.php(45): CodeIgniter\CodeIgniter->run()
#5 {main}
CRITICAL - 2021-12-21 15:24:18 --> syntax error, unexpected 'return' (T_RETURN)
#0 C:\alaragon\www\site\ci4\vendor\codeigniter4\framework\system\Router\Router.php(170): CodeIgniter\Router\Router->autoRoute('front/shop/chec...')
#1 C:\alaragon\www\site\ci4\vendor\codeigniter4\framework\system\CodeIgniter.php(817): CodeIgniter\Router\Router->handle('front/shop/chec...')
#2 C:\alaragon\www\site\ci4\vendor\codeigniter4\framework\system\CodeIgniter.php(386): CodeIgniter\CodeIgniter->tryToRouteIt(Object(CodeIgniter\Router\RouteCollection))
#3 C:\alaragon\www\site\ci4\vendor\codeigniter4\framework\system\CodeIgniter.php(334): CodeIgniter\CodeIgniter->handleRequest(NULL, Object(Config\Cache), false)
#4 C:\alaragon\www\site\public_html\index.php(45): CodeIgniter\CodeIgniter->run()
#5 {main}
CRITICAL - 2021-12-21 15:24:41 --> syntax error, unexpected 'public' (T_PUBLIC), expecting end of file
#0 C:\alaragon\www\site\ci4\vendor\codeigniter4\framework\system\Router\Router.php(170): CodeIgniter\Router\Router->autoRoute('front/shop/chec...')
#1 C:\alaragon\www\site\ci4\vendor\codeigniter4\framework\system\CodeIgniter.php(817): CodeIgniter\Router\Router->handle('front/shop/chec...')
#2 C:\alaragon\www\site\ci4\vendor\codeigniter4\framework\system\CodeIgniter.php(386): CodeIgniter\CodeIgniter->tryToRouteIt(Object(CodeIgniter\Router\RouteCollection))
#3 C:\alaragon\www\site\ci4\vendor\codeigniter4\framework\system\CodeIgniter.php(334): CodeIgniter\CodeIgniter->handleRequest(NULL, Object(Config\Cache), false)
#4 C:\alaragon\www\site\public_html\index.php(45): CodeIgniter\CodeIgniter->run()
#5 {main}
