CRITICAL - 2021-11-21 09:45:36 --> Undefined offset: 0
#0 C:\alaragon\www\site\ci4\app\Controllers\Front\Shop\Produtos.php(35): CodeIgniter\Debug\Exceptions->errorHandler(8, 'Undefined offse...', 'C:\\alaragon\\www...', 35, Array)
#1 C:\alaragon\www\site\ci4\vendor\codeigniter4\framework\system\CodeIgniter.php(937): App\Controllers\Front\Shop\Produtos->index()
#2 C:\alaragon\www\site\ci4\vendor\codeigniter4\framework\system\CodeIgniter.php(433): CodeIgniter\CodeIgniter->runController(Object(App\Controllers\Front\Shop\Produtos))
#3 C:\alaragon\www\site\ci4\vendor\codeigniter4\framework\system\CodeIgniter.php(334): CodeIgniter\CodeIgniter->handleRequest(NULL, Object(Config\Cache), false)
#4 C:\alaragon\www\site\public_html\index.php(45): CodeIgniter\CodeIgniter->run()
#5 {main}
CRITICAL - 2021-11-21 09:45:36 --> Undefined offset: 0
#0 C:\alaragon\www\site\ci4\app\Controllers\Front\Shop\Produtos.php(35): CodeIgniter\Debug\Exceptions->errorHandler(8, 'Undefined offse...', 'C:\\alaragon\\www...', 35, Array)
#1 C:\alaragon\www\site\ci4\vendor\codeigniter4\framework\system\CodeIgniter.php(937): App\Controllers\Front\Shop\Produtos->index()
#2 C:\alaragon\www\site\ci4\vendor\codeigniter4\framework\system\CodeIgniter.php(433): CodeIgniter\CodeIgniter->runController(Object(App\Controllers\Front\Shop\Produtos))
#3 C:\alaragon\www\site\ci4\vendor\codeigniter4\framework\system\CodeIgniter.php(334): CodeIgniter\CodeIgniter->handleRequest(NULL, Object(Config\Cache), false)
#4 C:\alaragon\www\site\public_html\index.php(45): CodeIgniter\CodeIgniter->run()
#5 {main}
CRITICAL - 2021-11-21 09:45:36 --> Undefined offset: 0
#0 C:\alaragon\www\site\ci4\app\Controllers\Front\Shop\Produtos.php(35): CodeIgniter\Debug\Exceptions->errorHandler(8, 'Undefined offse...', 'C:\\alaragon\\www...', 35, Array)
#1 C:\alaragon\www\site\ci4\vendor\codeigniter4\framework\system\CodeIgniter.php(937): App\Controllers\Front\Shop\Produtos->index()
#2 C:\alaragon\www\site\ci4\vendor\codeigniter4\framework\system\CodeIgniter.php(433): CodeIgniter\CodeIgniter->runController(Object(App\Controllers\Front\Shop\Produtos))
#3 C:\alaragon\www\site\ci4\vendor\codeigniter4\framework\system\CodeIgniter.php(334): CodeIgniter\CodeIgniter->handleRequest(NULL, Object(Config\Cache), false)
#4 C:\alaragon\www\site\public_html\index.php(45): CodeIgniter\CodeIgniter->run()
#5 {main}
CRITICAL - 2021-11-21 09:52:22 --> syntax error, unexpected ';', expecting ']'
#0 C:\alaragon\www\site\ci4\vendor\codeigniter4\framework\system\Autoloader\Autoloader.php(274): CodeIgniter\Autoloader\Autoloader->includeFile('C:\\alaragon\\www...')
#1 C:\alaragon\www\site\ci4\vendor\codeigniter4\framework\system\Autoloader\Autoloader.php(228): CodeIgniter\Autoloader\Autoloader->loadInNamespace('App\\Controllers...')
#2 [internal function]: CodeIgniter\Autoloader\Autoloader->loadClass('App\\Controllers...')
#3 [internal function]: spl_autoload_call('App\\Controllers...')
#4 C:\alaragon\www\site\ci4\vendor\codeigniter4\framework\system\CodeIgniter.php(894): class_exists('\\App\\Controller...', true)
#5 C:\alaragon\www\site\ci4\vendor\codeigniter4\framework\system\CodeIgniter.php(418): CodeIgniter\CodeIgniter->startController()
#6 C:\alaragon\www\site\ci4\vendor\codeigniter4\framework\system\CodeIgniter.php(334): CodeIgniter\CodeIgniter->handleRequest(NULL, Object(Config\Cache), false)
#7 C:\alaragon\www\site\public_html\index.php(45): CodeIgniter\CodeIgniter->run()
#8 {main}
CRITICAL - 2021-11-21 09:52:45 --> Call to undefined function character_limiter()
#0 C:\alaragon\www\site\ci4\vendor\codeigniter4\framework\system\View\View.php(220): include()
#1 C:\alaragon\www\site\ci4\vendor\codeigniter4\framework\system\View\View.php(222): CodeIgniter\View\View->CodeIgniter\View\{closure}()
#2 C:\alaragon\www\site\ci4\vendor\codeigniter4\framework\system\Common.php(1217): CodeIgniter\View\View->render('front/shop/prod...', Array, true)
#3 C:\alaragon\www\site\ci4\app\Controllers\Front\Shop\Produtos.php(51): view('front/shop/prod...', Array)
#4 C:\alaragon\www\site\ci4\vendor\codeigniter4\framework\system\CodeIgniter.php(937): App\Controllers\Front\Shop\Produtos->index()
#5 C:\alaragon\www\site\ci4\vendor\codeigniter4\framework\system\CodeIgniter.php(433): CodeIgniter\CodeIgniter->runController(Object(App\Controllers\Front\Shop\Produtos))
#6 C:\alaragon\www\site\ci4\vendor\codeigniter4\framework\system\CodeIgniter.php(334): CodeIgniter\CodeIgniter->handleRequest(NULL, Object(Config\Cache), false)
#7 C:\alaragon\www\site\public_html\index.php(45): CodeIgniter\CodeIgniter->run()
#8 {main}
CRITICAL - 2021-11-21 09:53:04 --> Undefined offset: 0
#0 C:\alaragon\www\site\ci4\app\Controllers\Front\Shop\Produtos.php(35): CodeIgniter\Debug\Exceptions->errorHandler(8, 'Undefined offse...', 'C:\\alaragon\\www...', 35, Array)
#1 C:\alaragon\www\site\ci4\vendor\codeigniter4\framework\system\CodeIgniter.php(937): App\Controllers\Front\Shop\Produtos->index()
#2 C:\alaragon\www\site\ci4\vendor\codeigniter4\framework\system\CodeIgniter.php(433): CodeIgniter\CodeIgniter->runController(Object(App\Controllers\Front\Shop\Produtos))
#3 C:\alaragon\www\site\ci4\vendor\codeigniter4\framework\system\CodeIgniter.php(334): CodeIgniter\CodeIgniter->handleRequest(NULL, Object(Config\Cache), false)
#4 C:\alaragon\www\site\public_html\index.php(45): CodeIgniter\CodeIgniter->run()
#5 {main}
CRITICAL - 2021-11-21 09:53:04 --> Undefined offset: 0
#0 C:\alaragon\www\site\ci4\app\Controllers\Front\Shop\Produtos.php(35): CodeIgniter\Debug\Exceptions->errorHandler(8, 'Undefined offse...', 'C:\\alaragon\\www...', 35, Array)
#1 C:\alaragon\www\site\ci4\vendor\codeigniter4\framework\system\CodeIgniter.php(937): App\Controllers\Front\Shop\Produtos->index()
#2 C:\alaragon\www\site\ci4\vendor\codeigniter4\framework\system\CodeIgniter.php(433): CodeIgniter\CodeIgniter->runController(Object(App\Controllers\Front\Shop\Produtos))
#3 C:\alaragon\www\site\ci4\vendor\codeigniter4\framework\system\CodeIgniter.php(334): CodeIgniter\CodeIgniter->handleRequest(NULL, Object(Config\Cache), false)
#4 C:\alaragon\www\site\public_html\index.php(45): CodeIgniter\CodeIgniter->run()
#5 {main}
CRITICAL - 2021-11-21 09:53:04 --> Undefined offset: 0
#0 C:\alaragon\www\site\ci4\app\Controllers\Front\Shop\Produtos.php(35): CodeIgniter\Debug\Exceptions->errorHandler(8, 'Undefined offse...', 'C:\\alaragon\\www...', 35, Array)
#1 C:\alaragon\www\site\ci4\vendor\codeigniter4\framework\system\CodeIgniter.php(937): App\Controllers\Front\Shop\Produtos->index()
#2 C:\alaragon\www\site\ci4\vendor\codeigniter4\framework\system\CodeIgniter.php(433): CodeIgniter\CodeIgniter->runController(Object(App\Controllers\Front\Shop\Produtos))
#3 C:\alaragon\www\site\ci4\vendor\codeigniter4\framework\system\CodeIgniter.php(334): CodeIgniter\CodeIgniter->handleRequest(NULL, Object(Config\Cache), false)
#4 C:\alaragon\www\site\public_html\index.php(45): CodeIgniter\CodeIgniter->run()
#5 {main}
CRITICAL - 2021-11-21 09:54:55 --> Undefined offset: 0
#0 C:\alaragon\www\site\ci4\app\Controllers\Front\Shop\Produtos.php(35): CodeIgniter\Debug\Exceptions->errorHandler(8, 'Undefined offse...', 'C:\\alaragon\\www...', 35, Array)
#1 C:\alaragon\www\site\ci4\vendor\codeigniter4\framework\system\CodeIgniter.php(937): App\Controllers\Front\Shop\Produtos->index()
#2 C:\alaragon\www\site\ci4\vendor\codeigniter4\framework\system\CodeIgniter.php(433): CodeIgniter\CodeIgniter->runController(Object(App\Controllers\Front\Shop\Produtos))
#3 C:\alaragon\www\site\ci4\vendor\codeigniter4\framework\system\CodeIgniter.php(334): CodeIgniter\CodeIgniter->handleRequest(NULL, Object(Config\Cache), false)
#4 C:\alaragon\www\site\public_html\index.php(45): CodeIgniter\CodeIgniter->run()
#5 {main}
CRITICAL - 2021-11-21 09:54:55 --> Undefined offset: 0
#0 C:\alaragon\www\site\ci4\app\Controllers\Front\Shop\Produtos.php(35): CodeIgniter\Debug\Exceptions->errorHandler(8, 'Undefined offse...', 'C:\\alaragon\\www...', 35, Array)
#1 C:\alaragon\www\site\ci4\vendor\codeigniter4\framework\system\CodeIgniter.php(937): App\Controllers\Front\Shop\Produtos->index()
#2 C:\alaragon\www\site\ci4\vendor\codeigniter4\framework\system\CodeIgniter.php(433): CodeIgniter\CodeIgniter->runController(Object(App\Controllers\Front\Shop\Produtos))
#3 C:\alaragon\www\site\ci4\vendor\codeigniter4\framework\system\CodeIgniter.php(334): CodeIgniter\CodeIgniter->handleRequest(NULL, Object(Config\Cache), false)
#4 C:\alaragon\www\site\public_html\index.php(45): CodeIgniter\CodeIgniter->run()
#5 {main}
CRITICAL - 2021-11-21 09:54:56 --> Undefined offset: 0
#0 C:\alaragon\www\site\ci4\app\Controllers\Front\Shop\Produtos.php(35): CodeIgniter\Debug\Exceptions->errorHandler(8, 'Undefined offse...', 'C:\\alaragon\\www...', 35, Array)
#1 C:\alaragon\www\site\ci4\vendor\codeigniter4\framework\system\CodeIgniter.php(937): App\Controllers\Front\Shop\Produtos->index()
#2 C:\alaragon\www\site\ci4\vendor\codeigniter4\framework\system\CodeIgniter.php(433): CodeIgniter\CodeIgniter->runController(Object(App\Controllers\Front\Shop\Produtos))
#3 C:\alaragon\www\site\ci4\vendor\codeigniter4\framework\system\CodeIgniter.php(334): CodeIgniter\CodeIgniter->handleRequest(NULL, Object(Config\Cache), false)
#4 C:\alaragon\www\site\public_html\index.php(45): CodeIgniter\CodeIgniter->run()
#5 {main}
CRITICAL - 2021-11-21 09:55:12 --> Undefined offset: 0
#0 C:\alaragon\www\site\ci4\app\Controllers\Front\Shop\Produtos.php(35): CodeIgniter\Debug\Exceptions->errorHandler(8, 'Undefined offse...', 'C:\\alaragon\\www...', 35, Array)
#1 C:\alaragon\www\site\ci4\vendor\codeigniter4\framework\system\CodeIgniter.php(937): App\Controllers\Front\Shop\Produtos->index()
#2 C:\alaragon\www\site\ci4\vendor\codeigniter4\framework\system\CodeIgniter.php(433): CodeIgniter\CodeIgniter->runController(Object(App\Controllers\Front\Shop\Produtos))
#3 C:\alaragon\www\site\ci4\vendor\codeigniter4\framework\system\CodeIgniter.php(334): CodeIgniter\CodeIgniter->handleRequest(NULL, Object(Config\Cache), false)
#4 C:\alaragon\www\site\public_html\index.php(45): CodeIgniter\CodeIgniter->run()
#5 {main}
CRITICAL - 2021-11-21 09:55:12 --> Undefined offset: 0
#0 C:\alaragon\www\site\ci4\app\Controllers\Front\Shop\Produtos.php(35): CodeIgniter\Debug\Exceptions->errorHandler(8, 'Undefined offse...', 'C:\\alaragon\\www...', 35, Array)
#1 C:\alaragon\www\site\ci4\vendor\codeigniter4\framework\system\CodeIgniter.php(937): App\Controllers\Front\Shop\Produtos->index()
#2 C:\alaragon\www\site\ci4\vendor\codeigniter4\framework\system\CodeIgniter.php(433): CodeIgniter\CodeIgniter->runController(Object(App\Controllers\Front\Shop\Produtos))
#3 C:\alaragon\www\site\ci4\vendor\codeigniter4\framework\system\CodeIgniter.php(334): CodeIgniter\CodeIgniter->handleRequest(NULL, Object(Config\Cache), false)
#4 C:\alaragon\www\site\public_html\index.php(45): CodeIgniter\CodeIgniter->run()
#5 {main}
CRITICAL - 2021-11-21 09:55:13 --> Undefined offset: 0
#0 C:\alaragon\www\site\ci4\app\Controllers\Front\Shop\Produtos.php(35): CodeIgniter\Debug\Exceptions->errorHandler(8, 'Undefined offse...', 'C:\\alaragon\\www...', 35, Array)
#1 C:\alaragon\www\site\ci4\vendor\codeigniter4\framework\system\CodeIgniter.php(937): App\Controllers\Front\Shop\Produtos->index()
#2 C:\alaragon\www\site\ci4\vendor\codeigniter4\framework\system\CodeIgniter.php(433): CodeIgniter\CodeIgniter->runController(Object(App\Controllers\Front\Shop\Produtos))
#3 C:\alaragon\www\site\ci4\vendor\codeigniter4\framework\system\CodeIgniter.php(334): CodeIgniter\CodeIgniter->handleRequest(NULL, Object(Config\Cache), false)
#4 C:\alaragon\www\site\public_html\index.php(45): CodeIgniter\CodeIgniter->run()
#5 {main}
CRITICAL - 2021-11-21 09:56:06 --> Undefined offset: 0
#0 C:\alaragon\www\site\ci4\app\Controllers\Front\Shop\Produtos.php(35): CodeIgniter\Debug\Exceptions->errorHandler(8, 'Undefined offse...', 'C:\\alaragon\\www...', 35, Array)
#1 C:\alaragon\www\site\ci4\vendor\codeigniter4\framework\system\CodeIgniter.php(937): App\Controllers\Front\Shop\Produtos->index()
#2 C:\alaragon\www\site\ci4\vendor\codeigniter4\framework\system\CodeIgniter.php(433): CodeIgniter\CodeIgniter->runController(Object(App\Controllers\Front\Shop\Produtos))
#3 C:\alaragon\www\site\ci4\vendor\codeigniter4\framework\system\CodeIgniter.php(334): CodeIgniter\CodeIgniter->handleRequest(NULL, Object(Config\Cache), false)
#4 C:\alaragon\www\site\public_html\index.php(45): CodeIgniter\CodeIgniter->run()
#5 {main}
CRITICAL - 2021-11-21 09:56:06 --> Undefined offset: 0
#0 C:\alaragon\www\site\ci4\app\Controllers\Front\Shop\Produtos.php(35): CodeIgniter\Debug\Exceptions->errorHandler(8, 'Undefined offse...', 'C:\\alaragon\\www...', 35, Array)
#1 C:\alaragon\www\site\ci4\vendor\codeigniter4\framework\system\CodeIgniter.php(937): App\Controllers\Front\Shop\Produtos->index()
#2 C:\alaragon\www\site\ci4\vendor\codeigniter4\framework\system\CodeIgniter.php(433): CodeIgniter\CodeIgniter->runController(Object(App\Controllers\Front\Shop\Produtos))
#3 C:\alaragon\www\site\ci4\vendor\codeigniter4\framework\system\CodeIgniter.php(334): CodeIgniter\CodeIgniter->handleRequest(NULL, Object(Config\Cache), false)
#4 C:\alaragon\www\site\public_html\index.php(45): CodeIgniter\CodeIgniter->run()
#5 {main}
CRITICAL - 2021-11-21 09:56:07 --> Undefined offset: 0
#0 C:\alaragon\www\site\ci4\app\Controllers\Front\Shop\Produtos.php(35): CodeIgniter\Debug\Exceptions->errorHandler(8, 'Undefined offse...', 'C:\\alaragon\\www...', 35, Array)
#1 C:\alaragon\www\site\ci4\vendor\codeigniter4\framework\system\CodeIgniter.php(937): App\Controllers\Front\Shop\Produtos->index()
#2 C:\alaragon\www\site\ci4\vendor\codeigniter4\framework\system\CodeIgniter.php(433): CodeIgniter\CodeIgniter->runController(Object(App\Controllers\Front\Shop\Produtos))
#3 C:\alaragon\www\site\ci4\vendor\codeigniter4\framework\system\CodeIgniter.php(334): CodeIgniter\CodeIgniter->handleRequest(NULL, Object(Config\Cache), false)
#4 C:\alaragon\www\site\public_html\index.php(45): CodeIgniter\CodeIgniter->run()
#5 {main}
CRITICAL - 2021-11-21 09:56:16 --> Undefined offset: 0
#0 C:\alaragon\www\site\ci4\app\Controllers\Front\Shop\Produtos.php(35): CodeIgniter\Debug\Exceptions->errorHandler(8, 'Undefined offse...', 'C:\\alaragon\\www...', 35, Array)
#1 C:\alaragon\www\site\ci4\vendor\codeigniter4\framework\system\CodeIgniter.php(937): App\Controllers\Front\Shop\Produtos->index()
#2 C:\alaragon\www\site\ci4\vendor\codeigniter4\framework\system\CodeIgniter.php(433): CodeIgniter\CodeIgniter->runController(Object(App\Controllers\Front\Shop\Produtos))
#3 C:\alaragon\www\site\ci4\vendor\codeigniter4\framework\system\CodeIgniter.php(334): CodeIgniter\CodeIgniter->handleRequest(NULL, Object(Config\Cache), false)
#4 C:\alaragon\www\site\public_html\index.php(45): CodeIgniter\CodeIgniter->run()
#5 {main}
CRITICAL - 2021-11-21 09:56:16 --> Undefined offset: 0
#0 C:\alaragon\www\site\ci4\app\Controllers\Front\Shop\Produtos.php(35): CodeIgniter\Debug\Exceptions->errorHandler(8, 'Undefined offse...', 'C:\\alaragon\\www...', 35, Array)
#1 C:\alaragon\www\site\ci4\vendor\codeigniter4\framework\system\CodeIgniter.php(937): App\Controllers\Front\Shop\Produtos->index()
#2 C:\alaragon\www\site\ci4\vendor\codeigniter4\framework\system\CodeIgniter.php(433): CodeIgniter\CodeIgniter->runController(Object(App\Controllers\Front\Shop\Produtos))
#3 C:\alaragon\www\site\ci4\vendor\codeigniter4\framework\system\CodeIgniter.php(334): CodeIgniter\CodeIgniter->handleRequest(NULL, Object(Config\Cache), false)
#4 C:\alaragon\www\site\public_html\index.php(45): CodeIgniter\CodeIgniter->run()
#5 {main}
CRITICAL - 2021-11-21 09:56:17 --> Undefined offset: 0
#0 C:\alaragon\www\site\ci4\app\Controllers\Front\Shop\Produtos.php(35): CodeIgniter\Debug\Exceptions->errorHandler(8, 'Undefined offse...', 'C:\\alaragon\\www...', 35, Array)
#1 C:\alaragon\www\site\ci4\vendor\codeigniter4\framework\system\CodeIgniter.php(937): App\Controllers\Front\Shop\Produtos->index()
#2 C:\alaragon\www\site\ci4\vendor\codeigniter4\framework\system\CodeIgniter.php(433): CodeIgniter\CodeIgniter->runController(Object(App\Controllers\Front\Shop\Produtos))
#3 C:\alaragon\www\site\ci4\vendor\codeigniter4\framework\system\CodeIgniter.php(334): CodeIgniter\CodeIgniter->handleRequest(NULL, Object(Config\Cache), false)
#4 C:\alaragon\www\site\public_html\index.php(45): CodeIgniter\CodeIgniter->run()
#5 {main}
CRITICAL - 2021-11-21 09:58:12 --> Undefined offset: 0
#0 C:\alaragon\www\site\ci4\app\Controllers\Front\Shop\Produtos.php(35): CodeIgniter\Debug\Exceptions->errorHandler(8, 'Undefined offse...', 'C:\\alaragon\\www...', 35, Array)
#1 C:\alaragon\www\site\ci4\vendor\codeigniter4\framework\system\CodeIgniter.php(937): App\Controllers\Front\Shop\Produtos->index()
#2 C:\alaragon\www\site\ci4\vendor\codeigniter4\framework\system\CodeIgniter.php(433): CodeIgniter\CodeIgniter->runController(Object(App\Controllers\Front\Shop\Produtos))
#3 C:\alaragon\www\site\ci4\vendor\codeigniter4\framework\system\CodeIgniter.php(334): CodeIgniter\CodeIgniter->handleRequest(NULL, Object(Config\Cache), false)
#4 C:\alaragon\www\site\public_html\index.php(45): CodeIgniter\CodeIgniter->run()
#5 {main}
CRITICAL - 2021-11-21 09:58:12 --> Undefined offset: 0
#0 C:\alaragon\www\site\ci4\app\Controllers\Front\Shop\Produtos.php(35): CodeIgniter\Debug\Exceptions->errorHandler(8, 'Undefined offse...', 'C:\\alaragon\\www...', 35, Array)
#1 C:\alaragon\www\site\ci4\vendor\codeigniter4\framework\system\CodeIgniter.php(937): App\Controllers\Front\Shop\Produtos->index()
#2 C:\alaragon\www\site\ci4\vendor\codeigniter4\framework\system\CodeIgniter.php(433): CodeIgniter\CodeIgniter->runController(Object(App\Controllers\Front\Shop\Produtos))
#3 C:\alaragon\www\site\ci4\vendor\codeigniter4\framework\system\CodeIgniter.php(334): CodeIgniter\CodeIgniter->handleRequest(NULL, Object(Config\Cache), false)
#4 C:\alaragon\www\site\public_html\index.php(45): CodeIgniter\CodeIgniter->run()
#5 {main}
CRITICAL - 2021-11-21 09:58:13 --> Undefined offset: 0
#0 C:\alaragon\www\site\ci4\app\Controllers\Front\Shop\Produtos.php(35): CodeIgniter\Debug\Exceptions->errorHandler(8, 'Undefined offse...', 'C:\\alaragon\\www...', 35, Array)
#1 C:\alaragon\www\site\ci4\vendor\codeigniter4\framework\system\CodeIgniter.php(937): App\Controllers\Front\Shop\Produtos->index()
#2 C:\alaragon\www\site\ci4\vendor\codeigniter4\framework\system\CodeIgniter.php(433): CodeIgniter\CodeIgniter->runController(Object(App\Controllers\Front\Shop\Produtos))
#3 C:\alaragon\www\site\ci4\vendor\codeigniter4\framework\system\CodeIgniter.php(334): CodeIgniter\CodeIgniter->handleRequest(NULL, Object(Config\Cache), false)
#4 C:\alaragon\www\site\public_html\index.php(45): CodeIgniter\CodeIgniter->run()
#5 {main}
CRITICAL - 2021-11-21 09:58:22 --> Undefined offset: 0
#0 C:\alaragon\www\site\ci4\app\Controllers\Front\Shop\Produtos.php(35): CodeIgniter\Debug\Exceptions->errorHandler(8, 'Undefined offse...', 'C:\\alaragon\\www...', 35, Array)
#1 C:\alaragon\www\site\ci4\vendor\codeigniter4\framework\system\CodeIgniter.php(937): App\Controllers\Front\Shop\Produtos->index()
#2 C:\alaragon\www\site\ci4\vendor\codeigniter4\framework\system\CodeIgniter.php(433): CodeIgniter\CodeIgniter->runController(Object(App\Controllers\Front\Shop\Produtos))
#3 C:\alaragon\www\site\ci4\vendor\codeigniter4\framework\system\CodeIgniter.php(334): CodeIgniter\CodeIgniter->handleRequest(NULL, Object(Config\Cache), false)
#4 C:\alaragon\www\site\public_html\index.php(45): CodeIgniter\CodeIgniter->run()
#5 {main}
CRITICAL - 2021-11-21 09:58:23 --> Undefined offset: 0
#0 C:\alaragon\www\site\ci4\app\Controllers\Front\Shop\Produtos.php(35): CodeIgniter\Debug\Exceptions->errorHandler(8, 'Undefined offse...', 'C:\\alaragon\\www...', 35, Array)
#1 C:\alaragon\www\site\ci4\vendor\codeigniter4\framework\system\CodeIgniter.php(937): App\Controllers\Front\Shop\Produtos->index()
#2 C:\alaragon\www\site\ci4\vendor\codeigniter4\framework\system\CodeIgniter.php(433): CodeIgniter\CodeIgniter->runController(Object(App\Controllers\Front\Shop\Produtos))
#3 C:\alaragon\www\site\ci4\vendor\codeigniter4\framework\system\CodeIgniter.php(334): CodeIgniter\CodeIgniter->handleRequest(NULL, Object(Config\Cache), false)
#4 C:\alaragon\www\site\public_html\index.php(45): CodeIgniter\CodeIgniter->run()
#5 {main}
CRITICAL - 2021-11-21 09:58:23 --> Undefined offset: 0
#0 C:\alaragon\www\site\ci4\app\Controllers\Front\Shop\Produtos.php(35): CodeIgniter\Debug\Exceptions->errorHandler(8, 'Undefined offse...', 'C:\\alaragon\\www...', 35, Array)
#1 C:\alaragon\www\site\ci4\vendor\codeigniter4\framework\system\CodeIgniter.php(937): App\Controllers\Front\Shop\Produtos->index()
#2 C:\alaragon\www\site\ci4\vendor\codeigniter4\framework\system\CodeIgniter.php(433): CodeIgniter\CodeIgniter->runController(Object(App\Controllers\Front\Shop\Produtos))
#3 C:\alaragon\www\site\ci4\vendor\codeigniter4\framework\system\CodeIgniter.php(334): CodeIgniter\CodeIgniter->handleRequest(NULL, Object(Config\Cache), false)
#4 C:\alaragon\www\site\public_html\index.php(45): CodeIgniter\CodeIgniter->run()
#5 {main}
CRITICAL - 2021-11-21 10:01:16 --> Undefined offset: 0
#0 C:\alaragon\www\site\ci4\app\Controllers\Front\Shop\Produtos.php(35): CodeIgniter\Debug\Exceptions->errorHandler(8, 'Undefined offse...', 'C:\\alaragon\\www...', 35, Array)
#1 C:\alaragon\www\site\ci4\vendor\codeigniter4\framework\system\CodeIgniter.php(937): App\Controllers\Front\Shop\Produtos->index()
#2 C:\alaragon\www\site\ci4\vendor\codeigniter4\framework\system\CodeIgniter.php(433): CodeIgniter\CodeIgniter->runController(Object(App\Controllers\Front\Shop\Produtos))
#3 C:\alaragon\www\site\ci4\vendor\codeigniter4\framework\system\CodeIgniter.php(334): CodeIgniter\CodeIgniter->handleRequest(NULL, Object(Config\Cache), false)
#4 C:\alaragon\www\site\public_html\index.php(45): CodeIgniter\CodeIgniter->run()
#5 {main}
CRITICAL - 2021-11-21 10:01:16 --> Undefined offset: 0
#0 C:\alaragon\www\site\ci4\app\Controllers\Front\Shop\Produtos.php(35): CodeIgniter\Debug\Exceptions->errorHandler(8, 'Undefined offse...', 'C:\\alaragon\\www...', 35, Array)
#1 C:\alaragon\www\site\ci4\vendor\codeigniter4\framework\system\CodeIgniter.php(937): App\Controllers\Front\Shop\Produtos->index()
#2 C:\alaragon\www\site\ci4\vendor\codeigniter4\framework\system\CodeIgniter.php(433): CodeIgniter\CodeIgniter->runController(Object(App\Controllers\Front\Shop\Produtos))
#3 C:\alaragon\www\site\ci4\vendor\codeigniter4\framework\system\CodeIgniter.php(334): CodeIgniter\CodeIgniter->handleRequest(NULL, Object(Config\Cache), false)
#4 C:\alaragon\www\site\public_html\index.php(45): CodeIgniter\CodeIgniter->run()
#5 {main}
CRITICAL - 2021-11-21 10:01:16 --> Undefined offset: 0
#0 C:\alaragon\www\site\ci4\app\Controllers\Front\Shop\Produtos.php(35): CodeIgniter\Debug\Exceptions->errorHandler(8, 'Undefined offse...', 'C:\\alaragon\\www...', 35, Array)
#1 C:\alaragon\www\site\ci4\vendor\codeigniter4\framework\system\CodeIgniter.php(937): App\Controllers\Front\Shop\Produtos->index()
#2 C:\alaragon\www\site\ci4\vendor\codeigniter4\framework\system\CodeIgniter.php(433): CodeIgniter\CodeIgniter->runController(Object(App\Controllers\Front\Shop\Produtos))
#3 C:\alaragon\www\site\ci4\vendor\codeigniter4\framework\system\CodeIgniter.php(334): CodeIgniter\CodeIgniter->handleRequest(NULL, Object(Config\Cache), false)
#4 C:\alaragon\www\site\public_html\index.php(45): CodeIgniter\CodeIgniter->run()
#5 {main}
CRITICAL - 2021-11-21 10:01:42 --> Undefined offset: 0
#0 C:\alaragon\www\site\ci4\app\Controllers\Front\Shop\Produtos.php(35): CodeIgniter\Debug\Exceptions->errorHandler(8, 'Undefined offse...', 'C:\\alaragon\\www...', 35, Array)
#1 C:\alaragon\www\site\ci4\vendor\codeigniter4\framework\system\CodeIgniter.php(937): App\Controllers\Front\Shop\Produtos->index()
#2 C:\alaragon\www\site\ci4\vendor\codeigniter4\framework\system\CodeIgniter.php(433): CodeIgniter\CodeIgniter->runController(Object(App\Controllers\Front\Shop\Produtos))
#3 C:\alaragon\www\site\ci4\vendor\codeigniter4\framework\system\CodeIgniter.php(334): CodeIgniter\CodeIgniter->handleRequest(NULL, Object(Config\Cache), false)
#4 C:\alaragon\www\site\public_html\index.php(45): CodeIgniter\CodeIgniter->run()
#5 {main}
CRITICAL - 2021-11-21 10:01:42 --> Undefined offset: 0
#0 C:\alaragon\www\site\ci4\app\Controllers\Front\Shop\Produtos.php(35): CodeIgniter\Debug\Exceptions->errorHandler(8, 'Undefined offse...', 'C:\\alaragon\\www...', 35, Array)
#1 C:\alaragon\www\site\ci4\vendor\codeigniter4\framework\system\CodeIgniter.php(937): App\Controllers\Front\Shop\Produtos->index()
#2 C:\alaragon\www\site\ci4\vendor\codeigniter4\framework\system\CodeIgniter.php(433): CodeIgniter\CodeIgniter->runController(Object(App\Controllers\Front\Shop\Produtos))
#3 C:\alaragon\www\site\ci4\vendor\codeigniter4\framework\system\CodeIgniter.php(334): CodeIgniter\CodeIgniter->handleRequest(NULL, Object(Config\Cache), false)
#4 C:\alaragon\www\site\public_html\index.php(45): CodeIgniter\CodeIgniter->run()
#5 {main}
CRITICAL - 2021-11-21 10:01:42 --> Undefined offset: 0
#0 C:\alaragon\www\site\ci4\app\Controllers\Front\Shop\Produtos.php(35): CodeIgniter\Debug\Exceptions->errorHandler(8, 'Undefined offse...', 'C:\\alaragon\\www...', 35, Array)
#1 C:\alaragon\www\site\ci4\vendor\codeigniter4\framework\system\CodeIgniter.php(937): App\Controllers\Front\Shop\Produtos->index()
#2 C:\alaragon\www\site\ci4\vendor\codeigniter4\framework\system\CodeIgniter.php(433): CodeIgniter\CodeIgniter->runController(Object(App\Controllers\Front\Shop\Produtos))
#3 C:\alaragon\www\site\ci4\vendor\codeigniter4\framework\system\CodeIgniter.php(334): CodeIgniter\CodeIgniter->handleRequest(NULL, Object(Config\Cache), false)
#4 C:\alaragon\www\site\public_html\index.php(45): CodeIgniter\CodeIgniter->run()
#5 {main}
CRITICAL - 2021-11-21 10:01:54 --> Undefined offset: 0
#0 C:\alaragon\www\site\ci4\app\Controllers\Front\Shop\Produtos.php(35): CodeIgniter\Debug\Exceptions->errorHandler(8, 'Undefined offse...', 'C:\\alaragon\\www...', 35, Array)
#1 C:\alaragon\www\site\ci4\vendor\codeigniter4\framework\system\CodeIgniter.php(937): App\Controllers\Front\Shop\Produtos->index()
#2 C:\alaragon\www\site\ci4\vendor\codeigniter4\framework\system\CodeIgniter.php(433): CodeIgniter\CodeIgniter->runController(Object(App\Controllers\Front\Shop\Produtos))
#3 C:\alaragon\www\site\ci4\vendor\codeigniter4\framework\system\CodeIgniter.php(334): CodeIgniter\CodeIgniter->handleRequest(NULL, Object(Config\Cache), false)
#4 C:\alaragon\www\site\public_html\index.php(45): CodeIgniter\CodeIgniter->run()
#5 {main}
CRITICAL - 2021-11-21 10:01:54 --> Undefined offset: 0
#0 C:\alaragon\www\site\ci4\app\Controllers\Front\Shop\Produtos.php(35): CodeIgniter\Debug\Exceptions->errorHandler(8, 'Undefined offse...', 'C:\\alaragon\\www...', 35, Array)
#1 C:\alaragon\www\site\ci4\vendor\codeigniter4\framework\system\CodeIgniter.php(937): App\Controllers\Front\Shop\Produtos->index()
#2 C:\alaragon\www\site\ci4\vendor\codeigniter4\framework\system\CodeIgniter.php(433): CodeIgniter\CodeIgniter->runController(Object(App\Controllers\Front\Shop\Produtos))
#3 C:\alaragon\www\site\ci4\vendor\codeigniter4\framework\system\CodeIgniter.php(334): CodeIgniter\CodeIgniter->handleRequest(NULL, Object(Config\Cache), false)
#4 C:\alaragon\www\site\public_html\index.php(45): CodeIgniter\CodeIgniter->run()
#5 {main}
CRITICAL - 2021-11-21 10:01:55 --> Undefined offset: 0
#0 C:\alaragon\www\site\ci4\app\Controllers\Front\Shop\Produtos.php(35): CodeIgniter\Debug\Exceptions->errorHandler(8, 'Undefined offse...', 'C:\\alaragon\\www...', 35, Array)
#1 C:\alaragon\www\site\ci4\vendor\codeigniter4\framework\system\CodeIgniter.php(937): App\Controllers\Front\Shop\Produtos->index()
#2 C:\alaragon\www\site\ci4\vendor\codeigniter4\framework\system\CodeIgniter.php(433): CodeIgniter\CodeIgniter->runController(Object(App\Controllers\Front\Shop\Produtos))
#3 C:\alaragon\www\site\ci4\vendor\codeigniter4\framework\system\CodeIgniter.php(334): CodeIgniter\CodeIgniter->handleRequest(NULL, Object(Config\Cache), false)
#4 C:\alaragon\www\site\public_html\index.php(45): CodeIgniter\CodeIgniter->run()
#5 {main}
CRITICAL - 2021-11-21 10:02:01 --> Undefined offset: 0
#0 C:\alaragon\www\site\ci4\app\Controllers\Front\Shop\Produtos.php(35): CodeIgniter\Debug\Exceptions->errorHandler(8, 'Undefined offse...', 'C:\\alaragon\\www...', 35, Array)
#1 C:\alaragon\www\site\ci4\vendor\codeigniter4\framework\system\CodeIgniter.php(937): App\Controllers\Front\Shop\Produtos->index()
#2 C:\alaragon\www\site\ci4\vendor\codeigniter4\framework\system\CodeIgniter.php(433): CodeIgniter\CodeIgniter->runController(Object(App\Controllers\Front\Shop\Produtos))
#3 C:\alaragon\www\site\ci4\vendor\codeigniter4\framework\system\CodeIgniter.php(334): CodeIgniter\CodeIgniter->handleRequest(NULL, Object(Config\Cache), false)
#4 C:\alaragon\www\site\public_html\index.php(45): CodeIgniter\CodeIgniter->run()
#5 {main}
CRITICAL - 2021-11-21 10:02:01 --> Undefined offset: 0
#0 C:\alaragon\www\site\ci4\app\Controllers\Front\Shop\Produtos.php(35): CodeIgniter\Debug\Exceptions->errorHandler(8, 'Undefined offse...', 'C:\\alaragon\\www...', 35, Array)
#1 C:\alaragon\www\site\ci4\vendor\codeigniter4\framework\system\CodeIgniter.php(937): App\Controllers\Front\Shop\Produtos->index()
#2 C:\alaragon\www\site\ci4\vendor\codeigniter4\framework\system\CodeIgniter.php(433): CodeIgniter\CodeIgniter->runController(Object(App\Controllers\Front\Shop\Produtos))
#3 C:\alaragon\www\site\ci4\vendor\codeigniter4\framework\system\CodeIgniter.php(334): CodeIgniter\CodeIgniter->handleRequest(NULL, Object(Config\Cache), false)
#4 C:\alaragon\www\site\public_html\index.php(45): CodeIgniter\CodeIgniter->run()
#5 {main}
CRITICAL - 2021-11-21 10:02:01 --> Undefined offset: 0
#0 C:\alaragon\www\site\ci4\app\Controllers\Front\Shop\Produtos.php(35): CodeIgniter\Debug\Exceptions->errorHandler(8, 'Undefined offse...', 'C:\\alaragon\\www...', 35, Array)
#1 C:\alaragon\www\site\ci4\vendor\codeigniter4\framework\system\CodeIgniter.php(937): App\Controllers\Front\Shop\Produtos->index()
#2 C:\alaragon\www\site\ci4\vendor\codeigniter4\framework\system\CodeIgniter.php(433): CodeIgniter\CodeIgniter->runController(Object(App\Controllers\Front\Shop\Produtos))
#3 C:\alaragon\www\site\ci4\vendor\codeigniter4\framework\system\CodeIgniter.php(334): CodeIgniter\CodeIgniter->handleRequest(NULL, Object(Config\Cache), false)
#4 C:\alaragon\www\site\public_html\index.php(45): CodeIgniter\CodeIgniter->run()
#5 {main}
CRITICAL - 2021-11-21 10:07:03 --> Undefined offset: 0
#0 C:\alaragon\www\site\ci4\app\Controllers\Front\Shop\Produtos.php(35): CodeIgniter\Debug\Exceptions->errorHandler(8, 'Undefined offse...', 'C:\\alaragon\\www...', 35, Array)
#1 C:\alaragon\www\site\ci4\vendor\codeigniter4\framework\system\CodeIgniter.php(937): App\Controllers\Front\Shop\Produtos->index()
#2 C:\alaragon\www\site\ci4\vendor\codeigniter4\framework\system\CodeIgniter.php(433): CodeIgniter\CodeIgniter->runController(Object(App\Controllers\Front\Shop\Produtos))
#3 C:\alaragon\www\site\ci4\vendor\codeigniter4\framework\system\CodeIgniter.php(334): CodeIgniter\CodeIgniter->handleRequest(NULL, Object(Config\Cache), false)
#4 C:\alaragon\www\site\public_html\index.php(45): CodeIgniter\CodeIgniter->run()
#5 {main}
CRITICAL - 2021-11-21 10:07:03 --> Undefined offset: 0
#0 C:\alaragon\www\site\ci4\app\Controllers\Front\Shop\Produtos.php(35): CodeIgniter\Debug\Exceptions->errorHandler(8, 'Undefined offse...', 'C:\\alaragon\\www...', 35, Array)
#1 C:\alaragon\www\site\ci4\vendor\codeigniter4\framework\system\CodeIgniter.php(937): App\Controllers\Front\Shop\Produtos->index()
#2 C:\alaragon\www\site\ci4\vendor\codeigniter4\framework\system\CodeIgniter.php(433): CodeIgniter\CodeIgniter->runController(Object(App\Controllers\Front\Shop\Produtos))
#3 C:\alaragon\www\site\ci4\vendor\codeigniter4\framework\system\CodeIgniter.php(334): CodeIgniter\CodeIgniter->handleRequest(NULL, Object(Config\Cache), false)
#4 C:\alaragon\www\site\public_html\index.php(45): CodeIgniter\CodeIgniter->run()
#5 {main}
CRITICAL - 2021-11-21 10:07:03 --> Undefined offset: 0
#0 C:\alaragon\www\site\ci4\app\Controllers\Front\Shop\Produtos.php(35): CodeIgniter\Debug\Exceptions->errorHandler(8, 'Undefined offse...', 'C:\\alaragon\\www...', 35, Array)
#1 C:\alaragon\www\site\ci4\vendor\codeigniter4\framework\system\CodeIgniter.php(937): App\Controllers\Front\Shop\Produtos->index()
#2 C:\alaragon\www\site\ci4\vendor\codeigniter4\framework\system\CodeIgniter.php(433): CodeIgniter\CodeIgniter->runController(Object(App\Controllers\Front\Shop\Produtos))
#3 C:\alaragon\www\site\ci4\vendor\codeigniter4\framework\system\CodeIgniter.php(334): CodeIgniter\CodeIgniter->handleRequest(NULL, Object(Config\Cache), false)
#4 C:\alaragon\www\site\public_html\index.php(45): CodeIgniter\CodeIgniter->run()
#5 {main}
CRITICAL - 2021-11-21 10:07:29 --> Undefined offset: 0
#0 C:\alaragon\www\site\ci4\app\Controllers\Front\Shop\Produtos.php(35): CodeIgniter\Debug\Exceptions->errorHandler(8, 'Undefined offse...', 'C:\\alaragon\\www...', 35, Array)
#1 C:\alaragon\www\site\ci4\vendor\codeigniter4\framework\system\CodeIgniter.php(937): App\Controllers\Front\Shop\Produtos->index()
#2 C:\alaragon\www\site\ci4\vendor\codeigniter4\framework\system\CodeIgniter.php(433): CodeIgniter\CodeIgniter->runController(Object(App\Controllers\Front\Shop\Produtos))
#3 C:\alaragon\www\site\ci4\vendor\codeigniter4\framework\system\CodeIgniter.php(334): CodeIgniter\CodeIgniter->handleRequest(NULL, Object(Config\Cache), false)
#4 C:\alaragon\www\site\public_html\index.php(45): CodeIgniter\CodeIgniter->run()
#5 {main}
CRITICAL - 2021-11-21 10:07:30 --> Undefined offset: 0
#0 C:\alaragon\www\site\ci4\app\Controllers\Front\Shop\Produtos.php(35): CodeIgniter\Debug\Exceptions->errorHandler(8, 'Undefined offse...', 'C:\\alaragon\\www...', 35, Array)
#1 C:\alaragon\www\site\ci4\vendor\codeigniter4\framework\system\CodeIgniter.php(937): App\Controllers\Front\Shop\Produtos->index()
#2 C:\alaragon\www\site\ci4\vendor\codeigniter4\framework\system\CodeIgniter.php(433): CodeIgniter\CodeIgniter->runController(Object(App\Controllers\Front\Shop\Produtos))
#3 C:\alaragon\www\site\ci4\vendor\codeigniter4\framework\system\CodeIgniter.php(334): CodeIgniter\CodeIgniter->handleRequest(NULL, Object(Config\Cache), false)
#4 C:\alaragon\www\site\public_html\index.php(45): CodeIgniter\CodeIgniter->run()
#5 {main}
CRITICAL - 2021-11-21 10:07:30 --> Undefined offset: 0
#0 C:\alaragon\www\site\ci4\app\Controllers\Front\Shop\Produtos.php(35): CodeIgniter\Debug\Exceptions->errorHandler(8, 'Undefined offse...', 'C:\\alaragon\\www...', 35, Array)
#1 C:\alaragon\www\site\ci4\vendor\codeigniter4\framework\system\CodeIgniter.php(937): App\Controllers\Front\Shop\Produtos->index()
#2 C:\alaragon\www\site\ci4\vendor\codeigniter4\framework\system\CodeIgniter.php(433): CodeIgniter\CodeIgniter->runController(Object(App\Controllers\Front\Shop\Produtos))
#3 C:\alaragon\www\site\ci4\vendor\codeigniter4\framework\system\CodeIgniter.php(334): CodeIgniter\CodeIgniter->handleRequest(NULL, Object(Config\Cache), false)
#4 C:\alaragon\www\site\public_html\index.php(45): CodeIgniter\CodeIgniter->run()
#5 {main}
CRITICAL - 2021-11-21 10:07:44 --> Undefined offset: 0
#0 C:\alaragon\www\site\ci4\app\Controllers\Front\Shop\Produtos.php(35): CodeIgniter\Debug\Exceptions->errorHandler(8, 'Undefined offse...', 'C:\\alaragon\\www...', 35, Array)
#1 C:\alaragon\www\site\ci4\vendor\codeigniter4\framework\system\CodeIgniter.php(937): App\Controllers\Front\Shop\Produtos->index()
#2 C:\alaragon\www\site\ci4\vendor\codeigniter4\framework\system\CodeIgniter.php(433): CodeIgniter\CodeIgniter->runController(Object(App\Controllers\Front\Shop\Produtos))
#3 C:\alaragon\www\site\ci4\vendor\codeigniter4\framework\system\CodeIgniter.php(334): CodeIgniter\CodeIgniter->handleRequest(NULL, Object(Config\Cache), false)
#4 C:\alaragon\www\site\public_html\index.php(45): CodeIgniter\CodeIgniter->run()
#5 {main}
CRITICAL - 2021-11-21 10:07:44 --> Undefined offset: 0
#0 C:\alaragon\www\site\ci4\app\Controllers\Front\Shop\Produtos.php(35): CodeIgniter\Debug\Exceptions->errorHandler(8, 'Undefined offse...', 'C:\\alaragon\\www...', 35, Array)
#1 C:\alaragon\www\site\ci4\vendor\codeigniter4\framework\system\CodeIgniter.php(937): App\Controllers\Front\Shop\Produtos->index()
#2 C:\alaragon\www\site\ci4\vendor\codeigniter4\framework\system\CodeIgniter.php(433): CodeIgniter\CodeIgniter->runController(Object(App\Controllers\Front\Shop\Produtos))
#3 C:\alaragon\www\site\ci4\vendor\codeigniter4\framework\system\CodeIgniter.php(334): CodeIgniter\CodeIgniter->handleRequest(NULL, Object(Config\Cache), false)
#4 C:\alaragon\www\site\public_html\index.php(45): CodeIgniter\CodeIgniter->run()
#5 {main}
CRITICAL - 2021-11-21 10:07:44 --> Undefined offset: 0
#0 C:\alaragon\www\site\ci4\app\Controllers\Front\Shop\Produtos.php(35): CodeIgniter\Debug\Exceptions->errorHandler(8, 'Undefined offse...', 'C:\\alaragon\\www...', 35, Array)
#1 C:\alaragon\www\site\ci4\vendor\codeigniter4\framework\system\CodeIgniter.php(937): App\Controllers\Front\Shop\Produtos->index()
#2 C:\alaragon\www\site\ci4\vendor\codeigniter4\framework\system\CodeIgniter.php(433): CodeIgniter\CodeIgniter->runController(Object(App\Controllers\Front\Shop\Produtos))
#3 C:\alaragon\www\site\ci4\vendor\codeigniter4\framework\system\CodeIgniter.php(334): CodeIgniter\CodeIgniter->handleRequest(NULL, Object(Config\Cache), false)
#4 C:\alaragon\www\site\public_html\index.php(45): CodeIgniter\CodeIgniter->run()
#5 {main}
CRITICAL - 2021-11-21 10:07:58 --> Undefined offset: 0
#0 C:\alaragon\www\site\ci4\app\Controllers\Front\Shop\Produtos.php(35): CodeIgniter\Debug\Exceptions->errorHandler(8, 'Undefined offse...', 'C:\\alaragon\\www...', 35, Array)
#1 C:\alaragon\www\site\ci4\vendor\codeigniter4\framework\system\CodeIgniter.php(937): App\Controllers\Front\Shop\Produtos->index()
#2 C:\alaragon\www\site\ci4\vendor\codeigniter4\framework\system\CodeIgniter.php(433): CodeIgniter\CodeIgniter->runController(Object(App\Controllers\Front\Shop\Produtos))
#3 C:\alaragon\www\site\ci4\vendor\codeigniter4\framework\system\CodeIgniter.php(334): CodeIgniter\CodeIgniter->handleRequest(NULL, Object(Config\Cache), false)
#4 C:\alaragon\www\site\public_html\index.php(45): CodeIgniter\CodeIgniter->run()
#5 {main}
CRITICAL - 2021-11-21 10:07:58 --> Undefined offset: 0
#0 C:\alaragon\www\site\ci4\app\Controllers\Front\Shop\Produtos.php(35): CodeIgniter\Debug\Exceptions->errorHandler(8, 'Undefined offse...', 'C:\\alaragon\\www...', 35, Array)
#1 C:\alaragon\www\site\ci4\vendor\codeigniter4\framework\system\CodeIgniter.php(937): App\Controllers\Front\Shop\Produtos->index()
#2 C:\alaragon\www\site\ci4\vendor\codeigniter4\framework\system\CodeIgniter.php(433): CodeIgniter\CodeIgniter->runController(Object(App\Controllers\Front\Shop\Produtos))
#3 C:\alaragon\www\site\ci4\vendor\codeigniter4\framework\system\CodeIgniter.php(334): CodeIgniter\CodeIgniter->handleRequest(NULL, Object(Config\Cache), false)
#4 C:\alaragon\www\site\public_html\index.php(45): CodeIgniter\CodeIgniter->run()
#5 {main}
CRITICAL - 2021-11-21 10:07:58 --> Undefined offset: 0
#0 C:\alaragon\www\site\ci4\app\Controllers\Front\Shop\Produtos.php(35): CodeIgniter\Debug\Exceptions->errorHandler(8, 'Undefined offse...', 'C:\\alaragon\\www...', 35, Array)
#1 C:\alaragon\www\site\ci4\vendor\codeigniter4\framework\system\CodeIgniter.php(937): App\Controllers\Front\Shop\Produtos->index()
#2 C:\alaragon\www\site\ci4\vendor\codeigniter4\framework\system\CodeIgniter.php(433): CodeIgniter\CodeIgniter->runController(Object(App\Controllers\Front\Shop\Produtos))
#3 C:\alaragon\www\site\ci4\vendor\codeigniter4\framework\system\CodeIgniter.php(334): CodeIgniter\CodeIgniter->handleRequest(NULL, Object(Config\Cache), false)
#4 C:\alaragon\www\site\public_html\index.php(45): CodeIgniter\CodeIgniter->run()
#5 {main}
CRITICAL - 2021-11-21 10:08:04 --> Undefined offset: 0
#0 C:\alaragon\www\site\ci4\app\Controllers\Front\Shop\Produtos.php(35): CodeIgniter\Debug\Exceptions->errorHandler(8, 'Undefined offse...', 'C:\\alaragon\\www...', 35, Array)
#1 C:\alaragon\www\site\ci4\vendor\codeigniter4\framework\system\CodeIgniter.php(937): App\Controllers\Front\Shop\Produtos->index()
#2 C:\alaragon\www\site\ci4\vendor\codeigniter4\framework\system\CodeIgniter.php(433): CodeIgniter\CodeIgniter->runController(Object(App\Controllers\Front\Shop\Produtos))
#3 C:\alaragon\www\site\ci4\vendor\codeigniter4\framework\system\CodeIgniter.php(334): CodeIgniter\CodeIgniter->handleRequest(NULL, Object(Config\Cache), false)
#4 C:\alaragon\www\site\public_html\index.php(45): CodeIgniter\CodeIgniter->run()
#5 {main}
CRITICAL - 2021-11-21 10:08:04 --> Undefined offset: 0
#0 C:\alaragon\www\site\ci4\app\Controllers\Front\Shop\Produtos.php(35): CodeIgniter\Debug\Exceptions->errorHandler(8, 'Undefined offse...', 'C:\\alaragon\\www...', 35, Array)
#1 C:\alaragon\www\site\ci4\vendor\codeigniter4\framework\system\CodeIgniter.php(937): App\Controllers\Front\Shop\Produtos->index()
#2 C:\alaragon\www\site\ci4\vendor\codeigniter4\framework\system\CodeIgniter.php(433): CodeIgniter\CodeIgniter->runController(Object(App\Controllers\Front\Shop\Produtos))
#3 C:\alaragon\www\site\ci4\vendor\codeigniter4\framework\system\CodeIgniter.php(334): CodeIgniter\CodeIgniter->handleRequest(NULL, Object(Config\Cache), false)
#4 C:\alaragon\www\site\public_html\index.php(45): CodeIgniter\CodeIgniter->run()
#5 {main}
CRITICAL - 2021-11-21 10:08:04 --> Undefined offset: 0
#0 C:\alaragon\www\site\ci4\app\Controllers\Front\Shop\Produtos.php(35): CodeIgniter\Debug\Exceptions->errorHandler(8, 'Undefined offse...', 'C:\\alaragon\\www...', 35, Array)
#1 C:\alaragon\www\site\ci4\vendor\codeigniter4\framework\system\CodeIgniter.php(937): App\Controllers\Front\Shop\Produtos->index()
#2 C:\alaragon\www\site\ci4\vendor\codeigniter4\framework\system\CodeIgniter.php(433): CodeIgniter\CodeIgniter->runController(Object(App\Controllers\Front\Shop\Produtos))
#3 C:\alaragon\www\site\ci4\vendor\codeigniter4\framework\system\CodeIgniter.php(334): CodeIgniter\CodeIgniter->handleRequest(NULL, Object(Config\Cache), false)
#4 C:\alaragon\www\site\public_html\index.php(45): CodeIgniter\CodeIgniter->run()
#5 {main}
CRITICAL - 2021-11-21 10:37:35 --> syntax error, unexpected 'return' (T_RETURN)
#0 C:\alaragon\www\site\ci4\vendor\codeigniter4\framework\system\Autoloader\Autoloader.php(274): CodeIgniter\Autoloader\Autoloader->includeFile('C:\\alaragon\\www...')
#1 C:\alaragon\www\site\ci4\vendor\codeigniter4\framework\system\Autoloader\Autoloader.php(228): CodeIgniter\Autoloader\Autoloader->loadInNamespace('App\\Controllers...')
#2 [internal function]: CodeIgniter\Autoloader\Autoloader->loadClass('App\\Controllers...')
#3 [internal function]: spl_autoload_call('App\\Controllers...')
#4 C:\alaragon\www\site\ci4\vendor\codeigniter4\framework\system\CodeIgniter.php(894): class_exists('\\App\\Controller...', true)
#5 C:\alaragon\www\site\ci4\vendor\codeigniter4\framework\system\CodeIgniter.php(418): CodeIgniter\CodeIgniter->startController()
#6 C:\alaragon\www\site\ci4\vendor\codeigniter4\framework\system\CodeIgniter.php(334): CodeIgniter\CodeIgniter->handleRequest(NULL, Object(Config\Cache), false)
#7 C:\alaragon\www\site\public_html\index.php(45): CodeIgniter\CodeIgniter->run()
#8 {main}
CRITICAL - 2021-11-21 10:37:42 --> Undefined variable: ata
#0 C:\alaragon\www\site\ci4\app\Controllers\Front\Shop\Pedidos.php(42): CodeIgniter\Debug\Exceptions->errorHandler(8, 'Undefined varia...', 'C:\\alaragon\\www...', 42, Array)
#1 C:\alaragon\www\site\ci4\vendor\codeigniter4\framework\system\CodeIgniter.php(937): App\Controllers\Front\Shop\Pedidos->index()
#2 C:\alaragon\www\site\ci4\vendor\codeigniter4\framework\system\CodeIgniter.php(433): CodeIgniter\CodeIgniter->runController(Object(App\Controllers\Front\Shop\Pedidos))
#3 C:\alaragon\www\site\ci4\vendor\codeigniter4\framework\system\CodeIgniter.php(334): CodeIgniter\CodeIgniter->handleRequest(NULL, Object(Config\Cache), false)
#4 C:\alaragon\www\site\public_html\index.php(45): CodeIgniter\CodeIgniter->run()
#5 {main}
CRITICAL - 2021-11-21 10:49:55 --> Undefined offset: 0
#0 C:\alaragon\www\site\ci4\app\Controllers\Front\Shop\Produtos.php(35): CodeIgniter\Debug\Exceptions->errorHandler(8, 'Undefined offse...', 'C:\\alaragon\\www...', 35, Array)
#1 C:\alaragon\www\site\ci4\vendor\codeigniter4\framework\system\CodeIgniter.php(937): App\Controllers\Front\Shop\Produtos->index()
#2 C:\alaragon\www\site\ci4\vendor\codeigniter4\framework\system\CodeIgniter.php(433): CodeIgniter\CodeIgniter->runController(Object(App\Controllers\Front\Shop\Produtos))
#3 C:\alaragon\www\site\ci4\vendor\codeigniter4\framework\system\CodeIgniter.php(334): CodeIgniter\CodeIgniter->handleRequest(NULL, Object(Config\Cache), false)
#4 C:\alaragon\www\site\public_html\index.php(45): CodeIgniter\CodeIgniter->run()
#5 {main}
CRITICAL - 2021-11-21 10:49:55 --> Undefined offset: 0
#0 C:\alaragon\www\site\ci4\app\Controllers\Front\Shop\Produtos.php(35): CodeIgniter\Debug\Exceptions->errorHandler(8, 'Undefined offse...', 'C:\\alaragon\\www...', 35, Array)
#1 C:\alaragon\www\site\ci4\vendor\codeigniter4\framework\system\CodeIgniter.php(937): App\Controllers\Front\Shop\Produtos->index()
#2 C:\alaragon\www\site\ci4\vendor\codeigniter4\framework\system\CodeIgniter.php(433): CodeIgniter\CodeIgniter->runController(Object(App\Controllers\Front\Shop\Produtos))
#3 C:\alaragon\www\site\ci4\vendor\codeigniter4\framework\system\CodeIgniter.php(334): CodeIgniter\CodeIgniter->handleRequest(NULL, Object(Config\Cache), false)
#4 C:\alaragon\www\site\public_html\index.php(45): CodeIgniter\CodeIgniter->run()
#5 {main}
CRITICAL - 2021-11-21 10:49:56 --> Undefined offset: 0
#0 C:\alaragon\www\site\ci4\app\Controllers\Front\Shop\Produtos.php(35): CodeIgniter\Debug\Exceptions->errorHandler(8, 'Undefined offse...', 'C:\\alaragon\\www...', 35, Array)
#1 C:\alaragon\www\site\ci4\vendor\codeigniter4\framework\system\CodeIgniter.php(937): App\Controllers\Front\Shop\Produtos->index()
#2 C:\alaragon\www\site\ci4\vendor\codeigniter4\framework\system\CodeIgniter.php(433): CodeIgniter\CodeIgniter->runController(Object(App\Controllers\Front\Shop\Produtos))
#3 C:\alaragon\www\site\ci4\vendor\codeigniter4\framework\system\CodeIgniter.php(334): CodeIgniter\CodeIgniter->handleRequest(NULL, Object(Config\Cache), false)
#4 C:\alaragon\www\site\public_html\index.php(45): CodeIgniter\CodeIgniter->run()
#5 {main}
CRITICAL - 2021-11-21 10:49:57 --> Undefined offset: 0
#0 C:\alaragon\www\site\ci4\app\Controllers\Front\Shop\Produtos.php(35): CodeIgniter\Debug\Exceptions->errorHandler(8, 'Undefined offse...', 'C:\\alaragon\\www...', 35, Array)
#1 C:\alaragon\www\site\ci4\vendor\codeigniter4\framework\system\CodeIgniter.php(937): App\Controllers\Front\Shop\Produtos->index()
#2 C:\alaragon\www\site\ci4\vendor\codeigniter4\framework\system\CodeIgniter.php(433): CodeIgniter\CodeIgniter->runController(Object(App\Controllers\Front\Shop\Produtos))
#3 C:\alaragon\www\site\ci4\vendor\codeigniter4\framework\system\CodeIgniter.php(334): CodeIgniter\CodeIgniter->handleRequest(NULL, Object(Config\Cache), false)
#4 C:\alaragon\www\site\public_html\index.php(45): CodeIgniter\CodeIgniter->run()
#5 {main}
CRITICAL - 2021-11-21 10:49:59 --> Undefined offset: 0
#0 C:\alaragon\www\site\ci4\app\Controllers\Front\Shop\Produtos.php(35): CodeIgniter\Debug\Exceptions->errorHandler(8, 'Undefined offse...', 'C:\\alaragon\\www...', 35, Array)
#1 C:\alaragon\www\site\ci4\vendor\codeigniter4\framework\system\CodeIgniter.php(937): App\Controllers\Front\Shop\Produtos->index()
#2 C:\alaragon\www\site\ci4\vendor\codeigniter4\framework\system\CodeIgniter.php(433): CodeIgniter\CodeIgniter->runController(Object(App\Controllers\Front\Shop\Produtos))
#3 C:\alaragon\www\site\ci4\vendor\codeigniter4\framework\system\CodeIgniter.php(334): CodeIgniter\CodeIgniter->handleRequest(NULL, Object(Config\Cache), false)
#4 C:\alaragon\www\site\public_html\index.php(45): CodeIgniter\CodeIgniter->run()
#5 {main}
CRITICAL - 2021-11-21 10:49:59 --> Undefined offset: 0
#0 C:\alaragon\www\site\ci4\app\Controllers\Front\Shop\Produtos.php(35): CodeIgniter\Debug\Exceptions->errorHandler(8, 'Undefined offse...', 'C:\\alaragon\\www...', 35, Array)
#1 C:\alaragon\www\site\ci4\vendor\codeigniter4\framework\system\CodeIgniter.php(937): App\Controllers\Front\Shop\Produtos->index()
#2 C:\alaragon\www\site\ci4\vendor\codeigniter4\framework\system\CodeIgniter.php(433): CodeIgniter\CodeIgniter->runController(Object(App\Controllers\Front\Shop\Produtos))
#3 C:\alaragon\www\site\ci4\vendor\codeigniter4\framework\system\CodeIgniter.php(334): CodeIgniter\CodeIgniter->handleRequest(NULL, Object(Config\Cache), false)
#4 C:\alaragon\www\site\public_html\index.php(45): CodeIgniter\CodeIgniter->run()
#5 {main}
CRITICAL - 2021-11-21 10:49:59 --> Undefined offset: 0
#0 C:\alaragon\www\site\ci4\app\Controllers\Front\Shop\Produtos.php(35): CodeIgniter\Debug\Exceptions->errorHandler(8, 'Undefined offse...', 'C:\\alaragon\\www...', 35, Array)
#1 C:\alaragon\www\site\ci4\vendor\codeigniter4\framework\system\CodeIgniter.php(937): App\Controllers\Front\Shop\Produtos->index()
#2 C:\alaragon\www\site\ci4\vendor\codeigniter4\framework\system\CodeIgniter.php(433): CodeIgniter\CodeIgniter->runController(Object(App\Controllers\Front\Shop\Produtos))
#3 C:\alaragon\www\site\ci4\vendor\codeigniter4\framework\system\CodeIgniter.php(334): CodeIgniter\CodeIgniter->handleRequest(NULL, Object(Config\Cache), false)
#4 C:\alaragon\www\site\public_html\index.php(45): CodeIgniter\CodeIgniter->run()
#5 {main}
CRITICAL - 2021-11-21 10:54:02 --> syntax error, unexpected ')'
#0 C:\alaragon\www\site\ci4\vendor\codeigniter4\framework\system\View\View.php(222): CodeIgniter\View\View->CodeIgniter\View\{closure}()
#1 C:\alaragon\www\site\ci4\vendor\codeigniter4\framework\system\View\View.php(236): CodeIgniter\View\View->render('front/shop/inde...', Array, true)
#2 C:\alaragon\www\site\ci4\vendor\codeigniter4\framework\system\Common.php(1217): CodeIgniter\View\View->render('front/shop/cont...', Array, true)
#3 C:\alaragon\www\site\ci4\app\Controllers\Front\Home.php(38): view('front/shop/cont...', Array)
#4 C:\alaragon\www\site\ci4\vendor\codeigniter4\framework\system\CodeIgniter.php(937): App\Controllers\Front\Home->index()
#5 C:\alaragon\www\site\ci4\vendor\codeigniter4\framework\system\CodeIgniter.php(433): CodeIgniter\CodeIgniter->runController(Object(App\Controllers\Front\Home))
#6 C:\alaragon\www\site\ci4\vendor\codeigniter4\framework\system\CodeIgniter.php(334): CodeIgniter\CodeIgniter->handleRequest(NULL, Object(Config\Cache), false)
#7 C:\alaragon\www\site\public_html\index.php(45): CodeIgniter\CodeIgniter->run()
#8 {main}
CRITICAL - 2021-11-21 10:54:08 --> syntax error, unexpected ')'
#0 C:\alaragon\www\site\ci4\vendor\codeigniter4\framework\system\View\View.php(222): CodeIgniter\View\View->CodeIgniter\View\{closure}()
#1 C:\alaragon\www\site\ci4\vendor\codeigniter4\framework\system\View\View.php(236): CodeIgniter\View\View->render('front/shop/inde...', Array, true)
#2 C:\alaragon\www\site\ci4\vendor\codeigniter4\framework\system\Common.php(1217): CodeIgniter\View\View->render('front/shop/cont...', Array, true)
#3 C:\alaragon\www\site\ci4\app\Controllers\Front\Home.php(38): view('front/shop/cont...', Array)
#4 C:\alaragon\www\site\ci4\vendor\codeigniter4\framework\system\CodeIgniter.php(937): App\Controllers\Front\Home->index()
#5 C:\alaragon\www\site\ci4\vendor\codeigniter4\framework\system\CodeIgniter.php(433): CodeIgniter\CodeIgniter->runController(Object(App\Controllers\Front\Home))
#6 C:\alaragon\www\site\ci4\vendor\codeigniter4\framework\system\CodeIgniter.php(334): CodeIgniter\CodeIgniter->handleRequest(NULL, Object(Config\Cache), false)
#7 C:\alaragon\www\site\public_html\index.php(45): CodeIgniter\CodeIgniter->run()
#8 {main}
CRITICAL - 2021-11-21 10:55:06 --> Trying to get property 'quantity' of non-object
#0 C:\alaragon\www\site\ci4\app\Views\front\shop\index.php(147): CodeIgniter\Debug\Exceptions->errorHandler(8, 'Trying to get p...', 'C:\\alaragon\\www...', 147, Array)
#1 C:\alaragon\www\site\ci4\vendor\codeigniter4\framework\system\View\View.php(220): include('C:\\alaragon\\www...')
#2 C:\alaragon\www\site\ci4\vendor\codeigniter4\framework\system\View\View.php(222): CodeIgniter\View\View->CodeIgniter\View\{closure}()
#3 C:\alaragon\www\site\ci4\vendor\codeigniter4\framework\system\View\View.php(236): CodeIgniter\View\View->render('front/shop/inde...', Array, true)
#4 C:\alaragon\www\site\ci4\vendor\codeigniter4\framework\system\Common.php(1217): CodeIgniter\View\View->render('front/shop/cont...', Array, true)
#5 C:\alaragon\www\site\ci4\app\Controllers\Front\Home.php(38): view('front/shop/cont...', Array)
#6 C:\alaragon\www\site\ci4\vendor\codeigniter4\framework\system\CodeIgniter.php(937): App\Controllers\Front\Home->index()
#7 C:\alaragon\www\site\ci4\vendor\codeigniter4\framework\system\CodeIgniter.php(433): CodeIgniter\CodeIgniter->runController(Object(App\Controllers\Front\Home))
#8 C:\alaragon\www\site\ci4\vendor\codeigniter4\framework\system\CodeIgniter.php(334): CodeIgniter\CodeIgniter->handleRequest(NULL, Object(Config\Cache), false)
#9 C:\alaragon\www\site\public_html\index.php(45): CodeIgniter\CodeIgniter->run()
#10 {main}
CRITICAL - 2021-11-21 10:55:16 --> Trying to get property 'qty' of non-object
#0 C:\alaragon\www\site\ci4\app\Views\front\shop\index.php(147): CodeIgniter\Debug\Exceptions->errorHandler(8, 'Trying to get p...', 'C:\\alaragon\\www...', 147, Array)
#1 C:\alaragon\www\site\ci4\vendor\codeigniter4\framework\system\View\View.php(220): include('C:\\alaragon\\www...')
#2 C:\alaragon\www\site\ci4\vendor\codeigniter4\framework\system\View\View.php(222): CodeIgniter\View\View->CodeIgniter\View\{closure}()
#3 C:\alaragon\www\site\ci4\vendor\codeigniter4\framework\system\View\View.php(236): CodeIgniter\View\View->render('front/shop/inde...', Array, true)
#4 C:\alaragon\www\site\ci4\vendor\codeigniter4\framework\system\Common.php(1217): CodeIgniter\View\View->render('front/shop/cont...', Array, true)
#5 C:\alaragon\www\site\ci4\app\Controllers\Front\Home.php(38): view('front/shop/cont...', Array)
#6 C:\alaragon\www\site\ci4\vendor\codeigniter4\framework\system\CodeIgniter.php(937): App\Controllers\Front\Home->index()
#7 C:\alaragon\www\site\ci4\vendor\codeigniter4\framework\system\CodeIgniter.php(433): CodeIgniter\CodeIgniter->runController(Object(App\Controllers\Front\Home))
#8 C:\alaragon\www\site\ci4\vendor\codeigniter4\framework\system\CodeIgniter.php(334): CodeIgniter\CodeIgniter->handleRequest(NULL, Object(Config\Cache), false)
#9 C:\alaragon\www\site\public_html\index.php(45): CodeIgniter\CodeIgniter->run()
#10 {main}
CRITICAL - 2021-11-21 10:55:54 --> Trying to get property 'foto' of non-object
#0 C:\alaragon\www\site\ci4\app\Views\front\shop\index.php(146): CodeIgniter\Debug\Exceptions->errorHandler(8, 'Trying to get p...', 'C:\\alaragon\\www...', 146, Array)
#1 C:\alaragon\www\site\ci4\vendor\codeigniter4\framework\system\View\View.php(220): include('C:\\alaragon\\www...')
#2 C:\alaragon\www\site\ci4\vendor\codeigniter4\framework\system\View\View.php(222): CodeIgniter\View\View->CodeIgniter\View\{closure}()
#3 C:\alaragon\www\site\ci4\vendor\codeigniter4\framework\system\View\View.php(236): CodeIgniter\View\View->render('front/shop/inde...', Array, true)
#4 C:\alaragon\www\site\ci4\vendor\codeigniter4\framework\system\Common.php(1217): CodeIgniter\View\View->render('front/shop/cont...', Array, true)
#5 C:\alaragon\www\site\ci4\app\Controllers\Front\Home.php(38): view('front/shop/cont...', Array)
#6 C:\alaragon\www\site\ci4\vendor\codeigniter4\framework\system\CodeIgniter.php(937): App\Controllers\Front\Home->index()
#7 C:\alaragon\www\site\ci4\vendor\codeigniter4\framework\system\CodeIgniter.php(433): CodeIgniter\CodeIgniter->runController(Object(App\Controllers\Front\Home))
#8 C:\alaragon\www\site\ci4\vendor\codeigniter4\framework\system\CodeIgniter.php(334): CodeIgniter\CodeIgniter->handleRequest(NULL, Object(Config\Cache), false)
#9 C:\alaragon\www\site\public_html\index.php(45): CodeIgniter\CodeIgniter->run()
#10 {main}
CRITICAL - 2021-11-21 10:59:05 --> Trying to get property 'foto' of non-object
#0 C:\alaragon\www\site\ci4\app\Views\front\shop\index.php(147): CodeIgniter\Debug\Exceptions->errorHandler(8, 'Trying to get p...', 'C:\\alaragon\\www...', 147, Array)
#1 C:\alaragon\www\site\ci4\vendor\codeigniter4\framework\system\View\View.php(220): include('C:\\alaragon\\www...')
#2 C:\alaragon\www\site\ci4\vendor\codeigniter4\framework\system\View\View.php(222): CodeIgniter\View\View->CodeIgniter\View\{closure}()
#3 C:\alaragon\www\site\ci4\vendor\codeigniter4\framework\system\View\View.php(236): CodeIgniter\View\View->render('front/shop/inde...', Array, true)
#4 C:\alaragon\www\site\ci4\vendor\codeigniter4\framework\system\Common.php(1217): CodeIgniter\View\View->render('front/shop/cont...', Array, true)
#5 C:\alaragon\www\site\ci4\app\Controllers\Front\Home.php(36): view('front/shop/cont...', Array)
#6 C:\alaragon\www\site\ci4\vendor\codeigniter4\framework\system\CodeIgniter.php(937): App\Controllers\Front\Home->index()
#7 C:\alaragon\www\site\ci4\vendor\codeigniter4\framework\system\CodeIgniter.php(433): CodeIgniter\CodeIgniter->runController(Object(App\Controllers\Front\Home))
#8 C:\alaragon\www\site\ci4\vendor\codeigniter4\framework\system\CodeIgniter.php(334): CodeIgniter\CodeIgniter->handleRequest(NULL, Object(Config\Cache), false)
#9 C:\alaragon\www\site\public_html\index.php(45): CodeIgniter\CodeIgniter->run()
#10 {main}
CRITICAL - 2021-11-21 11:00:10 --> Trying to get property 'foto' of non-object
#0 C:\alaragon\www\site\ci4\app\Views\front\shop\index.php(147): CodeIgniter\Debug\Exceptions->errorHandler(8, 'Trying to get p...', 'C:\\alaragon\\www...', 147, Array)
#1 C:\alaragon\www\site\ci4\vendor\codeigniter4\framework\system\View\View.php(220): include('C:\\alaragon\\www...')
#2 C:\alaragon\www\site\ci4\vendor\codeigniter4\framework\system\View\View.php(222): CodeIgniter\View\View->CodeIgniter\View\{closure}()
#3 C:\alaragon\www\site\ci4\vendor\codeigniter4\framework\system\View\View.php(236): CodeIgniter\View\View->render('front/shop/inde...', Array, true)
#4 C:\alaragon\www\site\ci4\vendor\codeigniter4\framework\system\Common.php(1217): CodeIgniter\View\View->render('front/shop/cont...', Array, true)
#5 C:\alaragon\www\site\ci4\app\Controllers\Front\Home.php(36): view('front/shop/cont...', Array)
#6 C:\alaragon\www\site\ci4\vendor\codeigniter4\framework\system\CodeIgniter.php(937): App\Controllers\Front\Home->index()
#7 C:\alaragon\www\site\ci4\vendor\codeigniter4\framework\system\CodeIgniter.php(433): CodeIgniter\CodeIgniter->runController(Object(App\Controllers\Front\Home))
#8 C:\alaragon\www\site\ci4\vendor\codeigniter4\framework\system\CodeIgniter.php(334): CodeIgniter\CodeIgniter->handleRequest(NULL, Object(Config\Cache), false)
#9 C:\alaragon\www\site\public_html\index.php(45): CodeIgniter\CodeIgniter->run()
#10 {main}
CRITICAL - 2021-11-21 11:00:23 --> Trying to get property 'qty' of non-object
#0 C:\alaragon\www\site\ci4\app\Views\front\shop\index.php(148): CodeIgniter\Debug\Exceptions->errorHandler(8, 'Trying to get p...', 'C:\\alaragon\\www...', 148, Array)
#1 C:\alaragon\www\site\ci4\vendor\codeigniter4\framework\system\View\View.php(220): include('C:\\alaragon\\www...')
#2 C:\alaragon\www\site\ci4\vendor\codeigniter4\framework\system\View\View.php(222): CodeIgniter\View\View->CodeIgniter\View\{closure}()
#3 C:\alaragon\www\site\ci4\vendor\codeigniter4\framework\system\View\View.php(236): CodeIgniter\View\View->render('front/shop/inde...', Array, true)
#4 C:\alaragon\www\site\ci4\vendor\codeigniter4\framework\system\Common.php(1217): CodeIgniter\View\View->render('front/shop/cont...', Array, true)
#5 C:\alaragon\www\site\ci4\app\Controllers\Front\Home.php(36): view('front/shop/cont...', Array)
#6 C:\alaragon\www\site\ci4\vendor\codeigniter4\framework\system\CodeIgniter.php(937): App\Controllers\Front\Home->index()
#7 C:\alaragon\www\site\ci4\vendor\codeigniter4\framework\system\CodeIgniter.php(433): CodeIgniter\CodeIgniter->runController(Object(App\Controllers\Front\Home))
#8 C:\alaragon\www\site\ci4\vendor\codeigniter4\framework\system\CodeIgniter.php(334): CodeIgniter\CodeIgniter->handleRequest(NULL, Object(Config\Cache), false)
#9 C:\alaragon\www\site\public_html\index.php(45): CodeIgniter\CodeIgniter->run()
#10 {main}
CRITICAL - 2021-11-21 11:00:52 --> Trying to get property 'subtotal' of non-object
#0 C:\alaragon\www\site\ci4\app\Views\front\shop\index.php(168): CodeIgniter\Debug\Exceptions->errorHandler(8, 'Trying to get p...', 'C:\\alaragon\\www...', 168, Array)
#1 C:\alaragon\www\site\ci4\vendor\codeigniter4\framework\system\View\View.php(220): include('C:\\alaragon\\www...')
#2 C:\alaragon\www\site\ci4\vendor\codeigniter4\framework\system\View\View.php(222): CodeIgniter\View\View->CodeIgniter\View\{closure}()
#3 C:\alaragon\www\site\ci4\vendor\codeigniter4\framework\system\View\View.php(236): CodeIgniter\View\View->render('front/shop/inde...', Array, true)
#4 C:\alaragon\www\site\ci4\vendor\codeigniter4\framework\system\Common.php(1217): CodeIgniter\View\View->render('front/shop/cont...', Array, true)
#5 C:\alaragon\www\site\ci4\app\Controllers\Front\Home.php(36): view('front/shop/cont...', Array)
#6 C:\alaragon\www\site\ci4\vendor\codeigniter4\framework\system\CodeIgniter.php(937): App\Controllers\Front\Home->index()
#7 C:\alaragon\www\site\ci4\vendor\codeigniter4\framework\system\CodeIgniter.php(433): CodeIgniter\CodeIgniter->runController(Object(App\Controllers\Front\Home))
#8 C:\alaragon\www\site\ci4\vendor\codeigniter4\framework\system\CodeIgniter.php(334): CodeIgniter\CodeIgniter->handleRequest(NULL, Object(Config\Cache), false)
#9 C:\alaragon\www\site\public_html\index.php(45): CodeIgniter\CodeIgniter->run()
#10 {main}
CRITICAL - 2021-11-21 11:03:02 --> Undefined variable: cart
#0 C:\alaragon\www\site\ci4\app\Views\front\shop\index.php(168): CodeIgniter\Debug\Exceptions->errorHandler(8, 'Undefined varia...', 'C:\\alaragon\\www...', 168, Array)
#1 C:\alaragon\www\site\ci4\vendor\codeigniter4\framework\system\View\View.php(220): include('C:\\alaragon\\www...')
#2 C:\alaragon\www\site\ci4\vendor\codeigniter4\framework\system\View\View.php(222): CodeIgniter\View\View->CodeIgniter\View\{closure}()
#3 C:\alaragon\www\site\ci4\vendor\codeigniter4\framework\system\View\View.php(236): CodeIgniter\View\View->render('front/shop/inde...', Array, true)
#4 C:\alaragon\www\site\ci4\vendor\codeigniter4\framework\system\Common.php(1217): CodeIgniter\View\View->render('front/shop/cont...', Array, true)
#5 C:\alaragon\www\site\ci4\app\Controllers\Front\Home.php(36): view('front/shop/cont...', Array)
#6 C:\alaragon\www\site\ci4\vendor\codeigniter4\framework\system\CodeIgniter.php(937): App\Controllers\Front\Home->index()
#7 C:\alaragon\www\site\ci4\vendor\codeigniter4\framework\system\CodeIgniter.php(433): CodeIgniter\CodeIgniter->runController(Object(App\Controllers\Front\Home))
#8 C:\alaragon\www\site\ci4\vendor\codeigniter4\framework\system\CodeIgniter.php(334): CodeIgniter\CodeIgniter->handleRequest(NULL, Object(Config\Cache), false)
#9 C:\alaragon\www\site\public_html\index.php(45): CodeIgniter\CodeIgniter->run()
#10 {main}
CRITICAL - 2021-11-21 11:04:01 --> syntax error, unexpected '}', expecting end of file
#0 C:\alaragon\www\site\ci4\vendor\codeigniter4\framework\system\View\View.php(222): CodeIgniter\View\View->CodeIgniter\View\{closure}()
#1 C:\alaragon\www\site\ci4\vendor\codeigniter4\framework\system\View\View.php(236): CodeIgniter\View\View->render('front/shop/inde...', Array, true)
#2 C:\alaragon\www\site\ci4\vendor\codeigniter4\framework\system\Common.php(1217): CodeIgniter\View\View->render('front/shop/cont...', Array, true)
#3 C:\alaragon\www\site\ci4\app\Controllers\Front\Home.php(36): view('front/shop/cont...', Array)
#4 C:\alaragon\www\site\ci4\vendor\codeigniter4\framework\system\CodeIgniter.php(937): App\Controllers\Front\Home->index()
#5 C:\alaragon\www\site\ci4\vendor\codeigniter4\framework\system\CodeIgniter.php(433): CodeIgniter\CodeIgniter->runController(Object(App\Controllers\Front\Home))
#6 C:\alaragon\www\site\ci4\vendor\codeigniter4\framework\system\CodeIgniter.php(334): CodeIgniter\CodeIgniter->handleRequest(NULL, Object(Config\Cache), false)
#7 C:\alaragon\www\site\public_html\index.php(45): CodeIgniter\CodeIgniter->run()
#8 {main}
CRITICAL - 2021-11-21 11:17:23 --> Undefined offset: 0
#0 C:\alaragon\www\site\ci4\app\Controllers\Front\Shop\Produtos.php(35): CodeIgniter\Debug\Exceptions->errorHandler(8, 'Undefined offse...', 'C:\\alaragon\\www...', 35, Array)
#1 C:\alaragon\www\site\ci4\vendor\codeigniter4\framework\system\CodeIgniter.php(937): App\Controllers\Front\Shop\Produtos->index()
#2 C:\alaragon\www\site\ci4\vendor\codeigniter4\framework\system\CodeIgniter.php(433): CodeIgniter\CodeIgniter->runController(Object(App\Controllers\Front\Shop\Produtos))
#3 C:\alaragon\www\site\ci4\vendor\codeigniter4\framework\system\CodeIgniter.php(334): CodeIgniter\CodeIgniter->handleRequest(NULL, Object(Config\Cache), false)
#4 C:\alaragon\www\site\public_html\index.php(45): CodeIgniter\CodeIgniter->run()
#5 {main}
CRITICAL - 2021-11-21 11:17:23 --> Undefined offset: 0
#0 C:\alaragon\www\site\ci4\app\Controllers\Front\Shop\Produtos.php(35): CodeIgniter\Debug\Exceptions->errorHandler(8, 'Undefined offse...', 'C:\\alaragon\\www...', 35, Array)
#1 C:\alaragon\www\site\ci4\vendor\codeigniter4\framework\system\CodeIgniter.php(937): App\Controllers\Front\Shop\Produtos->index()
#2 C:\alaragon\www\site\ci4\vendor\codeigniter4\framework\system\CodeIgniter.php(433): CodeIgniter\CodeIgniter->runController(Object(App\Controllers\Front\Shop\Produtos))
#3 C:\alaragon\www\site\ci4\vendor\codeigniter4\framework\system\CodeIgniter.php(334): CodeIgniter\CodeIgniter->handleRequest(NULL, Object(Config\Cache), false)
#4 C:\alaragon\www\site\public_html\index.php(45): CodeIgniter\CodeIgniter->run()
#5 {main}
CRITICAL - 2021-11-21 11:17:36 --> Undefined offset: 0
#0 C:\alaragon\www\site\ci4\app\Controllers\Front\Shop\Produtos.php(35): CodeIgniter\Debug\Exceptions->errorHandler(8, 'Undefined offse...', 'C:\\alaragon\\www...', 35, Array)
#1 C:\alaragon\www\site\ci4\vendor\codeigniter4\framework\system\CodeIgniter.php(937): App\Controllers\Front\Shop\Produtos->index()
#2 C:\alaragon\www\site\ci4\vendor\codeigniter4\framework\system\CodeIgniter.php(433): CodeIgniter\CodeIgniter->runController(Object(App\Controllers\Front\Shop\Produtos))
#3 C:\alaragon\www\site\ci4\vendor\codeigniter4\framework\system\CodeIgniter.php(334): CodeIgniter\CodeIgniter->handleRequest(NULL, Object(Config\Cache), false)
#4 C:\alaragon\www\site\public_html\index.php(45): CodeIgniter\CodeIgniter->run()
#5 {main}
CRITICAL - 2021-11-21 11:25:04 --> Undefined offset: 0
#0 C:\alaragon\www\site\ci4\app\Controllers\Front\Shop\Produtos.php(35): CodeIgniter\Debug\Exceptions->errorHandler(8, 'Undefined offse...', 'C:\\alaragon\\www...', 35, Array)
#1 C:\alaragon\www\site\ci4\vendor\codeigniter4\framework\system\CodeIgniter.php(937): App\Controllers\Front\Shop\Produtos->index()
#2 C:\alaragon\www\site\ci4\vendor\codeigniter4\framework\system\CodeIgniter.php(433): CodeIgniter\CodeIgniter->runController(Object(App\Controllers\Front\Shop\Produtos))
#3 C:\alaragon\www\site\ci4\vendor\codeigniter4\framework\system\CodeIgniter.php(334): CodeIgniter\CodeIgniter->handleRequest(NULL, Object(Config\Cache), false)
#4 C:\alaragon\www\site\public_html\index.php(45): CodeIgniter\CodeIgniter->run()
#5 {main}
CRITICAL - 2021-11-21 11:25:04 --> Undefined offset: 0
#0 C:\alaragon\www\site\ci4\app\Controllers\Front\Shop\Produtos.php(35): CodeIgniter\Debug\Exceptions->errorHandler(8, 'Undefined offse...', 'C:\\alaragon\\www...', 35, Array)
#1 C:\alaragon\www\site\ci4\vendor\codeigniter4\framework\system\CodeIgniter.php(937): App\Controllers\Front\Shop\Produtos->index()
#2 C:\alaragon\www\site\ci4\vendor\codeigniter4\framework\system\CodeIgniter.php(433): CodeIgniter\CodeIgniter->runController(Object(App\Controllers\Front\Shop\Produtos))
#3 C:\alaragon\www\site\ci4\vendor\codeigniter4\framework\system\CodeIgniter.php(334): CodeIgniter\CodeIgniter->handleRequest(NULL, Object(Config\Cache), false)
#4 C:\alaragon\www\site\public_html\index.php(45): CodeIgniter\CodeIgniter->run()
#5 {main}
CRITICAL - 2021-11-21 11:25:07 --> Undefined offset: 0
#0 C:\alaragon\www\site\ci4\app\Controllers\Front\Shop\Produtos.php(35): CodeIgniter\Debug\Exceptions->errorHandler(8, 'Undefined offse...', 'C:\\alaragon\\www...', 35, Array)
#1 C:\alaragon\www\site\ci4\vendor\codeigniter4\framework\system\CodeIgniter.php(937): App\Controllers\Front\Shop\Produtos->index()
#2 C:\alaragon\www\site\ci4\vendor\codeigniter4\framework\system\CodeIgniter.php(433): CodeIgniter\CodeIgniter->runController(Object(App\Controllers\Front\Shop\Produtos))
#3 C:\alaragon\www\site\ci4\vendor\codeigniter4\framework\system\CodeIgniter.php(334): CodeIgniter\CodeIgniter->handleRequest(NULL, Object(Config\Cache), false)
#4 C:\alaragon\www\site\public_html\index.php(45): CodeIgniter\CodeIgniter->run()
#5 {main}
CRITICAL - 2021-11-21 11:25:07 --> Undefined offset: 0
#0 C:\alaragon\www\site\ci4\app\Controllers\Front\Shop\Produtos.php(35): CodeIgniter\Debug\Exceptions->errorHandler(8, 'Undefined offse...', 'C:\\alaragon\\www...', 35, Array)
#1 C:\alaragon\www\site\ci4\vendor\codeigniter4\framework\system\CodeIgniter.php(937): App\Controllers\Front\Shop\Produtos->index()
#2 C:\alaragon\www\site\ci4\vendor\codeigniter4\framework\system\CodeIgniter.php(433): CodeIgniter\CodeIgniter->runController(Object(App\Controllers\Front\Shop\Produtos))
#3 C:\alaragon\www\site\ci4\vendor\codeigniter4\framework\system\CodeIgniter.php(334): CodeIgniter\CodeIgniter->handleRequest(NULL, Object(Config\Cache), false)
#4 C:\alaragon\www\site\public_html\index.php(45): CodeIgniter\CodeIgniter->run()
#5 {main}
CRITICAL - 2021-11-21 11:44:07 --> Undefined offset: 0
#0 C:\alaragon\www\site\ci4\app\Controllers\Front\Shop\Produtos.php(35): CodeIgniter\Debug\Exceptions->errorHandler(8, 'Undefined offse...', 'C:\\alaragon\\www...', 35, Array)
#1 C:\alaragon\www\site\ci4\vendor\codeigniter4\framework\system\CodeIgniter.php(937): App\Controllers\Front\Shop\Produtos->index()
#2 C:\alaragon\www\site\ci4\vendor\codeigniter4\framework\system\CodeIgniter.php(433): CodeIgniter\CodeIgniter->runController(Object(App\Controllers\Front\Shop\Produtos))
#3 C:\alaragon\www\site\ci4\vendor\codeigniter4\framework\system\CodeIgniter.php(334): CodeIgniter\CodeIgniter->handleRequest(NULL, Object(Config\Cache), false)
#4 C:\alaragon\www\site\public_html\index.php(45): CodeIgniter\CodeIgniter->run()
#5 {main}
CRITICAL - 2021-11-21 11:44:08 --> Undefined offset: 0
#0 C:\alaragon\www\site\ci4\app\Controllers\Front\Shop\Produtos.php(35): CodeIgniter\Debug\Exceptions->errorHandler(8, 'Undefined offse...', 'C:\\alaragon\\www...', 35, Array)
#1 C:\alaragon\www\site\ci4\vendor\codeigniter4\framework\system\CodeIgniter.php(937): App\Controllers\Front\Shop\Produtos->index()
#2 C:\alaragon\www\site\ci4\vendor\codeigniter4\framework\system\CodeIgniter.php(433): CodeIgniter\CodeIgniter->runController(Object(App\Controllers\Front\Shop\Produtos))
#3 C:\alaragon\www\site\ci4\vendor\codeigniter4\framework\system\CodeIgniter.php(334): CodeIgniter\CodeIgniter->handleRequest(NULL, Object(Config\Cache), false)
#4 C:\alaragon\www\site\public_html\index.php(45): CodeIgniter\CodeIgniter->run()
#5 {main}
