CRITICAL - 2022-01-07 10:57:26 --> Undefined variable: destaques
#0 C:\alaragon\www\site\ci4\app\Views\front\shop\content.php(47): CodeIgniter\Debug\Exceptions->errorHandler(8, 'Undefined varia...', 'C:\\alaragon\\www...', 47, Array)
#1 C:\alaragon\www\site\ci4\vendor\codeigniter4\framework\system\View\View.php(220): include('C:\\alaragon\\www...')
#2 C:\alaragon\www\site\ci4\vendor\codeigniter4\framework\system\View\View.php(222): CodeIgniter\View\View->CodeIgniter\View\{closure}()
#3 C:\alaragon\www\site\ci4\vendor\codeigniter4\framework\system\Common.php(1217): CodeIgniter\View\View->render('front/shop/cont...', Array, true)
#4 C:\alaragon\www\site\ci4\app\Controllers\Front\Home.php(34): view('front/shop/cont...', Array)
#5 C:\alaragon\www\site\ci4\vendor\codeigniter4\framework\system\CodeIgniter.php(937): App\Controllers\Front\Home->index()
#6 C:\alaragon\www\site\ci4\vendor\codeigniter4\framework\system\CodeIgniter.php(433): CodeIgniter\CodeIgniter->runController(Object(App\Controllers\Front\Home))
#7 C:\alaragon\www\site\ci4\vendor\codeigniter4\framework\system\CodeIgniter.php(334): CodeIgniter\CodeIgniter->handleRequest(NULL, Object(Config\Cache), false)
#8 C:\alaragon\www\site\public_html\index.php(45): CodeIgniter\CodeIgniter->run()
#9 {main}
CRITICAL - 2022-01-07 10:59:03 --> Undefined offset: 0
#0 C:\alaragon\www\site\ci4\app\Views\front\site\content.php(12): CodeIgniter\Debug\Exceptions->errorHandler(8, 'Undefined offse...', 'C:\\alaragon\\www...', 12, Array)
#1 C:\alaragon\www\site\ci4\vendor\codeigniter4\framework\system\View\View.php(220): include('C:\\alaragon\\www...')
#2 C:\alaragon\www\site\ci4\vendor\codeigniter4\framework\system\View\View.php(222): CodeIgniter\View\View->CodeIgniter\View\{closure}()
#3 C:\alaragon\www\site\ci4\vendor\codeigniter4\framework\system\Common.php(1217): CodeIgniter\View\View->render('front/site/cont...', Array, true)
#4 C:\alaragon\www\site\ci4\app\Controllers\Front\Home.php(34): view('front/site/cont...', Array)
#5 C:\alaragon\www\site\ci4\vendor\codeigniter4\framework\system\CodeIgniter.php(937): App\Controllers\Front\Home->index()
#6 C:\alaragon\www\site\ci4\vendor\codeigniter4\framework\system\CodeIgniter.php(433): CodeIgniter\CodeIgniter->runController(Object(App\Controllers\Front\Home))
#7 C:\alaragon\www\site\ci4\vendor\codeigniter4\framework\system\CodeIgniter.php(334): CodeIgniter\CodeIgniter->handleRequest(NULL, Object(Config\Cache), false)
#8 C:\alaragon\www\site\public_html\index.php(45): CodeIgniter\CodeIgniter->run()
#9 {main}
CRITICAL - 2022-01-07 11:14:48 --> Undefined variable: banner_meio
#0 C:\alaragon\www\site\ci4\app\Views\front\site\content.php(9): CodeIgniter\Debug\Exceptions->errorHandler(8, 'Undefined varia...', 'C:\\alaragon\\www...', 9, Array)
#1 C:\alaragon\www\site\ci4\vendor\codeigniter4\framework\system\View\View.php(220): include('C:\\alaragon\\www...')
#2 C:\alaragon\www\site\ci4\vendor\codeigniter4\framework\system\View\View.php(222): CodeIgniter\View\View->CodeIgniter\View\{closure}()
#3 C:\alaragon\www\site\ci4\vendor\codeigniter4\framework\system\Common.php(1217): CodeIgniter\View\View->render('front/site/cont...', Array, true)
#4 C:\alaragon\www\site\ci4\app\Controllers\Front\Home.php(29): view('front/site/cont...', Array)
#5 C:\alaragon\www\site\ci4\vendor\codeigniter4\framework\system\CodeIgniter.php(937): App\Controllers\Front\Home->index()
#6 C:\alaragon\www\site\ci4\vendor\codeigniter4\framework\system\CodeIgniter.php(433): CodeIgniter\CodeIgniter->runController(Object(App\Controllers\Front\Home))
#7 C:\alaragon\www\site\ci4\vendor\codeigniter4\framework\system\CodeIgniter.php(334): CodeIgniter\CodeIgniter->handleRequest(NULL, Object(Config\Cache), false)
#8 C:\alaragon\www\site\public_html\index.php(45): CodeIgniter\CodeIgniter->run()
#9 {main}
CRITICAL - 2022-01-07 11:15:41 --> Undefined variable: banner
#0 C:\alaragon\www\site\ci4\app\Views\front\site\content.php(21): CodeIgniter\Debug\Exceptions->errorHandler(8, 'Undefined varia...', 'C:\\alaragon\\www...', 21, Array)
#1 C:\alaragon\www\site\ci4\vendor\codeigniter4\framework\system\View\View.php(220): include('C:\\alaragon\\www...')
#2 C:\alaragon\www\site\ci4\vendor\codeigniter4\framework\system\View\View.php(222): CodeIgniter\View\View->CodeIgniter\View\{closure}()
#3 C:\alaragon\www\site\ci4\vendor\codeigniter4\framework\system\Common.php(1217): CodeIgniter\View\View->render('front/site/cont...', Array, true)
#4 C:\alaragon\www\site\ci4\app\Controllers\Front\Home.php(29): view('front/site/cont...', Array)
#5 C:\alaragon\www\site\ci4\vendor\codeigniter4\framework\system\CodeIgniter.php(937): App\Controllers\Front\Home->index()
#6 C:\alaragon\www\site\ci4\vendor\codeigniter4\framework\system\CodeIgniter.php(433): CodeIgniter\CodeIgniter->runController(Object(App\Controllers\Front\Home))
#7 C:\alaragon\www\site\ci4\vendor\codeigniter4\framework\system\CodeIgniter.php(334): CodeIgniter\CodeIgniter->handleRequest(NULL, Object(Config\Cache), false)
#8 C:\alaragon\www\site\public_html\index.php(45): CodeIgniter\CodeIgniter->run()
#9 {main}
CRITICAL - 2022-01-07 11:15:54 --> Undefined variable: menu
#0 C:\alaragon\www\site\ci4\app\Views\front\site\index.php(116): CodeIgniter\Debug\Exceptions->errorHandler(8, 'Undefined varia...', 'C:\\alaragon\\www...', 116, Array)
#1 C:\alaragon\www\site\ci4\vendor\codeigniter4\framework\system\View\View.php(220): include('C:\\alaragon\\www...')
#2 C:\alaragon\www\site\ci4\vendor\codeigniter4\framework\system\View\View.php(222): CodeIgniter\View\View->CodeIgniter\View\{closure}()
#3 C:\alaragon\www\site\ci4\vendor\codeigniter4\framework\system\View\View.php(236): CodeIgniter\View\View->render('front/site/inde...', Array, true)
#4 C:\alaragon\www\site\ci4\vendor\codeigniter4\framework\system\Common.php(1217): CodeIgniter\View\View->render('front/site/cont...', Array, true)
#5 C:\alaragon\www\site\ci4\app\Controllers\Front\Home.php(29): view('front/site/cont...', Array)
#6 C:\alaragon\www\site\ci4\vendor\codeigniter4\framework\system\CodeIgniter.php(937): App\Controllers\Front\Home->index()
#7 C:\alaragon\www\site\ci4\vendor\codeigniter4\framework\system\CodeIgniter.php(433): CodeIgniter\CodeIgniter->runController(Object(App\Controllers\Front\Home))
#8 C:\alaragon\www\site\ci4\vendor\codeigniter4\framework\system\CodeIgniter.php(334): CodeIgniter\CodeIgniter->handleRequest(NULL, Object(Config\Cache), false)
#9 C:\alaragon\www\site\public_html\index.php(45): CodeIgniter\CodeIgniter->run()
#10 {main}
CRITICAL - 2022-01-07 13:18:00 --> Undefined variable: destaques
#0 C:\alaragon\www\site\ci4\app\Views\front\shop\content.php(47): CodeIgniter\Debug\Exceptions->errorHandler(8, 'Undefined varia...', 'C:\\alaragon\\www...', 47, Array)
#1 C:\alaragon\www\site\ci4\vendor\codeigniter4\framework\system\View\View.php(220): include('C:\\alaragon\\www...')
#2 C:\alaragon\www\site\ci4\vendor\codeigniter4\framework\system\View\View.php(222): CodeIgniter\View\View->CodeIgniter\View\{closure}()
#3 C:\alaragon\www\site\ci4\vendor\codeigniter4\framework\system\Common.php(1217): CodeIgniter\View\View->render('front/shop/cont...', Array, true)
#4 C:\alaragon\www\site\ci4\app\Controllers\Front\Home.php(30): view('front/shop/cont...', Array)
#5 C:\alaragon\www\site\ci4\vendor\codeigniter4\framework\system\CodeIgniter.php(937): App\Controllers\Front\Home->index()
#6 C:\alaragon\www\site\ci4\vendor\codeigniter4\framework\system\CodeIgniter.php(433): CodeIgniter\CodeIgniter->runController(Object(App\Controllers\Front\Home))
#7 C:\alaragon\www\site\ci4\vendor\codeigniter4\framework\system\CodeIgniter.php(334): CodeIgniter\CodeIgniter->handleRequest(NULL, Object(Config\Cache), false)
#8 C:\alaragon\www\site\public_html\index.php(45): CodeIgniter\CodeIgniter->run()
#9 {main}
CRITICAL - 2022-01-07 13:29:39 --> Undefined variable: maisLidas
#0 C:\alaragon\www\site\ci4\app\Views\front\site\index.php(161): CodeIgniter\Debug\Exceptions->errorHandler(8, 'Undefined varia...', 'C:\\alaragon\\www...', 161, Array)
#1 C:\alaragon\www\site\ci4\vendor\codeigniter4\framework\system\View\View.php(220): include('C:\\alaragon\\www...')
#2 C:\alaragon\www\site\ci4\vendor\codeigniter4\framework\system\View\View.php(222): CodeIgniter\View\View->CodeIgniter\View\{closure}()
#3 C:\alaragon\www\site\ci4\vendor\codeigniter4\framework\system\View\View.php(236): CodeIgniter\View\View->render('front/site/inde...', Array, true)
#4 C:\alaragon\www\site\ci4\vendor\codeigniter4\framework\system\Common.php(1217): CodeIgniter\View\View->render('front/site/cont...', Array, true)
#5 C:\alaragon\www\site\ci4\app\Controllers\Front\Home.php(30): view('front/site/cont...', Array)
#6 C:\alaragon\www\site\ci4\vendor\codeigniter4\framework\system\CodeIgniter.php(937): App\Controllers\Front\Home->index()
#7 C:\alaragon\www\site\ci4\vendor\codeigniter4\framework\system\CodeIgniter.php(433): CodeIgniter\CodeIgniter->runController(Object(App\Controllers\Front\Home))
#8 C:\alaragon\www\site\ci4\vendor\codeigniter4\framework\system\CodeIgniter.php(334): CodeIgniter\CodeIgniter->handleRequest(NULL, Object(Config\Cache), false)
#9 C:\alaragon\www\site\public_html\index.php(45): CodeIgniter\CodeIgniter->run()
#10 {main}
CRITICAL - 2022-01-07 15:34:23 --> Undefined variable: maisLidas
#0 C:\alaragon\www\site\ci4\app\Views\front\site\index.php(161): CodeIgniter\Debug\Exceptions->errorHandler(8, 'Undefined varia...', 'C:\\alaragon\\www...', 161, Array)
#1 C:\alaragon\www\site\ci4\vendor\codeigniter4\framework\system\View\View.php(220): include('C:\\alaragon\\www...')
#2 C:\alaragon\www\site\ci4\vendor\codeigniter4\framework\system\View\View.php(222): CodeIgniter\View\View->CodeIgniter\View\{closure}()
#3 C:\alaragon\www\site\ci4\vendor\codeigniter4\framework\system\View\View.php(236): CodeIgniter\View\View->render('front/site/inde...', Array, true)
#4 C:\alaragon\www\site\ci4\vendor\codeigniter4\framework\system\Common.php(1217): CodeIgniter\View\View->render('front/site/cont...', Array, true)
#5 C:\alaragon\www\site\ci4\app\Controllers\Front\Home.php(30): view('front/site/cont...', Array)
#6 C:\alaragon\www\site\ci4\vendor\codeigniter4\framework\system\CodeIgniter.php(937): App\Controllers\Front\Home->index()
#7 C:\alaragon\www\site\ci4\vendor\codeigniter4\framework\system\CodeIgniter.php(433): CodeIgniter\CodeIgniter->runController(Object(App\Controllers\Front\Home))
#8 C:\alaragon\www\site\ci4\vendor\codeigniter4\framework\system\CodeIgniter.php(334): CodeIgniter\CodeIgniter->handleRequest(NULL, Object(Config\Cache), false)
#9 C:\alaragon\www\site\public_html\index.php(45): CodeIgniter\CodeIgniter->run()
#10 {main}
