CRITICAL - 2021-10-18 15:14:29 --> Arquivo inválido: front/loja/content.php
#0 C:\alaragon\www\site\ci4\vendor\codeigniter4\framework\system\View\View.php(203): CodeIgniter\Exceptions\FrameworkException::forInvalidFile('front/loja/cont...')
#1 C:\alaragon\www\site\ci4\vendor\codeigniter4\framework\system\Common.php(1217): CodeIgniter\View\View->render('front/loja/cont...', Array, true)
#2 C:\alaragon\www\site\ci4\app\Controllers\Front\Home.php(27): view('front/loja/cont...', Array)
#3 C:\alaragon\www\site\ci4\vendor\codeigniter4\framework\system\CodeIgniter.php(937): App\Controllers\Front\Home->index()
#4 C:\alaragon\www\site\ci4\vendor\codeigniter4\framework\system\CodeIgniter.php(433): CodeIgniter\CodeIgniter->runController(Object(App\Controllers\Front\Home))
#5 C:\alaragon\www\site\ci4\vendor\codeigniter4\framework\system\CodeIgniter.php(334): CodeIgniter\CodeIgniter->handleRequest(NULL, Object(Config\Cache), false)
#6 C:\alaragon\www\site\public_html\index.php(45): CodeIgniter\CodeIgniter->run()
#7 {main}
CRITICAL - 2021-10-18 15:15:32 --> Undefined variable: slide
#0 C:\alaragon\www\site\ci4\app\Views\front\loja\content.php(8): CodeIgniter\Debug\Exceptions->errorHandler(8, 'Undefined varia...', 'C:\\alaragon\\www...', 8, Array)
#1 C:\alaragon\www\site\ci4\vendor\codeigniter4\framework\system\View\View.php(220): include('C:\\alaragon\\www...')
#2 C:\alaragon\www\site\ci4\vendor\codeigniter4\framework\system\View\View.php(222): CodeIgniter\View\View->CodeIgniter\View\{closure}()
#3 C:\alaragon\www\site\ci4\vendor\codeigniter4\framework\system\Common.php(1217): CodeIgniter\View\View->render('front/loja/cont...', Array, true)
#4 C:\alaragon\www\site\ci4\app\Controllers\Front\Home.php(27): view('front/loja/cont...', Array)
#5 C:\alaragon\www\site\ci4\vendor\codeigniter4\framework\system\CodeIgniter.php(937): App\Controllers\Front\Home->index()
#6 C:\alaragon\www\site\ci4\vendor\codeigniter4\framework\system\CodeIgniter.php(433): CodeIgniter\CodeIgniter->runController(Object(App\Controllers\Front\Home))
#7 C:\alaragon\www\site\ci4\vendor\codeigniter4\framework\system\CodeIgniter.php(334): CodeIgniter\CodeIgniter->handleRequest(NULL, Object(Config\Cache), false)
#8 C:\alaragon\www\site\public_html\index.php(45): CodeIgniter\CodeIgniter->run()
#9 {main}
CRITICAL - 2021-10-18 15:17:51 --> Undefined variable: banners
#0 C:\alaragon\www\site\ci4\app\Views\front\loja\content.php(45): CodeIgniter\Debug\Exceptions->errorHandler(8, 'Undefined varia...', 'C:\\alaragon\\www...', 45, Array)
#1 C:\alaragon\www\site\ci4\vendor\codeigniter4\framework\system\View\View.php(220): include('C:\\alaragon\\www...')
#2 C:\alaragon\www\site\ci4\vendor\codeigniter4\framework\system\View\View.php(222): CodeIgniter\View\View->CodeIgniter\View\{closure}()
#3 C:\alaragon\www\site\ci4\vendor\codeigniter4\framework\system\Common.php(1217): CodeIgniter\View\View->render('front/loja/cont...', Array, true)
#4 C:\alaragon\www\site\ci4\app\Controllers\Front\Home.php(27): view('front/loja/cont...', Array)
#5 C:\alaragon\www\site\ci4\vendor\codeigniter4\framework\system\CodeIgniter.php(937): App\Controllers\Front\Home->index()
#6 C:\alaragon\www\site\ci4\vendor\codeigniter4\framework\system\CodeIgniter.php(433): CodeIgniter\CodeIgniter->runController(Object(App\Controllers\Front\Home))
#7 C:\alaragon\www\site\ci4\vendor\codeigniter4\framework\system\CodeIgniter.php(334): CodeIgniter\CodeIgniter->handleRequest(NULL, Object(Config\Cache), false)
#8 C:\alaragon\www\site\public_html\index.php(45): CodeIgniter\CodeIgniter->run()
#9 {main}
CRITICAL - 2021-10-18 15:18:06 --> Class 'IonAuth\Libraries\IonAuth' not found
#0 C:\alaragon\www\site\ci4\vendor\codeigniter4\framework\system\View\View.php(220): include()
#1 C:\alaragon\www\site\ci4\vendor\codeigniter4\framework\system\View\View.php(222): CodeIgniter\View\View->CodeIgniter\View\{closure}()
#2 C:\alaragon\www\site\ci4\vendor\codeigniter4\framework\system\View\View.php(236): CodeIgniter\View\View->render('front/loja/inde...', Array, true)
#3 C:\alaragon\www\site\ci4\vendor\codeigniter4\framework\system\Common.php(1217): CodeIgniter\View\View->render('front/loja/cont...', Array, true)
#4 C:\alaragon\www\site\ci4\app\Controllers\Front\Home.php(27): view('front/loja/cont...', Array)
#5 C:\alaragon\www\site\ci4\vendor\codeigniter4\framework\system\CodeIgniter.php(937): App\Controllers\Front\Home->index()
#6 C:\alaragon\www\site\ci4\vendor\codeigniter4\framework\system\CodeIgniter.php(433): CodeIgniter\CodeIgniter->runController(Object(App\Controllers\Front\Home))
#7 C:\alaragon\www\site\ci4\vendor\codeigniter4\framework\system\CodeIgniter.php(334): CodeIgniter\CodeIgniter->handleRequest(NULL, Object(Config\Cache), false)
#8 C:\alaragon\www\site\public_html\index.php(45): CodeIgniter\CodeIgniter->run()
#9 {main}
CRITICAL - 2021-10-18 15:18:40 --> Undefined variable: categorias
#0 C:\alaragon\www\site\ci4\app\Views\front\loja\index.php(78): CodeIgniter\Debug\Exceptions->errorHandler(8, 'Undefined varia...', 'C:\\alaragon\\www...', 78, Array)
#1 C:\alaragon\www\site\ci4\vendor\codeigniter4\framework\system\View\View.php(220): include('C:\\alaragon\\www...')
#2 C:\alaragon\www\site\ci4\vendor\codeigniter4\framework\system\View\View.php(222): CodeIgniter\View\View->CodeIgniter\View\{closure}()
#3 C:\alaragon\www\site\ci4\vendor\codeigniter4\framework\system\View\View.php(236): CodeIgniter\View\View->render('front/loja/inde...', Array, true)
#4 C:\alaragon\www\site\ci4\vendor\codeigniter4\framework\system\Common.php(1217): CodeIgniter\View\View->render('front/loja/cont...', Array, true)
#5 C:\alaragon\www\site\ci4\app\Controllers\Front\Home.php(27): view('front/loja/cont...', Array)
#6 C:\alaragon\www\site\ci4\vendor\codeigniter4\framework\system\CodeIgniter.php(937): App\Controllers\Front\Home->index()
#7 C:\alaragon\www\site\ci4\vendor\codeigniter4\framework\system\CodeIgniter.php(433): CodeIgniter\CodeIgniter->runController(Object(App\Controllers\Front\Home))
#8 C:\alaragon\www\site\ci4\vendor\codeigniter4\framework\system\CodeIgniter.php(334): CodeIgniter\CodeIgniter->handleRequest(NULL, Object(Config\Cache), false)
#9 C:\alaragon\www\site\public_html\index.php(45): CodeIgniter\CodeIgniter->run()
#10 {main}
CRITICAL - 2021-10-18 18:42:09 --> Undefined variable: categorias
#0 C:\alaragon\www\site\ci4\app\Views\front\loja\index.php(78): CodeIgniter\Debug\Exceptions->errorHandler(8, 'Undefined varia...', 'C:\\alaragon\\www...', 78, Array)
#1 C:\alaragon\www\site\ci4\vendor\codeigniter4\framework\system\View\View.php(220): include('C:\\alaragon\\www...')
#2 C:\alaragon\www\site\ci4\vendor\codeigniter4\framework\system\View\View.php(222): CodeIgniter\View\View->CodeIgniter\View\{closure}()
#3 C:\alaragon\www\site\ci4\vendor\codeigniter4\framework\system\View\View.php(236): CodeIgniter\View\View->render('front/loja/inde...', Array, true)
#4 C:\alaragon\www\site\ci4\vendor\codeigniter4\framework\system\Common.php(1217): CodeIgniter\View\View->render('front/loja/cont...', Array, true)
#5 C:\alaragon\www\site\ci4\app\Controllers\Front\Home.php(27): view('front/loja/cont...', Array)
#6 C:\alaragon\www\site\ci4\vendor\codeigniter4\framework\system\CodeIgniter.php(937): App\Controllers\Front\Home->index()
#7 C:\alaragon\www\site\ci4\vendor\codeigniter4\framework\system\CodeIgniter.php(433): CodeIgniter\CodeIgniter->runController(Object(App\Controllers\Front\Home))
#8 C:\alaragon\www\site\ci4\vendor\codeigniter4\framework\system\CodeIgniter.php(334): CodeIgniter\CodeIgniter->handleRequest(NULL, Object(Config\Cache), false)
#9 C:\alaragon\www\site\public_html\index.php(45): CodeIgniter\CodeIgniter->run()
#10 {main}
CRITICAL - 2021-10-18 18:59:51 --> Cannot declare class App\Controllers\Admin\Produtos, because the name is already in use
#0 [internal function]: CodeIgniter\Debug\Exceptions->shutdownHandler()
#1 {main}
CRITICAL - 2021-10-18 19:05:31 --> Class 'App\Models\Shop\Produtos_model' not found
#0 C:\alaragon\www\site\ci4\vendor\codeigniter4\framework\system\CodeIgniter.php(937): App\Controllers\Admin\Shop\Produtos->index()
#1 C:\alaragon\www\site\ci4\vendor\codeigniter4\framework\system\CodeIgniter.php(433): CodeIgniter\CodeIgniter->runController(Object(App\Controllers\Admin\Shop\Produtos))
#2 C:\alaragon\www\site\ci4\vendor\codeigniter4\framework\system\CodeIgniter.php(334): CodeIgniter\CodeIgniter->handleRequest(NULL, Object(Config\Cache), false)
#3 C:\alaragon\www\site\public_html\index.php(45): CodeIgniter\CodeIgniter->run()
#4 {main}
CRITICAL - 2021-10-18 19:06:03 --> Class 'App\Models\Shop\Produtos_model' not found
#0 C:\alaragon\www\site\ci4\vendor\codeigniter4\framework\system\CodeIgniter.php(937): App\Controllers\Admin\Shop\Produtos->index()
#1 C:\alaragon\www\site\ci4\vendor\codeigniter4\framework\system\CodeIgniter.php(433): CodeIgniter\CodeIgniter->runController(Object(App\Controllers\Admin\Shop\Produtos))
#2 C:\alaragon\www\site\ci4\vendor\codeigniter4\framework\system\CodeIgniter.php(334): CodeIgniter\CodeIgniter->handleRequest(NULL, Object(Config\Cache), false)
#3 C:\alaragon\www\site\public_html\index.php(45): CodeIgniter\CodeIgniter->run()
#4 {main}
CRITICAL - 2021-10-18 19:07:22 --> Class 'App\Models\Shop\Produtos_model' not found
#0 C:\alaragon\www\site\ci4\vendor\codeigniter4\framework\system\CodeIgniter.php(937): App\Controllers\Admin\Shop\Produtos->index()
#1 C:\alaragon\www\site\ci4\vendor\codeigniter4\framework\system\CodeIgniter.php(433): CodeIgniter\CodeIgniter->runController(Object(App\Controllers\Admin\Shop\Produtos))
#2 C:\alaragon\www\site\ci4\vendor\codeigniter4\framework\system\CodeIgniter.php(334): CodeIgniter\CodeIgniter->handleRequest(NULL, Object(Config\Cache), false)
#3 C:\alaragon\www\site\public_html\index.php(45): CodeIgniter\CodeIgniter->run()
#4 {main}
CRITICAL - 2021-10-18 19:08:20 --> Class 'App\Models\Model' not found
#0 C:\alaragon\www\site\ci4\vendor\codeigniter4\framework\system\Autoloader\Autoloader.php(342): include_once()
#1 C:\alaragon\www\site\ci4\vendor\codeigniter4\framework\system\Autoloader\Autoloader.php(274): CodeIgniter\Autoloader\Autoloader->includeFile('C:\\alaragon\\www...')
#2 C:\alaragon\www\site\ci4\vendor\codeigniter4\framework\system\Autoloader\Autoloader.php(228): CodeIgniter\Autoloader\Autoloader->loadInNamespace('App\\Models\\Admi...')
#3 [internal function]: CodeIgniter\Autoloader\Autoloader->loadClass('App\\Models\\Admi...')
#4 C:\alaragon\www\site\ci4\app\Controllers\Admin\Shop\Produtos.php(14): spl_autoload_call('App\\Models\\Admi...')
#5 C:\alaragon\www\site\ci4\vendor\codeigniter4\framework\system\CodeIgniter.php(937): App\Controllers\Admin\Shop\Produtos->index()
#6 C:\alaragon\www\site\ci4\vendor\codeigniter4\framework\system\CodeIgniter.php(433): CodeIgniter\CodeIgniter->runController(Object(App\Controllers\Admin\Shop\Produtos))
#7 C:\alaragon\www\site\ci4\vendor\codeigniter4\framework\system\CodeIgniter.php(334): CodeIgniter\CodeIgniter->handleRequest(NULL, Object(Config\Cache), false)
#8 C:\alaragon\www\site\public_html\index.php(45): CodeIgniter\CodeIgniter->run()
#9 {main}
CRITICAL - 2021-10-18 19:08:55 --> Class 'App\Models\Admin\Shop\Model' not found
#0 C:\alaragon\www\site\ci4\vendor\codeigniter4\framework\system\Autoloader\Autoloader.php(342): include_once()
#1 C:\alaragon\www\site\ci4\vendor\codeigniter4\framework\system\Autoloader\Autoloader.php(274): CodeIgniter\Autoloader\Autoloader->includeFile('C:\\alaragon\\www...')
#2 C:\alaragon\www\site\ci4\vendor\codeigniter4\framework\system\Autoloader\Autoloader.php(228): CodeIgniter\Autoloader\Autoloader->loadInNamespace('App\\Models\\Admi...')
#3 [internal function]: CodeIgniter\Autoloader\Autoloader->loadClass('App\\Models\\Admi...')
#4 C:\alaragon\www\site\ci4\app\Controllers\Admin\Shop\Produtos.php(14): spl_autoload_call('App\\Models\\Admi...')
#5 C:\alaragon\www\site\ci4\vendor\codeigniter4\framework\system\CodeIgniter.php(937): App\Controllers\Admin\Shop\Produtos->index()
#6 C:\alaragon\www\site\ci4\vendor\codeigniter4\framework\system\CodeIgniter.php(433): CodeIgniter\CodeIgniter->runController(Object(App\Controllers\Admin\Shop\Produtos))
#7 C:\alaragon\www\site\ci4\vendor\codeigniter4\framework\system\CodeIgniter.php(334): CodeIgniter\CodeIgniter->handleRequest(NULL, Object(Config\Cache), false)
#8 C:\alaragon\www\site\public_html\index.php(45): CodeIgniter\CodeIgniter->run()
#9 {main}
CRITICAL - 2021-10-18 19:09:12 --> syntax error, unexpected ';', expecting identifier (T_STRING) or '{'
#0 C:\alaragon\www\site\ci4\vendor\codeigniter4\framework\system\Autoloader\Autoloader.php(274): CodeIgniter\Autoloader\Autoloader->includeFile('C:\\alaragon\\www...')
#1 C:\alaragon\www\site\ci4\vendor\codeigniter4\framework\system\Autoloader\Autoloader.php(228): CodeIgniter\Autoloader\Autoloader->loadInNamespace('App\\Models\\Admi...')
#2 [internal function]: CodeIgniter\Autoloader\Autoloader->loadClass('App\\Models\\Admi...')
#3 C:\alaragon\www\site\ci4\app\Controllers\Admin\Shop\Produtos.php(14): spl_autoload_call('App\\Models\\Admi...')
#4 C:\alaragon\www\site\ci4\vendor\codeigniter4\framework\system\CodeIgniter.php(937): App\Controllers\Admin\Shop\Produtos->index()
#5 C:\alaragon\www\site\ci4\vendor\codeigniter4\framework\system\CodeIgniter.php(433): CodeIgniter\CodeIgniter->runController(Object(App\Controllers\Admin\Shop\Produtos))
#6 C:\alaragon\www\site\ci4\vendor\codeigniter4\framework\system\CodeIgniter.php(334): CodeIgniter\CodeIgniter->handleRequest(NULL, Object(Config\Cache), false)
#7 C:\alaragon\www\site\public_html\index.php(45): CodeIgniter\CodeIgniter->run()
#8 {main}
ERROR - 2021-10-18 19:09:20 --> mysqli_sql_exception: Table 'site.produtos' doesn't exist in C:\alaragon\www\site\ci4\vendor\codeigniter4\framework\system\Database\MySQLi\Connection.php:314
Stack trace:
#0 C:\alaragon\www\site\ci4\vendor\codeigniter4\framework\system\Database\MySQLi\Connection.php(314): mysqli->query('SELECT `produto...')
#1 C:\alaragon\www\site\ci4\vendor\codeigniter4\framework\system\Database\BaseConnection.php(715): CodeIgniter\Database\MySQLi\Connection->execute('SELECT `produto...')
#2 C:\alaragon\www\site\ci4\vendor\codeigniter4\framework\system\Database\BaseConnection.php(643): CodeIgniter\Database\BaseConnection->simpleQuery('SELECT `produto...')
#3 C:\alaragon\www\site\ci4\vendor\codeigniter4\framework\system\Database\BaseBuilder.php(1866): CodeIgniter\Database\BaseConnection->query('SELECT `produto...', Array, false)
#4 C:\alaragon\www\site\ci4\app\Models\Admin\Shop\Produtos_model.php(41): CodeIgniter\Database\BaseBuilder->get()
#5 C:\alaragon\www\site\ci4\app\Controllers\Admin\Shop\Produtos.php(15): App\Models\Admin\Shop\Produtos_model->getDados()
#6 C:\alaragon\www\site\ci4\vendor\codeigniter4\framework\system\CodeIgniter.php(937): App\Controllers\Admin\Shop\Produtos->index()
#7 C:\alaragon\www\site\ci4\vendor\codeigniter4\framework\system\CodeIgniter.php(433): CodeIgniter\CodeIgniter->runController(Object(App\Controllers\Admin\Shop\Produtos))
#8 C:\alaragon\www\site\ci4\vendor\codeigniter4\framework\system\CodeIgniter.php(334): CodeIgniter\CodeIgniter->handleRequest(NULL, Object(Config\Cache), false)
#9 C:\alaragon\www\site\public_html\index.php(45): CodeIgniter\CodeIgniter->run()
#10 {main}
CRITICAL - 2021-10-18 19:09:20 --> Table 'site.produtos' doesn't exist
#0 C:\alaragon\www\site\ci4\vendor\codeigniter4\framework\system\Database\MySQLi\Connection.php(314): mysqli->query('SELECT `produto...')
#1 C:\alaragon\www\site\ci4\vendor\codeigniter4\framework\system\Database\BaseConnection.php(715): CodeIgniter\Database\MySQLi\Connection->execute('SELECT `produto...')
#2 C:\alaragon\www\site\ci4\vendor\codeigniter4\framework\system\Database\BaseConnection.php(643): CodeIgniter\Database\BaseConnection->simpleQuery('SELECT `produto...')
#3 C:\alaragon\www\site\ci4\vendor\codeigniter4\framework\system\Database\BaseBuilder.php(1866): CodeIgniter\Database\BaseConnection->query('SELECT `produto...', Array, false)
#4 C:\alaragon\www\site\ci4\app\Models\Admin\Shop\Produtos_model.php(41): CodeIgniter\Database\BaseBuilder->get()
#5 C:\alaragon\www\site\ci4\app\Controllers\Admin\Shop\Produtos.php(15): App\Models\Admin\Shop\Produtos_model->getDados()
#6 C:\alaragon\www\site\ci4\vendor\codeigniter4\framework\system\CodeIgniter.php(937): App\Controllers\Admin\Shop\Produtos->index()
#7 C:\alaragon\www\site\ci4\vendor\codeigniter4\framework\system\CodeIgniter.php(433): CodeIgniter\CodeIgniter->runController(Object(App\Controllers\Admin\Shop\Produtos))
#8 C:\alaragon\www\site\ci4\vendor\codeigniter4\framework\system\CodeIgniter.php(334): CodeIgniter\CodeIgniter->handleRequest(NULL, Object(Config\Cache), false)
#9 C:\alaragon\www\site\public_html\index.php(45): CodeIgniter\CodeIgniter->run()
#10 {main}
ERROR - 2021-10-18 19:10:22 --> mysqli_sql_exception: Table 'site.marcas' doesn't exist in C:\alaragon\www\site\ci4\vendor\codeigniter4\framework\system\Database\MySQLi\Connection.php:314
Stack trace:
#0 C:\alaragon\www\site\ci4\vendor\codeigniter4\framework\system\Database\MySQLi\Connection.php(314): mysqli->query('SELECT `produto...')
#1 C:\alaragon\www\site\ci4\vendor\codeigniter4\framework\system\Database\BaseConnection.php(715): CodeIgniter\Database\MySQLi\Connection->execute('SELECT `produto...')
#2 C:\alaragon\www\site\ci4\vendor\codeigniter4\framework\system\Database\BaseConnection.php(643): CodeIgniter\Database\BaseConnection->simpleQuery('SELECT `produto...')
#3 C:\alaragon\www\site\ci4\vendor\codeigniter4\framework\system\Database\BaseBuilder.php(1866): CodeIgniter\Database\BaseConnection->query('SELECT `produto...', Array, false)
#4 C:\alaragon\www\site\ci4\app\Models\Admin\Shop\Produtos_model.php(41): CodeIgniter\Database\BaseBuilder->get()
#5 C:\alaragon\www\site\ci4\app\Controllers\Admin\Shop\Produtos.php(15): App\Models\Admin\Shop\Produtos_model->getDados()
#6 C:\alaragon\www\site\ci4\vendor\codeigniter4\framework\system\CodeIgniter.php(937): App\Controllers\Admin\Shop\Produtos->index()
#7 C:\alaragon\www\site\ci4\vendor\codeigniter4\framework\system\CodeIgniter.php(433): CodeIgniter\CodeIgniter->runController(Object(App\Controllers\Admin\Shop\Produtos))
#8 C:\alaragon\www\site\ci4\vendor\codeigniter4\framework\system\CodeIgniter.php(334): CodeIgniter\CodeIgniter->handleRequest(NULL, Object(Config\Cache), false)
#9 C:\alaragon\www\site\public_html\index.php(45): CodeIgniter\CodeIgniter->run()
#10 {main}
CRITICAL - 2021-10-18 19:10:22 --> Table 'site.marcas' doesn't exist
#0 C:\alaragon\www\site\ci4\vendor\codeigniter4\framework\system\Database\MySQLi\Connection.php(314): mysqli->query('SELECT `produto...')
#1 C:\alaragon\www\site\ci4\vendor\codeigniter4\framework\system\Database\BaseConnection.php(715): CodeIgniter\Database\MySQLi\Connection->execute('SELECT `produto...')
#2 C:\alaragon\www\site\ci4\vendor\codeigniter4\framework\system\Database\BaseConnection.php(643): CodeIgniter\Database\BaseConnection->simpleQuery('SELECT `produto...')
#3 C:\alaragon\www\site\ci4\vendor\codeigniter4\framework\system\Database\BaseBuilder.php(1866): CodeIgniter\Database\BaseConnection->query('SELECT `produto...', Array, false)
#4 C:\alaragon\www\site\ci4\app\Models\Admin\Shop\Produtos_model.php(41): CodeIgniter\Database\BaseBuilder->get()
#5 C:\alaragon\www\site\ci4\app\Controllers\Admin\Shop\Produtos.php(15): App\Models\Admin\Shop\Produtos_model->getDados()
#6 C:\alaragon\www\site\ci4\vendor\codeigniter4\framework\system\CodeIgniter.php(937): App\Controllers\Admin\Shop\Produtos->index()
#7 C:\alaragon\www\site\ci4\vendor\codeigniter4\framework\system\CodeIgniter.php(433): CodeIgniter\CodeIgniter->runController(Object(App\Controllers\Admin\Shop\Produtos))
#8 C:\alaragon\www\site\ci4\vendor\codeigniter4\framework\system\CodeIgniter.php(334): CodeIgniter\CodeIgniter->handleRequest(NULL, Object(Config\Cache), false)
#9 C:\alaragon\www\site\public_html\index.php(45): CodeIgniter\CodeIgniter->run()
#10 {main}
ERROR - 2021-10-18 19:12:12 --> mysqli_sql_exception: Unknown table 'produtos' in C:\alaragon\www\site\ci4\vendor\codeigniter4\framework\system\Database\MySQLi\Connection.php:314
Stack trace:
#0 C:\alaragon\www\site\ci4\vendor\codeigniter4\framework\system\Database\MySQLi\Connection.php(314): mysqli->query('SELECT `produto...')
#1 C:\alaragon\www\site\ci4\vendor\codeigniter4\framework\system\Database\BaseConnection.php(715): CodeIgniter\Database\MySQLi\Connection->execute('SELECT `produto...')
#2 C:\alaragon\www\site\ci4\vendor\codeigniter4\framework\system\Database\BaseConnection.php(643): CodeIgniter\Database\BaseConnection->simpleQuery('SELECT `produto...')
#3 C:\alaragon\www\site\ci4\vendor\codeigniter4\framework\system\Database\BaseBuilder.php(1866): CodeIgniter\Database\BaseConnection->query('SELECT `produto...', Array, false)
#4 C:\alaragon\www\site\ci4\app\Models\Admin\Shop\Produtos_model.php(41): CodeIgniter\Database\BaseBuilder->get()
#5 C:\alaragon\www\site\ci4\app\Controllers\Admin\Shop\Produtos.php(15): App\Models\Admin\Shop\Produtos_model->getDados()
#6 C:\alaragon\www\site\ci4\vendor\codeigniter4\framework\system\CodeIgniter.php(937): App\Controllers\Admin\Shop\Produtos->index()
#7 C:\alaragon\www\site\ci4\vendor\codeigniter4\framework\system\CodeIgniter.php(433): CodeIgniter\CodeIgniter->runController(Object(App\Controllers\Admin\Shop\Produtos))
#8 C:\alaragon\www\site\ci4\vendor\codeigniter4\framework\system\CodeIgniter.php(334): CodeIgniter\CodeIgniter->handleRequest(NULL, Object(Config\Cache), false)
#9 C:\alaragon\www\site\public_html\index.php(45): CodeIgniter\CodeIgniter->run()
#10 {main}
CRITICAL - 2021-10-18 19:12:12 --> Unknown table 'produtos'
#0 C:\alaragon\www\site\ci4\vendor\codeigniter4\framework\system\Database\MySQLi\Connection.php(314): mysqli->query('SELECT `produto...')
#1 C:\alaragon\www\site\ci4\vendor\codeigniter4\framework\system\Database\BaseConnection.php(715): CodeIgniter\Database\MySQLi\Connection->execute('SELECT `produto...')
#2 C:\alaragon\www\site\ci4\vendor\codeigniter4\framework\system\Database\BaseConnection.php(643): CodeIgniter\Database\BaseConnection->simpleQuery('SELECT `produto...')
#3 C:\alaragon\www\site\ci4\vendor\codeigniter4\framework\system\Database\BaseBuilder.php(1866): CodeIgniter\Database\BaseConnection->query('SELECT `produto...', Array, false)
#4 C:\alaragon\www\site\ci4\app\Models\Admin\Shop\Produtos_model.php(41): CodeIgniter\Database\BaseBuilder->get()
#5 C:\alaragon\www\site\ci4\app\Controllers\Admin\Shop\Produtos.php(15): App\Models\Admin\Shop\Produtos_model->getDados()
#6 C:\alaragon\www\site\ci4\vendor\codeigniter4\framework\system\CodeIgniter.php(937): App\Controllers\Admin\Shop\Produtos->index()
#7 C:\alaragon\www\site\ci4\vendor\codeigniter4\framework\system\CodeIgniter.php(433): CodeIgniter\CodeIgniter->runController(Object(App\Controllers\Admin\Shop\Produtos))
#8 C:\alaragon\www\site\ci4\vendor\codeigniter4\framework\system\CodeIgniter.php(334): CodeIgniter\CodeIgniter->handleRequest(NULL, Object(Config\Cache), false)
#9 C:\alaragon\www\site\public_html\index.php(45): CodeIgniter\CodeIgniter->run()
#10 {main}
CRITICAL - 2021-10-18 19:15:57 --> Undefined variable: title
#0 C:\alaragon\www\site\ci4\app\Views\admin\shop\produtos\index.php(13): CodeIgniter\Debug\Exceptions->errorHandler(8, 'Undefined varia...', 'C:\\alaragon\\www...', 13, Array)
#1 C:\alaragon\www\site\ci4\vendor\codeigniter4\framework\system\View\View.php(220): include('C:\\alaragon\\www...')
#2 C:\alaragon\www\site\ci4\vendor\codeigniter4\framework\system\View\View.php(222): CodeIgniter\View\View->CodeIgniter\View\{closure}()
#3 C:\alaragon\www\site\ci4\vendor\codeigniter4\framework\system\Common.php(1217): CodeIgniter\View\View->render('admin/shop/prod...', Array, true)
#4 C:\alaragon\www\site\ci4\app\Controllers\Admin\Shop\Produtos.php(21): view('admin/shop/prod...', Array)
#5 C:\alaragon\www\site\ci4\vendor\codeigniter4\framework\system\CodeIgniter.php(937): App\Controllers\Admin\Shop\Produtos->index()
#6 C:\alaragon\www\site\ci4\vendor\codeigniter4\framework\system\CodeIgniter.php(433): CodeIgniter\CodeIgniter->runController(Object(App\Controllers\Admin\Shop\Produtos))
#7 C:\alaragon\www\site\ci4\vendor\codeigniter4\framework\system\CodeIgniter.php(334): CodeIgniter\CodeIgniter->handleRequest(NULL, Object(Config\Cache), false)
#8 C:\alaragon\www\site\public_html\index.php(45): CodeIgniter\CodeIgniter->run()
#9 {main}
CRITICAL - 2021-10-18 19:16:25 --> Undefined variable: produto
#0 C:\alaragon\www\site\ci4\app\Views\admin\shop\produtos\add.php(6): CodeIgniter\Debug\Exceptions->errorHandler(8, 'Undefined varia...', 'C:\\alaragon\\www...', 6, Array)
#1 C:\alaragon\www\site\ci4\vendor\codeigniter4\framework\system\View\View.php(220): include('C:\\alaragon\\www...')
#2 C:\alaragon\www\site\ci4\vendor\codeigniter4\framework\system\View\View.php(222): CodeIgniter\View\View->CodeIgniter\View\{closure}()
#3 C:\alaragon\www\site\ci4\vendor\codeigniter4\framework\system\View\View.php(468): CodeIgniter\View\View->render('admin/shop/prod...', NULL, true)
#4 C:\alaragon\www\site\ci4\app\Views\admin\shop\produtos\index.php(26): CodeIgniter\View\View->include('admin/shop/prod...')
#5 C:\alaragon\www\site\ci4\vendor\codeigniter4\framework\system\View\View.php(220): include('C:\\alaragon\\www...')
#6 C:\alaragon\www\site\ci4\vendor\codeigniter4\framework\system\View\View.php(222): CodeIgniter\View\View->CodeIgniter\View\{closure}()
#7 C:\alaragon\www\site\ci4\vendor\codeigniter4\framework\system\Common.php(1217): CodeIgniter\View\View->render('admin/shop/prod...', Array, true)
#8 C:\alaragon\www\site\ci4\app\Controllers\Admin\Shop\Produtos.php(22): view('admin/shop/prod...', Array)
#9 C:\alaragon\www\site\ci4\vendor\codeigniter4\framework\system\CodeIgniter.php(937): App\Controllers\Admin\Shop\Produtos->index()
#10 C:\alaragon\www\site\ci4\vendor\codeigniter4\framework\system\CodeIgniter.php(433): CodeIgniter\CodeIgniter->runController(Object(App\Controllers\Admin\Shop\Produtos))
#11 C:\alaragon\www\site\ci4\vendor\codeigniter4\framework\system\CodeIgniter.php(334): CodeIgniter\CodeIgniter->handleRequest(NULL, Object(Config\Cache), false)
#12 C:\alaragon\www\site\public_html\index.php(45): CodeIgniter\CodeIgniter->run()
#13 {main}
CRITICAL - 2021-10-18 19:24:19 --> Undefined variable: produto
#0 C:\alaragon\www\site\ci4\app\Views\admin\shop\produtos\add.php(6): CodeIgniter\Debug\Exceptions->errorHandler(8, 'Undefined varia...', 'C:\\alaragon\\www...', 6, Array)
#1 C:\alaragon\www\site\ci4\vendor\codeigniter4\framework\system\View\View.php(220): include('C:\\alaragon\\www...')
#2 C:\alaragon\www\site\ci4\vendor\codeigniter4\framework\system\View\View.php(222): CodeIgniter\View\View->CodeIgniter\View\{closure}()
#3 C:\alaragon\www\site\ci4\vendor\codeigniter4\framework\system\View\View.php(468): CodeIgniter\View\View->render('admin/shop/prod...', NULL, true)
#4 C:\alaragon\www\site\ci4\app\Views\admin\shop\produtos\index.php(26): CodeIgniter\View\View->include('admin/shop/prod...')
#5 C:\alaragon\www\site\ci4\vendor\codeigniter4\framework\system\View\View.php(220): include('C:\\alaragon\\www...')
#6 C:\alaragon\www\site\ci4\vendor\codeigniter4\framework\system\View\View.php(222): CodeIgniter\View\View->CodeIgniter\View\{closure}()
#7 C:\alaragon\www\site\ci4\vendor\codeigniter4\framework\system\Common.php(1217): CodeIgniter\View\View->render('admin/shop/prod...', Array, true)
#8 C:\alaragon\www\site\ci4\app\Controllers\Admin\Shop\Produtos.php(23): view('admin/shop/prod...', Array)
#9 C:\alaragon\www\site\ci4\vendor\codeigniter4\framework\system\CodeIgniter.php(937): App\Controllers\Admin\Shop\Produtos->index()
#10 C:\alaragon\www\site\ci4\vendor\codeigniter4\framework\system\CodeIgniter.php(433): CodeIgniter\CodeIgniter->runController(Object(App\Controllers\Admin\Shop\Produtos))
#11 C:\alaragon\www\site\ci4\vendor\codeigniter4\framework\system\CodeIgniter.php(334): CodeIgniter\CodeIgniter->handleRequest(NULL, Object(Config\Cache), false)
#12 C:\alaragon\www\site\public_html\index.php(45): CodeIgniter\CodeIgniter->run()
#13 {main}
CRITICAL - 2021-10-18 19:25:51 --> Undefined variable: title
#0 C:\alaragon\www\site\ci4\app\Views\admin\shop\produtos\index.php(13): CodeIgniter\Debug\Exceptions->errorHandler(8, 'Undefined varia...', 'C:\\alaragon\\www...', 13, Array)
#1 C:\alaragon\www\site\ci4\vendor\codeigniter4\framework\system\View\View.php(220): include('C:\\alaragon\\www...')
#2 C:\alaragon\www\site\ci4\vendor\codeigniter4\framework\system\View\View.php(222): CodeIgniter\View\View->CodeIgniter\View\{closure}()
#3 C:\alaragon\www\site\ci4\vendor\codeigniter4\framework\system\Common.php(1217): CodeIgniter\View\View->render('admin/shop/prod...', Array, true)
#4 C:\alaragon\www\site\ci4\app\Controllers\Admin\Shop\Produtos.php(23): view('admin/shop/prod...', Array)
#5 C:\alaragon\www\site\ci4\vendor\codeigniter4\framework\system\CodeIgniter.php(937): App\Controllers\Admin\Shop\Produtos->index()
#6 C:\alaragon\www\site\ci4\vendor\codeigniter4\framework\system\CodeIgniter.php(433): CodeIgniter\CodeIgniter->runController(Object(App\Controllers\Admin\Shop\Produtos))
#7 C:\alaragon\www\site\ci4\vendor\codeigniter4\framework\system\CodeIgniter.php(334): CodeIgniter\CodeIgniter->handleRequest(NULL, Object(Config\Cache), false)
#8 C:\alaragon\www\site\public_html\index.php(45): CodeIgniter\CodeIgniter->run()
#9 {main}
CRITICAL - 2021-10-18 19:26:14 --> Undefined variable: produto
#0 C:\alaragon\www\site\ci4\app\Views\admin\shop\produtos\add.php(6): CodeIgniter\Debug\Exceptions->errorHandler(8, 'Undefined varia...', 'C:\\alaragon\\www...', 6, Array)
#1 C:\alaragon\www\site\ci4\vendor\codeigniter4\framework\system\View\View.php(220): include('C:\\alaragon\\www...')
#2 C:\alaragon\www\site\ci4\vendor\codeigniter4\framework\system\View\View.php(222): CodeIgniter\View\View->CodeIgniter\View\{closure}()
#3 C:\alaragon\www\site\ci4\vendor\codeigniter4\framework\system\View\View.php(468): CodeIgniter\View\View->render('admin/shop/prod...', NULL, true)
#4 C:\alaragon\www\site\ci4\app\Views\admin\shop\produtos\index.php(26): CodeIgniter\View\View->include('admin/shop/prod...')
#5 C:\alaragon\www\site\ci4\vendor\codeigniter4\framework\system\View\View.php(220): include('C:\\alaragon\\www...')
#6 C:\alaragon\www\site\ci4\vendor\codeigniter4\framework\system\View\View.php(222): CodeIgniter\View\View->CodeIgniter\View\{closure}()
#7 C:\alaragon\www\site\ci4\vendor\codeigniter4\framework\system\Common.php(1217): CodeIgniter\View\View->render('admin/shop/prod...', Array, true)
#8 C:\alaragon\www\site\ci4\app\Controllers\Admin\Shop\Produtos.php(23): view('admin/shop/prod...', Array)
#9 C:\alaragon\www\site\ci4\vendor\codeigniter4\framework\system\CodeIgniter.php(937): App\Controllers\Admin\Shop\Produtos->index()
#10 C:\alaragon\www\site\ci4\vendor\codeigniter4\framework\system\CodeIgniter.php(433): CodeIgniter\CodeIgniter->runController(Object(App\Controllers\Admin\Shop\Produtos))
#11 C:\alaragon\www\site\ci4\vendor\codeigniter4\framework\system\CodeIgniter.php(334): CodeIgniter\CodeIgniter->handleRequest(NULL, Object(Config\Cache), false)
#12 C:\alaragon\www\site\public_html\index.php(45): CodeIgniter\CodeIgniter->run()
#13 {main}
CRITICAL - 2021-10-18 19:26:35 --> Undefined variable: produto
#0 C:\alaragon\www\site\ci4\app\Views\admin\shop\produtos\add.php(6): CodeIgniter\Debug\Exceptions->errorHandler(8, 'Undefined varia...', 'C:\\alaragon\\www...', 6, Array)
#1 C:\alaragon\www\site\ci4\vendor\codeigniter4\framework\system\View\View.php(220): include('C:\\alaragon\\www...')
#2 C:\alaragon\www\site\ci4\vendor\codeigniter4\framework\system\View\View.php(222): CodeIgniter\View\View->CodeIgniter\View\{closure}()
#3 C:\alaragon\www\site\ci4\vendor\codeigniter4\framework\system\View\View.php(468): CodeIgniter\View\View->render('admin/shop/prod...', NULL, true)
#4 C:\alaragon\www\site\ci4\app\Views\admin\shop\produtos\index.php(26): CodeIgniter\View\View->include('admin/shop/prod...')
#5 C:\alaragon\www\site\ci4\vendor\codeigniter4\framework\system\View\View.php(220): include('C:\\alaragon\\www...')
#6 C:\alaragon\www\site\ci4\vendor\codeigniter4\framework\system\View\View.php(222): CodeIgniter\View\View->CodeIgniter\View\{closure}()
#7 C:\alaragon\www\site\ci4\vendor\codeigniter4\framework\system\Common.php(1217): CodeIgniter\View\View->render('admin/shop/prod...', Array, true)
#8 C:\alaragon\www\site\ci4\app\Controllers\Admin\Shop\Produtos.php(23): view('admin/shop/prod...', Array)
#9 C:\alaragon\www\site\ci4\vendor\codeigniter4\framework\system\CodeIgniter.php(937): App\Controllers\Admin\Shop\Produtos->index()
#10 C:\alaragon\www\site\ci4\vendor\codeigniter4\framework\system\CodeIgniter.php(433): CodeIgniter\CodeIgniter->runController(Object(App\Controllers\Admin\Shop\Produtos))
#11 C:\alaragon\www\site\ci4\vendor\codeigniter4\framework\system\CodeIgniter.php(334): CodeIgniter\CodeIgniter->handleRequest(NULL, Object(Config\Cache), false)
#12 C:\alaragon\www\site\public_html\index.php(45): CodeIgniter\CodeIgniter->run()
#13 {main}
ERROR - 2021-10-18 19:30:49 --> mysqli_sql_exception: Unknown column 'shop_categorias.nome' in 'field list' in C:\alaragon\www\site\ci4\vendor\codeigniter4\framework\system\Database\MySQLi\Connection.php:314
Stack trace:
#0 C:\alaragon\www\site\ci4\vendor\codeigniter4\framework\system\Database\MySQLi\Connection.php(314): mysqli->query('SELECT `shop_pr...')
#1 C:\alaragon\www\site\ci4\vendor\codeigniter4\framework\system\Database\BaseConnection.php(715): CodeIgniter\Database\MySQLi\Connection->execute('SELECT `shop_pr...')
#2 C:\alaragon\www\site\ci4\vendor\codeigniter4\framework\system\Database\BaseConnection.php(643): CodeIgniter\Database\BaseConnection->simpleQuery('SELECT `shop_pr...')
#3 C:\alaragon\www\site\ci4\vendor\codeigniter4\framework\system\Database\BaseBuilder.php(1866): CodeIgniter\Database\BaseConnection->query('SELECT `shop_pr...', Array, false)
#4 C:\alaragon\www\site\ci4\app\Models\Admin\Shop\Produtos_model.php(41): CodeIgniter\Database\BaseBuilder->get()
#5 C:\alaragon\www\site\ci4\app\Controllers\Admin\Shop\Produtos.php(15): App\Models\Admin\Shop\Produtos_model->getDados()
#6 C:\alaragon\www\site\ci4\vendor\codeigniter4\framework\system\CodeIgniter.php(937): App\Controllers\Admin\Shop\Produtos->index()
#7 C:\alaragon\www\site\ci4\vendor\codeigniter4\framework\system\CodeIgniter.php(433): CodeIgniter\CodeIgniter->runController(Object(App\Controllers\Admin\Shop\Produtos))
#8 C:\alaragon\www\site\ci4\vendor\codeigniter4\framework\system\CodeIgniter.php(334): CodeIgniter\CodeIgniter->handleRequest(NULL, Object(Config\Cache), false)
#9 C:\alaragon\www\site\public_html\index.php(45): CodeIgniter\CodeIgniter->run()
#10 {main}
CRITICAL - 2021-10-18 19:30:49 --> Unknown column 'shop_categorias.nome' in 'field list'
#0 C:\alaragon\www\site\ci4\vendor\codeigniter4\framework\system\Database\MySQLi\Connection.php(314): mysqli->query('SELECT `shop_pr...')
#1 C:\alaragon\www\site\ci4\vendor\codeigniter4\framework\system\Database\BaseConnection.php(715): CodeIgniter\Database\MySQLi\Connection->execute('SELECT `shop_pr...')
#2 C:\alaragon\www\site\ci4\vendor\codeigniter4\framework\system\Database\BaseConnection.php(643): CodeIgniter\Database\BaseConnection->simpleQuery('SELECT `shop_pr...')
#3 C:\alaragon\www\site\ci4\vendor\codeigniter4\framework\system\Database\BaseBuilder.php(1866): CodeIgniter\Database\BaseConnection->query('SELECT `shop_pr...', Array, false)
#4 C:\alaragon\www\site\ci4\app\Models\Admin\Shop\Produtos_model.php(41): CodeIgniter\Database\BaseBuilder->get()
#5 C:\alaragon\www\site\ci4\app\Controllers\Admin\Shop\Produtos.php(15): App\Models\Admin\Shop\Produtos_model->getDados()
#6 C:\alaragon\www\site\ci4\vendor\codeigniter4\framework\system\CodeIgniter.php(937): App\Controllers\Admin\Shop\Produtos->index()
#7 C:\alaragon\www\site\ci4\vendor\codeigniter4\framework\system\CodeIgniter.php(433): CodeIgniter\CodeIgniter->runController(Object(App\Controllers\Admin\Shop\Produtos))
#8 C:\alaragon\www\site\ci4\vendor\codeigniter4\framework\system\CodeIgniter.php(334): CodeIgniter\CodeIgniter->handleRequest(NULL, Object(Config\Cache), false)
#9 C:\alaragon\www\site\public_html\index.php(45): CodeIgniter\CodeIgniter->run()
#10 {main}
CRITICAL - 2021-10-18 19:56:51 --> Undefined variable: title
#0 C:\alaragon\www\site\ci4\app\Views\admin\shop\produtos\index.php(13): CodeIgniter\Debug\Exceptions->errorHandler(8, 'Undefined varia...', 'C:\\alaragon\\www...', 13, Array)
#1 C:\alaragon\www\site\ci4\vendor\codeigniter4\framework\system\View\View.php(220): include('C:\\alaragon\\www...')
#2 C:\alaragon\www\site\ci4\vendor\codeigniter4\framework\system\View\View.php(222): CodeIgniter\View\View->CodeIgniter\View\{closure}()
#3 C:\alaragon\www\site\ci4\vendor\codeigniter4\framework\system\Common.php(1217): CodeIgniter\View\View->render('admin/shop/prod...', Array, true)
#4 C:\alaragon\www\site\ci4\app\Controllers\Admin\Shop\Produtos.php(25): view('admin/shop/prod...', Array)
#5 C:\alaragon\www\site\ci4\vendor\codeigniter4\framework\system\CodeIgniter.php(937): App\Controllers\Admin\Shop\Produtos->index()
#6 C:\alaragon\www\site\ci4\vendor\codeigniter4\framework\system\CodeIgniter.php(433): CodeIgniter\CodeIgniter->runController(Object(App\Controllers\Admin\Shop\Produtos))
#7 C:\alaragon\www\site\ci4\vendor\codeigniter4\framework\system\CodeIgniter.php(334): CodeIgniter\CodeIgniter->handleRequest(NULL, Object(Config\Cache), false)
#8 C:\alaragon\www\site\public_html\index.php(45): CodeIgniter\CodeIgniter->run()
#9 {main}
CRITICAL - 2021-10-18 19:57:35 --> Undefined variable: title
#0 C:\alaragon\www\site\ci4\app\Views\admin\shop\produtos\index.php(13): CodeIgniter\Debug\Exceptions->errorHandler(8, 'Undefined varia...', 'C:\\alaragon\\www...', 13, Array)
#1 C:\alaragon\www\site\ci4\vendor\codeigniter4\framework\system\View\View.php(220): include('C:\\alaragon\\www...')
#2 C:\alaragon\www\site\ci4\vendor\codeigniter4\framework\system\View\View.php(222): CodeIgniter\View\View->CodeIgniter\View\{closure}()
#3 C:\alaragon\www\site\ci4\vendor\codeigniter4\framework\system\Common.php(1217): CodeIgniter\View\View->render('admin/shop/prod...', Array, true)
#4 C:\alaragon\www\site\ci4\app\Controllers\Admin\Shop\Produtos.php(25): view('admin/shop/prod...', Array)
#5 C:\alaragon\www\site\ci4\vendor\codeigniter4\framework\system\CodeIgniter.php(937): App\Controllers\Admin\Shop\Produtos->index()
#6 C:\alaragon\www\site\ci4\vendor\codeigniter4\framework\system\CodeIgniter.php(433): CodeIgniter\CodeIgniter->runController(Object(App\Controllers\Admin\Shop\Produtos))
#7 C:\alaragon\www\site\ci4\vendor\codeigniter4\framework\system\CodeIgniter.php(334): CodeIgniter\CodeIgniter->handleRequest(NULL, Object(Config\Cache), false)
#8 C:\alaragon\www\site\public_html\index.php(45): CodeIgniter\CodeIgniter->run()
#9 {main}
CRITICAL - 2021-10-18 19:58:12 --> Undefined variable: title
#0 C:\alaragon\www\site\ci4\app\Views\admin\shop\produtos\index.php(13): CodeIgniter\Debug\Exceptions->errorHandler(8, 'Undefined varia...', 'C:\\alaragon\\www...', 13, Array)
#1 C:\alaragon\www\site\ci4\vendor\codeigniter4\framework\system\View\View.php(220): include('C:\\alaragon\\www...')
#2 C:\alaragon\www\site\ci4\vendor\codeigniter4\framework\system\View\View.php(222): CodeIgniter\View\View->CodeIgniter\View\{closure}()
#3 C:\alaragon\www\site\ci4\vendor\codeigniter4\framework\system\Common.php(1217): CodeIgniter\View\View->render('admin/shop/prod...', Array, true)
#4 C:\alaragon\www\site\ci4\app\Controllers\Admin\Shop\Produtos.php(26): view('admin/shop/prod...', Array)
#5 C:\alaragon\www\site\ci4\vendor\codeigniter4\framework\system\CodeIgniter.php(937): App\Controllers\Admin\Shop\Produtos->index()
#6 C:\alaragon\www\site\ci4\vendor\codeigniter4\framework\system\CodeIgniter.php(433): CodeIgniter\CodeIgniter->runController(Object(App\Controllers\Admin\Shop\Produtos))
#7 C:\alaragon\www\site\ci4\vendor\codeigniter4\framework\system\CodeIgniter.php(334): CodeIgniter\CodeIgniter->handleRequest(NULL, Object(Config\Cache), false)
#8 C:\alaragon\www\site\public_html\index.php(45): CodeIgniter\CodeIgniter->run()
#9 {main}
CRITICAL - 2021-10-18 19:58:30 --> Undefined variable: title
#0 C:\alaragon\www\site\ci4\app\Views\admin\shop\produtos\index.php(13): CodeIgniter\Debug\Exceptions->errorHandler(8, 'Undefined varia...', 'C:\\alaragon\\www...', 13, Array)
#1 C:\alaragon\www\site\ci4\vendor\codeigniter4\framework\system\View\View.php(220): include('C:\\alaragon\\www...')
#2 C:\alaragon\www\site\ci4\vendor\codeigniter4\framework\system\View\View.php(222): CodeIgniter\View\View->CodeIgniter\View\{closure}()
#3 C:\alaragon\www\site\ci4\vendor\codeigniter4\framework\system\Common.php(1217): CodeIgniter\View\View->render('admin/shop/prod...', Array, true)
#4 C:\alaragon\www\site\ci4\app\Controllers\Admin\Shop\Produtos.php(26): view('admin/shop/prod...', Array)
#5 C:\alaragon\www\site\ci4\vendor\codeigniter4\framework\system\CodeIgniter.php(937): App\Controllers\Admin\Shop\Produtos->index()
#6 C:\alaragon\www\site\ci4\vendor\codeigniter4\framework\system\CodeIgniter.php(433): CodeIgniter\CodeIgniter->runController(Object(App\Controllers\Admin\Shop\Produtos))
#7 C:\alaragon\www\site\ci4\vendor\codeigniter4\framework\system\CodeIgniter.php(334): CodeIgniter\CodeIgniter->handleRequest(NULL, Object(Config\Cache), false)
#8 C:\alaragon\www\site\public_html\index.php(45): CodeIgniter\CodeIgniter->run()
#9 {main}
CRITICAL - 2021-10-18 19:58:30 --> Undefined variable: title
#0 C:\alaragon\www\site\ci4\app\Views\admin\shop\produtos\index.php(13): CodeIgniter\Debug\Exceptions->errorHandler(8, 'Undefined varia...', 'C:\\alaragon\\www...', 13, Array)
#1 C:\alaragon\www\site\ci4\vendor\codeigniter4\framework\system\View\View.php(220): include('C:\\alaragon\\www...')
#2 C:\alaragon\www\site\ci4\vendor\codeigniter4\framework\system\View\View.php(222): CodeIgniter\View\View->CodeIgniter\View\{closure}()
#3 C:\alaragon\www\site\ci4\vendor\codeigniter4\framework\system\Common.php(1217): CodeIgniter\View\View->render('admin/shop/prod...', Array, true)
#4 C:\alaragon\www\site\ci4\app\Controllers\Admin\Shop\Produtos.php(26): view('admin/shop/prod...', Array)
#5 C:\alaragon\www\site\ci4\vendor\codeigniter4\framework\system\CodeIgniter.php(937): App\Controllers\Admin\Shop\Produtos->index()
#6 C:\alaragon\www\site\ci4\vendor\codeigniter4\framework\system\CodeIgniter.php(433): CodeIgniter\CodeIgniter->runController(Object(App\Controllers\Admin\Shop\Produtos))
#7 C:\alaragon\www\site\ci4\vendor\codeigniter4\framework\system\CodeIgniter.php(334): CodeIgniter\CodeIgniter->handleRequest(NULL, Object(Config\Cache), false)
#8 C:\alaragon\www\site\public_html\index.php(45): CodeIgniter\CodeIgniter->run()
#9 {main}
CRITICAL - 2021-10-18 20:00:08 --> Undefined variable: title
#0 C:\alaragon\www\site\ci4\app\Views\admin\shop\produtos\index.php(13): CodeIgniter\Debug\Exceptions->errorHandler(8, 'Undefined varia...', 'C:\\alaragon\\www...', 13, Array)
#1 C:\alaragon\www\site\ci4\vendor\codeigniter4\framework\system\View\View.php(220): include('C:\\alaragon\\www...')
#2 C:\alaragon\www\site\ci4\vendor\codeigniter4\framework\system\View\View.php(222): CodeIgniter\View\View->CodeIgniter\View\{closure}()
#3 C:\alaragon\www\site\ci4\vendor\codeigniter4\framework\system\Common.php(1217): CodeIgniter\View\View->render('admin/shop/prod...', Array, true)
#4 C:\alaragon\www\site\ci4\app\Controllers\Admin\Shop\Produtos.php(23): view('admin/shop/prod...', Array)
#5 C:\alaragon\www\site\ci4\vendor\codeigniter4\framework\system\CodeIgniter.php(937): App\Controllers\Admin\Shop\Produtos->index()
#6 C:\alaragon\www\site\ci4\vendor\codeigniter4\framework\system\CodeIgniter.php(433): CodeIgniter\CodeIgniter->runController(Object(App\Controllers\Admin\Shop\Produtos))
#7 C:\alaragon\www\site\ci4\vendor\codeigniter4\framework\system\CodeIgniter.php(334): CodeIgniter\CodeIgniter->handleRequest(NULL, Object(Config\Cache), false)
#8 C:\alaragon\www\site\public_html\index.php(45): CodeIgniter\CodeIgniter->run()
#9 {main}
CRITICAL - 2021-10-18 20:00:22 --> Undefined variable: title
#0 C:\alaragon\www\site\ci4\app\Views\admin\shop\produtos\index.php(13): CodeIgniter\Debug\Exceptions->errorHandler(8, 'Undefined varia...', 'C:\\alaragon\\www...', 13, Array)
#1 C:\alaragon\www\site\ci4\vendor\codeigniter4\framework\system\View\View.php(220): include('C:\\alaragon\\www...')
#2 C:\alaragon\www\site\ci4\vendor\codeigniter4\framework\system\View\View.php(222): CodeIgniter\View\View->CodeIgniter\View\{closure}()
#3 C:\alaragon\www\site\ci4\vendor\codeigniter4\framework\system\Common.php(1217): CodeIgniter\View\View->render('admin/shop/prod...', Array, true)
#4 C:\alaragon\www\site\ci4\app\Controllers\Admin\Shop\Produtos.php(23): view('admin/shop/prod...', Array)
#5 C:\alaragon\www\site\ci4\vendor\codeigniter4\framework\system\CodeIgniter.php(937): App\Controllers\Admin\Shop\Produtos->index()
#6 C:\alaragon\www\site\ci4\vendor\codeigniter4\framework\system\CodeIgniter.php(433): CodeIgniter\CodeIgniter->runController(Object(App\Controllers\Admin\Shop\Produtos))
#7 C:\alaragon\www\site\ci4\vendor\codeigniter4\framework\system\CodeIgniter.php(334): CodeIgniter\CodeIgniter->handleRequest(NULL, Object(Config\Cache), false)
#8 C:\alaragon\www\site\public_html\index.php(45): CodeIgniter\CodeIgniter->run()
#9 {main}
CRITICAL - 2021-10-18 20:00:47 --> Undefined variable: title
#0 C:\alaragon\www\site\ci4\app\Views\admin\shop\produtos\index.php(13): CodeIgniter\Debug\Exceptions->errorHandler(8, 'Undefined varia...', 'C:\\alaragon\\www...', 13, Array)
#1 C:\alaragon\www\site\ci4\vendor\codeigniter4\framework\system\View\View.php(220): include('C:\\alaragon\\www...')
#2 C:\alaragon\www\site\ci4\vendor\codeigniter4\framework\system\View\View.php(222): CodeIgniter\View\View->CodeIgniter\View\{closure}()
#3 C:\alaragon\www\site\ci4\vendor\codeigniter4\framework\system\Common.php(1217): CodeIgniter\View\View->render('admin/shop/prod...', Array, true)
#4 C:\alaragon\www\site\ci4\app\Controllers\Admin\Shop\Produtos.php(23): view('admin/shop/prod...', Array)
#5 C:\alaragon\www\site\ci4\vendor\codeigniter4\framework\system\CodeIgniter.php(937): App\Controllers\Admin\Shop\Produtos->index()
#6 C:\alaragon\www\site\ci4\vendor\codeigniter4\framework\system\CodeIgniter.php(433): CodeIgniter\CodeIgniter->runController(Object(App\Controllers\Admin\Shop\Produtos))
#7 C:\alaragon\www\site\ci4\vendor\codeigniter4\framework\system\CodeIgniter.php(334): CodeIgniter\CodeIgniter->handleRequest(NULL, Object(Config\Cache), false)
#8 C:\alaragon\www\site\public_html\index.php(45): CodeIgniter\CodeIgniter->run()
#9 {main}
CRITICAL - 2021-10-18 20:01:08 --> Undefined variable: produto
#0 C:\alaragon\www\site\ci4\app\Views\admin\shop\produtos\add.php(6): CodeIgniter\Debug\Exceptions->errorHandler(8, 'Undefined varia...', 'C:\\alaragon\\www...', 6, Array)
#1 C:\alaragon\www\site\ci4\vendor\codeigniter4\framework\system\View\View.php(220): include('C:\\alaragon\\www...')
#2 C:\alaragon\www\site\ci4\vendor\codeigniter4\framework\system\View\View.php(222): CodeIgniter\View\View->CodeIgniter\View\{closure}()
#3 C:\alaragon\www\site\ci4\vendor\codeigniter4\framework\system\View\View.php(468): CodeIgniter\View\View->render('admin/shop/prod...', NULL, true)
#4 C:\alaragon\www\site\ci4\app\Views\admin\shop\produtos\index.php(26): CodeIgniter\View\View->include('admin/shop/prod...')
#5 C:\alaragon\www\site\ci4\vendor\codeigniter4\framework\system\View\View.php(220): include('C:\\alaragon\\www...')
#6 C:\alaragon\www\site\ci4\vendor\codeigniter4\framework\system\View\View.php(222): CodeIgniter\View\View->CodeIgniter\View\{closure}()
#7 C:\alaragon\www\site\ci4\vendor\codeigniter4\framework\system\Common.php(1217): CodeIgniter\View\View->render('admin/shop/prod...', Array, true)
#8 C:\alaragon\www\site\ci4\app\Controllers\Admin\Shop\Produtos.php(23): view('admin/shop/prod...', Array)
#9 C:\alaragon\www\site\ci4\vendor\codeigniter4\framework\system\CodeIgniter.php(937): App\Controllers\Admin\Shop\Produtos->index()
#10 C:\alaragon\www\site\ci4\vendor\codeigniter4\framework\system\CodeIgniter.php(433): CodeIgniter\CodeIgniter->runController(Object(App\Controllers\Admin\Shop\Produtos))
#11 C:\alaragon\www\site\ci4\vendor\codeigniter4\framework\system\CodeIgniter.php(334): CodeIgniter\CodeIgniter->handleRequest(NULL, Object(Config\Cache), false)
#12 C:\alaragon\www\site\public_html\index.php(45): CodeIgniter\CodeIgniter->run()
#13 {main}
CRITICAL - 2021-10-18 20:01:44 --> Class 'App\Models\Shop\Produtos_model' not found
#0 C:\alaragon\www\site\ci4\vendor\codeigniter4\framework\system\CodeIgniter.php(937): App\Controllers\Admin\Shop\Produtos->index()
#1 C:\alaragon\www\site\ci4\vendor\codeigniter4\framework\system\CodeIgniter.php(433): CodeIgniter\CodeIgniter->runController(Object(App\Controllers\Admin\Shop\Produtos))
#2 C:\alaragon\www\site\ci4\vendor\codeigniter4\framework\system\CodeIgniter.php(334): CodeIgniter\CodeIgniter->handleRequest(NULL, Object(Config\Cache), false)
#3 C:\alaragon\www\site\public_html\index.php(45): CodeIgniter\CodeIgniter->run()
#4 {main}
CRITICAL - 2021-10-18 20:02:00 --> Undefined variable: produto
#0 C:\alaragon\www\site\ci4\app\Views\admin\shop\produtos\add.php(6): CodeIgniter\Debug\Exceptions->errorHandler(8, 'Undefined varia...', 'C:\\alaragon\\www...', 6, Array)
#1 C:\alaragon\www\site\ci4\vendor\codeigniter4\framework\system\View\View.php(220): include('C:\\alaragon\\www...')
#2 C:\alaragon\www\site\ci4\vendor\codeigniter4\framework\system\View\View.php(222): CodeIgniter\View\View->CodeIgniter\View\{closure}()
#3 C:\alaragon\www\site\ci4\vendor\codeigniter4\framework\system\View\View.php(468): CodeIgniter\View\View->render('admin/shop/prod...', NULL, true)
#4 C:\alaragon\www\site\ci4\app\Views\admin\shop\produtos\index.php(26): CodeIgniter\View\View->include('admin/shop/prod...')
#5 C:\alaragon\www\site\ci4\vendor\codeigniter4\framework\system\View\View.php(220): include('C:\\alaragon\\www...')
#6 C:\alaragon\www\site\ci4\vendor\codeigniter4\framework\system\View\View.php(222): CodeIgniter\View\View->CodeIgniter\View\{closure}()
#7 C:\alaragon\www\site\ci4\vendor\codeigniter4\framework\system\Common.php(1217): CodeIgniter\View\View->render('admin/shop/prod...', Array, true)
#8 C:\alaragon\www\site\ci4\app\Controllers\Admin\Shop\Produtos.php(21): view('admin/shop/prod...', Array)
#9 C:\alaragon\www\site\ci4\vendor\codeigniter4\framework\system\CodeIgniter.php(937): App\Controllers\Admin\Shop\Produtos->index()
#10 C:\alaragon\www\site\ci4\vendor\codeigniter4\framework\system\CodeIgniter.php(433): CodeIgniter\CodeIgniter->runController(Object(App\Controllers\Admin\Shop\Produtos))
#11 C:\alaragon\www\site\ci4\vendor\codeigniter4\framework\system\CodeIgniter.php(334): CodeIgniter\CodeIgniter->handleRequest(NULL, Object(Config\Cache), false)
#12 C:\alaragon\www\site\public_html\index.php(45): CodeIgniter\CodeIgniter->run()
#13 {main}
CRITICAL - 2021-10-18 20:03:59 --> Undefined variable: produto
#0 C:\alaragon\www\site\ci4\app\Views\admin\shop\produtos\add.php(6): CodeIgniter\Debug\Exceptions->errorHandler(8, 'Undefined varia...', 'C:\\alaragon\\www...', 6, Array)
#1 C:\alaragon\www\site\ci4\vendor\codeigniter4\framework\system\View\View.php(220): include('C:\\alaragon\\www...')
#2 C:\alaragon\www\site\ci4\vendor\codeigniter4\framework\system\View\View.php(222): CodeIgniter\View\View->CodeIgniter\View\{closure}()
#3 C:\alaragon\www\site\ci4\vendor\codeigniter4\framework\system\View\View.php(468): CodeIgniter\View\View->render('admin/shop/prod...', NULL, true)
#4 C:\alaragon\www\site\ci4\app\Views\admin\shop\produtos\index.php(26): CodeIgniter\View\View->include('admin/shop/prod...')
#5 C:\alaragon\www\site\ci4\vendor\codeigniter4\framework\system\View\View.php(220): include('C:\\alaragon\\www...')
#6 C:\alaragon\www\site\ci4\vendor\codeigniter4\framework\system\View\View.php(222): CodeIgniter\View\View->CodeIgniter\View\{closure}()
#7 C:\alaragon\www\site\ci4\vendor\codeigniter4\framework\system\Common.php(1217): CodeIgniter\View\View->render('admin/shop/prod...', Array, true)
#8 C:\alaragon\www\site\ci4\app\Controllers\Admin\Shop\Produtos.php(23): view('admin/shop/prod...', Array)
#9 C:\alaragon\www\site\ci4\vendor\codeigniter4\framework\system\CodeIgniter.php(937): App\Controllers\Admin\Shop\Produtos->index()
#10 C:\alaragon\www\site\ci4\vendor\codeigniter4\framework\system\CodeIgniter.php(433): CodeIgniter\CodeIgniter->runController(Object(App\Controllers\Admin\Shop\Produtos))
#11 C:\alaragon\www\site\ci4\vendor\codeigniter4\framework\system\CodeIgniter.php(334): CodeIgniter\CodeIgniter->handleRequest(NULL, Object(Config\Cache), false)
#12 C:\alaragon\www\site\public_html\index.php(45): CodeIgniter\CodeIgniter->run()
#13 {main}
CRITICAL - 2021-10-18 20:04:25 --> Undefined variable: produto
#0 C:\alaragon\www\site\ci4\app\Views\admin\shop\produtos\add.php(6): CodeIgniter\Debug\Exceptions->errorHandler(8, 'Undefined varia...', 'C:\\alaragon\\www...', 6, Array)
#1 C:\alaragon\www\site\ci4\vendor\codeigniter4\framework\system\View\View.php(220): include('C:\\alaragon\\www...')
#2 C:\alaragon\www\site\ci4\vendor\codeigniter4\framework\system\View\View.php(222): CodeIgniter\View\View->CodeIgniter\View\{closure}()
#3 C:\alaragon\www\site\ci4\vendor\codeigniter4\framework\system\View\View.php(468): CodeIgniter\View\View->render('admin/shop/prod...', NULL, true)
#4 C:\alaragon\www\site\ci4\app\Views\admin\shop\produtos\index.php(26): CodeIgniter\View\View->include('admin/shop/prod...')
#5 C:\alaragon\www\site\ci4\vendor\codeigniter4\framework\system\View\View.php(220): include('C:\\alaragon\\www...')
#6 C:\alaragon\www\site\ci4\vendor\codeigniter4\framework\system\View\View.php(222): CodeIgniter\View\View->CodeIgniter\View\{closure}()
#7 C:\alaragon\www\site\ci4\vendor\codeigniter4\framework\system\Common.php(1217): CodeIgniter\View\View->render('admin/shop/prod...', Array, true)
#8 C:\alaragon\www\site\ci4\app\Controllers\Admin\Shop\Produtos.php(23): view('admin/shop/prod...', Array)
#9 C:\alaragon\www\site\ci4\vendor\codeigniter4\framework\system\CodeIgniter.php(937): App\Controllers\Admin\Shop\Produtos->index()
#10 C:\alaragon\www\site\ci4\vendor\codeigniter4\framework\system\CodeIgniter.php(433): CodeIgniter\CodeIgniter->runController(Object(App\Controllers\Admin\Shop\Produtos))
#11 C:\alaragon\www\site\ci4\vendor\codeigniter4\framework\system\CodeIgniter.php(334): CodeIgniter\CodeIgniter->handleRequest(NULL, Object(Config\Cache), false)
#12 C:\alaragon\www\site\public_html\index.php(45): CodeIgniter\CodeIgniter->run()
#13 {main}
CRITICAL - 2021-10-18 20:04:45 --> syntax error, unexpected '0' (T_LNUMBER), expecting identifier (T_STRING) or variable (T_VARIABLE) or '{' or '$'
#0 C:\alaragon\www\site\ci4\vendor\codeigniter4\framework\system\View\View.php(222): CodeIgniter\View\View->CodeIgniter\View\{closure}()
#1 C:\alaragon\www\site\ci4\vendor\codeigniter4\framework\system\View\View.php(468): CodeIgniter\View\View->render('admin/shop/prod...', NULL, true)
#2 C:\alaragon\www\site\ci4\app\Views\admin\shop\produtos\index.php(26): CodeIgniter\View\View->include('admin/shop/prod...')
#3 C:\alaragon\www\site\ci4\vendor\codeigniter4\framework\system\View\View.php(220): include('C:\\alaragon\\www...')
#4 C:\alaragon\www\site\ci4\vendor\codeigniter4\framework\system\View\View.php(222): CodeIgniter\View\View->CodeIgniter\View\{closure}()
#5 C:\alaragon\www\site\ci4\vendor\codeigniter4\framework\system\Common.php(1217): CodeIgniter\View\View->render('admin/shop/prod...', Array, true)
#6 C:\alaragon\www\site\ci4\app\Controllers\Admin\Shop\Produtos.php(23): view('admin/shop/prod...', Array)
#7 C:\alaragon\www\site\ci4\vendor\codeigniter4\framework\system\CodeIgniter.php(937): App\Controllers\Admin\Shop\Produtos->index()
#8 C:\alaragon\www\site\ci4\vendor\codeigniter4\framework\system\CodeIgniter.php(433): CodeIgniter\CodeIgniter->runController(Object(App\Controllers\Admin\Shop\Produtos))
#9 C:\alaragon\www\site\ci4\vendor\codeigniter4\framework\system\CodeIgniter.php(334): CodeIgniter\CodeIgniter->handleRequest(NULL, Object(Config\Cache), false)
#10 C:\alaragon\www\site\public_html\index.php(45): CodeIgniter\CodeIgniter->run()
#11 {main}
CRITICAL - 2021-10-18 20:04:57 --> Undefined variable: atributo
#0 C:\alaragon\www\site\ci4\app\Views\admin\shop\produtos\add.php(9): CodeIgniter\Debug\Exceptions->errorHandler(8, 'Undefined varia...', 'C:\\alaragon\\www...', 9, Array)
#1 C:\alaragon\www\site\ci4\vendor\codeigniter4\framework\system\View\View.php(220): include('C:\\alaragon\\www...')
#2 C:\alaragon\www\site\ci4\vendor\codeigniter4\framework\system\View\View.php(222): CodeIgniter\View\View->CodeIgniter\View\{closure}()
#3 C:\alaragon\www\site\ci4\vendor\codeigniter4\framework\system\View\View.php(468): CodeIgniter\View\View->render('admin/shop/prod...', NULL, true)
#4 C:\alaragon\www\site\ci4\app\Views\admin\shop\produtos\index.php(26): CodeIgniter\View\View->include('admin/shop/prod...')
#5 C:\alaragon\www\site\ci4\vendor\codeigniter4\framework\system\View\View.php(220): include('C:\\alaragon\\www...')
#6 C:\alaragon\www\site\ci4\vendor\codeigniter4\framework\system\View\View.php(222): CodeIgniter\View\View->CodeIgniter\View\{closure}()
#7 C:\alaragon\www\site\ci4\vendor\codeigniter4\framework\system\Common.php(1217): CodeIgniter\View\View->render('admin/shop/prod...', Array, true)
#8 C:\alaragon\www\site\ci4\app\Controllers\Admin\Shop\Produtos.php(23): view('admin/shop/prod...', Array)
#9 C:\alaragon\www\site\ci4\vendor\codeigniter4\framework\system\CodeIgniter.php(937): App\Controllers\Admin\Shop\Produtos->index()
#10 C:\alaragon\www\site\ci4\vendor\codeigniter4\framework\system\CodeIgniter.php(433): CodeIgniter\CodeIgniter->runController(Object(App\Controllers\Admin\Shop\Produtos))
#11 C:\alaragon\www\site\ci4\vendor\codeigniter4\framework\system\CodeIgniter.php(334): CodeIgniter\CodeIgniter->handleRequest(NULL, Object(Config\Cache), false)
#12 C:\alaragon\www\site\public_html\index.php(45): CodeIgniter\CodeIgniter->run()
#13 {main}
CRITICAL - 2021-10-18 20:05:24 --> Undefined variable: atributo
#0 C:\alaragon\www\site\ci4\app\Views\admin\shop\produtos\add.php(9): CodeIgniter\Debug\Exceptions->errorHandler(8, 'Undefined varia...', 'C:\\alaragon\\www...', 9, Array)
#1 C:\alaragon\www\site\ci4\vendor\codeigniter4\framework\system\View\View.php(220): include('C:\\alaragon\\www...')
#2 C:\alaragon\www\site\ci4\vendor\codeigniter4\framework\system\View\View.php(222): CodeIgniter\View\View->CodeIgniter\View\{closure}()
#3 C:\alaragon\www\site\ci4\vendor\codeigniter4\framework\system\View\View.php(468): CodeIgniter\View\View->render('admin/shop/prod...', NULL, true)
#4 C:\alaragon\www\site\ci4\app\Views\admin\shop\produtos\index.php(26): CodeIgniter\View\View->include('admin/shop/prod...')
#5 C:\alaragon\www\site\ci4\vendor\codeigniter4\framework\system\View\View.php(220): include('C:\\alaragon\\www...')
#6 C:\alaragon\www\site\ci4\vendor\codeigniter4\framework\system\View\View.php(222): CodeIgniter\View\View->CodeIgniter\View\{closure}()
#7 C:\alaragon\www\site\ci4\vendor\codeigniter4\framework\system\Common.php(1217): CodeIgniter\View\View->render('admin/shop/prod...', Array, true)
#8 C:\alaragon\www\site\ci4\app\Controllers\Admin\Shop\Produtos.php(23): view('admin/shop/prod...', Array)
#9 C:\alaragon\www\site\ci4\vendor\codeigniter4\framework\system\CodeIgniter.php(937): App\Controllers\Admin\Shop\Produtos->index()
#10 C:\alaragon\www\site\ci4\vendor\codeigniter4\framework\system\CodeIgniter.php(433): CodeIgniter\CodeIgniter->runController(Object(App\Controllers\Admin\Shop\Produtos))
#11 C:\alaragon\www\site\ci4\vendor\codeigniter4\framework\system\CodeIgniter.php(334): CodeIgniter\CodeIgniter->handleRequest(NULL, Object(Config\Cache), false)
#12 C:\alaragon\www\site\public_html\index.php(45): CodeIgniter\CodeIgniter->run()
#13 {main}
CRITICAL - 2021-10-18 20:05:39 --> Undefined variable: title
#0 C:\alaragon\www\site\ci4\app\Views\admin\shop\produtos\index.php(35): CodeIgniter\Debug\Exceptions->errorHandler(8, 'Undefined varia...', 'C:\\alaragon\\www...', 35, Array)
#1 C:\alaragon\www\site\ci4\vendor\codeigniter4\framework\system\View\View.php(220): include('C:\\alaragon\\www...')
#2 C:\alaragon\www\site\ci4\vendor\codeigniter4\framework\system\View\View.php(222): CodeIgniter\View\View->CodeIgniter\View\{closure}()
#3 C:\alaragon\www\site\ci4\vendor\codeigniter4\framework\system\Common.php(1217): CodeIgniter\View\View->render('admin/shop/prod...', Array, true)
#4 C:\alaragon\www\site\ci4\app\Controllers\Admin\Shop\Produtos.php(23): view('admin/shop/prod...', Array)
#5 C:\alaragon\www\site\ci4\vendor\codeigniter4\framework\system\CodeIgniter.php(937): App\Controllers\Admin\Shop\Produtos->index()
#6 C:\alaragon\www\site\ci4\vendor\codeigniter4\framework\system\CodeIgniter.php(433): CodeIgniter\CodeIgniter->runController(Object(App\Controllers\Admin\Shop\Produtos))
#7 C:\alaragon\www\site\ci4\vendor\codeigniter4\framework\system\CodeIgniter.php(334): CodeIgniter\CodeIgniter->handleRequest(NULL, Object(Config\Cache), false)
#8 C:\alaragon\www\site\public_html\index.php(45): CodeIgniter\CodeIgniter->run()
#9 {main}
