CRITICAL - 2023-03-09 07:58:29 --> Toolbar collector does not exists(Myth\Auth\Collectors\Auth).please check $collectors in the Config\Toolbar.php file.
CRITICAL - 2023-03-09 07:58:29 --> Toolbar collector does not exists(Myth\Auth\Collectors\Auth).please check $collectors in the Config\Toolbar.php file.
CRITICAL - 2023-03-09 07:58:30 --> Toolbar collector does not exists(Myth\Auth\Collectors\Auth).please check $collectors in the Config\Toolbar.php file.
CRITICAL - 2023-03-09 07:58:31 --> Toolbar collector does not exists(Myth\Auth\Collectors\Auth).please check $collectors in the Config\Toolbar.php file.
CRITICAL - 2023-03-09 07:58:31 --> Toolbar collector does not exists(Myth\Auth\Collectors\Auth).please check $collectors in the Config\Toolbar.php file.
CRITICAL - 2023-03-09 08:04:04 --> Toolbar collector does not exists(Myth\Auth\Collectors\Auth).please check $collectors in the Config\Toolbar.php file.
CRITICAL - 2023-03-09 08:04:04 --> Toolbar collector does not exists(Myth\Auth\Collectors\Auth).please check $collectors in the Config\Toolbar.php file.
CRITICAL - 2023-03-09 08:04:04 --> Toolbar collector does not exists(Myth\Auth\Collectors\Auth).please check $collectors in the Config\Toolbar.php file.
CRITICAL - 2023-03-09 08:04:05 --> Toolbar collector does not exists(Myth\Auth\Collectors\Auth).please check $collectors in the Config\Toolbar.php file.
CRITICAL - 2023-03-09 08:04:08 --> Toolbar collector does not exists(Myth\Auth\Collectors\Auth).please check $collectors in the Config\Toolbar.php file.
CRITICAL - 2023-03-09 08:04:08 --> Toolbar collector does not exists(Myth\Auth\Collectors\Auth).please check $collectors in the Config\Toolbar.php file.
CRITICAL - 2023-03-09 08:04:08 --> Toolbar collector does not exists(Myth\Auth\Collectors\Auth).please check $collectors in the Config\Toolbar.php file.
CRITICAL - 2023-03-09 08:04:09 --> Toolbar collector does not exists(Myth\Auth\Collectors\Auth).please check $collectors in the Config\Toolbar.php file.
CRITICAL - 2023-03-09 08:04:18 --> Toolbar collector does not exists(Myth\Auth\Collectors\Auth).please check $collectors in the Config\Toolbar.php file.
CRITICAL - 2023-03-09 08:12:56 --> Toolbar collector does not exists(Myth\Auth\Collectors\Auth).please check $collectors in the Config\Toolbar.php file.
CRITICAL - 2023-03-09 08:12:56 --> Toolbar collector does not exists(Myth\Auth\Collectors\Auth).please check $collectors in the Config\Toolbar.php file.
CRITICAL - 2023-03-09 08:12:57 --> Toolbar collector does not exists(Myth\Auth\Collectors\Auth).please check $collectors in the Config\Toolbar.php file.
CRITICAL - 2023-03-09 08:14:21 --> Toolbar collector does not exists(Myth\Auth\Collectors\Auth).please check $collectors in the Config\Toolbar.php file.
CRITICAL - 2023-03-09 08:14:21 --> Toolbar collector does not exists(Myth\Auth\Collectors\Auth).please check $collectors in the Config\Toolbar.php file.
CRITICAL - 2023-03-09 08:14:21 --> Toolbar collector does not exists(Myth\Auth\Collectors\Auth).please check $collectors in the Config\Toolbar.php file.
CRITICAL - 2023-03-09 08:14:29 --> Toolbar collector does not exists(Myth\Auth\Collectors\Auth).please check $collectors in the Config\Toolbar.php file.
CRITICAL - 2023-03-09 08:14:29 --> Toolbar collector does not exists(Myth\Auth\Collectors\Auth).please check $collectors in the Config\Toolbar.php file.
CRITICAL - 2023-03-09 08:14:29 --> Toolbar collector does not exists(Myth\Auth\Collectors\Auth).please check $collectors in the Config\Toolbar.php file.
CRITICAL - 2023-03-09 08:15:24 --> Toolbar collector does not exists(Myth\Auth\Collectors\Auth).please check $collectors in the Config\Toolbar.php file.
CRITICAL - 2023-03-09 08:15:25 --> Toolbar collector does not exists(Myth\Auth\Collectors\Auth).please check $collectors in the Config\Toolbar.php file.
CRITICAL - 2023-03-09 08:15:25 --> Toolbar collector does not exists(Myth\Auth\Collectors\Auth).please check $collectors in the Config\Toolbar.php file.
CRITICAL - 2023-03-09 08:15:25 --> Toolbar collector does not exists(Myth\Auth\Collectors\Auth).please check $collectors in the Config\Toolbar.php file.
CRITICAL - 2023-03-09 08:15:25 --> Toolbar collector does not exists(Myth\Auth\Collectors\Auth).please check $collectors in the Config\Toolbar.php file.
CRITICAL - 2023-03-09 08:15:25 --> Toolbar collector does not exists(Myth\Auth\Collectors\Auth).please check $collectors in the Config\Toolbar.php file.
CRITICAL - 2023-03-09 08:15:28 --> Toolbar collector does not exists(Myth\Auth\Collectors\Auth).please check $collectors in the Config\Toolbar.php file.
CRITICAL - 2023-03-09 08:15:28 --> Undefined variable: done
#0 C:\alaragon\www\site\ci4\app\Controllers\Admin\Todo.php(104): CodeIgniter\Debug\Exceptions->errorHandler(8, 'Undefined varia...', 'C:\\alaragon\\www...', 104, Array)
#1 C:\alaragon\www\site\ci4\vendor\codeigniter4\framework\system\CodeIgniter.php(937): App\Controllers\Admin\Todo->update()
#2 C:\alaragon\www\site\ci4\vendor\codeigniter4\framework\system\CodeIgniter.php(433): CodeIgniter\CodeIgniter->runController(Object(App\Controllers\Admin\Todo))
#3 C:\alaragon\www\site\ci4\vendor\codeigniter4\framework\system\CodeIgniter.php(334): CodeIgniter\CodeIgniter->handleRequest(NULL, Object(Config\Cache), false)
#4 C:\alaragon\www\site\public_html\index.php(45): CodeIgniter\CodeIgniter->run()
#5 {main}
CRITICAL - 2023-03-09 08:20:49 --> Toolbar collector does not exists(Myth\Auth\Collectors\Auth).please check $collectors in the Config\Toolbar.php file.
CRITICAL - 2023-03-09 08:20:50 --> Toolbar collector does not exists(Myth\Auth\Collectors\Auth).please check $collectors in the Config\Toolbar.php file.
CRITICAL - 2023-03-09 08:20:50 --> Toolbar collector does not exists(Myth\Auth\Collectors\Auth).please check $collectors in the Config\Toolbar.php file.
CRITICAL - 2023-03-09 08:20:50 --> Toolbar collector does not exists(Myth\Auth\Collectors\Auth).please check $collectors in the Config\Toolbar.php file.
CRITICAL - 2023-03-09 08:20:50 --> Toolbar collector does not exists(Myth\Auth\Collectors\Auth).please check $collectors in the Config\Toolbar.php file.
CRITICAL - 2023-03-09 08:20:50 --> Toolbar collector does not exists(Myth\Auth\Collectors\Auth).please check $collectors in the Config\Toolbar.php file.
CRITICAL - 2023-03-09 08:20:52 --> Toolbar collector does not exists(Myth\Auth\Collectors\Auth).please check $collectors in the Config\Toolbar.php file.
CRITICAL - 2023-03-09 08:20:52 --> Undefined variable: done
#0 C:\alaragon\www\site\ci4\app\Controllers\Admin\Todo.php(104): CodeIgniter\Debug\Exceptions->errorHandler(8, 'Undefined varia...', 'C:\\alaragon\\www...', 104, Array)
#1 C:\alaragon\www\site\ci4\vendor\codeigniter4\framework\system\CodeIgniter.php(937): App\Controllers\Admin\Todo->update()
#2 C:\alaragon\www\site\ci4\vendor\codeigniter4\framework\system\CodeIgniter.php(433): CodeIgniter\CodeIgniter->runController(Object(App\Controllers\Admin\Todo))
#3 C:\alaragon\www\site\ci4\vendor\codeigniter4\framework\system\CodeIgniter.php(334): CodeIgniter\CodeIgniter->handleRequest(NULL, Object(Config\Cache), false)
#4 C:\alaragon\www\site\public_html\index.php(45): CodeIgniter\CodeIgniter->run()
#5 {main}
CRITICAL - 2023-03-09 08:21:17 --> Toolbar collector does not exists(Myth\Auth\Collectors\Auth).please check $collectors in the Config\Toolbar.php file.
CRITICAL - 2023-03-09 08:21:17 --> Toolbar collector does not exists(Myth\Auth\Collectors\Auth).please check $collectors in the Config\Toolbar.php file.
CRITICAL - 2023-03-09 08:21:17 --> Toolbar collector does not exists(Myth\Auth\Collectors\Auth).please check $collectors in the Config\Toolbar.php file.
CRITICAL - 2023-03-09 08:21:17 --> Toolbar collector does not exists(Myth\Auth\Collectors\Auth).please check $collectors in the Config\Toolbar.php file.
CRITICAL - 2023-03-09 08:21:17 --> Toolbar collector does not exists(Myth\Auth\Collectors\Auth).please check $collectors in the Config\Toolbar.php file.
CRITICAL - 2023-03-09 08:21:18 --> Toolbar collector does not exists(Myth\Auth\Collectors\Auth).please check $collectors in the Config\Toolbar.php file.
CRITICAL - 2023-03-09 08:21:20 --> Toolbar collector does not exists(Myth\Auth\Collectors\Auth).please check $collectors in the Config\Toolbar.php file.
CRITICAL - 2023-03-09 08:21:20 --> Undefined variable: done
#0 C:\alaragon\www\site\ci4\app\Controllers\Admin\Todo.php(104): CodeIgniter\Debug\Exceptions->errorHandler(8, 'Undefined varia...', 'C:\\alaragon\\www...', 104, Array)
#1 C:\alaragon\www\site\ci4\vendor\codeigniter4\framework\system\CodeIgniter.php(937): App\Controllers\Admin\Todo->update()
#2 C:\alaragon\www\site\ci4\vendor\codeigniter4\framework\system\CodeIgniter.php(433): CodeIgniter\CodeIgniter->runController(Object(App\Controllers\Admin\Todo))
#3 C:\alaragon\www\site\ci4\vendor\codeigniter4\framework\system\CodeIgniter.php(334): CodeIgniter\CodeIgniter->handleRequest(NULL, Object(Config\Cache), false)
#4 C:\alaragon\www\site\public_html\index.php(45): CodeIgniter\CodeIgniter->run()
#5 {main}
CRITICAL - 2023-03-09 08:21:22 --> Toolbar collector does not exists(Myth\Auth\Collectors\Auth).please check $collectors in the Config\Toolbar.php file.
CRITICAL - 2023-03-09 08:21:23 --> Undefined variable: done
#0 C:\alaragon\www\site\ci4\app\Controllers\Admin\Todo.php(104): CodeIgniter\Debug\Exceptions->errorHandler(8, 'Undefined varia...', 'C:\\alaragon\\www...', 104, Array)
#1 C:\alaragon\www\site\ci4\vendor\codeigniter4\framework\system\CodeIgniter.php(937): App\Controllers\Admin\Todo->update()
#2 C:\alaragon\www\site\ci4\vendor\codeigniter4\framework\system\CodeIgniter.php(433): CodeIgniter\CodeIgniter->runController(Object(App\Controllers\Admin\Todo))
#3 C:\alaragon\www\site\ci4\vendor\codeigniter4\framework\system\CodeIgniter.php(334): CodeIgniter\CodeIgniter->handleRequest(NULL, Object(Config\Cache), false)
#4 C:\alaragon\www\site\public_html\index.php(45): CodeIgniter\CodeIgniter->run()
#5 {main}
CRITICAL - 2023-03-09 08:23:53 --> Toolbar collector does not exists(Myth\Auth\Collectors\Auth).please check $collectors in the Config\Toolbar.php file.
CRITICAL - 2023-03-09 08:23:53 --> Toolbar collector does not exists(Myth\Auth\Collectors\Auth).please check $collectors in the Config\Toolbar.php file.
CRITICAL - 2023-03-09 08:23:53 --> Toolbar collector does not exists(Myth\Auth\Collectors\Auth).please check $collectors in the Config\Toolbar.php file.
CRITICAL - 2023-03-09 08:23:53 --> Toolbar collector does not exists(Myth\Auth\Collectors\Auth).please check $collectors in the Config\Toolbar.php file.
CRITICAL - 2023-03-09 08:23:53 --> Toolbar collector does not exists(Myth\Auth\Collectors\Auth).please check $collectors in the Config\Toolbar.php file.
CRITICAL - 2023-03-09 08:23:54 --> Toolbar collector does not exists(Myth\Auth\Collectors\Auth).please check $collectors in the Config\Toolbar.php file.
CRITICAL - 2023-03-09 08:23:56 --> Toolbar collector does not exists(Myth\Auth\Collectors\Auth).please check $collectors in the Config\Toolbar.php file.
CRITICAL - 2023-03-09 08:24:22 --> Toolbar collector does not exists(Myth\Auth\Collectors\Auth).please check $collectors in the Config\Toolbar.php file.
CRITICAL - 2023-03-09 08:24:22 --> Toolbar collector does not exists(Myth\Auth\Collectors\Auth).please check $collectors in the Config\Toolbar.php file.
CRITICAL - 2023-03-09 08:24:22 --> Toolbar collector does not exists(Myth\Auth\Collectors\Auth).please check $collectors in the Config\Toolbar.php file.
CRITICAL - 2023-03-09 08:24:22 --> Toolbar collector does not exists(Myth\Auth\Collectors\Auth).please check $collectors in the Config\Toolbar.php file.
CRITICAL - 2023-03-09 08:24:22 --> Toolbar collector does not exists(Myth\Auth\Collectors\Auth).please check $collectors in the Config\Toolbar.php file.
CRITICAL - 2023-03-09 08:24:22 --> Toolbar collector does not exists(Myth\Auth\Collectors\Auth).please check $collectors in the Config\Toolbar.php file.
CRITICAL - 2023-03-09 08:24:25 --> Toolbar collector does not exists(Myth\Auth\Collectors\Auth).please check $collectors in the Config\Toolbar.php file.
CRITICAL - 2023-03-09 08:24:31 --> Toolbar collector does not exists(Myth\Auth\Collectors\Auth).please check $collectors in the Config\Toolbar.php file.
CRITICAL - 2023-03-09 08:24:33 --> Toolbar collector does not exists(Myth\Auth\Collectors\Auth).please check $collectors in the Config\Toolbar.php file.
CRITICAL - 2023-03-09 08:24:33 --> Toolbar collector does not exists(Myth\Auth\Collectors\Auth).please check $collectors in the Config\Toolbar.php file.
CRITICAL - 2023-03-09 08:24:34 --> Toolbar collector does not exists(Myth\Auth\Collectors\Auth).please check $collectors in the Config\Toolbar.php file.
CRITICAL - 2023-03-09 08:24:34 --> Toolbar collector does not exists(Myth\Auth\Collectors\Auth).please check $collectors in the Config\Toolbar.php file.
CRITICAL - 2023-03-09 08:24:34 --> Toolbar collector does not exists(Myth\Auth\Collectors\Auth).please check $collectors in the Config\Toolbar.php file.
CRITICAL - 2023-03-09 08:24:34 --> Toolbar collector does not exists(Myth\Auth\Collectors\Auth).please check $collectors in the Config\Toolbar.php file.
CRITICAL - 2023-03-09 08:24:36 --> Toolbar collector does not exists(Myth\Auth\Collectors\Auth).please check $collectors in the Config\Toolbar.php file.
CRITICAL - 2023-03-09 08:24:37 --> Toolbar collector does not exists(Myth\Auth\Collectors\Auth).please check $collectors in the Config\Toolbar.php file.
CRITICAL - 2023-03-09 08:24:37 --> Toolbar collector does not exists(Myth\Auth\Collectors\Auth).please check $collectors in the Config\Toolbar.php file.
CRITICAL - 2023-03-09 08:24:38 --> Toolbar collector does not exists(Myth\Auth\Collectors\Auth).please check $collectors in the Config\Toolbar.php file.
CRITICAL - 2023-03-09 08:24:38 --> Toolbar collector does not exists(Myth\Auth\Collectors\Auth).please check $collectors in the Config\Toolbar.php file.
CRITICAL - 2023-03-09 08:24:38 --> Toolbar collector does not exists(Myth\Auth\Collectors\Auth).please check $collectors in the Config\Toolbar.php file.
CRITICAL - 2023-03-09 08:24:38 --> Toolbar collector does not exists(Myth\Auth\Collectors\Auth).please check $collectors in the Config\Toolbar.php file.
CRITICAL - 2023-03-09 08:24:40 --> Toolbar collector does not exists(Myth\Auth\Collectors\Auth).please check $collectors in the Config\Toolbar.php file.
CRITICAL - 2023-03-09 08:24:42 --> Toolbar collector does not exists(Myth\Auth\Collectors\Auth).please check $collectors in the Config\Toolbar.php file.
CRITICAL - 2023-03-09 08:24:43 --> Toolbar collector does not exists(Myth\Auth\Collectors\Auth).please check $collectors in the Config\Toolbar.php file.
CRITICAL - 2023-03-09 08:24:43 --> Toolbar collector does not exists(Myth\Auth\Collectors\Auth).please check $collectors in the Config\Toolbar.php file.
CRITICAL - 2023-03-09 08:24:43 --> Toolbar collector does not exists(Myth\Auth\Collectors\Auth).please check $collectors in the Config\Toolbar.php file.
CRITICAL - 2023-03-09 08:24:43 --> Toolbar collector does not exists(Myth\Auth\Collectors\Auth).please check $collectors in the Config\Toolbar.php file.
CRITICAL - 2023-03-09 08:24:43 --> Toolbar collector does not exists(Myth\Auth\Collectors\Auth).please check $collectors in the Config\Toolbar.php file.
CRITICAL - 2023-03-09 09:18:21 --> Toolbar collector does not exists(Myth\Auth\Collectors\Auth).please check $collectors in the Config\Toolbar.php file.
CRITICAL - 2023-03-09 09:30:44 --> Toolbar collector does not exists(Myth\Auth\Collectors\Auth).please check $collectors in the Config\Toolbar.php file.
CRITICAL - 2023-03-09 09:30:45 --> Toolbar collector does not exists(Myth\Auth\Collectors\Auth).please check $collectors in the Config\Toolbar.php file.
CRITICAL - 2023-03-09 09:30:45 --> Toolbar collector does not exists(Myth\Auth\Collectors\Auth).please check $collectors in the Config\Toolbar.php file.
CRITICAL - 2023-03-09 09:42:16 --> Toolbar collector does not exists(Myth\Auth\Collectors\Auth).please check $collectors in the Config\Toolbar.php file.
CRITICAL - 2023-03-09 09:47:32 --> Toolbar collector does not exists(Myth\Auth\Collectors\Auth).please check $collectors in the Config\Toolbar.php file.
CRITICAL - 2023-03-09 09:54:27 --> Toolbar collector does not exists(Myth\Auth\Collectors\Auth).please check $collectors in the Config\Toolbar.php file.
CRITICAL - 2023-03-09 09:54:29 --> Toolbar collector does not exists(Myth\Auth\Collectors\Auth).please check $collectors in the Config\Toolbar.php file.
CRITICAL - 2023-03-09 09:54:30 --> Toolbar collector does not exists(Myth\Auth\Collectors\Auth).please check $collectors in the Config\Toolbar.php file.
CRITICAL - 2023-03-09 10:09:51 --> Toolbar collector does not exists(Myth\Auth\Collectors\Auth).please check $collectors in the Config\Toolbar.php file.
CRITICAL - 2023-03-09 10:09:51 --> Toolbar collector does not exists(Myth\Auth\Collectors\Auth).please check $collectors in the Config\Toolbar.php file.
CRITICAL - 2023-03-09 12:07:34 --> Toolbar collector does not exists(Myth\Auth\Collectors\Auth).please check $collectors in the Config\Toolbar.php file.
CRITICAL - 2023-03-09 12:07:35 --> Toolbar collector does not exists(Myth\Auth\Collectors\Auth).please check $collectors in the Config\Toolbar.php file.
CRITICAL - 2023-03-09 12:07:36 --> Toolbar collector does not exists(Myth\Auth\Collectors\Auth).please check $collectors in the Config\Toolbar.php file.
CRITICAL - 2023-03-09 12:07:36 --> Toolbar collector does not exists(Myth\Auth\Collectors\Auth).please check $collectors in the Config\Toolbar.php file.
CRITICAL - 2023-03-09 12:08:03 --> Toolbar collector does not exists(Myth\Auth\Collectors\Auth).please check $collectors in the Config\Toolbar.php file.
CRITICAL - 2023-03-09 12:08:04 --> Toolbar collector does not exists(Myth\Auth\Collectors\Auth).please check $collectors in the Config\Toolbar.php file.
CRITICAL - 2023-03-09 12:08:04 --> Toolbar collector does not exists(Myth\Auth\Collectors\Auth).please check $collectors in the Config\Toolbar.php file.
CRITICAL - 2023-03-09 12:08:08 --> Toolbar collector does not exists(Myth\Auth\Collectors\Auth).please check $collectors in the Config\Toolbar.php file.
CRITICAL - 2023-03-09 12:08:08 --> Toolbar collector does not exists(Myth\Auth\Collectors\Auth).please check $collectors in the Config\Toolbar.php file.
CRITICAL - 2023-03-09 12:08:08 --> Toolbar collector does not exists(Myth\Auth\Collectors\Auth).please check $collectors in the Config\Toolbar.php file.
CRITICAL - 2023-03-09 12:08:08 --> Toolbar collector does not exists(Myth\Auth\Collectors\Auth).please check $collectors in the Config\Toolbar.php file.
CRITICAL - 2023-03-09 12:12:40 --> Toolbar collector does not exists(Myth\Auth\Collectors\Auth).please check $collectors in the Config\Toolbar.php file.
CRITICAL - 2023-03-09 12:12:41 --> Toolbar collector does not exists(Myth\Auth\Collectors\Auth).please check $collectors in the Config\Toolbar.php file.
CRITICAL - 2023-03-09 12:12:41 --> Toolbar collector does not exists(Myth\Auth\Collectors\Auth).please check $collectors in the Config\Toolbar.php file.
CRITICAL - 2023-03-09 12:12:41 --> Toolbar collector does not exists(Myth\Auth\Collectors\Auth).please check $collectors in the Config\Toolbar.php file.
CRITICAL - 2023-03-09 12:12:53 --> Toolbar collector does not exists(Myth\Auth\Collectors\Auth).please check $collectors in the Config\Toolbar.php file.
CRITICAL - 2023-03-09 12:12:54 --> Toolbar collector does not exists(Myth\Auth\Collectors\Auth).please check $collectors in the Config\Toolbar.php file.
CRITICAL - 2023-03-09 12:12:54 --> Toolbar collector does not exists(Myth\Auth\Collectors\Auth).please check $collectors in the Config\Toolbar.php file.
CRITICAL - 2023-03-09 12:13:55 --> Toolbar collector does not exists(Myth\Auth\Collectors\Auth).please check $collectors in the Config\Toolbar.php file.
CRITICAL - 2023-03-09 12:13:55 --> Toolbar collector does not exists(Myth\Auth\Collectors\Auth).please check $collectors in the Config\Toolbar.php file.
CRITICAL - 2023-03-09 12:13:56 --> Toolbar collector does not exists(Myth\Auth\Collectors\Auth).please check $collectors in the Config\Toolbar.php file.
CRITICAL - 2023-03-09 12:13:56 --> Toolbar collector does not exists(Myth\Auth\Collectors\Auth).please check $collectors in the Config\Toolbar.php file.
CRITICAL - 2023-03-09 12:23:28 --> Toolbar collector does not exists(Myth\Auth\Collectors\Auth).please check $collectors in the Config\Toolbar.php file.
ERROR - 2023-03-09 12:23:29 --> Error connecting to the database: Unknown database 'site'
CRITICAL - 2023-03-09 12:23:29 --> Unable to connect to the database.
#0 C:\wamp64\www\site\ci4\vendor\codeigniter4\framework\system\Database\BaseConnection.php(620): CodeIgniter\Database\BaseConnection->initialize()
#1 C:\wamp64\www\site\ci4\vendor\codeigniter4\framework\system\Database\BaseBuilder.php(1866): CodeIgniter\Database\BaseConnection->query('SELECT *\nFROM `...', Array, false)
#2 C:\wamp64\www\site\ci4\vendor\codeigniter4\framework\system\Model.php(247): CodeIgniter\Database\BaseBuilder->get()
#3 C:\wamp64\www\site\ci4\vendor\codeigniter4\framework\system\BaseModel.php(624): CodeIgniter\Model->doFirst()
#4 C:\wamp64\www\site\ci4\app\Models\Front\siteConfig_model.php(12): CodeIgniter\BaseModel->first()
#5 C:\wamp64\www\site\ci4\app\Controllers\Front\Home.php(21): App\Models\Front\siteConfig_model->getDados()
#6 C:\wamp64\www\site\ci4\vendor\codeigniter4\framework\system\CodeIgniter.php(937): App\Controllers\Front\Home->index()
#7 C:\wamp64\www\site\ci4\vendor\codeigniter4\framework\system\CodeIgniter.php(433): CodeIgniter\CodeIgniter->runController(Object(App\Controllers\Front\Home))
#8 C:\wamp64\www\site\ci4\vendor\codeigniter4\framework\system\CodeIgniter.php(334): CodeIgniter\CodeIgniter->handleRequest(NULL, Object(Config\Cache), false)
#9 C:\wamp64\www\site\public_html\index.php(45): CodeIgniter\CodeIgniter->run()
#10 {main}
CRITICAL - 2023-03-09 12:30:11 --> Toolbar collector does not exists(Myth\Auth\Collectors\Auth).please check $collectors in the Config\Toolbar.php file.
ERROR - 2023-03-09 12:30:11 --> Error connecting to the database: Unknown database 'site'
CRITICAL - 2023-03-09 12:30:11 --> Unable to connect to the database.
#0 C:\wamp64\www\site\ci4\vendor\codeigniter4\framework\system\Database\BaseConnection.php(620): CodeIgniter\Database\BaseConnection->initialize()
#1 C:\wamp64\www\site\ci4\vendor\codeigniter4\framework\system\Database\BaseBuilder.php(1866): CodeIgniter\Database\BaseConnection->query('SELECT *\nFROM `...', Array, false)
#2 C:\wamp64\www\site\ci4\vendor\codeigniter4\framework\system\Model.php(247): CodeIgniter\Database\BaseBuilder->get()
#3 C:\wamp64\www\site\ci4\vendor\codeigniter4\framework\system\BaseModel.php(624): CodeIgniter\Model->doFirst()
#4 C:\wamp64\www\site\ci4\app\Models\Front\siteConfig_model.php(12): CodeIgniter\BaseModel->first()
#5 C:\wamp64\www\site\ci4\app\Controllers\Front\Home.php(21): App\Models\Front\siteConfig_model->getDados()
#6 C:\wamp64\www\site\ci4\vendor\codeigniter4\framework\system\CodeIgniter.php(937): App\Controllers\Front\Home->index()
#7 C:\wamp64\www\site\ci4\vendor\codeigniter4\framework\system\CodeIgniter.php(433): CodeIgniter\CodeIgniter->runController(Object(App\Controllers\Front\Home))
#8 C:\wamp64\www\site\ci4\vendor\codeigniter4\framework\system\CodeIgniter.php(334): CodeIgniter\CodeIgniter->handleRequest(NULL, Object(Config\Cache), false)
#9 C:\wamp64\www\site\public_html\index.php(45): CodeIgniter\CodeIgniter->run()
#10 {main}
CRITICAL - 2023-03-09 12:31:25 --> Toolbar collector does not exists(Myth\Auth\Collectors\Auth).please check $collectors in the Config\Toolbar.php file.
ERROR - 2023-03-09 12:31:25 --> Error connecting to the database: Unknown database 'site'
CRITICAL - 2023-03-09 12:31:25 --> Unable to connect to the database.
#0 C:\wamp64\www\site\ci4\vendor\codeigniter4\framework\system\Database\BaseConnection.php(620): CodeIgniter\Database\BaseConnection->initialize()
#1 C:\wamp64\www\site\ci4\vendor\codeigniter4\framework\system\Database\BaseBuilder.php(1866): CodeIgniter\Database\BaseConnection->query('SELECT *\nFROM `...', Array, false)
#2 C:\wamp64\www\site\ci4\vendor\codeigniter4\framework\system\Model.php(247): CodeIgniter\Database\BaseBuilder->get()
#3 C:\wamp64\www\site\ci4\vendor\codeigniter4\framework\system\BaseModel.php(624): CodeIgniter\Model->doFirst()
#4 C:\wamp64\www\site\ci4\app\Models\Front\siteConfig_model.php(12): CodeIgniter\BaseModel->first()
#5 C:\wamp64\www\site\ci4\app\Controllers\Front\Home.php(21): App\Models\Front\siteConfig_model->getDados()
#6 C:\wamp64\www\site\ci4\vendor\codeigniter4\framework\system\CodeIgniter.php(937): App\Controllers\Front\Home->index()
#7 C:\wamp64\www\site\ci4\vendor\codeigniter4\framework\system\CodeIgniter.php(433): CodeIgniter\CodeIgniter->runController(Object(App\Controllers\Front\Home))
#8 C:\wamp64\www\site\ci4\vendor\codeigniter4\framework\system\CodeIgniter.php(334): CodeIgniter\CodeIgniter->handleRequest(NULL, Object(Config\Cache), false)
#9 C:\wamp64\www\site\public_html\index.php(45): CodeIgniter\CodeIgniter->run()
#10 {main}
