CRITICAL - 2021-12-23 08:53:34 --> Undefined variable: menuProdutos
#0 C:\alaragon\www\site\ci4\app\Views\front\shop\index.php(133): CodeIgniter\Debug\Exceptions->errorHandler(8, 'Undefined varia...', 'C:\\alaragon\\www...', 133, Array)
#1 C:\alaragon\www\site\ci4\vendor\codeigniter4\framework\system\View\View.php(220): include('C:\\alaragon\\www...')
#2 C:\alaragon\www\site\ci4\vendor\codeigniter4\framework\system\View\View.php(222): CodeIgniter\View\View->CodeIgniter\View\{closure}()
#3 C:\alaragon\www\site\ci4\vendor\codeigniter4\framework\system\View\View.php(236): CodeIgniter\View\View->render('front/shop/inde...', Array, true)
#4 C:\alaragon\www\site\ci4\vendor\codeigniter4\framework\system\Common.php(1217): CodeIgniter\View\View->render('front/pagina/in...', Array, true)
#5 C:\alaragon\www\site\ci4\app\Controllers\Front\Pagina.php(42): view('front/pagina/in...', Array)
#6 C:\alaragon\www\site\ci4\vendor\codeigniter4\framework\system\CodeIgniter.php(937): App\Controllers\Front\Pagina->index()
#7 C:\alaragon\www\site\ci4\vendor\codeigniter4\framework\system\CodeIgniter.php(433): CodeIgniter\CodeIgniter->runController(Object(App\Controllers\Front\Pagina))
#8 C:\alaragon\www\site\ci4\vendor\codeigniter4\framework\system\CodeIgniter.php(334): CodeIgniter\CodeIgniter->handleRequest(NULL, Object(Config\Cache), false)
#9 C:\alaragon\www\site\public_html\index.php(45): CodeIgniter\CodeIgniter->run()
#10 {main}
CRITICAL - 2021-12-23 08:55:00 --> Undefined variable: model_loja
#0 C:\alaragon\www\site\ci4\app\Controllers\Front\Pagina.php(27): CodeIgniter\Debug\Exceptions->errorHandler(8, 'Undefined varia...', 'C:\\alaragon\\www...', 27, Array)
#1 C:\alaragon\www\site\ci4\vendor\codeigniter4\framework\system\CodeIgniter.php(937): App\Controllers\Front\Pagina->index()
#2 C:\alaragon\www\site\ci4\vendor\codeigniter4\framework\system\CodeIgniter.php(433): CodeIgniter\CodeIgniter->runController(Object(App\Controllers\Front\Pagina))
#3 C:\alaragon\www\site\ci4\vendor\codeigniter4\framework\system\CodeIgniter.php(334): CodeIgniter\CodeIgniter->handleRequest(NULL, Object(Config\Cache), false)
#4 C:\alaragon\www\site\public_html\index.php(45): CodeIgniter\CodeIgniter->run()
#5 {main}
CRITICAL - 2021-12-23 08:55:19 --> Undefined variable: model_loja
#0 C:\alaragon\www\site\ci4\app\Controllers\Front\Pagina.php(28): CodeIgniter\Debug\Exceptions->errorHandler(8, 'Undefined varia...', 'C:\\alaragon\\www...', 28, Array)
#1 C:\alaragon\www\site\ci4\vendor\codeigniter4\framework\system\CodeIgniter.php(937): App\Controllers\Front\Pagina->index()
#2 C:\alaragon\www\site\ci4\vendor\codeigniter4\framework\system\CodeIgniter.php(433): CodeIgniter\CodeIgniter->runController(Object(App\Controllers\Front\Pagina))
#3 C:\alaragon\www\site\ci4\vendor\codeigniter4\framework\system\CodeIgniter.php(334): CodeIgniter\CodeIgniter->handleRequest(NULL, Object(Config\Cache), false)
#4 C:\alaragon\www\site\public_html\index.php(45): CodeIgniter\CodeIgniter->run()
#5 {main}
CRITICAL - 2021-12-23 08:56:34 --> Undefined variable: cart
#0 C:\alaragon\www\site\ci4\app\Controllers\Front\Pagina.php(32): CodeIgniter\Debug\Exceptions->errorHandler(8, 'Undefined varia...', 'C:\\alaragon\\www...', 32, Array)
#1 C:\alaragon\www\site\ci4\vendor\codeigniter4\framework\system\CodeIgniter.php(937): App\Controllers\Front\Pagina->index()
#2 C:\alaragon\www\site\ci4\vendor\codeigniter4\framework\system\CodeIgniter.php(433): CodeIgniter\CodeIgniter->runController(Object(App\Controllers\Front\Pagina))
#3 C:\alaragon\www\site\ci4\vendor\codeigniter4\framework\system\CodeIgniter.php(334): CodeIgniter\CodeIgniter->handleRequest(NULL, Object(Config\Cache), false)
#4 C:\alaragon\www\site\public_html\index.php(45): CodeIgniter\CodeIgniter->run()
#5 {main}
CRITICAL - 2021-12-23 09:13:07 --> syntax error, unexpected ''login'' (T_CONSTANT_ENCAPSED_STRING), expecting ']'
#0 C:\alaragon\www\site\ci4\vendor\codeigniter4\framework\system\Autoloader\Autoloader.php(274): CodeIgniter\Autoloader\Autoloader->includeFile('C:\\alaragon\\www...')
#1 C:\alaragon\www\site\ci4\vendor\codeigniter4\framework\system\Autoloader\Autoloader.php(228): CodeIgniter\Autoloader\Autoloader->loadInNamespace('Config\\Filters')
#2 [internal function]: CodeIgniter\Autoloader\Autoloader->loadClass('Config\\Filters')
#3 [internal function]: spl_autoload_call('Config\\Filters')
#4 C:\alaragon\www\site\ci4\vendor\codeigniter4\framework\system\Config\Factories.php(144): class_exists('Config\\Filters')
#5 C:\alaragon\www\site\ci4\vendor\codeigniter4\framework\system\Config\Factories.php(109): CodeIgniter\Config\Factories::locateClass(Array, 'Filters')
#6 C:\alaragon\www\site\ci4\vendor\codeigniter4\framework\system\Common.php(225): CodeIgniter\Config\Factories::__callStatic('config', Array)
#7 C:\alaragon\www\site\ci4\vendor\codeigniter4\framework\system\Config\Services.php(283): config('Filters')
#8 C:\alaragon\www\site\ci4\vendor\codeigniter4\framework\system\Config\BaseService.php(100): CodeIgniter\Config\Services::filters(NULL, false)
#9 C:\alaragon\www\site\ci4\vendor\codeigniter4\framework\system\Config\Services.php(280): CodeIgniter\Config\BaseService::getSharedInstance('filters', NULL)
#10 C:\alaragon\www\site\ci4\vendor\codeigniter4\framework\system\Config\BaseService.php(171): CodeIgniter\Config\Services::filters()
#11 C:\alaragon\www\site\ci4\vendor\codeigniter4\framework\system\CodeIgniter.php(389): CodeIgniter\Config\BaseService::__callStatic('filters', Array)
#12 C:\alaragon\www\site\ci4\vendor\codeigniter4\framework\system\CodeIgniter.php(334): CodeIgniter\CodeIgniter->handleRequest(NULL, Object(Config\Cache), false)
#13 C:\alaragon\www\site\public_html\index.php(45): CodeIgniter\CodeIgniter->run()
#14 {main}
CRITICAL - 2021-12-23 09:13:22 --> Trying to get property 'percentual' of non-object
#0 C:\alaragon\www\site\ci4\app\Views\front\shop\produto\index.php(44): CodeIgniter\Debug\Exceptions->errorHandler(8, 'Trying to get p...', 'C:\\alaragon\\www...', 44, Array)
#1 C:\alaragon\www\site\ci4\vendor\codeigniter4\framework\system\View\View.php(220): include('C:\\alaragon\\www...')
#2 C:\alaragon\www\site\ci4\vendor\codeigniter4\framework\system\View\View.php(222): CodeIgniter\View\View->CodeIgniter\View\{closure}()
#3 C:\alaragon\www\site\ci4\vendor\codeigniter4\framework\system\Common.php(1217): CodeIgniter\View\View->render('front/shop/prod...', Array, true)
#4 C:\alaragon\www\site\ci4\app\Controllers\Front\Shop\Produtos.php(51): view('front/shop/prod...', Array)
#5 C:\alaragon\www\site\ci4\vendor\codeigniter4\framework\system\CodeIgniter.php(937): App\Controllers\Front\Shop\Produtos->index()
#6 C:\alaragon\www\site\ci4\vendor\codeigniter4\framework\system\CodeIgniter.php(433): CodeIgniter\CodeIgniter->runController(Object(App\Controllers\Front\Shop\Produtos))
#7 C:\alaragon\www\site\ci4\vendor\codeigniter4\framework\system\CodeIgniter.php(334): CodeIgniter\CodeIgniter->handleRequest(NULL, Object(Config\Cache), false)
#8 C:\alaragon\www\site\public_html\index.php(45): CodeIgniter\CodeIgniter->run()
#9 {main}
CRITICAL - 2021-12-23 09:14:16 --> Trying to get property 'percentual' of non-object
#0 C:\alaragon\www\site\ci4\app\Views\front\shop\produto\index.php(44): CodeIgniter\Debug\Exceptions->errorHandler(8, 'Trying to get p...', 'C:\\alaragon\\www...', 44, Array)
#1 C:\alaragon\www\site\ci4\vendor\codeigniter4\framework\system\View\View.php(220): include('C:\\alaragon\\www...')
#2 C:\alaragon\www\site\ci4\vendor\codeigniter4\framework\system\View\View.php(222): CodeIgniter\View\View->CodeIgniter\View\{closure}()
#3 C:\alaragon\www\site\ci4\vendor\codeigniter4\framework\system\Common.php(1217): CodeIgniter\View\View->render('front/shop/prod...', Array, true)
#4 C:\alaragon\www\site\ci4\app\Controllers\Front\Shop\Produtos.php(51): view('front/shop/prod...', Array)
#5 C:\alaragon\www\site\ci4\vendor\codeigniter4\framework\system\CodeIgniter.php(937): App\Controllers\Front\Shop\Produtos->index()
#6 C:\alaragon\www\site\ci4\vendor\codeigniter4\framework\system\CodeIgniter.php(433): CodeIgniter\CodeIgniter->runController(Object(App\Controllers\Front\Shop\Produtos))
#7 C:\alaragon\www\site\ci4\vendor\codeigniter4\framework\system\CodeIgniter.php(334): CodeIgniter\CodeIgniter->handleRequest(NULL, Object(Config\Cache), false)
#8 C:\alaragon\www\site\public_html\index.php(45): CodeIgniter\CodeIgniter->run()
#9 {main}
CRITICAL - 2021-12-23 11:23:12 --> Class name must be a valid object or a string
#0 C:\alaragon\www\site\ci4\vendor\myth\auth\src\Controllers\AuthController.php(242): Myth\Auth\Authentication\Activators\UserActivator->send(Object(Myth\Auth\Entities\User))
#1 C:\alaragon\www\site\ci4\vendor\codeigniter4\framework\system\CodeIgniter.php(937): Myth\Auth\Controllers\AuthController->attemptRegister()
#2 C:\alaragon\www\site\ci4\vendor\codeigniter4\framework\system\CodeIgniter.php(433): CodeIgniter\CodeIgniter->runController(Object(Myth\Auth\Controllers\AuthController))
#3 C:\alaragon\www\site\ci4\vendor\codeigniter4\framework\system\CodeIgniter.php(334): CodeIgniter\CodeIgniter->handleRequest(NULL, Object(Config\Cache), false)
#4 C:\alaragon\www\site\public_html\index.php(45): CodeIgniter\CodeIgniter->run()
#5 {main}
CRITICAL - 2021-12-23 11:26:20 --> Cannot redeclare Myth\Auth\Config\Auth::$requireActivation
#0 [internal function]: CodeIgniter\Debug\Exceptions->shutdownHandler()
#1 {main}
CRITICAL - 2021-12-23 14:52:54 --> Call to undefined function Myth\Auth\Authentication\Activators\setMsg()
#0 C:\alaragon\www\site\ci4\vendor\myth\auth\src\Authentication\Activators\UserActivator.php(40): Myth\Auth\Authentication\Activators\EmailActivator->send(Object(Myth\Auth\Entities\User))
#1 C:\alaragon\www\site\ci4\vendor\myth\auth\src\Controllers\AuthController.php(242): Myth\Auth\Authentication\Activators\UserActivator->send(Object(Myth\Auth\Entities\User))
#2 C:\alaragon\www\site\ci4\vendor\codeigniter4\framework\system\CodeIgniter.php(937): Myth\Auth\Controllers\AuthController->attemptRegister()
#3 C:\alaragon\www\site\ci4\vendor\codeigniter4\framework\system\CodeIgniter.php(433): CodeIgniter\CodeIgniter->runController(Object(Myth\Auth\Controllers\AuthController))
#4 C:\alaragon\www\site\ci4\vendor\codeigniter4\framework\system\CodeIgniter.php(334): CodeIgniter\CodeIgniter->handleRequest(NULL, Object(Config\Cache), false)
#5 C:\alaragon\www\site\public_html\index.php(45): CodeIgniter\CodeIgniter->run()
#6 {main}
