CRITICAL - 2023-03-01 09:54:08 --> Toolbar collector does not exists(Myth\Auth\Collectors\Auth).please check $collectors in the Config\Toolbar.php file.
CRITICAL - 2023-03-01 09:54:09 --> Toolbar collector does not exists(Myth\Auth\Collectors\Auth).please check $collectors in the Config\Toolbar.php file.
CRITICAL - 2023-03-01 09:54:09 --> Toolbar collector does not exists(Myth\Auth\Collectors\Auth).please check $collectors in the Config\Toolbar.php file.
CRITICAL - 2023-03-01 09:54:09 --> Toolbar collector does not exists(Myth\Auth\Collectors\Auth).please check $collectors in the Config\Toolbar.php file.
CRITICAL - 2023-03-01 09:54:10 --> Toolbar collector does not exists(Myth\Auth\Collectors\Auth).please check $collectors in the Config\Toolbar.php file.
CRITICAL - 2023-03-01 09:54:14 --> Toolbar collector does not exists(Myth\Auth\Collectors\Auth).please check $collectors in the Config\Toolbar.php file.
CRITICAL - 2023-03-01 09:54:14 --> Toolbar collector does not exists(Myth\Auth\Collectors\Auth).please check $collectors in the Config\Toolbar.php file.
CRITICAL - 2023-03-01 09:54:15 --> Toolbar collector does not exists(Myth\Auth\Collectors\Auth).please check $collectors in the Config\Toolbar.php file.
CRITICAL - 2023-03-01 09:54:15 --> Toolbar collector does not exists(Myth\Auth\Collectors\Auth).please check $collectors in the Config\Toolbar.php file.
CRITICAL - 2023-03-01 09:54:16 --> Toolbar collector does not exists(Myth\Auth\Collectors\Auth).please check $collectors in the Config\Toolbar.php file.
CRITICAL - 2023-03-01 09:54:16 --> Toolbar collector does not exists(Myth\Auth\Collectors\Auth).please check $collectors in the Config\Toolbar.php file.
CRITICAL - 2023-03-01 09:54:16 --> Toolbar collector does not exists(Myth\Auth\Collectors\Auth).please check $collectors in the Config\Toolbar.php file.
CRITICAL - 2023-03-01 09:54:16 --> Toolbar collector does not exists(Myth\Auth\Collectors\Auth).please check $collectors in the Config\Toolbar.php file.
CRITICAL - 2023-03-01 10:03:27 --> Toolbar collector does not exists(Myth\Auth\Collectors\Auth).please check $collectors in the Config\Toolbar.php file.
CRITICAL - 2023-03-01 10:03:28 --> Toolbar collector does not exists(Myth\Auth\Collectors\Auth).please check $collectors in the Config\Toolbar.php file.
CRITICAL - 2023-03-01 10:03:28 --> Toolbar collector does not exists(Myth\Auth\Collectors\Auth).please check $collectors in the Config\Toolbar.php file.
CRITICAL - 2023-03-01 10:03:28 --> Toolbar collector does not exists(Myth\Auth\Collectors\Auth).please check $collectors in the Config\Toolbar.php file.
CRITICAL - 2023-03-01 10:03:28 --> Toolbar collector does not exists(Myth\Auth\Collectors\Auth).please check $collectors in the Config\Toolbar.php file.
CRITICAL - 2023-03-01 10:21:37 --> Toolbar collector does not exists(Myth\Auth\Collectors\Auth).please check $collectors in the Config\Toolbar.php file.
CRITICAL - 2023-03-01 10:21:37 --> Toolbar collector does not exists(Myth\Auth\Collectors\Auth).please check $collectors in the Config\Toolbar.php file.
CRITICAL - 2023-03-01 10:21:37 --> Toolbar collector does not exists(Myth\Auth\Collectors\Auth).please check $collectors in the Config\Toolbar.php file.
CRITICAL - 2023-03-01 10:21:38 --> Toolbar collector does not exists(Myth\Auth\Collectors\Auth).please check $collectors in the Config\Toolbar.php file.
CRITICAL - 2023-03-01 10:21:38 --> Toolbar collector does not exists(Myth\Auth\Collectors\Auth).please check $collectors in the Config\Toolbar.php file.
CRITICAL - 2023-03-01 10:21:57 --> Toolbar collector does not exists(Myth\Auth\Collectors\Auth).please check $collectors in the Config\Toolbar.php file.
CRITICAL - 2023-03-01 10:21:57 --> Toolbar collector does not exists(Myth\Auth\Collectors\Auth).please check $collectors in the Config\Toolbar.php file.
CRITICAL - 2023-03-01 10:21:57 --> Toolbar collector does not exists(Myth\Auth\Collectors\Auth).please check $collectors in the Config\Toolbar.php file.
CRITICAL - 2023-03-01 10:21:58 --> Toolbar collector does not exists(Myth\Auth\Collectors\Auth).please check $collectors in the Config\Toolbar.php file.
CRITICAL - 2023-03-01 10:21:58 --> Toolbar collector does not exists(Myth\Auth\Collectors\Auth).please check $collectors in the Config\Toolbar.php file.
CRITICAL - 2023-03-01 10:22:12 --> Toolbar collector does not exists(Myth\Auth\Collectors\Auth).please check $collectors in the Config\Toolbar.php file.
CRITICAL - 2023-03-01 10:22:12 --> Toolbar collector does not exists(Myth\Auth\Collectors\Auth).please check $collectors in the Config\Toolbar.php file.
CRITICAL - 2023-03-01 10:22:12 --> Toolbar collector does not exists(Myth\Auth\Collectors\Auth).please check $collectors in the Config\Toolbar.php file.
CRITICAL - 2023-03-01 10:22:12 --> Toolbar collector does not exists(Myth\Auth\Collectors\Auth).please check $collectors in the Config\Toolbar.php file.
CRITICAL - 2023-03-01 10:22:13 --> Toolbar collector does not exists(Myth\Auth\Collectors\Auth).please check $collectors in the Config\Toolbar.php file.
CRITICAL - 2023-03-01 10:22:38 --> Toolbar collector does not exists(Myth\Auth\Collectors\Auth).please check $collectors in the Config\Toolbar.php file.
CRITICAL - 2023-03-01 10:22:38 --> Toolbar collector does not exists(Myth\Auth\Collectors\Auth).please check $collectors in the Config\Toolbar.php file.
CRITICAL - 2023-03-01 10:22:38 --> Toolbar collector does not exists(Myth\Auth\Collectors\Auth).please check $collectors in the Config\Toolbar.php file.
CRITICAL - 2023-03-01 10:22:38 --> Toolbar collector does not exists(Myth\Auth\Collectors\Auth).please check $collectors in the Config\Toolbar.php file.
CRITICAL - 2023-03-01 10:22:38 --> Toolbar collector does not exists(Myth\Auth\Collectors\Auth).please check $collectors in the Config\Toolbar.php file.
CRITICAL - 2023-03-01 10:22:57 --> Toolbar collector does not exists(Myth\Auth\Collectors\Auth).please check $collectors in the Config\Toolbar.php file.
CRITICAL - 2023-03-01 10:22:57 --> Toolbar collector does not exists(Myth\Auth\Collectors\Auth).please check $collectors in the Config\Toolbar.php file.
CRITICAL - 2023-03-01 10:22:57 --> Toolbar collector does not exists(Myth\Auth\Collectors\Auth).please check $collectors in the Config\Toolbar.php file.
CRITICAL - 2023-03-01 10:22:57 --> Toolbar collector does not exists(Myth\Auth\Collectors\Auth).please check $collectors in the Config\Toolbar.php file.
CRITICAL - 2023-03-01 10:22:58 --> Toolbar collector does not exists(Myth\Auth\Collectors\Auth).please check $collectors in the Config\Toolbar.php file.
CRITICAL - 2023-03-01 10:23:17 --> Toolbar collector does not exists(Myth\Auth\Collectors\Auth).please check $collectors in the Config\Toolbar.php file.
CRITICAL - 2023-03-01 10:23:17 --> Toolbar collector does not exists(Myth\Auth\Collectors\Auth).please check $collectors in the Config\Toolbar.php file.
CRITICAL - 2023-03-01 10:23:17 --> Toolbar collector does not exists(Myth\Auth\Collectors\Auth).please check $collectors in the Config\Toolbar.php file.
CRITICAL - 2023-03-01 10:23:17 --> Toolbar collector does not exists(Myth\Auth\Collectors\Auth).please check $collectors in the Config\Toolbar.php file.
CRITICAL - 2023-03-01 10:23:17 --> Toolbar collector does not exists(Myth\Auth\Collectors\Auth).please check $collectors in the Config\Toolbar.php file.
CRITICAL - 2023-03-01 10:23:43 --> Toolbar collector does not exists(Myth\Auth\Collectors\Auth).please check $collectors in the Config\Toolbar.php file.
CRITICAL - 2023-03-01 10:23:43 --> Toolbar collector does not exists(Myth\Auth\Collectors\Auth).please check $collectors in the Config\Toolbar.php file.
CRITICAL - 2023-03-01 10:23:43 --> Toolbar collector does not exists(Myth\Auth\Collectors\Auth).please check $collectors in the Config\Toolbar.php file.
CRITICAL - 2023-03-01 10:23:43 --> Toolbar collector does not exists(Myth\Auth\Collectors\Auth).please check $collectors in the Config\Toolbar.php file.
CRITICAL - 2023-03-01 10:23:44 --> Toolbar collector does not exists(Myth\Auth\Collectors\Auth).please check $collectors in the Config\Toolbar.php file.
CRITICAL - 2023-03-01 10:24:01 --> Toolbar collector does not exists(Myth\Auth\Collectors\Auth).please check $collectors in the Config\Toolbar.php file.
CRITICAL - 2023-03-01 10:24:01 --> Toolbar collector does not exists(Myth\Auth\Collectors\Auth).please check $collectors in the Config\Toolbar.php file.
CRITICAL - 2023-03-01 10:24:01 --> Toolbar collector does not exists(Myth\Auth\Collectors\Auth).please check $collectors in the Config\Toolbar.php file.
CRITICAL - 2023-03-01 10:24:01 --> Toolbar collector does not exists(Myth\Auth\Collectors\Auth).please check $collectors in the Config\Toolbar.php file.
CRITICAL - 2023-03-01 10:24:02 --> Toolbar collector does not exists(Myth\Auth\Collectors\Auth).please check $collectors in the Config\Toolbar.php file.
CRITICAL - 2023-03-01 10:24:19 --> Toolbar collector does not exists(Myth\Auth\Collectors\Auth).please check $collectors in the Config\Toolbar.php file.
CRITICAL - 2023-03-01 10:24:19 --> Toolbar collector does not exists(Myth\Auth\Collectors\Auth).please check $collectors in the Config\Toolbar.php file.
CRITICAL - 2023-03-01 10:24:19 --> Toolbar collector does not exists(Myth\Auth\Collectors\Auth).please check $collectors in the Config\Toolbar.php file.
CRITICAL - 2023-03-01 10:24:19 --> Toolbar collector does not exists(Myth\Auth\Collectors\Auth).please check $collectors in the Config\Toolbar.php file.
CRITICAL - 2023-03-01 10:24:19 --> Toolbar collector does not exists(Myth\Auth\Collectors\Auth).please check $collectors in the Config\Toolbar.php file.
CRITICAL - 2023-03-01 10:24:48 --> Toolbar collector does not exists(Myth\Auth\Collectors\Auth).please check $collectors in the Config\Toolbar.php file.
CRITICAL - 2023-03-01 10:24:48 --> Toolbar collector does not exists(Myth\Auth\Collectors\Auth).please check $collectors in the Config\Toolbar.php file.
CRITICAL - 2023-03-01 10:24:48 --> Toolbar collector does not exists(Myth\Auth\Collectors\Auth).please check $collectors in the Config\Toolbar.php file.
CRITICAL - 2023-03-01 11:20:08 --> Toolbar collector does not exists(Myth\Auth\Collectors\Auth).please check $collectors in the Config\Toolbar.php file.
CRITICAL - 2023-03-01 11:20:09 --> Toolbar collector does not exists(Myth\Auth\Collectors\Auth).please check $collectors in the Config\Toolbar.php file.
CRITICAL - 2023-03-01 11:20:09 --> Toolbar collector does not exists(Myth\Auth\Collectors\Auth).please check $collectors in the Config\Toolbar.php file.
CRITICAL - 2023-03-01 11:20:09 --> Toolbar collector does not exists(Myth\Auth\Collectors\Auth).please check $collectors in the Config\Toolbar.php file.
CRITICAL - 2023-03-01 11:20:10 --> Toolbar collector does not exists(Myth\Auth\Collectors\Auth).please check $collectors in the Config\Toolbar.php file.
CRITICAL - 2023-03-01 11:20:10 --> Toolbar collector does not exists(Myth\Auth\Collectors\Auth).please check $collectors in the Config\Toolbar.php file.
CRITICAL - 2023-03-01 11:20:20 --> Toolbar collector does not exists(Myth\Auth\Collectors\Auth).please check $collectors in the Config\Toolbar.php file.
CRITICAL - 2023-03-01 11:20:20 --> Toolbar collector does not exists(Myth\Auth\Collectors\Auth).please check $collectors in the Config\Toolbar.php file.
CRITICAL - 2023-03-01 11:52:24 --> Toolbar collector does not exists(Myth\Auth\Collectors\Auth).please check $collectors in the Config\Toolbar.php file.
CRITICAL - 2023-03-01 11:52:24 --> Toolbar collector does not exists(Myth\Auth\Collectors\Auth).please check $collectors in the Config\Toolbar.php file.
CRITICAL - 2023-03-01 11:52:24 --> Toolbar collector does not exists(Myth\Auth\Collectors\Auth).please check $collectors in the Config\Toolbar.php file.
CRITICAL - 2023-03-01 11:52:24 --> Toolbar collector does not exists(Myth\Auth\Collectors\Auth).please check $collectors in the Config\Toolbar.php file.
CRITICAL - 2023-03-01 11:52:25 --> Toolbar collector does not exists(Myth\Auth\Collectors\Auth).please check $collectors in the Config\Toolbar.php file.
CRITICAL - 2023-03-01 11:52:25 --> Toolbar collector does not exists(Myth\Auth\Collectors\Auth).please check $collectors in the Config\Toolbar.php file.
CRITICAL - 2023-03-01 12:01:00 --> Toolbar collector does not exists(Myth\Auth\Collectors\Auth).please check $collectors in the Config\Toolbar.php file.
CRITICAL - 2023-03-01 12:01:01 --> Toolbar collector does not exists(Myth\Auth\Collectors\Auth).please check $collectors in the Config\Toolbar.php file.
CRITICAL - 2023-03-01 12:01:01 --> Toolbar collector does not exists(Myth\Auth\Collectors\Auth).please check $collectors in the Config\Toolbar.php file.
CRITICAL - 2023-03-01 12:01:01 --> Class 'App\Filters\AuthGuard' not found
#0 C:\alaragon\www\site\ci4\vendor\codeigniter4\framework\system\CodeIgniter.php(404): CodeIgniter\Filters\Filters->run('site/assets/ven...', 'before')
#1 C:\alaragon\www\site\ci4\vendor\codeigniter4\framework\system\CodeIgniter.php(334): CodeIgniter\CodeIgniter->handleRequest(NULL, Object(Config\Cache), false)
#2 C:\alaragon\www\site\public_html\index.php(45): CodeIgniter\CodeIgniter->run()
#3 {main}
CRITICAL - 2023-03-01 12:01:02 --> Toolbar collector does not exists(Myth\Auth\Collectors\Auth).please check $collectors in the Config\Toolbar.php file.
CRITICAL - 2023-03-01 12:01:09 --> Toolbar collector does not exists(Myth\Auth\Collectors\Auth).please check $collectors in the Config\Toolbar.php file.
CRITICAL - 2023-03-01 12:01:09 --> Toolbar collector does not exists(Myth\Auth\Collectors\Auth).please check $collectors in the Config\Toolbar.php file.
CRITICAL - 2023-03-01 12:01:09 --> Class 'App\Filters\AuthGuard' not found
#0 C:\alaragon\www\site\ci4\vendor\codeigniter4\framework\system\CodeIgniter.php(404): CodeIgniter\Filters\Filters->run('admin/painel', 'before')
#1 C:\alaragon\www\site\ci4\vendor\codeigniter4\framework\system\CodeIgniter.php(334): CodeIgniter\CodeIgniter->handleRequest(NULL, Object(Config\Cache), false)
#2 C:\alaragon\www\site\public_html\index.php(45): CodeIgniter\CodeIgniter->run()
#3 {main}
CRITICAL - 2023-03-01 12:01:33 --> Toolbar collector does not exists(Myth\Auth\Collectors\Auth).please check $collectors in the Config\Toolbar.php file.
CRITICAL - 2023-03-01 12:01:33 --> Toolbar collector does not exists(Myth\Auth\Collectors\Auth).please check $collectors in the Config\Toolbar.php file.
CRITICAL - 2023-03-01 12:01:33 --> Toolbar collector does not exists(Myth\Auth\Collectors\Auth).please check $collectors in the Config\Toolbar.php file.
CRITICAL - 2023-03-01 12:01:33 --> Toolbar collector does not exists(Myth\Auth\Collectors\Auth).please check $collectors in the Config\Toolbar.php file.
CRITICAL - 2023-03-01 12:01:34 --> Toolbar collector does not exists(Myth\Auth\Collectors\Auth).please check $collectors in the Config\Toolbar.php file.
CRITICAL - 2023-03-01 12:01:34 --> Toolbar collector does not exists(Myth\Auth\Collectors\Auth).please check $collectors in the Config\Toolbar.php file.
CRITICAL - 2023-03-01 12:01:56 --> Toolbar collector does not exists(Myth\Auth\Collectors\Auth).please check $collectors in the Config\Toolbar.php file.
CRITICAL - 2023-03-01 12:01:56 --> Toolbar collector does not exists(Myth\Auth\Collectors\Auth).please check $collectors in the Config\Toolbar.php file.
CRITICAL - 2023-03-01 12:01:57 --> Toolbar collector does not exists(Myth\Auth\Collectors\Auth).please check $collectors in the Config\Toolbar.php file.
CRITICAL - 2023-03-01 12:01:57 --> Toolbar collector does not exists(Myth\Auth\Collectors\Auth).please check $collectors in the Config\Toolbar.php file.
CRITICAL - 2023-03-01 12:01:57 --> Toolbar collector does not exists(Myth\Auth\Collectors\Auth).please check $collectors in the Config\Toolbar.php file.
CRITICAL - 2023-03-01 12:01:57 --> Toolbar collector does not exists(Myth\Auth\Collectors\Auth).please check $collectors in the Config\Toolbar.php file.
CRITICAL - 2023-03-01 12:01:59 --> Toolbar collector does not exists(Myth\Auth\Collectors\Auth).please check $collectors in the Config\Toolbar.php file.
CRITICAL - 2023-03-01 12:01:59 --> Toolbar collector does not exists(Myth\Auth\Collectors\Auth).please check $collectors in the Config\Toolbar.php file.
CRITICAL - 2023-03-01 12:02:00 --> Toolbar collector does not exists(Myth\Auth\Collectors\Auth).please check $collectors in the Config\Toolbar.php file.
CRITICAL - 2023-03-01 12:02:00 --> Toolbar collector does not exists(Myth\Auth\Collectors\Auth).please check $collectors in the Config\Toolbar.php file.
CRITICAL - 2023-03-01 12:02:00 --> Toolbar collector does not exists(Myth\Auth\Collectors\Auth).please check $collectors in the Config\Toolbar.php file.
CRITICAL - 2023-03-01 12:02:00 --> Toolbar collector does not exists(Myth\Auth\Collectors\Auth).please check $collectors in the Config\Toolbar.php file.
CRITICAL - 2023-03-01 12:02:40 --> Toolbar collector does not exists(Myth\Auth\Collectors\Auth).please check $collectors in the Config\Toolbar.php file.
CRITICAL - 2023-03-01 12:02:40 --> Toolbar collector does not exists(Myth\Auth\Collectors\Auth).please check $collectors in the Config\Toolbar.php file.
CRITICAL - 2023-03-01 12:02:41 --> Toolbar collector does not exists(Myth\Auth\Collectors\Auth).please check $collectors in the Config\Toolbar.php file.
CRITICAL - 2023-03-01 12:02:41 --> Toolbar collector does not exists(Myth\Auth\Collectors\Auth).please check $collectors in the Config\Toolbar.php file.
CRITICAL - 2023-03-01 12:02:41 --> Toolbar collector does not exists(Myth\Auth\Collectors\Auth).please check $collectors in the Config\Toolbar.php file.
CRITICAL - 2023-03-01 12:02:42 --> Toolbar collector does not exists(Myth\Auth\Collectors\Auth).please check $collectors in the Config\Toolbar.php file.
CRITICAL - 2023-03-01 12:03:06 --> Toolbar collector does not exists(Myth\Auth\Collectors\Auth).please check $collectors in the Config\Toolbar.php file.
CRITICAL - 2023-03-01 12:03:06 --> Toolbar collector does not exists(Myth\Auth\Collectors\Auth).please check $collectors in the Config\Toolbar.php file.
CRITICAL - 2023-03-01 12:03:06 --> Toolbar collector does not exists(Myth\Auth\Collectors\Auth).please check $collectors in the Config\Toolbar.php file.
CRITICAL - 2023-03-01 12:03:06 --> Toolbar collector does not exists(Myth\Auth\Collectors\Auth).please check $collectors in the Config\Toolbar.php file.
CRITICAL - 2023-03-01 12:03:07 --> Toolbar collector does not exists(Myth\Auth\Collectors\Auth).please check $collectors in the Config\Toolbar.php file.
CRITICAL - 2023-03-01 12:03:09 --> Toolbar collector does not exists(Myth\Auth\Collectors\Auth).please check $collectors in the Config\Toolbar.php file.
CRITICAL - 2023-03-01 12:03:10 --> Toolbar collector does not exists(Myth\Auth\Collectors\Auth).please check $collectors in the Config\Toolbar.php file.
CRITICAL - 2023-03-01 12:03:10 --> Toolbar collector does not exists(Myth\Auth\Collectors\Auth).please check $collectors in the Config\Toolbar.php file.
CRITICAL - 2023-03-01 12:03:10 --> Toolbar collector does not exists(Myth\Auth\Collectors\Auth).please check $collectors in the Config\Toolbar.php file.
CRITICAL - 2023-03-01 12:03:10 --> Toolbar collector does not exists(Myth\Auth\Collectors\Auth).please check $collectors in the Config\Toolbar.php file.
CRITICAL - 2023-03-01 12:03:10 --> Toolbar collector does not exists(Myth\Auth\Collectors\Auth).please check $collectors in the Config\Toolbar.php file.
CRITICAL - 2023-03-01 12:03:10 --> Toolbar collector does not exists(Myth\Auth\Collectors\Auth).please check $collectors in the Config\Toolbar.php file.
CRITICAL - 2023-03-01 12:03:49 --> Toolbar collector does not exists(Myth\Auth\Collectors\Auth).please check $collectors in the Config\Toolbar.php file.
CRITICAL - 2023-03-01 12:03:50 --> Toolbar collector does not exists(Myth\Auth\Collectors\Auth).please check $collectors in the Config\Toolbar.php file.
CRITICAL - 2023-03-01 12:03:50 --> Toolbar collector does not exists(Myth\Auth\Collectors\Auth).please check $collectors in the Config\Toolbar.php file.
CRITICAL - 2023-03-01 12:03:50 --> Toolbar collector does not exists(Myth\Auth\Collectors\Auth).please check $collectors in the Config\Toolbar.php file.
CRITICAL - 2023-03-01 12:03:50 --> Toolbar collector does not exists(Myth\Auth\Collectors\Auth).please check $collectors in the Config\Toolbar.php file.
CRITICAL - 2023-03-01 12:03:50 --> Toolbar collector does not exists(Myth\Auth\Collectors\Auth).please check $collectors in the Config\Toolbar.php file.
CRITICAL - 2023-03-01 12:03:53 --> Toolbar collector does not exists(Myth\Auth\Collectors\Auth).please check $collectors in the Config\Toolbar.php file.
CRITICAL - 2023-03-01 12:03:53 --> Toolbar collector does not exists(Myth\Auth\Collectors\Auth).please check $collectors in the Config\Toolbar.php file.
CRITICAL - 2023-03-01 12:03:53 --> Toolbar collector does not exists(Myth\Auth\Collectors\Auth).please check $collectors in the Config\Toolbar.php file.
CRITICAL - 2023-03-01 12:03:53 --> Toolbar collector does not exists(Myth\Auth\Collectors\Auth).please check $collectors in the Config\Toolbar.php file.
CRITICAL - 2023-03-01 12:03:53 --> Toolbar collector does not exists(Myth\Auth\Collectors\Auth).please check $collectors in the Config\Toolbar.php file.
CRITICAL - 2023-03-01 12:03:54 --> Toolbar collector does not exists(Myth\Auth\Collectors\Auth).please check $collectors in the Config\Toolbar.php file.
CRITICAL - 2023-03-01 13:05:44 --> Toolbar collector does not exists(Myth\Auth\Collectors\Auth).please check $collectors in the Config\Toolbar.php file.
CRITICAL - 2023-03-01 13:05:44 --> Toolbar collector does not exists(Myth\Auth\Collectors\Auth).please check $collectors in the Config\Toolbar.php file.
CRITICAL - 2023-03-01 13:05:45 --> Toolbar collector does not exists(Myth\Auth\Collectors\Auth).please check $collectors in the Config\Toolbar.php file.
CRITICAL - 2023-03-01 13:05:45 --> Toolbar collector does not exists(Myth\Auth\Collectors\Auth).please check $collectors in the Config\Toolbar.php file.
CRITICAL - 2023-03-01 13:05:45 --> Toolbar collector does not exists(Myth\Auth\Collectors\Auth).please check $collectors in the Config\Toolbar.php file.
CRITICAL - 2023-03-01 13:05:45 --> Toolbar collector does not exists(Myth\Auth\Collectors\Auth).please check $collectors in the Config\Toolbar.php file.
CRITICAL - 2023-03-01 13:12:44 --> Toolbar collector does not exists(Myth\Auth\Collectors\Auth).please check $collectors in the Config\Toolbar.php file.
CRITICAL - 2023-03-01 13:12:44 --> Toolbar collector does not exists(Myth\Auth\Collectors\Auth).please check $collectors in the Config\Toolbar.php file.
CRITICAL - 2023-03-01 13:12:45 --> Toolbar collector does not exists(Myth\Auth\Collectors\Auth).please check $collectors in the Config\Toolbar.php file.
CRITICAL - 2023-03-01 13:12:45 --> Toolbar collector does not exists(Myth\Auth\Collectors\Auth).please check $collectors in the Config\Toolbar.php file.
CRITICAL - 2023-03-01 13:12:45 --> Toolbar collector does not exists(Myth\Auth\Collectors\Auth).please check $collectors in the Config\Toolbar.php file.
CRITICAL - 2023-03-01 13:12:45 --> Toolbar collector does not exists(Myth\Auth\Collectors\Auth).please check $collectors in the Config\Toolbar.php file.
CRITICAL - 2023-03-01 13:13:59 --> Toolbar collector does not exists(Myth\Auth\Collectors\Auth).please check $collectors in the Config\Toolbar.php file.
CRITICAL - 2023-03-01 13:13:59 --> Toolbar collector does not exists(Myth\Auth\Collectors\Auth).please check $collectors in the Config\Toolbar.php file.
CRITICAL - 2023-03-01 13:14:00 --> Toolbar collector does not exists(Myth\Auth\Collectors\Auth).please check $collectors in the Config\Toolbar.php file.
CRITICAL - 2023-03-01 13:14:00 --> Toolbar collector does not exists(Myth\Auth\Collectors\Auth).please check $collectors in the Config\Toolbar.php file.
CRITICAL - 2023-03-01 13:14:00 --> Toolbar collector does not exists(Myth\Auth\Collectors\Auth).please check $collectors in the Config\Toolbar.php file.
CRITICAL - 2023-03-01 13:14:00 --> Toolbar collector does not exists(Myth\Auth\Collectors\Auth).please check $collectors in the Config\Toolbar.php file.
CRITICAL - 2023-03-01 13:16:51 --> Toolbar collector does not exists(Myth\Auth\Collectors\Auth).please check $collectors in the Config\Toolbar.php file.
CRITICAL - 2023-03-01 13:16:51 --> Function name must be a string
#0 C:\alaragon\www\site\ci4\vendor\codeigniter4\framework\system\CodeIgniter.php(937): App\Controllers\Admin\Categorias->index()
#1 C:\alaragon\www\site\ci4\vendor\codeigniter4\framework\system\CodeIgniter.php(433): CodeIgniter\CodeIgniter->runController(Object(App\Controllers\Admin\Categorias))
#2 C:\alaragon\www\site\ci4\vendor\codeigniter4\framework\system\CodeIgniter.php(334): CodeIgniter\CodeIgniter->handleRequest(NULL, Object(Config\Cache), false)
#3 C:\alaragon\www\site\public_html\index.php(45): CodeIgniter\CodeIgniter->run()
#4 {main}
CRITICAL - 2023-03-01 13:17:18 --> Toolbar collector does not exists(Myth\Auth\Collectors\Auth).please check $collectors in the Config\Toolbar.php file.
CRITICAL - 2023-03-01 13:18:16 --> Toolbar collector does not exists(Myth\Auth\Collectors\Auth).please check $collectors in the Config\Toolbar.php file.
CRITICAL - 2023-03-01 13:18:34 --> Toolbar collector does not exists(Myth\Auth\Collectors\Auth).please check $collectors in the Config\Toolbar.php file.
CRITICAL - 2023-03-01 13:20:06 --> Toolbar collector does not exists(Myth\Auth\Collectors\Auth).please check $collectors in the Config\Toolbar.php file.
CRITICAL - 2023-03-01 13:20:18 --> Toolbar collector does not exists(Myth\Auth\Collectors\Auth).please check $collectors in the Config\Toolbar.php file.
CRITICAL - 2023-03-01 13:20:58 --> Toolbar collector does not exists(Myth\Auth\Collectors\Auth).please check $collectors in the Config\Toolbar.php file.
CRITICAL - 2023-03-01 13:20:58 --> Object of class CodeIgniter\Session\Session could not be converted to string
#0 C:\alaragon\www\site\ci4\vendor\codeigniter4\framework\system\CodeIgniter.php(937): App\Controllers\Admin\Categorias->index()
#1 C:\alaragon\www\site\ci4\vendor\codeigniter4\framework\system\CodeIgniter.php(433): CodeIgniter\CodeIgniter->runController(Object(App\Controllers\Admin\Categorias))
#2 C:\alaragon\www\site\ci4\vendor\codeigniter4\framework\system\CodeIgniter.php(334): CodeIgniter\CodeIgniter->handleRequest(NULL, Object(Config\Cache), false)
#3 C:\alaragon\www\site\public_html\index.php(45): CodeIgniter\CodeIgniter->run()
#4 {main}
CRITICAL - 2023-03-01 13:21:30 --> Toolbar collector does not exists(Myth\Auth\Collectors\Auth).please check $collectors in the Config\Toolbar.php file.
CRITICAL - 2023-03-01 13:21:31 --> Object of class CodeIgniter\Session\Session could not be converted to string
#0 C:\alaragon\www\site\ci4\vendor\codeigniter4\framework\system\CodeIgniter.php(937): App\Controllers\Admin\Categorias->index()
#1 C:\alaragon\www\site\ci4\vendor\codeigniter4\framework\system\CodeIgniter.php(433): CodeIgniter\CodeIgniter->runController(Object(App\Controllers\Admin\Categorias))
#2 C:\alaragon\www\site\ci4\vendor\codeigniter4\framework\system\CodeIgniter.php(334): CodeIgniter\CodeIgniter->handleRequest(NULL, Object(Config\Cache), false)
#3 C:\alaragon\www\site\public_html\index.php(45): CodeIgniter\CodeIgniter->run()
#4 {main}
CRITICAL - 2023-03-01 13:21:48 --> Toolbar collector does not exists(Myth\Auth\Collectors\Auth).please check $collectors in the Config\Toolbar.php file.
CRITICAL - 2023-03-01 13:21:48 --> print_r() expects parameter 2 to be bool, object given
#0 [internal function]: CodeIgniter\Debug\Exceptions->errorHandler(2, 'print_r() expec...', 'C:\\alaragon\\www...', 25, Array)
#1 C:\alaragon\www\site\ci4\app\Controllers\Admin\Categorias.php(25): print_r('dados do grupo', Object(CodeIgniter\Session\Session))
#2 C:\alaragon\www\site\ci4\vendor\codeigniter4\framework\system\CodeIgniter.php(937): App\Controllers\Admin\Categorias->index()
#3 C:\alaragon\www\site\ci4\vendor\codeigniter4\framework\system\CodeIgniter.php(433): CodeIgniter\CodeIgniter->runController(Object(App\Controllers\Admin\Categorias))
#4 C:\alaragon\www\site\ci4\vendor\codeigniter4\framework\system\CodeIgniter.php(334): CodeIgniter\CodeIgniter->handleRequest(NULL, Object(Config\Cache), false)
#5 C:\alaragon\www\site\public_html\index.php(45): CodeIgniter\CodeIgniter->run()
#6 {main}
CRITICAL - 2023-03-01 13:21:57 --> Toolbar collector does not exists(Myth\Auth\Collectors\Auth).please check $collectors in the Config\Toolbar.php file.
CRITICAL - 2023-03-01 13:26:23 --> Toolbar collector does not exists(Myth\Auth\Collectors\Auth).please check $collectors in the Config\Toolbar.php file.
CRITICAL - 2023-03-01 13:26:38 --> Toolbar collector does not exists(Myth\Auth\Collectors\Auth).please check $collectors in the Config\Toolbar.php file.
CRITICAL - 2023-03-01 13:26:47 --> Toolbar collector does not exists(Myth\Auth\Collectors\Auth).please check $collectors in the Config\Toolbar.php file.
CRITICAL - 2023-03-01 13:27:39 --> Toolbar collector does not exists(Myth\Auth\Collectors\Auth).please check $collectors in the Config\Toolbar.php file.
CRITICAL - 2023-03-01 13:27:40 --> Toolbar collector does not exists(Myth\Auth\Collectors\Auth).please check $collectors in the Config\Toolbar.php file.
CRITICAL - 2023-03-01 13:27:40 --> Toolbar collector does not exists(Myth\Auth\Collectors\Auth).please check $collectors in the Config\Toolbar.php file.
CRITICAL - 2023-03-01 13:27:41 --> Toolbar collector does not exists(Myth\Auth\Collectors\Auth).please check $collectors in the Config\Toolbar.php file.
CRITICAL - 2023-03-01 13:27:41 --> Toolbar collector does not exists(Myth\Auth\Collectors\Auth).please check $collectors in the Config\Toolbar.php file.
CRITICAL - 2023-03-01 13:27:42 --> Toolbar collector does not exists(Myth\Auth\Collectors\Auth).please check $collectors in the Config\Toolbar.php file.
CRITICAL - 2023-03-01 13:27:42 --> Toolbar collector does not exists(Myth\Auth\Collectors\Auth).please check $collectors in the Config\Toolbar.php file.
CRITICAL - 2023-03-01 13:27:42 --> Toolbar collector does not exists(Myth\Auth\Collectors\Auth).please check $collectors in the Config\Toolbar.php file.
CRITICAL - 2023-03-01 13:27:42 --> Toolbar collector does not exists(Myth\Auth\Collectors\Auth).please check $collectors in the Config\Toolbar.php file.
CRITICAL - 2023-03-01 13:27:46 --> Toolbar collector does not exists(Myth\Auth\Collectors\Auth).please check $collectors in the Config\Toolbar.php file.
CRITICAL - 2023-03-01 13:27:47 --> Toolbar collector does not exists(Myth\Auth\Collectors\Auth).please check $collectors in the Config\Toolbar.php file.
CRITICAL - 2023-03-01 13:27:47 --> Toolbar collector does not exists(Myth\Auth\Collectors\Auth).please check $collectors in the Config\Toolbar.php file.
CRITICAL - 2023-03-01 13:27:47 --> Toolbar collector does not exists(Myth\Auth\Collectors\Auth).please check $collectors in the Config\Toolbar.php file.
CRITICAL - 2023-03-01 13:27:47 --> Toolbar collector does not exists(Myth\Auth\Collectors\Auth).please check $collectors in the Config\Toolbar.php file.
CRITICAL - 2023-03-01 13:27:47 --> Toolbar collector does not exists(Myth\Auth\Collectors\Auth).please check $collectors in the Config\Toolbar.php file.
CRITICAL - 2023-03-01 13:27:47 --> Toolbar collector does not exists(Myth\Auth\Collectors\Auth).please check $collectors in the Config\Toolbar.php file.
CRITICAL - 2023-03-01 13:27:47 --> Toolbar collector does not exists(Myth\Auth\Collectors\Auth).please check $collectors in the Config\Toolbar.php file.
CRITICAL - 2023-03-01 13:27:50 --> Toolbar collector does not exists(Myth\Auth\Collectors\Auth).please check $collectors in the Config\Toolbar.php file.
CRITICAL - 2023-03-01 13:27:50 --> Toolbar collector does not exists(Myth\Auth\Collectors\Auth).please check $collectors in the Config\Toolbar.php file.
CRITICAL - 2023-03-01 13:27:50 --> Toolbar collector does not exists(Myth\Auth\Collectors\Auth).please check $collectors in the Config\Toolbar.php file.
CRITICAL - 2023-03-01 13:27:50 --> Toolbar collector does not exists(Myth\Auth\Collectors\Auth).please check $collectors in the Config\Toolbar.php file.
CRITICAL - 2023-03-01 13:27:57 --> Toolbar collector does not exists(Myth\Auth\Collectors\Auth).please check $collectors in the Config\Toolbar.php file.
CRITICAL - 2023-03-01 13:28:08 --> Toolbar collector does not exists(Myth\Auth\Collectors\Auth).please check $collectors in the Config\Toolbar.php file.
CRITICAL - 2023-03-01 13:28:09 --> Toolbar collector does not exists(Myth\Auth\Collectors\Auth).please check $collectors in the Config\Toolbar.php file.
CRITICAL - 2023-03-01 13:29:19 --> Toolbar collector does not exists(Myth\Auth\Collectors\Auth).please check $collectors in the Config\Toolbar.php file.
CRITICAL - 2023-03-01 13:32:13 --> Toolbar collector does not exists(Myth\Auth\Collectors\Auth).please check $collectors in the Config\Toolbar.php file.
CRITICAL - 2023-03-01 13:32:14 --> Toolbar collector does not exists(Myth\Auth\Collectors\Auth).please check $collectors in the Config\Toolbar.php file.
CRITICAL - 2023-03-01 13:32:14 --> Toolbar collector does not exists(Myth\Auth\Collectors\Auth).please check $collectors in the Config\Toolbar.php file.
CRITICAL - 2023-03-01 13:32:23 --> Toolbar collector does not exists(Myth\Auth\Collectors\Auth).please check $collectors in the Config\Toolbar.php file.
CRITICAL - 2023-03-01 13:32:36 --> Toolbar collector does not exists(Myth\Auth\Collectors\Auth).please check $collectors in the Config\Toolbar.php file.
CRITICAL - 2023-03-01 13:32:36 --> Toolbar collector does not exists(Myth\Auth\Collectors\Auth).please check $collectors in the Config\Toolbar.php file.
CRITICAL - 2023-03-01 13:32:36 --> Toolbar collector does not exists(Myth\Auth\Collectors\Auth).please check $collectors in the Config\Toolbar.php file.
CRITICAL - 2023-03-01 13:32:57 --> Toolbar collector does not exists(Myth\Auth\Collectors\Auth).please check $collectors in the Config\Toolbar.php file.
CRITICAL - 2023-03-01 13:32:57 --> syntax error, unexpected '!'
#0 C:\alaragon\www\site\ci4\vendor\codeigniter4\framework\system\Router\Router.php(170): CodeIgniter\Router\Router->autoRoute('admin/categoria...')
#1 C:\alaragon\www\site\ci4\vendor\codeigniter4\framework\system\CodeIgniter.php(817): CodeIgniter\Router\Router->handle('admin/categoria...')
#2 C:\alaragon\www\site\ci4\vendor\codeigniter4\framework\system\CodeIgniter.php(386): CodeIgniter\CodeIgniter->tryToRouteIt(Object(CodeIgniter\Router\RouteCollection))
#3 C:\alaragon\www\site\ci4\vendor\codeigniter4\framework\system\CodeIgniter.php(334): CodeIgniter\CodeIgniter->handleRequest(NULL, Object(Config\Cache), false)
#4 C:\alaragon\www\site\public_html\index.php(45): CodeIgniter\CodeIgniter->run()
#5 {main}
CRITICAL - 2023-03-01 13:34:05 --> Toolbar collector does not exists(Myth\Auth\Collectors\Auth).please check $collectors in the Config\Toolbar.php file.
CRITICAL - 2023-03-01 13:34:05 --> syntax error, unexpected 'continue' (T_CONTINUE)
#0 C:\alaragon\www\site\ci4\vendor\codeigniter4\framework\system\Router\Router.php(170): CodeIgniter\Router\Router->autoRoute('admin/categoria...')
#1 C:\alaragon\www\site\ci4\vendor\codeigniter4\framework\system\CodeIgniter.php(817): CodeIgniter\Router\Router->handle('admin/categoria...')
#2 C:\alaragon\www\site\ci4\vendor\codeigniter4\framework\system\CodeIgniter.php(386): CodeIgniter\CodeIgniter->tryToRouteIt(Object(CodeIgniter\Router\RouteCollection))
#3 C:\alaragon\www\site\ci4\vendor\codeigniter4\framework\system\CodeIgniter.php(334): CodeIgniter\CodeIgniter->handleRequest(NULL, Object(Config\Cache), false)
#4 C:\alaragon\www\site\public_html\index.php(45): CodeIgniter\CodeIgniter->run()
#5 {main}
CRITICAL - 2023-03-01 13:40:05 --> Toolbar collector does not exists(Myth\Auth\Collectors\Auth).please check $collectors in the Config\Toolbar.php file.
CRITICAL - 2023-03-01 13:41:03 --> Toolbar collector does not exists(Myth\Auth\Collectors\Auth).please check $collectors in the Config\Toolbar.php file.
CRITICAL - 2023-03-01 13:41:23 --> Toolbar collector does not exists(Myth\Auth\Collectors\Auth).please check $collectors in the Config\Toolbar.php file.
CRITICAL - 2023-03-01 13:41:23 --> 
#0 C:\alaragon\www\site\ci4\vendor\codeigniter4\framework\system\HTTP\RedirectResponse.php(63): CodeIgniter\HTTP\Exceptions\HTTPException::forInvalidRedirectRoute('')
#1 C:\alaragon\www\site\ci4\vendor\codeigniter4\framework\system\Common.php(918): CodeIgniter\HTTP\RedirectResponse->route(false)
#2 C:\alaragon\www\site\ci4\app\Controllers\Admin\Categorias.php(13): redirect('admin/painel')
#3 C:\alaragon\www\site\ci4\vendor\codeigniter4\framework\system\CodeIgniter.php(937): App\Controllers\Admin\Categorias->index()
#4 C:\alaragon\www\site\ci4\vendor\codeigniter4\framework\system\CodeIgniter.php(433): CodeIgniter\CodeIgniter->runController(Object(App\Controllers\Admin\Categorias))
#5 C:\alaragon\www\site\ci4\vendor\codeigniter4\framework\system\CodeIgniter.php(334): CodeIgniter\CodeIgniter->handleRequest(NULL, Object(Config\Cache), false)
#6 C:\alaragon\www\site\public_html\index.php(45): CodeIgniter\CodeIgniter->run()
#7 {main}
CRITICAL - 2023-03-01 13:42:06 --> Toolbar collector does not exists(Myth\Auth\Collectors\Auth).please check $collectors in the Config\Toolbar.php file.
CRITICAL - 2023-03-01 13:42:06 --> Toolbar collector does not exists(Myth\Auth\Collectors\Auth).please check $collectors in the Config\Toolbar.php file.
CRITICAL - 2023-03-01 13:42:07 --> Toolbar collector does not exists(Myth\Auth\Collectors\Auth).please check $collectors in the Config\Toolbar.php file.
CRITICAL - 2023-03-01 13:42:22 --> Toolbar collector does not exists(Myth\Auth\Collectors\Auth).please check $collectors in the Config\Toolbar.php file.
CRITICAL - 2023-03-01 13:42:22 --> Toolbar collector does not exists(Myth\Auth\Collectors\Auth).please check $collectors in the Config\Toolbar.php file.
CRITICAL - 2023-03-01 13:42:22 --> Toolbar collector does not exists(Myth\Auth\Collectors\Auth).please check $collectors in the Config\Toolbar.php file.
CRITICAL - 2023-03-01 13:45:03 --> Toolbar collector does not exists(Myth\Auth\Collectors\Auth).please check $collectors in the Config\Toolbar.php file.
CRITICAL - 2023-03-01 13:47:00 --> Toolbar collector does not exists(Myth\Auth\Collectors\Auth).please check $collectors in the Config\Toolbar.php file.
CRITICAL - 2023-03-01 13:47:00 --> Call to undefined function App\Controllers\Admin\not()
#0 C:\alaragon\www\site\ci4\vendor\codeigniter4\framework\system\CodeIgniter.php(937): App\Controllers\Admin\Categorias->index()
#1 C:\alaragon\www\site\ci4\vendor\codeigniter4\framework\system\CodeIgniter.php(433): CodeIgniter\CodeIgniter->runController(Object(App\Controllers\Admin\Categorias))
#2 C:\alaragon\www\site\ci4\vendor\codeigniter4\framework\system\CodeIgniter.php(334): CodeIgniter\CodeIgniter->handleRequest(NULL, Object(Config\Cache), false)
#3 C:\alaragon\www\site\public_html\index.php(45): CodeIgniter\CodeIgniter->run()
#4 {main}
CRITICAL - 2023-03-01 13:47:17 --> Toolbar collector does not exists(Myth\Auth\Collectors\Auth).please check $collectors in the Config\Toolbar.php file.
CRITICAL - 2023-03-01 13:47:17 --> Toolbar collector does not exists(Myth\Auth\Collectors\Auth).please check $collectors in the Config\Toolbar.php file.
CRITICAL - 2023-03-01 13:47:17 --> Toolbar collector does not exists(Myth\Auth\Collectors\Auth).please check $collectors in the Config\Toolbar.php file.
CRITICAL - 2023-03-01 13:47:32 --> Toolbar collector does not exists(Myth\Auth\Collectors\Auth).please check $collectors in the Config\Toolbar.php file.
CRITICAL - 2023-03-01 13:47:32 --> Toolbar collector does not exists(Myth\Auth\Collectors\Auth).please check $collectors in the Config\Toolbar.php file.
CRITICAL - 2023-03-01 13:47:32 --> Toolbar collector does not exists(Myth\Auth\Collectors\Auth).please check $collectors in the Config\Toolbar.php file.
CRITICAL - 2023-03-01 13:47:32 --> Toolbar collector does not exists(Myth\Auth\Collectors\Auth).please check $collectors in the Config\Toolbar.php file.
CRITICAL - 2023-03-01 14:06:24 --> Toolbar collector does not exists(Myth\Auth\Collectors\Auth).please check $collectors in the Config\Toolbar.php file.
CRITICAL - 2023-03-01 14:06:25 --> Toolbar collector does not exists(Myth\Auth\Collectors\Auth).please check $collectors in the Config\Toolbar.php file.
CRITICAL - 2023-03-01 14:06:25 --> Toolbar collector does not exists(Myth\Auth\Collectors\Auth).please check $collectors in the Config\Toolbar.php file.
CRITICAL - 2023-03-01 14:23:55 --> Toolbar collector does not exists(Myth\Auth\Collectors\Auth).please check $collectors in the Config\Toolbar.php file.
CRITICAL - 2023-03-01 14:24:19 --> Toolbar collector does not exists(Myth\Auth\Collectors\Auth).please check $collectors in the Config\Toolbar.php file.
CRITICAL - 2023-03-01 14:24:28 --> Toolbar collector does not exists(Myth\Auth\Collectors\Auth).please check $collectors in the Config\Toolbar.php file.
CRITICAL - 2023-03-01 14:24:32 --> Toolbar collector does not exists(Myth\Auth\Collectors\Auth).please check $collectors in the Config\Toolbar.php file.
CRITICAL - 2023-03-01 14:28:57 --> Toolbar collector does not exists(Myth\Auth\Collectors\Auth).please check $collectors in the Config\Toolbar.php file.
CRITICAL - 2023-03-01 14:28:57 --> syntax error, unexpected '}', expecting ';'
#0 C:\alaragon\www\site\ci4\vendor\codeigniter4\framework\system\Controller.php(92): helper(Array)
#1 C:\alaragon\www\site\ci4\vendor\codeigniter4\framework\system\CodeIgniter.php(910): CodeIgniter\Controller->initController(Object(CodeIgniter\HTTP\IncomingRequest), Object(CodeIgniter\HTTP\Response), Object(CodeIgniter\Log\Logger))
#2 C:\alaragon\www\site\ci4\vendor\codeigniter4\framework\system\CodeIgniter.php(423): CodeIgniter\CodeIgniter->createController()
#3 C:\alaragon\www\site\ci4\vendor\codeigniter4\framework\system\CodeIgniter.php(334): CodeIgniter\CodeIgniter->handleRequest(NULL, Object(Config\Cache), false)
#4 C:\alaragon\www\site\public_html\index.php(45): CodeIgniter\CodeIgniter->run()
#5 {main}
CRITICAL - 2023-03-01 14:29:09 --> Toolbar collector does not exists(Myth\Auth\Collectors\Auth).please check $collectors in the Config\Toolbar.php file.
CRITICAL - 2023-03-01 14:29:20 --> Toolbar collector does not exists(Myth\Auth\Collectors\Auth).please check $collectors in the Config\Toolbar.php file.
CRITICAL - 2023-03-01 14:29:25 --> Toolbar collector does not exists(Myth\Auth\Collectors\Auth).please check $collectors in the Config\Toolbar.php file.
CRITICAL - 2023-03-01 14:29:49 --> Toolbar collector does not exists(Myth\Auth\Collectors\Auth).please check $collectors in the Config\Toolbar.php file.
CRITICAL - 2023-03-01 14:29:50 --> Toolbar collector does not exists(Myth\Auth\Collectors\Auth).please check $collectors in the Config\Toolbar.php file.
CRITICAL - 2023-03-01 14:29:50 --> Toolbar collector does not exists(Myth\Auth\Collectors\Auth).please check $collectors in the Config\Toolbar.php file.
CRITICAL - 2023-03-01 14:29:57 --> Toolbar collector does not exists(Myth\Auth\Collectors\Auth).please check $collectors in the Config\Toolbar.php file.
CRITICAL - 2023-03-01 14:29:57 --> Toolbar collector does not exists(Myth\Auth\Collectors\Auth).please check $collectors in the Config\Toolbar.php file.
CRITICAL - 2023-03-01 14:29:57 --> Toolbar collector does not exists(Myth\Auth\Collectors\Auth).please check $collectors in the Config\Toolbar.php file.
CRITICAL - 2023-03-01 14:29:57 --> Toolbar collector does not exists(Myth\Auth\Collectors\Auth).please check $collectors in the Config\Toolbar.php file.
CRITICAL - 2023-03-01 14:30:03 --> Toolbar collector does not exists(Myth\Auth\Collectors\Auth).please check $collectors in the Config\Toolbar.php file.
CRITICAL - 2023-03-01 14:30:03 --> Toolbar collector does not exists(Myth\Auth\Collectors\Auth).please check $collectors in the Config\Toolbar.php file.
CRITICAL - 2023-03-01 14:30:03 --> Toolbar collector does not exists(Myth\Auth\Collectors\Auth).please check $collectors in the Config\Toolbar.php file.
CRITICAL - 2023-03-01 14:36:38 --> Toolbar collector does not exists(Myth\Auth\Collectors\Auth).please check $collectors in the Config\Toolbar.php file.
CRITICAL - 2023-03-01 14:36:38 --> Toolbar collector does not exists(Myth\Auth\Collectors\Auth).please check $collectors in the Config\Toolbar.php file.
CRITICAL - 2023-03-01 14:36:39 --> Toolbar collector does not exists(Myth\Auth\Collectors\Auth).please check $collectors in the Config\Toolbar.php file.
CRITICAL - 2023-03-01 14:36:39 --> Toolbar collector does not exists(Myth\Auth\Collectors\Auth).please check $collectors in the Config\Toolbar.php file.
CRITICAL - 2023-03-01 14:37:27 --> Toolbar collector does not exists(Myth\Auth\Collectors\Auth).please check $collectors in the Config\Toolbar.php file.
CRITICAL - 2023-03-01 14:37:27 --> Class 'App\Controllers\Admin\BaseController' not found
#0 C:\alaragon\www\site\ci4\vendor\codeigniter4\framework\system\Router\Router.php(562): include_once()
#1 C:\alaragon\www\site\ci4\vendor\codeigniter4\framework\system\Router\Router.php(170): CodeIgniter\Router\Router->autoRoute('admin/categoria...')
#2 C:\alaragon\www\site\ci4\vendor\codeigniter4\framework\system\CodeIgniter.php(817): CodeIgniter\Router\Router->handle('admin/categoria...')
#3 C:\alaragon\www\site\ci4\vendor\codeigniter4\framework\system\CodeIgniter.php(386): CodeIgniter\CodeIgniter->tryToRouteIt(Object(CodeIgniter\Router\RouteCollection))
#4 C:\alaragon\www\site\ci4\vendor\codeigniter4\framework\system\CodeIgniter.php(334): CodeIgniter\CodeIgniter->handleRequest(NULL, Object(Config\Cache), false)
#5 C:\alaragon\www\site\public_html\index.php(45): CodeIgniter\CodeIgniter->run()
#6 {main}
CRITICAL - 2023-03-01 14:37:54 --> Toolbar collector does not exists(Myth\Auth\Collectors\Auth).please check $collectors in the Config\Toolbar.php file.
CRITICAL - 2023-03-01 14:37:54 --> Class 'App\Controllers\Admin\BaseController' not found
#0 C:\alaragon\www\site\ci4\vendor\codeigniter4\framework\system\Router\Router.php(562): include_once()
#1 C:\alaragon\www\site\ci4\vendor\codeigniter4\framework\system\Router\Router.php(170): CodeIgniter\Router\Router->autoRoute('admin/categoria...')
#2 C:\alaragon\www\site\ci4\vendor\codeigniter4\framework\system\CodeIgniter.php(817): CodeIgniter\Router\Router->handle('admin/categoria...')
#3 C:\alaragon\www\site\ci4\vendor\codeigniter4\framework\system\CodeIgniter.php(386): CodeIgniter\CodeIgniter->tryToRouteIt(Object(CodeIgniter\Router\RouteCollection))
#4 C:\alaragon\www\site\ci4\vendor\codeigniter4\framework\system\CodeIgniter.php(334): CodeIgniter\CodeIgniter->handleRequest(NULL, Object(Config\Cache), false)
#5 C:\alaragon\www\site\public_html\index.php(45): CodeIgniter\CodeIgniter->run()
#6 {main}
CRITICAL - 2023-03-01 14:37:55 --> Toolbar collector does not exists(Myth\Auth\Collectors\Auth).please check $collectors in the Config\Toolbar.php file.
CRITICAL - 2023-03-01 14:37:56 --> Class 'App\Controllers\Admin\BaseController' not found
#0 C:\alaragon\www\site\ci4\vendor\codeigniter4\framework\system\Router\Router.php(562): include_once()
#1 C:\alaragon\www\site\ci4\vendor\codeigniter4\framework\system\Router\Router.php(170): CodeIgniter\Router\Router->autoRoute('admin/categoria...')
#2 C:\alaragon\www\site\ci4\vendor\codeigniter4\framework\system\CodeIgniter.php(817): CodeIgniter\Router\Router->handle('admin/categoria...')
#3 C:\alaragon\www\site\ci4\vendor\codeigniter4\framework\system\CodeIgniter.php(386): CodeIgniter\CodeIgniter->tryToRouteIt(Object(CodeIgniter\Router\RouteCollection))
#4 C:\alaragon\www\site\ci4\vendor\codeigniter4\framework\system\CodeIgniter.php(334): CodeIgniter\CodeIgniter->handleRequest(NULL, Object(Config\Cache), false)
#5 C:\alaragon\www\site\public_html\index.php(45): CodeIgniter\CodeIgniter->run()
#6 {main}
CRITICAL - 2023-03-01 14:39:02 --> Toolbar collector does not exists(Myth\Auth\Collectors\Auth).please check $collectors in the Config\Toolbar.php file.
CRITICAL - 2023-03-01 14:39:02 --> Cannot declare class App\Controllers\Front\BaseController, because the name is already in use
#0 [internal function]: CodeIgniter\Debug\Exceptions->shutdownHandler()
#1 {main}
CRITICAL - 2023-03-01 14:39:23 --> Toolbar collector does not exists(Myth\Auth\Collectors\Auth).please check $collectors in the Config\Toolbar.php file.
CRITICAL - 2023-03-01 14:39:23 --> Cannot declare class App\Controllers\Front\BaseController, because the name is already in use
#0 [internal function]: CodeIgniter\Debug\Exceptions->shutdownHandler()
#1 {main}
CRITICAL - 2023-03-01 14:39:24 --> Toolbar collector does not exists(Myth\Auth\Collectors\Auth).please check $collectors in the Config\Toolbar.php file.
CRITICAL - 2023-03-01 14:39:24 --> Cannot declare class App\Controllers\Front\BaseController, because the name is already in use
#0 [internal function]: CodeIgniter\Debug\Exceptions->shutdownHandler()
#1 {main}
CRITICAL - 2023-03-01 14:41:19 --> Toolbar collector does not exists(Myth\Auth\Collectors\Auth).please check $collectors in the Config\Toolbar.php file.
CRITICAL - 2023-03-01 14:41:19 --> Cannot declare class App\Controllers\Front\BaseController, because the name is already in use
#0 [internal function]: CodeIgniter\Debug\Exceptions->shutdownHandler()
#1 {main}
CRITICAL - 2023-03-01 14:41:22 --> Toolbar collector does not exists(Myth\Auth\Collectors\Auth).please check $collectors in the Config\Toolbar.php file.
CRITICAL - 2023-03-01 14:41:22 --> Cannot declare class App\Controllers\Front\BaseController, because the name is already in use
#0 [internal function]: CodeIgniter\Debug\Exceptions->shutdownHandler()
#1 {main}
CRITICAL - 2023-03-01 14:43:09 --> Toolbar collector does not exists(Myth\Auth\Collectors\Auth).please check $collectors in the Config\Toolbar.php file.
CRITICAL - 2023-03-01 14:43:09 --> Cannot declare class App\Controllers\Front\BaseController, because the name is already in use
#0 [internal function]: CodeIgniter\Debug\Exceptions->shutdownHandler()
#1 {main}
CRITICAL - 2023-03-01 14:44:19 --> Toolbar collector does not exists(Myth\Auth\Collectors\Auth).please check $collectors in the Config\Toolbar.php file.
CRITICAL - 2023-03-01 14:44:19 --> Cannot declare class App\Controllers\Front\BaseController, because the name is already in use
#0 [internal function]: CodeIgniter\Debug\Exceptions->shutdownHandler()
#1 {main}
CRITICAL - 2023-03-01 14:44:32 --> Toolbar collector does not exists(Myth\Auth\Collectors\Auth).please check $collectors in the Config\Toolbar.php file.
CRITICAL - 2023-03-01 14:44:32 --> Class 'App\Controllers\Admin\BaseController' not found
#0 C:\alaragon\www\site\ci4\vendor\codeigniter4\framework\system\Router\Router.php(562): include_once()
#1 C:\alaragon\www\site\ci4\vendor\codeigniter4\framework\system\Router\Router.php(170): CodeIgniter\Router\Router->autoRoute('admin/categoria...')
#2 C:\alaragon\www\site\ci4\vendor\codeigniter4\framework\system\CodeIgniter.php(817): CodeIgniter\Router\Router->handle('admin/categoria...')
#3 C:\alaragon\www\site\ci4\vendor\codeigniter4\framework\system\CodeIgniter.php(386): CodeIgniter\CodeIgniter->tryToRouteIt(Object(CodeIgniter\Router\RouteCollection))
#4 C:\alaragon\www\site\ci4\vendor\codeigniter4\framework\system\CodeIgniter.php(334): CodeIgniter\CodeIgniter->handleRequest(NULL, Object(Config\Cache), false)
#5 C:\alaragon\www\site\public_html\index.php(45): CodeIgniter\CodeIgniter->run()
#6 {main}
CRITICAL - 2023-03-01 14:45:08 --> Toolbar collector does not exists(Myth\Auth\Collectors\Auth).please check $collectors in the Config\Toolbar.php file.
CRITICAL - 2023-03-01 14:45:08 --> Cannot declare class App\Controllers\Front\BaseController, because the name is already in use
#0 [internal function]: CodeIgniter\Debug\Exceptions->shutdownHandler()
#1 {main}
CRITICAL - 2023-03-01 14:45:23 --> Toolbar collector does not exists(Myth\Auth\Collectors\Auth).please check $collectors in the Config\Toolbar.php file.
CRITICAL - 2023-03-01 14:45:23 --> Cannot declare class App\Controllers\Front\BaseController, because the name is already in use
#0 [internal function]: CodeIgniter\Debug\Exceptions->shutdownHandler()
#1 {main}
CRITICAL - 2023-03-01 14:48:42 --> Toolbar collector does not exists(Myth\Auth\Collectors\Auth).please check $collectors in the Config\Toolbar.php file.
CRITICAL - 2023-03-01 14:48:42 --> Cannot declare class App\Controllers\Front\BaseController, because the name is already in use
#0 [internal function]: CodeIgniter\Debug\Exceptions->shutdownHandler()
#1 {main}
CRITICAL - 2023-03-01 14:49:05 --> Toolbar collector does not exists(Myth\Auth\Collectors\Auth).please check $collectors in the Config\Toolbar.php file.
CRITICAL - 2023-03-01 14:49:05 --> Cannot declare class App\Controllers\Front\BaseController, because the name is already in use
#0 [internal function]: CodeIgniter\Debug\Exceptions->shutdownHandler()
#1 {main}
CRITICAL - 2023-03-01 14:49:32 --> Toolbar collector does not exists(Myth\Auth\Collectors\Auth).please check $collectors in the Config\Toolbar.php file.
CRITICAL - 2023-03-01 14:49:32 --> Toolbar collector does not exists(Myth\Auth\Collectors\Auth).please check $collectors in the Config\Toolbar.php file.
CRITICAL - 2023-03-01 14:49:32 --> Toolbar collector does not exists(Myth\Auth\Collectors\Auth).please check $collectors in the Config\Toolbar.php file.
CRITICAL - 2023-03-01 14:51:54 --> Toolbar collector does not exists(Myth\Auth\Collectors\Auth).please check $collectors in the Config\Toolbar.php file.
CRITICAL - 2023-03-01 14:51:55 --> Toolbar collector does not exists(Myth\Auth\Collectors\Auth).please check $collectors in the Config\Toolbar.php file.
CRITICAL - 2023-03-01 14:51:55 --> Toolbar collector does not exists(Myth\Auth\Collectors\Auth).please check $collectors in the Config\Toolbar.php file.
CRITICAL - 2023-03-01 14:52:11 --> Toolbar collector does not exists(Myth\Auth\Collectors\Auth).please check $collectors in the Config\Toolbar.php file.
CRITICAL - 2023-03-01 14:52:11 --> Cannot declare class App\Controllers\Front\BaseController, because the name is already in use
#0 [internal function]: CodeIgniter\Debug\Exceptions->shutdownHandler()
#1 {main}
CRITICAL - 2023-03-01 14:54:18 --> Toolbar collector does not exists(Myth\Auth\Collectors\Auth).please check $collectors in the Config\Toolbar.php file.
CRITICAL - 2023-03-01 14:54:18 --> Cannot declare class App\Controllers\Front\BaseController, because the name is already in use
#0 [internal function]: CodeIgniter\Debug\Exceptions->shutdownHandler()
#1 {main}
CRITICAL - 2023-03-01 14:56:08 --> Toolbar collector does not exists(Myth\Auth\Collectors\Auth).please check $collectors in the Config\Toolbar.php file.
CRITICAL - 2023-03-01 14:56:08 --> Cannot declare class App\Controllers\Front\BaseController, because the name is already in use
#0 [internal function]: CodeIgniter\Debug\Exceptions->shutdownHandler()
#1 {main}
CRITICAL - 2023-03-01 15:01:06 --> Toolbar collector does not exists(Myth\Auth\Collectors\Auth).please check $collectors in the Config\Toolbar.php file.
CRITICAL - 2023-03-01 15:01:06 --> Toolbar collector does not exists(Myth\Auth\Collectors\Auth).please check $collectors in the Config\Toolbar.php file.
CRITICAL - 2023-03-01 15:01:07 --> Toolbar collector does not exists(Myth\Auth\Collectors\Auth).please check $collectors in the Config\Toolbar.php file.
CRITICAL - 2023-03-01 15:03:37 --> Toolbar collector does not exists(Myth\Auth\Collectors\Auth).please check $collectors in the Config\Toolbar.php file.
CRITICAL - 2023-03-01 15:03:37 --> Toolbar collector does not exists(Myth\Auth\Collectors\Auth).please check $collectors in the Config\Toolbar.php file.
CRITICAL - 2023-03-01 15:03:37 --> Toolbar collector does not exists(Myth\Auth\Collectors\Auth).please check $collectors in the Config\Toolbar.php file.
CRITICAL - 2023-03-01 15:03:45 --> Toolbar collector does not exists(Myth\Auth\Collectors\Auth).please check $collectors in the Config\Toolbar.php file.
CRITICAL - 2023-03-01 15:03:45 --> Toolbar collector does not exists(Myth\Auth\Collectors\Auth).please check $collectors in the Config\Toolbar.php file.
CRITICAL - 2023-03-01 15:03:45 --> Toolbar collector does not exists(Myth\Auth\Collectors\Auth).please check $collectors in the Config\Toolbar.php file.
CRITICAL - 2023-03-01 15:03:45 --> Toolbar collector does not exists(Myth\Auth\Collectors\Auth).please check $collectors in the Config\Toolbar.php file.
CRITICAL - 2023-03-01 15:07:37 --> Toolbar collector does not exists(Myth\Auth\Collectors\Auth).please check $collectors in the Config\Toolbar.php file.
CRITICAL - 2023-03-01 15:07:37 --> Toolbar collector does not exists(Myth\Auth\Collectors\Auth).please check $collectors in the Config\Toolbar.php file.
CRITICAL - 2023-03-01 15:07:38 --> Toolbar collector does not exists(Myth\Auth\Collectors\Auth).please check $collectors in the Config\Toolbar.php file.
CRITICAL - 2023-03-01 15:08:28 --> Toolbar collector does not exists(Myth\Auth\Collectors\Auth).please check $collectors in the Config\Toolbar.php file.
CRITICAL - 2023-03-01 15:08:28 --> Toolbar collector does not exists(Myth\Auth\Collectors\Auth).please check $collectors in the Config\Toolbar.php file.
CRITICAL - 2023-03-01 15:08:29 --> Toolbar collector does not exists(Myth\Auth\Collectors\Auth).please check $collectors in the Config\Toolbar.php file.
CRITICAL - 2023-03-01 15:08:29 --> Toolbar collector does not exists(Myth\Auth\Collectors\Auth).please check $collectors in the Config\Toolbar.php file.
CRITICAL - 2023-03-01 15:08:29 --> Toolbar collector does not exists(Myth\Auth\Collectors\Auth).please check $collectors in the Config\Toolbar.php file.
CRITICAL - 2023-03-01 15:08:29 --> Toolbar collector does not exists(Myth\Auth\Collectors\Auth).please check $collectors in the Config\Toolbar.php file.
CRITICAL - 2023-03-01 15:08:39 --> Toolbar collector does not exists(Myth\Auth\Collectors\Auth).please check $collectors in the Config\Toolbar.php file.
CRITICAL - 2023-03-01 15:08:39 --> Toolbar collector does not exists(Myth\Auth\Collectors\Auth).please check $collectors in the Config\Toolbar.php file.
CRITICAL - 2023-03-01 15:08:39 --> Toolbar collector does not exists(Myth\Auth\Collectors\Auth).please check $collectors in the Config\Toolbar.php file.
CRITICAL - 2023-03-01 15:08:55 --> Toolbar collector does not exists(Myth\Auth\Collectors\Auth).please check $collectors in the Config\Toolbar.php file.
CRITICAL - 2023-03-01 15:08:55 --> Toolbar collector does not exists(Myth\Auth\Collectors\Auth).please check $collectors in the Config\Toolbar.php file.
CRITICAL - 2023-03-01 15:08:55 --> Toolbar collector does not exists(Myth\Auth\Collectors\Auth).please check $collectors in the Config\Toolbar.php file.
CRITICAL - 2023-03-01 15:09:24 --> Toolbar collector does not exists(Myth\Auth\Collectors\Auth).please check $collectors in the Config\Toolbar.php file.
CRITICAL - 2023-03-01 15:09:24 --> Toolbar collector does not exists(Myth\Auth\Collectors\Auth).please check $collectors in the Config\Toolbar.php file.
CRITICAL - 2023-03-01 15:09:24 --> Toolbar collector does not exists(Myth\Auth\Collectors\Auth).please check $collectors in the Config\Toolbar.php file.
CRITICAL - 2023-03-01 15:09:35 --> Toolbar collector does not exists(Myth\Auth\Collectors\Auth).please check $collectors in the Config\Toolbar.php file.
CRITICAL - 2023-03-01 15:09:35 --> Toolbar collector does not exists(Myth\Auth\Collectors\Auth).please check $collectors in the Config\Toolbar.php file.
CRITICAL - 2023-03-01 15:09:35 --> Toolbar collector does not exists(Myth\Auth\Collectors\Auth).please check $collectors in the Config\Toolbar.php file.
CRITICAL - 2023-03-01 15:10:02 --> Toolbar collector does not exists(Myth\Auth\Collectors\Auth).please check $collectors in the Config\Toolbar.php file.
CRITICAL - 2023-03-01 15:10:02 --> Toolbar collector does not exists(Myth\Auth\Collectors\Auth).please check $collectors in the Config\Toolbar.php file.
CRITICAL - 2023-03-01 15:10:03 --> Toolbar collector does not exists(Myth\Auth\Collectors\Auth).please check $collectors in the Config\Toolbar.php file.
CRITICAL - 2023-03-01 15:10:03 --> Toolbar collector does not exists(Myth\Auth\Collectors\Auth).please check $collectors in the Config\Toolbar.php file.
CRITICAL - 2023-03-01 15:10:31 --> Toolbar collector does not exists(Myth\Auth\Collectors\Auth).please check $collectors in the Config\Toolbar.php file.
CRITICAL - 2023-03-01 15:10:31 --> Toolbar collector does not exists(Myth\Auth\Collectors\Auth).please check $collectors in the Config\Toolbar.php file.
CRITICAL - 2023-03-01 15:10:31 --> Toolbar collector does not exists(Myth\Auth\Collectors\Auth).please check $collectors in the Config\Toolbar.php file.
CRITICAL - 2023-03-01 15:10:35 --> Toolbar collector does not exists(Myth\Auth\Collectors\Auth).please check $collectors in the Config\Toolbar.php file.
CRITICAL - 2023-03-01 15:10:35 --> Toolbar collector does not exists(Myth\Auth\Collectors\Auth).please check $collectors in the Config\Toolbar.php file.
CRITICAL - 2023-03-01 15:10:35 --> Toolbar collector does not exists(Myth\Auth\Collectors\Auth).please check $collectors in the Config\Toolbar.php file.
CRITICAL - 2023-03-01 15:10:36 --> Toolbar collector does not exists(Myth\Auth\Collectors\Auth).please check $collectors in the Config\Toolbar.php file.
CRITICAL - 2023-03-01 15:11:48 --> Toolbar collector does not exists(Myth\Auth\Collectors\Auth).please check $collectors in the Config\Toolbar.php file.
CRITICAL - 2023-03-01 15:11:48 --> Toolbar collector does not exists(Myth\Auth\Collectors\Auth).please check $collectors in the Config\Toolbar.php file.
CRITICAL - 2023-03-01 15:11:49 --> Toolbar collector does not exists(Myth\Auth\Collectors\Auth).please check $collectors in the Config\Toolbar.php file.
CRITICAL - 2023-03-01 15:12:15 --> Toolbar collector does not exists(Myth\Auth\Collectors\Auth).please check $collectors in the Config\Toolbar.php file.
CRITICAL - 2023-03-01 15:12:15 --> Toolbar collector does not exists(Myth\Auth\Collectors\Auth).please check $collectors in the Config\Toolbar.php file.
CRITICAL - 2023-03-01 15:12:15 --> Toolbar collector does not exists(Myth\Auth\Collectors\Auth).please check $collectors in the Config\Toolbar.php file.
CRITICAL - 2023-03-01 15:12:23 --> Toolbar collector does not exists(Myth\Auth\Collectors\Auth).please check $collectors in the Config\Toolbar.php file.
CRITICAL - 2023-03-01 15:12:23 --> Toolbar collector does not exists(Myth\Auth\Collectors\Auth).please check $collectors in the Config\Toolbar.php file.
CRITICAL - 2023-03-01 15:12:23 --> Toolbar collector does not exists(Myth\Auth\Collectors\Auth).please check $collectors in the Config\Toolbar.php file.
CRITICAL - 2023-03-01 15:12:23 --> Toolbar collector does not exists(Myth\Auth\Collectors\Auth).please check $collectors in the Config\Toolbar.php file.
CRITICAL - 2023-03-01 15:13:35 --> Toolbar collector does not exists(Myth\Auth\Collectors\Auth).please check $collectors in the Config\Toolbar.php file.
CRITICAL - 2023-03-01 15:13:35 --> Toolbar collector does not exists(Myth\Auth\Collectors\Auth).please check $collectors in the Config\Toolbar.php file.
CRITICAL - 2023-03-01 15:13:35 --> Toolbar collector does not exists(Myth\Auth\Collectors\Auth).please check $collectors in the Config\Toolbar.php file.
CRITICAL - 2023-03-01 15:17:16 --> Toolbar collector does not exists(Myth\Auth\Collectors\Auth).please check $collectors in the Config\Toolbar.php file.
CRITICAL - 2023-03-01 15:17:17 --> Toolbar collector does not exists(Myth\Auth\Collectors\Auth).please check $collectors in the Config\Toolbar.php file.
CRITICAL - 2023-03-01 15:17:17 --> Toolbar collector does not exists(Myth\Auth\Collectors\Auth).please check $collectors in the Config\Toolbar.php file.
CRITICAL - 2023-03-01 15:17:17 --> Toolbar collector does not exists(Myth\Auth\Collectors\Auth).please check $collectors in the Config\Toolbar.php file.
CRITICAL - 2023-03-01 15:17:17 --> Toolbar collector does not exists(Myth\Auth\Collectors\Auth).please check $collectors in the Config\Toolbar.php file.
CRITICAL - 2023-03-01 15:17:17 --> Toolbar collector does not exists(Myth\Auth\Collectors\Auth).please check $collectors in the Config\Toolbar.php file.
CRITICAL - 2023-03-01 15:17:20 --> Toolbar collector does not exists(Myth\Auth\Collectors\Auth).please check $collectors in the Config\Toolbar.php file.
CRITICAL - 2023-03-01 15:17:20 --> Toolbar collector does not exists(Myth\Auth\Collectors\Auth).please check $collectors in the Config\Toolbar.php file.
CRITICAL - 2023-03-01 15:17:21 --> Toolbar collector does not exists(Myth\Auth\Collectors\Auth).please check $collectors in the Config\Toolbar.php file.
CRITICAL - 2023-03-01 15:17:21 --> Toolbar collector does not exists(Myth\Auth\Collectors\Auth).please check $collectors in the Config\Toolbar.php file.
CRITICAL - 2023-03-01 15:17:21 --> Toolbar collector does not exists(Myth\Auth\Collectors\Auth).please check $collectors in the Config\Toolbar.php file.
CRITICAL - 2023-03-01 15:17:21 --> Toolbar collector does not exists(Myth\Auth\Collectors\Auth).please check $collectors in the Config\Toolbar.php file.
CRITICAL - 2023-03-01 15:17:21 --> Toolbar collector does not exists(Myth\Auth\Collectors\Auth).please check $collectors in the Config\Toolbar.php file.
CRITICAL - 2023-03-01 15:17:31 --> Toolbar collector does not exists(Myth\Auth\Collectors\Auth).please check $collectors in the Config\Toolbar.php file.
CRITICAL - 2023-03-01 15:17:32 --> Toolbar collector does not exists(Myth\Auth\Collectors\Auth).please check $collectors in the Config\Toolbar.php file.
CRITICAL - 2023-03-01 15:17:32 --> Toolbar collector does not exists(Myth\Auth\Collectors\Auth).please check $collectors in the Config\Toolbar.php file.
CRITICAL - 2023-03-01 15:17:32 --> Toolbar collector does not exists(Myth\Auth\Collectors\Auth).please check $collectors in the Config\Toolbar.php file.
CRITICAL - 2023-03-01 15:17:32 --> Toolbar collector does not exists(Myth\Auth\Collectors\Auth).please check $collectors in the Config\Toolbar.php file.
CRITICAL - 2023-03-01 15:17:32 --> Toolbar collector does not exists(Myth\Auth\Collectors\Auth).please check $collectors in the Config\Toolbar.php file.
CRITICAL - 2023-03-01 15:17:33 --> Toolbar collector does not exists(Myth\Auth\Collectors\Auth).please check $collectors in the Config\Toolbar.php file.
CRITICAL - 2023-03-01 15:17:34 --> Toolbar collector does not exists(Myth\Auth\Collectors\Auth).please check $collectors in the Config\Toolbar.php file.
CRITICAL - 2023-03-01 15:17:34 --> Toolbar collector does not exists(Myth\Auth\Collectors\Auth).please check $collectors in the Config\Toolbar.php file.
CRITICAL - 2023-03-01 15:17:34 --> Toolbar collector does not exists(Myth\Auth\Collectors\Auth).please check $collectors in the Config\Toolbar.php file.
CRITICAL - 2023-03-01 15:17:34 --> Toolbar collector does not exists(Myth\Auth\Collectors\Auth).please check $collectors in the Config\Toolbar.php file.
CRITICAL - 2023-03-01 15:17:34 --> Toolbar collector does not exists(Myth\Auth\Collectors\Auth).please check $collectors in the Config\Toolbar.php file.
CRITICAL - 2023-03-01 15:17:36 --> Toolbar collector does not exists(Myth\Auth\Collectors\Auth).please check $collectors in the Config\Toolbar.php file.
CRITICAL - 2023-03-01 15:17:36 --> Toolbar collector does not exists(Myth\Auth\Collectors\Auth).please check $collectors in the Config\Toolbar.php file.
CRITICAL - 2023-03-01 15:17:36 --> Toolbar collector does not exists(Myth\Auth\Collectors\Auth).please check $collectors in the Config\Toolbar.php file.
CRITICAL - 2023-03-01 15:17:36 --> Toolbar collector does not exists(Myth\Auth\Collectors\Auth).please check $collectors in the Config\Toolbar.php file.
CRITICAL - 2023-03-01 15:17:37 --> Toolbar collector does not exists(Myth\Auth\Collectors\Auth).please check $collectors in the Config\Toolbar.php file.
CRITICAL - 2023-03-01 15:17:37 --> Toolbar collector does not exists(Myth\Auth\Collectors\Auth).please check $collectors in the Config\Toolbar.php file.
CRITICAL - 2023-03-01 15:17:40 --> Toolbar collector does not exists(Myth\Auth\Collectors\Auth).please check $collectors in the Config\Toolbar.php file.
CRITICAL - 2023-03-01 15:17:40 --> Toolbar collector does not exists(Myth\Auth\Collectors\Auth).please check $collectors in the Config\Toolbar.php file.
CRITICAL - 2023-03-01 15:17:41 --> Toolbar collector does not exists(Myth\Auth\Collectors\Auth).please check $collectors in the Config\Toolbar.php file.
CRITICAL - 2023-03-01 15:17:41 --> Toolbar collector does not exists(Myth\Auth\Collectors\Auth).please check $collectors in the Config\Toolbar.php file.
CRITICAL - 2023-03-01 15:17:41 --> Toolbar collector does not exists(Myth\Auth\Collectors\Auth).please check $collectors in the Config\Toolbar.php file.
CRITICAL - 2023-03-01 15:17:41 --> Toolbar collector does not exists(Myth\Auth\Collectors\Auth).please check $collectors in the Config\Toolbar.php file.
CRITICAL - 2023-03-01 15:17:47 --> Toolbar collector does not exists(Myth\Auth\Collectors\Auth).please check $collectors in the Config\Toolbar.php file.
CRITICAL - 2023-03-01 15:17:47 --> Toolbar collector does not exists(Myth\Auth\Collectors\Auth).please check $collectors in the Config\Toolbar.php file.
CRITICAL - 2023-03-01 15:17:47 --> Toolbar collector does not exists(Myth\Auth\Collectors\Auth).please check $collectors in the Config\Toolbar.php file.
CRITICAL - 2023-03-01 15:17:47 --> Toolbar collector does not exists(Myth\Auth\Collectors\Auth).please check $collectors in the Config\Toolbar.php file.
CRITICAL - 2023-03-01 15:22:08 --> Toolbar collector does not exists(Myth\Auth\Collectors\Auth).please check $collectors in the Config\Toolbar.php file.
CRITICAL - 2023-03-01 15:22:09 --> Toolbar collector does not exists(Myth\Auth\Collectors\Auth).please check $collectors in the Config\Toolbar.php file.
CRITICAL - 2023-03-01 15:22:09 --> Toolbar collector does not exists(Myth\Auth\Collectors\Auth).please check $collectors in the Config\Toolbar.php file.
CRITICAL - 2023-03-01 15:22:10 --> Toolbar collector does not exists(Myth\Auth\Collectors\Auth).please check $collectors in the Config\Toolbar.php file.
CRITICAL - 2023-03-01 15:23:12 --> Toolbar collector does not exists(Myth\Auth\Collectors\Auth).please check $collectors in the Config\Toolbar.php file.
CRITICAL - 2023-03-01 15:23:12 --> Toolbar collector does not exists(Myth\Auth\Collectors\Auth).please check $collectors in the Config\Toolbar.php file.
CRITICAL - 2023-03-01 15:23:12 --> Toolbar collector does not exists(Myth\Auth\Collectors\Auth).please check $collectors in the Config\Toolbar.php file.
CRITICAL - 2023-03-01 15:23:13 --> Toolbar collector does not exists(Myth\Auth\Collectors\Auth).please check $collectors in the Config\Toolbar.php file.
CRITICAL - 2023-03-01 15:23:13 --> Toolbar collector does not exists(Myth\Auth\Collectors\Auth).please check $collectors in the Config\Toolbar.php file.
CRITICAL - 2023-03-01 15:23:13 --> Toolbar collector does not exists(Myth\Auth\Collectors\Auth).please check $collectors in the Config\Toolbar.php file.
CRITICAL - 2023-03-01 15:23:16 --> Toolbar collector does not exists(Myth\Auth\Collectors\Auth).please check $collectors in the Config\Toolbar.php file.
CRITICAL - 2023-03-01 15:23:16 --> Toolbar collector does not exists(Myth\Auth\Collectors\Auth).please check $collectors in the Config\Toolbar.php file.
CRITICAL - 2023-03-01 15:23:16 --> Toolbar collector does not exists(Myth\Auth\Collectors\Auth).please check $collectors in the Config\Toolbar.php file.
CRITICAL - 2023-03-01 15:23:17 --> Toolbar collector does not exists(Myth\Auth\Collectors\Auth).please check $collectors in the Config\Toolbar.php file.
CRITICAL - 2023-03-01 15:23:20 --> Toolbar collector does not exists(Myth\Auth\Collectors\Auth).please check $collectors in the Config\Toolbar.php file.
CRITICAL - 2023-03-01 15:23:21 --> Toolbar collector does not exists(Myth\Auth\Collectors\Auth).please check $collectors in the Config\Toolbar.php file.
CRITICAL - 2023-03-01 15:23:21 --> Toolbar collector does not exists(Myth\Auth\Collectors\Auth).please check $collectors in the Config\Toolbar.php file.
CRITICAL - 2023-03-01 15:23:21 --> Toolbar collector does not exists(Myth\Auth\Collectors\Auth).please check $collectors in the Config\Toolbar.php file.
CRITICAL - 2023-03-01 15:23:21 --> Toolbar collector does not exists(Myth\Auth\Collectors\Auth).please check $collectors in the Config\Toolbar.php file.
CRITICAL - 2023-03-01 15:23:28 --> Toolbar collector does not exists(Myth\Auth\Collectors\Auth).please check $collectors in the Config\Toolbar.php file.
CRITICAL - 2023-03-01 15:23:28 --> Toolbar collector does not exists(Myth\Auth\Collectors\Auth).please check $collectors in the Config\Toolbar.php file.
CRITICAL - 2023-03-01 15:23:28 --> Toolbar collector does not exists(Myth\Auth\Collectors\Auth).please check $collectors in the Config\Toolbar.php file.
CRITICAL - 2023-03-01 15:25:37 --> Toolbar collector does not exists(Myth\Auth\Collectors\Auth).please check $collectors in the Config\Toolbar.php file.
CRITICAL - 2023-03-01 15:25:37 --> Toolbar collector does not exists(Myth\Auth\Collectors\Auth).please check $collectors in the Config\Toolbar.php file.
CRITICAL - 2023-03-01 15:25:38 --> Toolbar collector does not exists(Myth\Auth\Collectors\Auth).please check $collectors in the Config\Toolbar.php file.
CRITICAL - 2023-03-01 15:25:38 --> Toolbar collector does not exists(Myth\Auth\Collectors\Auth).please check $collectors in the Config\Toolbar.php file.
CRITICAL - 2023-03-01 15:25:38 --> Toolbar collector does not exists(Myth\Auth\Collectors\Auth).please check $collectors in the Config\Toolbar.php file.
CRITICAL - 2023-03-01 15:25:38 --> Toolbar collector does not exists(Myth\Auth\Collectors\Auth).please check $collectors in the Config\Toolbar.php file.
CRITICAL - 2023-03-01 15:25:59 --> Toolbar collector does not exists(Myth\Auth\Collectors\Auth).please check $collectors in the Config\Toolbar.php file.
CRITICAL - 2023-03-01 15:25:59 --> Toolbar collector does not exists(Myth\Auth\Collectors\Auth).please check $collectors in the Config\Toolbar.php file.
CRITICAL - 2023-03-01 15:25:59 --> Toolbar collector does not exists(Myth\Auth\Collectors\Auth).please check $collectors in the Config\Toolbar.php file.
CRITICAL - 2023-03-01 15:25:59 --> Toolbar collector does not exists(Myth\Auth\Collectors\Auth).please check $collectors in the Config\Toolbar.php file.
CRITICAL - 2023-03-01 15:25:59 --> Toolbar collector does not exists(Myth\Auth\Collectors\Auth).please check $collectors in the Config\Toolbar.php file.
CRITICAL - 2023-03-01 15:26:00 --> Toolbar collector does not exists(Myth\Auth\Collectors\Auth).please check $collectors in the Config\Toolbar.php file.
