ERROR - 2023-03-11 11:43:14 --> mysqli_sql_exception: Unknown column 'int_departamentos.name' in 'field list' in C:\wamp64\www\site\vendor\codeigniter4\framework\system\Database\MySQLi\Connection.php:314
Stack trace:
#0 C:\wamp64\www\site\vendor\codeigniter4\framework\system\Database\MySQLi\Connection.php(314): mysqli->query('SELECT `int_doc...')
#1 C:\wamp64\www\site\vendor\codeigniter4\framework\system\Database\BaseConnection.php(715): CodeIgniter\Database\MySQLi\Connection->execute('SELECT `int_doc...')
#2 C:\wamp64\www\site\vendor\codeigniter4\framework\system\Database\BaseConnection.php(643): CodeIgniter\Database\BaseConnection->simpleQuery('SELECT `int_doc...')
#3 C:\wamp64\www\site\vendor\codeigniter4\framework\system\Database\BaseBuilder.php(1866): CodeIgniter\Database\BaseConnection->query('SELECT `int_doc...', Array, false)
#4 C:\wamp64\www\site\app\Models\Admin\Documentos_model.php(19): CodeIgniter\Database\BaseBuilder->get()
#5 C:\wamp64\www\site\app\Controllers\Admin\Documentos.php(21): App\Models\Admin\Documentos_model->getDados()
#6 C:\wamp64\www\site\vendor\codeigniter4\framework\system\CodeIgniter.php(937): App\Controllers\Admin\Documentos->index()
#7 C:\wamp64\www\site\vendor\codeigniter4\framework\system\CodeIgniter.php(433): CodeIgniter\CodeIgniter->runController(Object(App\Controllers\Admin\Documentos))
#8 C:\wamp64\www\site\vendor\codeigniter4\framework\system\CodeIgniter.php(334): CodeIgniter\CodeIgniter->handleRequest(NULL, Object(Config\Cache), false)
#9 C:\wamp64\www\site\index.php(45): CodeIgniter\CodeIgniter->run()
#10 {main}
CRITICAL - 2023-03-11 11:43:14 --> Unknown column 'int_departamentos.name' in 'field list'
#0 C:\wamp64\www\site\vendor\codeigniter4\framework\system\Database\MySQLi\Connection.php(314): mysqli->query('SELECT `int_doc...')
#1 C:\wamp64\www\site\vendor\codeigniter4\framework\system\Database\BaseConnection.php(715): CodeIgniter\Database\MySQLi\Connection->execute('SELECT `int_doc...')
#2 C:\wamp64\www\site\vendor\codeigniter4\framework\system\Database\BaseConnection.php(643): CodeIgniter\Database\BaseConnection->simpleQuery('SELECT `int_doc...')
#3 C:\wamp64\www\site\vendor\codeigniter4\framework\system\Database\BaseBuilder.php(1866): CodeIgniter\Database\BaseConnection->query('SELECT `int_doc...', Array, false)
#4 C:\wamp64\www\site\app\Models\Admin\Documentos_model.php(19): CodeIgniter\Database\BaseBuilder->get()
#5 C:\wamp64\www\site\app\Controllers\Admin\Documentos.php(21): App\Models\Admin\Documentos_model->getDados()
#6 C:\wamp64\www\site\vendor\codeigniter4\framework\system\CodeIgniter.php(937): App\Controllers\Admin\Documentos->index()
#7 C:\wamp64\www\site\vendor\codeigniter4\framework\system\CodeIgniter.php(433): CodeIgniter\CodeIgniter->runController(Object(App\Controllers\Admin\Documentos))
#8 C:\wamp64\www\site\vendor\codeigniter4\framework\system\CodeIgniter.php(334): CodeIgniter\CodeIgniter->handleRequest(NULL, Object(Config\Cache), false)
#9 C:\wamp64\www\site\index.php(45): CodeIgniter\CodeIgniter->run()
#10 {main}
CRITICAL - 2023-03-11 11:43:53 --> Undefined property: stdClass::$name
#0 C:\wamp64\www\site\app\Views\admin\documentos\add.php(25): CodeIgniter\Debug\Exceptions->errorHandler(2, 'Undefined prope...', 'C:\\wamp64\\www\\s...', 25)
#1 C:\wamp64\www\site\vendor\codeigniter4\framework\system\View\View.php(220): include('C:\\wamp64\\www\\s...')
#2 C:\wamp64\www\site\vendor\codeigniter4\framework\system\View\View.php(222): CodeIgniter\View\View->CodeIgniter\View\{closure}()
#3 C:\wamp64\www\site\vendor\codeigniter4\framework\system\View\View.php(468): CodeIgniter\View\View->render('admin/documento...', NULL, true)
#4 C:\wamp64\www\site\app\Views\admin\documentos\index.php(24): CodeIgniter\View\View->include('admin/documento...')
#5 C:\wamp64\www\site\vendor\codeigniter4\framework\system\View\View.php(220): include('C:\\wamp64\\www\\s...')
#6 C:\wamp64\www\site\vendor\codeigniter4\framework\system\View\View.php(222): CodeIgniter\View\View->CodeIgniter\View\{closure}()
#7 C:\wamp64\www\site\vendor\codeigniter4\framework\system\Common.php(1217): CodeIgniter\View\View->render('admin/documento...', Array, true)
#8 C:\wamp64\www\site\app\Controllers\Admin\Documentos.php(31): view('admin/documento...', Array)
#9 C:\wamp64\www\site\vendor\codeigniter4\framework\system\CodeIgniter.php(937): App\Controllers\Admin\Documentos->index()
#10 C:\wamp64\www\site\vendor\codeigniter4\framework\system\CodeIgniter.php(433): CodeIgniter\CodeIgniter->runController(Object(App\Controllers\Admin\Documentos))
#11 C:\wamp64\www\site\vendor\codeigniter4\framework\system\CodeIgniter.php(334): CodeIgniter\CodeIgniter->handleRequest(NULL, Object(Config\Cache), false)
#12 C:\wamp64\www\site\index.php(45): CodeIgniter\CodeIgniter->run()
#13 {main}
CRITICAL - 2023-03-11 11:44:15 --> Undefined variable $documentos
#0 C:\wamp64\www\site\app\Views\admin\documentos\index.php(50): CodeIgniter\Debug\Exceptions->errorHandler(2, 'Undefined varia...', 'C:\\wamp64\\www\\s...', 50)
#1 C:\wamp64\www\site\vendor\codeigniter4\framework\system\View\View.php(220): include('C:\\wamp64\\www\\s...')
#2 C:\wamp64\www\site\vendor\codeigniter4\framework\system\View\View.php(222): CodeIgniter\View\View->CodeIgniter\View\{closure}()
#3 C:\wamp64\www\site\vendor\codeigniter4\framework\system\Common.php(1217): CodeIgniter\View\View->render('admin/documento...', Array, true)
#4 C:\wamp64\www\site\app\Controllers\Admin\Documentos.php(31): view('admin/documento...', Array)
#5 C:\wamp64\www\site\vendor\codeigniter4\framework\system\CodeIgniter.php(937): App\Controllers\Admin\Documentos->index()
#6 C:\wamp64\www\site\vendor\codeigniter4\framework\system\CodeIgniter.php(433): CodeIgniter\CodeIgniter->runController(Object(App\Controllers\Admin\Documentos))
#7 C:\wamp64\www\site\vendor\codeigniter4\framework\system\CodeIgniter.php(334): CodeIgniter\CodeIgniter->handleRequest(NULL, Object(Config\Cache), false)
#8 C:\wamp64\www\site\index.php(45): CodeIgniter\CodeIgniter->run()
#9 {main}
CRITICAL - 2023-03-11 11:44:31 --> Undefined variable $documentos
#0 C:\wamp64\www\site\app\Views\admin\documentos\index.php(50): CodeIgniter\Debug\Exceptions->errorHandler(2, 'Undefined varia...', 'C:\\wamp64\\www\\s...', 50)
#1 C:\wamp64\www\site\vendor\codeigniter4\framework\system\View\View.php(220): include('C:\\wamp64\\www\\s...')
#2 C:\wamp64\www\site\vendor\codeigniter4\framework\system\View\View.php(222): CodeIgniter\View\View->CodeIgniter\View\{closure}()
#3 C:\wamp64\www\site\vendor\codeigniter4\framework\system\Common.php(1217): CodeIgniter\View\View->render('admin/documento...', Array, true)
#4 C:\wamp64\www\site\app\Controllers\Admin\Documentos.php(31): view('admin/documento...', Array)
#5 C:\wamp64\www\site\vendor\codeigniter4\framework\system\CodeIgniter.php(937): App\Controllers\Admin\Documentos->index()
#6 C:\wamp64\www\site\vendor\codeigniter4\framework\system\CodeIgniter.php(433): CodeIgniter\CodeIgniter->runController(Object(App\Controllers\Admin\Documentos))
#7 C:\wamp64\www\site\vendor\codeigniter4\framework\system\CodeIgniter.php(334): CodeIgniter\CodeIgniter->handleRequest(NULL, Object(Config\Cache), false)
#8 C:\wamp64\www\site\index.php(45): CodeIgniter\CodeIgniter->run()
#9 {main}
CRITICAL - 2023-03-11 11:49:13 --> Undefined property: stdClass::$nome
#0 C:\wamp64\www\site\app\Views\admin\documentos\add.php(25): CodeIgniter\Debug\Exceptions->errorHandler(2, 'Undefined prope...', 'C:\\wamp64\\www\\s...', 25)
#1 C:\wamp64\www\site\vendor\codeigniter4\framework\system\View\View.php(220): include('C:\\wamp64\\www\\s...')
#2 C:\wamp64\www\site\vendor\codeigniter4\framework\system\View\View.php(222): CodeIgniter\View\View->CodeIgniter\View\{closure}()
#3 C:\wamp64\www\site\vendor\codeigniter4\framework\system\View\View.php(468): CodeIgniter\View\View->render('admin/documento...', NULL, true)
#4 C:\wamp64\www\site\app\Views\admin\documentos\index.php(24): CodeIgniter\View\View->include('admin/documento...')
#5 C:\wamp64\www\site\vendor\codeigniter4\framework\system\View\View.php(220): include('C:\\wamp64\\www\\s...')
#6 C:\wamp64\www\site\vendor\codeigniter4\framework\system\View\View.php(222): CodeIgniter\View\View->CodeIgniter\View\{closure}()
#7 C:\wamp64\www\site\vendor\codeigniter4\framework\system\Common.php(1217): CodeIgniter\View\View->render('admin/documento...', Array, true)
#8 C:\wamp64\www\site\app\Controllers\Admin\Documentos.php(31): view('admin/documento...', Array)
#9 C:\wamp64\www\site\vendor\codeigniter4\framework\system\CodeIgniter.php(937): App\Controllers\Admin\Documentos->index()
#10 C:\wamp64\www\site\vendor\codeigniter4\framework\system\CodeIgniter.php(433): CodeIgniter\CodeIgniter->runController(Object(App\Controllers\Admin\Documentos))
#11 C:\wamp64\www\site\vendor\codeigniter4\framework\system\CodeIgniter.php(334): CodeIgniter\CodeIgniter->handleRequest(NULL, Object(Config\Cache), false)
#12 C:\wamp64\www\site\index.php(45): CodeIgniter\CodeIgniter->run()
#13 {main}
CRITICAL - 2023-03-11 11:49:15 --> Undefined property: stdClass::$nome
#0 C:\wamp64\www\site\app\Views\admin\documentos\add.php(25): CodeIgniter\Debug\Exceptions->errorHandler(2, 'Undefined prope...', 'C:\\wamp64\\www\\s...', 25)
#1 C:\wamp64\www\site\vendor\codeigniter4\framework\system\View\View.php(220): include('C:\\wamp64\\www\\s...')
#2 C:\wamp64\www\site\vendor\codeigniter4\framework\system\View\View.php(222): CodeIgniter\View\View->CodeIgniter\View\{closure}()
#3 C:\wamp64\www\site\vendor\codeigniter4\framework\system\View\View.php(468): CodeIgniter\View\View->render('admin/documento...', NULL, true)
#4 C:\wamp64\www\site\app\Views\admin\documentos\index.php(24): CodeIgniter\View\View->include('admin/documento...')
#5 C:\wamp64\www\site\vendor\codeigniter4\framework\system\View\View.php(220): include('C:\\wamp64\\www\\s...')
#6 C:\wamp64\www\site\vendor\codeigniter4\framework\system\View\View.php(222): CodeIgniter\View\View->CodeIgniter\View\{closure}()
#7 C:\wamp64\www\site\vendor\codeigniter4\framework\system\Common.php(1217): CodeIgniter\View\View->render('admin/documento...', Array, true)
#8 C:\wamp64\www\site\app\Controllers\Admin\Documentos.php(31): view('admin/documento...', Array)
#9 C:\wamp64\www\site\vendor\codeigniter4\framework\system\CodeIgniter.php(937): App\Controllers\Admin\Documentos->index()
#10 C:\wamp64\www\site\vendor\codeigniter4\framework\system\CodeIgniter.php(433): CodeIgniter\CodeIgniter->runController(Object(App\Controllers\Admin\Documentos))
#11 C:\wamp64\www\site\vendor\codeigniter4\framework\system\CodeIgniter.php(334): CodeIgniter\CodeIgniter->handleRequest(NULL, Object(Config\Cache), false)
#12 C:\wamp64\www\site\index.php(45): CodeIgniter\CodeIgniter->run()
#13 {main}
CRITICAL - 2023-03-11 11:51:24 --> Undefined variable $telefone
#0 C:\wamp64\www\site\app\Views\admin\documentos\modulo.php(25): CodeIgniter\Debug\Exceptions->errorHandler(2, 'Undefined varia...', 'C:\\wamp64\\www\\s...', 25)
#1 C:\wamp64\www\site\vendor\codeigniter4\framework\system\View\View.php(220): include('C:\\wamp64\\www\\s...')
#2 C:\wamp64\www\site\vendor\codeigniter4\framework\system\View\View.php(222): CodeIgniter\View\View->CodeIgniter\View\{closure}()
#3 C:\wamp64\www\site\vendor\codeigniter4\framework\system\Common.php(1217): CodeIgniter\View\View->render('admin/documento...', Array, true)
#4 C:\wamp64\www\site\app\Controllers\Admin\Documentos.php(50): view('admin/documento...', Array)
#5 C:\wamp64\www\site\vendor\codeigniter4\framework\system\CodeIgniter.php(937): App\Controllers\Admin\Documentos->create('1')
#6 C:\wamp64\www\site\vendor\codeigniter4\framework\system\CodeIgniter.php(433): CodeIgniter\CodeIgniter->runController(Object(App\Controllers\Admin\Documentos))
#7 C:\wamp64\www\site\vendor\codeigniter4\framework\system\CodeIgniter.php(334): CodeIgniter\CodeIgniter->handleRequest(NULL, Object(Config\Cache), false)
#8 C:\wamp64\www\site\index.php(45): CodeIgniter\CodeIgniter->run()
#9 {main}
CRITICAL - 2023-03-11 11:52:42 --> Undefined property: stdClass::$nome
#0 C:\wamp64\www\site\app\Views\admin\documentos\modulo.php(26): CodeIgniter\Debug\Exceptions->errorHandler(2, 'Undefined prope...', 'C:\\wamp64\\www\\s...', 26)
#1 C:\wamp64\www\site\vendor\codeigniter4\framework\system\View\View.php(220): include('C:\\wamp64\\www\\s...')
#2 C:\wamp64\www\site\vendor\codeigniter4\framework\system\View\View.php(222): CodeIgniter\View\View->CodeIgniter\View\{closure}()
#3 C:\wamp64\www\site\vendor\codeigniter4\framework\system\Common.php(1217): CodeIgniter\View\View->render('admin/documento...', Array, true)
#4 C:\wamp64\www\site\app\Controllers\Admin\Documentos.php(50): view('admin/documento...', Array)
#5 C:\wamp64\www\site\vendor\codeigniter4\framework\system\CodeIgniter.php(937): App\Controllers\Admin\Documentos->create('1')
#6 C:\wamp64\www\site\vendor\codeigniter4\framework\system\CodeIgniter.php(433): CodeIgniter\CodeIgniter->runController(Object(App\Controllers\Admin\Documentos))
#7 C:\wamp64\www\site\vendor\codeigniter4\framework\system\CodeIgniter.php(334): CodeIgniter\CodeIgniter->handleRequest(NULL, Object(Config\Cache), false)
#8 C:\wamp64\www\site\index.php(45): CodeIgniter\CodeIgniter->run()
#9 {main}
CRITICAL - 2023-03-11 11:52:55 --> Undefined property: stdClass::$departamento
#0 C:\wamp64\www\site\app\Views\admin\documentos\modulo.php(37): CodeIgniter\Debug\Exceptions->errorHandler(2, 'Undefined prope...', 'C:\\wamp64\\www\\s...', 37)
#1 C:\wamp64\www\site\vendor\codeigniter4\framework\system\View\View.php(220): include('C:\\wamp64\\www\\s...')
#2 C:\wamp64\www\site\vendor\codeigniter4\framework\system\View\View.php(222): CodeIgniter\View\View->CodeIgniter\View\{closure}()
#3 C:\wamp64\www\site\vendor\codeigniter4\framework\system\Common.php(1217): CodeIgniter\View\View->render('admin/documento...', Array, true)
#4 C:\wamp64\www\site\app\Controllers\Admin\Documentos.php(50): view('admin/documento...', Array)
#5 C:\wamp64\www\site\vendor\codeigniter4\framework\system\CodeIgniter.php(937): App\Controllers\Admin\Documentos->create('1')
#6 C:\wamp64\www\site\vendor\codeigniter4\framework\system\CodeIgniter.php(433): CodeIgniter\CodeIgniter->runController(Object(App\Controllers\Admin\Documentos))
#7 C:\wamp64\www\site\vendor\codeigniter4\framework\system\CodeIgniter.php(334): CodeIgniter\CodeIgniter->handleRequest(NULL, Object(Config\Cache), false)
#8 C:\wamp64\www\site\index.php(45): CodeIgniter\CodeIgniter->run()
#9 {main}
CRITICAL - 2023-03-11 11:53:09 --> Undefined property: stdClass::$name
#0 C:\wamp64\www\site\app\Views\admin\documentos\modulo.php(37): CodeIgniter\Debug\Exceptions->errorHandler(2, 'Undefined prope...', 'C:\\wamp64\\www\\s...', 37)
#1 C:\wamp64\www\site\vendor\codeigniter4\framework\system\View\View.php(220): include('C:\\wamp64\\www\\s...')
#2 C:\wamp64\www\site\vendor\codeigniter4\framework\system\View\View.php(222): CodeIgniter\View\View->CodeIgniter\View\{closure}()
#3 C:\wamp64\www\site\vendor\codeigniter4\framework\system\Common.php(1217): CodeIgniter\View\View->render('admin/documento...', Array, true)
#4 C:\wamp64\www\site\app\Controllers\Admin\Documentos.php(50): view('admin/documento...', Array)
#5 C:\wamp64\www\site\vendor\codeigniter4\framework\system\CodeIgniter.php(937): App\Controllers\Admin\Documentos->create('1')
#6 C:\wamp64\www\site\vendor\codeigniter4\framework\system\CodeIgniter.php(433): CodeIgniter\CodeIgniter->runController(Object(App\Controllers\Admin\Documentos))
#7 C:\wamp64\www\site\vendor\codeigniter4\framework\system\CodeIgniter.php(334): CodeIgniter\CodeIgniter->handleRequest(NULL, Object(Config\Cache), false)
#8 C:\wamp64\www\site\index.php(45): CodeIgniter\CodeIgniter->run()
#9 {main}
CRITICAL - 2023-03-11 11:53:12 --> Undefined property: stdClass::$name
#0 C:\wamp64\www\site\app\Views\admin\documentos\modulo.php(37): CodeIgniter\Debug\Exceptions->errorHandler(2, 'Undefined prope...', 'C:\\wamp64\\www\\s...', 37)
#1 C:\wamp64\www\site\vendor\codeigniter4\framework\system\View\View.php(220): include('C:\\wamp64\\www\\s...')
#2 C:\wamp64\www\site\vendor\codeigniter4\framework\system\View\View.php(222): CodeIgniter\View\View->CodeIgniter\View\{closure}()
#3 C:\wamp64\www\site\vendor\codeigniter4\framework\system\Common.php(1217): CodeIgniter\View\View->render('admin/documento...', Array, true)
#4 C:\wamp64\www\site\app\Controllers\Admin\Documentos.php(50): view('admin/documento...', Array)
#5 C:\wamp64\www\site\vendor\codeigniter4\framework\system\CodeIgniter.php(937): App\Controllers\Admin\Documentos->create('1')
#6 C:\wamp64\www\site\vendor\codeigniter4\framework\system\CodeIgniter.php(433): CodeIgniter\CodeIgniter->runController(Object(App\Controllers\Admin\Documentos))
#7 C:\wamp64\www\site\vendor\codeigniter4\framework\system\CodeIgniter.php(334): CodeIgniter\CodeIgniter->handleRequest(NULL, Object(Config\Cache), false)
#8 C:\wamp64\www\site\index.php(45): CodeIgniter\CodeIgniter->run()
#9 {main}
