CRITICAL - 2021-10-14 08:24:58 --> Undefined offset: 0
#0 C:\alaragon\www\site\app\Views\front\site\content.php(63): CodeIgniter\Debug\Exceptions->errorHandler(8, 'Undefined offse...', 'C:\\alaragon\\www...', 63, Array)
#1 C:\alaragon\www\site\vendor\codeigniter4\framework\system\View\View.php(220): include('C:\\alaragon\\www...')
#2 C:\alaragon\www\site\vendor\codeigniter4\framework\system\View\View.php(222): CodeIgniter\View\View->CodeIgniter\View\{closure}()
#3 C:\alaragon\www\site\vendor\codeigniter4\framework\system\Common.php(1217): CodeIgniter\View\View->render('front/site/cont...', Array, true)
#4 C:\alaragon\www\site\app\Controllers\Front\Home.php(26): view('front/site/cont...', Array)
#5 C:\alaragon\www\site\vendor\codeigniter4\framework\system\CodeIgniter.php(935): App\Controllers\Front\Home->index()
#6 C:\alaragon\www\site\vendor\codeigniter4\framework\system\CodeIgniter.php(431): CodeIgniter\CodeIgniter->runController(Object(App\Controllers\Front\Home))
#7 C:\alaragon\www\site\vendor\codeigniter4\framework\system\CodeIgniter.php(332): CodeIgniter\CodeIgniter->handleRequest(NULL, Object(Config\Cache), false)
#8 C:\alaragon\www\site\public\index.php(44): CodeIgniter\CodeIgniter->run()
#9 {main}
CRITICAL - 2021-10-14 08:26:47 --> Undefined variable: servicos
#0 C:\alaragon\www\site\app\Views\front\site\content.php(48): CodeIgniter\Debug\Exceptions->errorHandler(8, 'Undefined varia...', 'C:\\alaragon\\www...', 48, Array)
#1 C:\alaragon\www\site\vendor\codeigniter4\framework\system\View\View.php(220): include('C:\\alaragon\\www...')
#2 C:\alaragon\www\site\vendor\codeigniter4\framework\system\View\View.php(222): CodeIgniter\View\View->CodeIgniter\View\{closure}()
#3 C:\alaragon\www\site\vendor\codeigniter4\framework\system\Common.php(1217): CodeIgniter\View\View->render('front/site/cont...', Array, true)
#4 C:\alaragon\www\site\app\Controllers\Front\Home.php(26): view('front/site/cont...', Array)
#5 C:\alaragon\www\site\vendor\codeigniter4\framework\system\CodeIgniter.php(935): App\Controllers\Front\Home->index()
#6 C:\alaragon\www\site\vendor\codeigniter4\framework\system\CodeIgniter.php(431): CodeIgniter\CodeIgniter->runController(Object(App\Controllers\Front\Home))
#7 C:\alaragon\www\site\vendor\codeigniter4\framework\system\CodeIgniter.php(332): CodeIgniter\CodeIgniter->handleRequest(NULL, Object(Config\Cache), false)
#8 C:\alaragon\www\site\public\index.php(44): CodeIgniter\CodeIgniter->run()
#9 {main}
CRITICAL - 2021-10-14 08:27:59 --> Undefined offset: 0
#0 C:\alaragon\www\site\app\Views\front\site\content.php(43): CodeIgniter\Debug\Exceptions->errorHandler(8, 'Undefined offse...', 'C:\\alaragon\\www...', 43, Array)
#1 C:\alaragon\www\site\vendor\codeigniter4\framework\system\View\View.php(220): include('C:\\alaragon\\www...')
#2 C:\alaragon\www\site\vendor\codeigniter4\framework\system\View\View.php(222): CodeIgniter\View\View->CodeIgniter\View\{closure}()
#3 C:\alaragon\www\site\vendor\codeigniter4\framework\system\Common.php(1217): CodeIgniter\View\View->render('front/site/cont...', Array, true)
#4 C:\alaragon\www\site\app\Controllers\Front\Home.php(26): view('front/site/cont...', Array)
#5 C:\alaragon\www\site\vendor\codeigniter4\framework\system\CodeIgniter.php(935): App\Controllers\Front\Home->index()
#6 C:\alaragon\www\site\vendor\codeigniter4\framework\system\CodeIgniter.php(431): CodeIgniter\CodeIgniter->runController(Object(App\Controllers\Front\Home))
#7 C:\alaragon\www\site\vendor\codeigniter4\framework\system\CodeIgniter.php(332): CodeIgniter\CodeIgniter->handleRequest(NULL, Object(Config\Cache), false)
#8 C:\alaragon\www\site\public\index.php(44): CodeIgniter\CodeIgniter->run()
#9 {main}
CRITICAL - 2021-10-14 08:28:27 --> Undefined offset: 0
#0 C:\alaragon\www\site\app\Views\front\site\content.php(41): CodeIgniter\Debug\Exceptions->errorHandler(8, 'Undefined offse...', 'C:\\alaragon\\www...', 41, Array)
#1 C:\alaragon\www\site\vendor\codeigniter4\framework\system\View\View.php(220): include('C:\\alaragon\\www...')
#2 C:\alaragon\www\site\vendor\codeigniter4\framework\system\View\View.php(222): CodeIgniter\View\View->CodeIgniter\View\{closure}()
#3 C:\alaragon\www\site\vendor\codeigniter4\framework\system\Common.php(1217): CodeIgniter\View\View->render('front/site/cont...', Array, true)
#4 C:\alaragon\www\site\app\Controllers\Front\Home.php(26): view('front/site/cont...', Array)
#5 C:\alaragon\www\site\vendor\codeigniter4\framework\system\CodeIgniter.php(935): App\Controllers\Front\Home->index()
#6 C:\alaragon\www\site\vendor\codeigniter4\framework\system\CodeIgniter.php(431): CodeIgniter\CodeIgniter->runController(Object(App\Controllers\Front\Home))
#7 C:\alaragon\www\site\vendor\codeigniter4\framework\system\CodeIgniter.php(332): CodeIgniter\CodeIgniter->handleRequest(NULL, Object(Config\Cache), false)
#8 C:\alaragon\www\site\public\index.php(44): CodeIgniter\CodeIgniter->run()
#9 {main}
CRITICAL - 2021-10-14 08:28:48 --> Undefined offset: 0
#0 C:\alaragon\www\site\app\Views\front\site\content.php(41): CodeIgniter\Debug\Exceptions->errorHandler(8, 'Undefined offse...', 'C:\\alaragon\\www...', 41, Array)
#1 C:\alaragon\www\site\vendor\codeigniter4\framework\system\View\View.php(220): include('C:\\alaragon\\www...')
#2 C:\alaragon\www\site\vendor\codeigniter4\framework\system\View\View.php(222): CodeIgniter\View\View->CodeIgniter\View\{closure}()
#3 C:\alaragon\www\site\vendor\codeigniter4\framework\system\Common.php(1217): CodeIgniter\View\View->render('front/site/cont...', Array, true)
#4 C:\alaragon\www\site\app\Controllers\Front\Home.php(26): view('front/site/cont...', Array)
#5 C:\alaragon\www\site\vendor\codeigniter4\framework\system\CodeIgniter.php(935): App\Controllers\Front\Home->index()
#6 C:\alaragon\www\site\vendor\codeigniter4\framework\system\CodeIgniter.php(431): CodeIgniter\CodeIgniter->runController(Object(App\Controllers\Front\Home))
#7 C:\alaragon\www\site\vendor\codeigniter4\framework\system\CodeIgniter.php(332): CodeIgniter\CodeIgniter->handleRequest(NULL, Object(Config\Cache), false)
#8 C:\alaragon\www\site\public\index.php(44): CodeIgniter\CodeIgniter->run()
#9 {main}
CRITICAL - 2021-10-14 08:29:43 --> Undefined variable: noticias
#0 C:\alaragon\www\site\app\Views\front\site\content.php(98): CodeIgniter\Debug\Exceptions->errorHandler(8, 'Undefined varia...', 'C:\\alaragon\\www...', 98, Array)
#1 C:\alaragon\www\site\vendor\codeigniter4\framework\system\View\View.php(220): include('C:\\alaragon\\www...')
#2 C:\alaragon\www\site\vendor\codeigniter4\framework\system\View\View.php(222): CodeIgniter\View\View->CodeIgniter\View\{closure}()
#3 C:\alaragon\www\site\vendor\codeigniter4\framework\system\Common.php(1217): CodeIgniter\View\View->render('front/site/cont...', Array, true)
#4 C:\alaragon\www\site\app\Controllers\Front\Home.php(26): view('front/site/cont...', Array)
#5 C:\alaragon\www\site\vendor\codeigniter4\framework\system\CodeIgniter.php(935): App\Controllers\Front\Home->index()
#6 C:\alaragon\www\site\vendor\codeigniter4\framework\system\CodeIgniter.php(431): CodeIgniter\CodeIgniter->runController(Object(App\Controllers\Front\Home))
#7 C:\alaragon\www\site\vendor\codeigniter4\framework\system\CodeIgniter.php(332): CodeIgniter\CodeIgniter->handleRequest(NULL, Object(Config\Cache), false)
#8 C:\alaragon\www\site\public\index.php(44): CodeIgniter\CodeIgniter->run()
#9 {main}
CRITICAL - 2021-10-14 08:31:19 --> Undefined variable: noticias
#0 C:\alaragon\www\site\app\Views\front\site\content.php(78): CodeIgniter\Debug\Exceptions->errorHandler(8, 'Undefined varia...', 'C:\\alaragon\\www...', 78, Array)
#1 C:\alaragon\www\site\vendor\codeigniter4\framework\system\View\View.php(220): include('C:\\alaragon\\www...')
#2 C:\alaragon\www\site\vendor\codeigniter4\framework\system\View\View.php(222): CodeIgniter\View\View->CodeIgniter\View\{closure}()
#3 C:\alaragon\www\site\vendor\codeigniter4\framework\system\Common.php(1217): CodeIgniter\View\View->render('front/site/cont...', Array, true)
#4 C:\alaragon\www\site\app\Controllers\Front\Home.php(26): view('front/site/cont...', Array)
#5 C:\alaragon\www\site\vendor\codeigniter4\framework\system\CodeIgniter.php(935): App\Controllers\Front\Home->index()
#6 C:\alaragon\www\site\vendor\codeigniter4\framework\system\CodeIgniter.php(431): CodeIgniter\CodeIgniter->runController(Object(App\Controllers\Front\Home))
#7 C:\alaragon\www\site\vendor\codeigniter4\framework\system\CodeIgniter.php(332): CodeIgniter\CodeIgniter->handleRequest(NULL, Object(Config\Cache), false)
#8 C:\alaragon\www\site\public\index.php(44): CodeIgniter\CodeIgniter->run()
#9 {main}
CRITICAL - 2021-10-14 08:46:57 --> Class 'App\Models\Configuracao_model' not found
#0 C:\alaragon\www\site\vendor\codeigniter4\framework\system\CodeIgniter.php(935): App\Controllers\Admin\Configuracao->index()
#1 C:\alaragon\www\site\vendor\codeigniter4\framework\system\CodeIgniter.php(431): CodeIgniter\CodeIgniter->runController(Object(App\Controllers\Admin\Configuracao))
#2 C:\alaragon\www\site\vendor\codeigniter4\framework\system\CodeIgniter.php(332): CodeIgniter\CodeIgniter->handleRequest(NULL, Object(Config\Cache), false)
#3 C:\alaragon\www\site\public\index.php(44): CodeIgniter\CodeIgniter->run()
#4 {main}
CRITICAL - 2021-10-14 08:47:32 --> Cannot declare class App\Models\Configuracao_model, because the name is already in use
#0 [internal function]: CodeIgniter\Debug\Exceptions->shutdownHandler()
#1 {main}
CRITICAL - 2021-10-14 09:06:04 --> Undefined variable: title
#0 C:\alaragon\www\site\app\Views\admin\configuracao\index.php(13): CodeIgniter\Debug\Exceptions->errorHandler(8, 'Undefined varia...', 'C:\\alaragon\\www...', 13, Array)
#1 C:\alaragon\www\site\vendor\codeigniter4\framework\system\View\View.php(220): include('C:\\alaragon\\www...')
#2 C:\alaragon\www\site\vendor\codeigniter4\framework\system\View\View.php(222): CodeIgniter\View\View->CodeIgniter\View\{closure}()
#3 C:\alaragon\www\site\vendor\codeigniter4\framework\system\Common.php(1217): CodeIgniter\View\View->render('admin/configura...', Array, true)
#4 C:\alaragon\www\site\app\Controllers\Admin\Configuracao.php(13): view('admin/configura...', Array)
#5 C:\alaragon\www\site\vendor\codeigniter4\framework\system\CodeIgniter.php(935): App\Controllers\Admin\Configuracao->index()
#6 C:\alaragon\www\site\vendor\codeigniter4\framework\system\CodeIgniter.php(431): CodeIgniter\CodeIgniter->runController(Object(App\Controllers\Admin\Configuracao))
#7 C:\alaragon\www\site\vendor\codeigniter4\framework\system\CodeIgniter.php(332): CodeIgniter\CodeIgniter->handleRequest(NULL, Object(Config\Cache), false)
#8 C:\alaragon\www\site\public\index.php(44): CodeIgniter\CodeIgniter->run()
#9 {main}
CRITICAL - 2021-10-14 09:59:11 --> Undefined property: stdClass::$fone
#0 C:\alaragon\www\site\app\Views\front\site\index.php(85): CodeIgniter\Debug\Exceptions->errorHandler(8, 'Undefined prope...', 'C:\\alaragon\\www...', 85, Array)
#1 C:\alaragon\www\site\vendor\codeigniter4\framework\system\View\View.php(220): include('C:\\alaragon\\www...')
#2 C:\alaragon\www\site\vendor\codeigniter4\framework\system\View\View.php(222): CodeIgniter\View\View->CodeIgniter\View\{closure}()
#3 C:\alaragon\www\site\vendor\codeigniter4\framework\system\View\View.php(236): CodeIgniter\View\View->render('front/site/inde...', Array, true)
#4 C:\alaragon\www\site\vendor\codeigniter4\framework\system\Common.php(1217): CodeIgniter\View\View->render('front/site/cont...', Array, true)
#5 C:\alaragon\www\site\app\Controllers\Front\Home.php(26): view('front/site/cont...', Array)
#6 C:\alaragon\www\site\vendor\codeigniter4\framework\system\CodeIgniter.php(935): App\Controllers\Front\Home->index()
#7 C:\alaragon\www\site\vendor\codeigniter4\framework\system\CodeIgniter.php(431): CodeIgniter\CodeIgniter->runController(Object(App\Controllers\Front\Home))
#8 C:\alaragon\www\site\vendor\codeigniter4\framework\system\CodeIgniter.php(332): CodeIgniter\CodeIgniter->handleRequest(NULL, Object(Config\Cache), false)
#9 C:\alaragon\www\site\public\index.php(44): CodeIgniter\CodeIgniter->run()
#10 {main}
CRITICAL - 2021-10-14 10:15:59 --> Undefined property: stdClass::$titulo
#0 C:\alaragon\www\site\app\Views\front\site\content.php(13): CodeIgniter\Debug\Exceptions->errorHandler(8, 'Undefined prope...', 'C:\\alaragon\\www...', 13, Array)
#1 C:\alaragon\www\site\vendor\codeigniter4\framework\system\View\View.php(220): include('C:\\alaragon\\www...')
#2 C:\alaragon\www\site\vendor\codeigniter4\framework\system\View\View.php(222): CodeIgniter\View\View->CodeIgniter\View\{closure}()
#3 C:\alaragon\www\site\vendor\codeigniter4\framework\system\Common.php(1217): CodeIgniter\View\View->render('front/site/cont...', Array, true)
#4 C:\alaragon\www\site\app\Controllers\Front\Home.php(26): view('front/site/cont...', Array)
#5 C:\alaragon\www\site\vendor\codeigniter4\framework\system\CodeIgniter.php(935): App\Controllers\Front\Home->index()
#6 C:\alaragon\www\site\vendor\codeigniter4\framework\system\CodeIgniter.php(431): CodeIgniter\CodeIgniter->runController(Object(App\Controllers\Front\Home))
#7 C:\alaragon\www\site\vendor\codeigniter4\framework\system\CodeIgniter.php(332): CodeIgniter\CodeIgniter->handleRequest(NULL, Object(Config\Cache), false)
#8 C:\alaragon\www\site\public\index.php(44): CodeIgniter\CodeIgniter->run()
#9 {main}
CRITICAL - 2021-10-14 10:57:04 --> Undefined property: stdClass::$imagem
#0 C:\alaragon\www\site\app\Views\front\site\content.php(49): CodeIgniter\Debug\Exceptions->errorHandler(8, 'Undefined prope...', 'C:\\alaragon\\www...', 49, Array)
#1 C:\alaragon\www\site\vendor\codeigniter4\framework\system\View\View.php(220): include('C:\\alaragon\\www...')
#2 C:\alaragon\www\site\vendor\codeigniter4\framework\system\View\View.php(222): CodeIgniter\View\View->CodeIgniter\View\{closure}()
#3 C:\alaragon\www\site\vendor\codeigniter4\framework\system\Common.php(1217): CodeIgniter\View\View->render('front/site/cont...', Array, true)
#4 C:\alaragon\www\site\app\Controllers\Front\Home.php(26): view('front/site/cont...', Array)
#5 C:\alaragon\www\site\vendor\codeigniter4\framework\system\CodeIgniter.php(935): App\Controllers\Front\Home->index()
#6 C:\alaragon\www\site\vendor\codeigniter4\framework\system\CodeIgniter.php(431): CodeIgniter\CodeIgniter->runController(Object(App\Controllers\Front\Home))
#7 C:\alaragon\www\site\vendor\codeigniter4\framework\system\CodeIgniter.php(332): CodeIgniter\CodeIgniter->handleRequest(NULL, Object(Config\Cache), false)
#8 C:\alaragon\www\site\public\index.php(44): CodeIgniter\CodeIgniter->run()
#9 {main}
CRITICAL - 2021-10-14 11:18:15 --> Undefined variable: servicos
#0 C:\alaragon\www\site\app\Views\front\site\content.php(73): CodeIgniter\Debug\Exceptions->errorHandler(8, 'Undefined varia...', 'C:\\alaragon\\www...', 73, Array)
#1 C:\alaragon\www\site\vendor\codeigniter4\framework\system\View\View.php(220): include('C:\\alaragon\\www...')
#2 C:\alaragon\www\site\vendor\codeigniter4\framework\system\View\View.php(222): CodeIgniter\View\View->CodeIgniter\View\{closure}()
#3 C:\alaragon\www\site\vendor\codeigniter4\framework\system\Common.php(1217): CodeIgniter\View\View->render('front/site/cont...', Array, true)
#4 C:\alaragon\www\site\app\Controllers\Front\Home.php(26): view('front/site/cont...', Array)
#5 C:\alaragon\www\site\vendor\codeigniter4\framework\system\CodeIgniter.php(935): App\Controllers\Front\Home->index()
#6 C:\alaragon\www\site\vendor\codeigniter4\framework\system\CodeIgniter.php(431): CodeIgniter\CodeIgniter->runController(Object(App\Controllers\Front\Home))
#7 C:\alaragon\www\site\vendor\codeigniter4\framework\system\CodeIgniter.php(332): CodeIgniter\CodeIgniter->handleRequest(NULL, Object(Config\Cache), false)
#8 C:\alaragon\www\site\public\index.php(44): CodeIgniter\CodeIgniter->run()
#9 {main}
CRITICAL - 2021-10-14 12:28:01 --> Undefined property: stdClass::$imagem
#0 C:\alaragon\www\site\app\Views\front\site\content.php(78): CodeIgniter\Debug\Exceptions->errorHandler(8, 'Undefined prope...', 'C:\\alaragon\\www...', 78, Array)
#1 C:\alaragon\www\site\vendor\codeigniter4\framework\system\View\View.php(220): include('C:\\alaragon\\www...')
#2 C:\alaragon\www\site\vendor\codeigniter4\framework\system\View\View.php(222): CodeIgniter\View\View->CodeIgniter\View\{closure}()
#3 C:\alaragon\www\site\vendor\codeigniter4\framework\system\Common.php(1217): CodeIgniter\View\View->render('front/site/cont...', Array, true)
#4 C:\alaragon\www\site\app\Controllers\Front\Home.php(27): view('front/site/cont...', Array)
#5 C:\alaragon\www\site\vendor\codeigniter4\framework\system\CodeIgniter.php(935): App\Controllers\Front\Home->index()
#6 C:\alaragon\www\site\vendor\codeigniter4\framework\system\CodeIgniter.php(431): CodeIgniter\CodeIgniter->runController(Object(App\Controllers\Front\Home))
#7 C:\alaragon\www\site\vendor\codeigniter4\framework\system\CodeIgniter.php(332): CodeIgniter\CodeIgniter->handleRequest(NULL, Object(Config\Cache), false)
#8 C:\alaragon\www\site\public\index.php(44): CodeIgniter\CodeIgniter->run()
#9 {main}
CRITICAL - 2021-10-14 12:28:46 --> Undefined property: stdClass::$file
#0 C:\alaragon\www\site\app\Views\front\site\content.php(78): CodeIgniter\Debug\Exceptions->errorHandler(8, 'Undefined prope...', 'C:\\alaragon\\www...', 78, Array)
#1 C:\alaragon\www\site\vendor\codeigniter4\framework\system\View\View.php(220): include('C:\\alaragon\\www...')
#2 C:\alaragon\www\site\vendor\codeigniter4\framework\system\View\View.php(222): CodeIgniter\View\View->CodeIgniter\View\{closure}()
#3 C:\alaragon\www\site\vendor\codeigniter4\framework\system\Common.php(1217): CodeIgniter\View\View->render('front/site/cont...', Array, true)
#4 C:\alaragon\www\site\app\Controllers\Front\Home.php(27): view('front/site/cont...', Array)
#5 C:\alaragon\www\site\vendor\codeigniter4\framework\system\CodeIgniter.php(935): App\Controllers\Front\Home->index()
#6 C:\alaragon\www\site\vendor\codeigniter4\framework\system\CodeIgniter.php(431): CodeIgniter\CodeIgniter->runController(Object(App\Controllers\Front\Home))
#7 C:\alaragon\www\site\vendor\codeigniter4\framework\system\CodeIgniter.php(332): CodeIgniter\CodeIgniter->handleRequest(NULL, Object(Config\Cache), false)
#8 C:\alaragon\www\site\public\index.php(44): CodeIgniter\CodeIgniter->run()
#9 {main}
CRITICAL - 2021-10-14 13:53:23 --> Call to undefined function character_limter()
#0 C:\alaragon\www\site\vendor\codeigniter4\framework\system\View\View.php(220): include()
#1 C:\alaragon\www\site\vendor\codeigniter4\framework\system\View\View.php(222): CodeIgniter\View\View->CodeIgniter\View\{closure}()
#2 C:\alaragon\www\site\vendor\codeigniter4\framework\system\Common.php(1217): CodeIgniter\View\View->render('front/site/cont...', Array, true)
#3 C:\alaragon\www\site\app\Controllers\Front\Home.php(27): view('front/site/cont...', Array)
#4 C:\alaragon\www\site\vendor\codeigniter4\framework\system\CodeIgniter.php(935): App\Controllers\Front\Home->index()
#5 C:\alaragon\www\site\vendor\codeigniter4\framework\system\CodeIgniter.php(431): CodeIgniter\CodeIgniter->runController(Object(App\Controllers\Front\Home))
#6 C:\alaragon\www\site\vendor\codeigniter4\framework\system\CodeIgniter.php(332): CodeIgniter\CodeIgniter->handleRequest(NULL, Object(Config\Cache), false)
#7 C:\alaragon\www\site\public\index.php(44): CodeIgniter\CodeIgniter->run()
#8 {main}
