CRITICAL - 2021-10-06 09:21:40 --> Trying to get property 'nome' of non-object
#0 C:\alaragon\www\site\app\Views\admin\usuario\index.php(7): CodeIgniter\Debug\Exceptions->errorHandler(8, 'Trying to get p...', 'C:\\alaragon\\www...', 7, Array)
#1 C:\alaragon\www\site\vendor\codeigniter4\framework\system\View\View.php(220): include('C:\\alaragon\\www...')
#2 C:\alaragon\www\site\vendor\codeigniter4\framework\system\View\View.php(222): CodeIgniter\View\View->CodeIgniter\View\{closure}()
#3 C:\alaragon\www\site\vendor\codeigniter4\framework\system\Common.php(1217): CodeIgniter\View\View->render('admin/usuario/i...', Array, true)
#4 C:\alaragon\www\site\app\Controllers\Admin\Usuario.php(13): view('admin/usuario/i...', Array)
#5 C:\alaragon\www\site\vendor\codeigniter4\framework\system\CodeIgniter.php(935): App\Controllers\Admin\Usuario->index()
#6 C:\alaragon\www\site\vendor\codeigniter4\framework\system\CodeIgniter.php(431): CodeIgniter\CodeIgniter->runController(Object(App\Controllers\Admin\Usuario))
#7 C:\alaragon\www\site\vendor\codeigniter4\framework\system\CodeIgniter.php(332): CodeIgniter\CodeIgniter->handleRequest(NULL, Object(Config\Cache), false)
#8 C:\alaragon\www\site\public\index.php(44): CodeIgniter\CodeIgniter->run()
#9 {main}
CRITICAL - 2021-10-06 10:13:28 --> Trying to get property 'nome' of non-object
#0 C:\alaragon\www\site\app\Views\admin\usuario\index.php(7): CodeIgniter\Debug\Exceptions->errorHandler(8, 'Trying to get p...', 'C:\\alaragon\\www...', 7, Array)
#1 C:\alaragon\www\site\vendor\codeigniter4\framework\system\View\View.php(220): include('C:\\alaragon\\www...')
#2 C:\alaragon\www\site\vendor\codeigniter4\framework\system\View\View.php(222): CodeIgniter\View\View->CodeIgniter\View\{closure}()
#3 C:\alaragon\www\site\vendor\codeigniter4\framework\system\Common.php(1217): CodeIgniter\View\View->render('admin/usuario/i...', Array, true)
#4 C:\alaragon\www\site\app\Controllers\Admin\Usuario.php(13): view('admin/usuario/i...', Array)
#5 C:\alaragon\www\site\vendor\codeigniter4\framework\system\CodeIgniter.php(935): App\Controllers\Admin\Usuario->index()
#6 C:\alaragon\www\site\vendor\codeigniter4\framework\system\CodeIgniter.php(431): CodeIgniter\CodeIgniter->runController(Object(App\Controllers\Admin\Usuario))
#7 C:\alaragon\www\site\vendor\codeigniter4\framework\system\CodeIgniter.php(332): CodeIgniter\CodeIgniter->handleRequest(NULL, Object(Config\Cache), false)
#8 C:\alaragon\www\site\public\index.php(44): CodeIgniter\CodeIgniter->run()
#9 {main}
CRITICAL - 2021-10-06 10:13:31 --> Trying to get property 'nome' of non-object
#0 C:\alaragon\www\site\app\Views\admin\usuario\index.php(7): CodeIgniter\Debug\Exceptions->errorHandler(8, 'Trying to get p...', 'C:\\alaragon\\www...', 7, Array)
#1 C:\alaragon\www\site\vendor\codeigniter4\framework\system\View\View.php(220): include('C:\\alaragon\\www...')
#2 C:\alaragon\www\site\vendor\codeigniter4\framework\system\View\View.php(222): CodeIgniter\View\View->CodeIgniter\View\{closure}()
#3 C:\alaragon\www\site\vendor\codeigniter4\framework\system\Common.php(1217): CodeIgniter\View\View->render('admin/usuario/i...', Array, true)
#4 C:\alaragon\www\site\app\Controllers\Admin\Usuario.php(13): view('admin/usuario/i...', Array)
#5 C:\alaragon\www\site\vendor\codeigniter4\framework\system\CodeIgniter.php(935): App\Controllers\Admin\Usuario->index()
#6 C:\alaragon\www\site\vendor\codeigniter4\framework\system\CodeIgniter.php(431): CodeIgniter\CodeIgniter->runController(Object(App\Controllers\Admin\Usuario))
#7 C:\alaragon\www\site\vendor\codeigniter4\framework\system\CodeIgniter.php(332): CodeIgniter\CodeIgniter->handleRequest(NULL, Object(Config\Cache), false)
#8 C:\alaragon\www\site\public\index.php(44): CodeIgniter\CodeIgniter->run()
#9 {main}
CRITICAL - 2021-10-06 10:13:50 --> Trying to get property 'nome' of non-object
#0 C:\alaragon\www\site\app\Views\admin\usuario\index.php(7): CodeIgniter\Debug\Exceptions->errorHandler(8, 'Trying to get p...', 'C:\\alaragon\\www...', 7, Array)
#1 C:\alaragon\www\site\vendor\codeigniter4\framework\system\View\View.php(220): include('C:\\alaragon\\www...')
#2 C:\alaragon\www\site\vendor\codeigniter4\framework\system\View\View.php(222): CodeIgniter\View\View->CodeIgniter\View\{closure}()
#3 C:\alaragon\www\site\vendor\codeigniter4\framework\system\Common.php(1217): CodeIgniter\View\View->render('admin/usuario/i...', Array, true)
#4 C:\alaragon\www\site\app\Controllers\Admin\Usuario.php(13): view('admin/usuario/i...', Array)
#5 C:\alaragon\www\site\vendor\codeigniter4\framework\system\CodeIgniter.php(935): App\Controllers\Admin\Usuario->index()
#6 C:\alaragon\www\site\vendor\codeigniter4\framework\system\CodeIgniter.php(431): CodeIgniter\CodeIgniter->runController(Object(App\Controllers\Admin\Usuario))
#7 C:\alaragon\www\site\vendor\codeigniter4\framework\system\CodeIgniter.php(332): CodeIgniter\CodeIgniter->handleRequest(NULL, Object(Config\Cache), false)
#8 C:\alaragon\www\site\public\index.php(44): CodeIgniter\CodeIgniter->run()
#9 {main}
CRITICAL - 2021-10-06 10:13:51 --> Trying to get property 'nome' of non-object
#0 C:\alaragon\www\site\app\Views\admin\usuario\index.php(7): CodeIgniter\Debug\Exceptions->errorHandler(8, 'Trying to get p...', 'C:\\alaragon\\www...', 7, Array)
#1 C:\alaragon\www\site\vendor\codeigniter4\framework\system\View\View.php(220): include('C:\\alaragon\\www...')
#2 C:\alaragon\www\site\vendor\codeigniter4\framework\system\View\View.php(222): CodeIgniter\View\View->CodeIgniter\View\{closure}()
#3 C:\alaragon\www\site\vendor\codeigniter4\framework\system\Common.php(1217): CodeIgniter\View\View->render('admin/usuario/i...', Array, true)
#4 C:\alaragon\www\site\app\Controllers\Admin\Usuario.php(13): view('admin/usuario/i...', Array)
#5 C:\alaragon\www\site\vendor\codeigniter4\framework\system\CodeIgniter.php(935): App\Controllers\Admin\Usuario->index()
#6 C:\alaragon\www\site\vendor\codeigniter4\framework\system\CodeIgniter.php(431): CodeIgniter\CodeIgniter->runController(Object(App\Controllers\Admin\Usuario))
#7 C:\alaragon\www\site\vendor\codeigniter4\framework\system\CodeIgniter.php(332): CodeIgniter\CodeIgniter->handleRequest(NULL, Object(Config\Cache), false)
#8 C:\alaragon\www\site\public\index.php(44): CodeIgniter\CodeIgniter->run()
#9 {main}
CRITICAL - 2021-10-06 10:36:26 --> Cannot declare class App\Models\admin\Receita_model, because the name is already in use
#0 [internal function]: CodeIgniter\Debug\Exceptions->shutdownHandler()
#1 {main}
CRITICAL - 2021-10-06 11:55:48 --> Cannot use object of type stdClass as array
#0 C:\alaragon\www\site\vendor\codeigniter4\framework\system\View\View.php(220): include()
#1 C:\alaragon\www\site\vendor\codeigniter4\framework\system\View\View.php(222): CodeIgniter\View\View->CodeIgniter\View\{closure}()
#2 C:\alaragon\www\site\vendor\codeigniter4\framework\system\Common.php(1217): CodeIgniter\View\View->render('admin/pedidos/i...', Array, true)
#3 C:\alaragon\www\site\app\Controllers\Admin\Pedidos.php(17): view('admin/pedidos/i...', Array)
#4 C:\alaragon\www\site\vendor\codeigniter4\framework\system\CodeIgniter.php(935): App\Controllers\Admin\Pedidos->index()
#5 C:\alaragon\www\site\vendor\codeigniter4\framework\system\CodeIgniter.php(431): CodeIgniter\CodeIgniter->runController(Object(App\Controllers\Admin\Pedidos))
#6 C:\alaragon\www\site\vendor\codeigniter4\framework\system\CodeIgniter.php(332): CodeIgniter\CodeIgniter->handleRequest(NULL, Object(Config\Cache), false)
#7 C:\alaragon\www\site\public\index.php(44): CodeIgniter\CodeIgniter->run()
#8 {main}
CRITICAL - 2021-10-06 11:55:58 --> syntax error, unexpected '0' (T_LNUMBER), expecting identifier (T_STRING) or variable (T_VARIABLE) or '{' or '$'
#0 C:\alaragon\www\site\vendor\codeigniter4\framework\system\View\View.php(222): CodeIgniter\View\View->CodeIgniter\View\{closure}()
#1 C:\alaragon\www\site\vendor\codeigniter4\framework\system\Common.php(1217): CodeIgniter\View\View->render('admin/pedidos/i...', Array, true)
#2 C:\alaragon\www\site\app\Controllers\Admin\Pedidos.php(17): view('admin/pedidos/i...', Array)
#3 C:\alaragon\www\site\vendor\codeigniter4\framework\system\CodeIgniter.php(935): App\Controllers\Admin\Pedidos->index()
#4 C:\alaragon\www\site\vendor\codeigniter4\framework\system\CodeIgniter.php(431): CodeIgniter\CodeIgniter->runController(Object(App\Controllers\Admin\Pedidos))
#5 C:\alaragon\www\site\vendor\codeigniter4\framework\system\CodeIgniter.php(332): CodeIgniter\CodeIgniter->handleRequest(NULL, Object(Config\Cache), false)
#6 C:\alaragon\www\site\public\index.php(44): CodeIgniter\CodeIgniter->run()
#7 {main}
CRITICAL - 2021-10-06 13:40:22 --> syntax error, unexpected ']', expecting ')'
#0 C:\alaragon\www\site\vendor\codeigniter4\framework\system\Router\Router.php(170): CodeIgniter\Router\Router->autoRoute('admin/api')
#1 C:\alaragon\www\site\vendor\codeigniter4\framework\system\CodeIgniter.php(815): CodeIgniter\Router\Router->handle('admin/api')
#2 C:\alaragon\www\site\vendor\codeigniter4\framework\system\CodeIgniter.php(384): CodeIgniter\CodeIgniter->tryToRouteIt(Object(CodeIgniter\Router\RouteCollection))
#3 C:\alaragon\www\site\vendor\codeigniter4\framework\system\CodeIgniter.php(332): CodeIgniter\CodeIgniter->handleRequest(NULL, Object(Config\Cache), false)
#4 C:\alaragon\www\site\public\index.php(44): CodeIgniter\CodeIgniter->run()
#5 {main}
CRITICAL - 2021-10-06 13:40:30 --> Call to undefined method CodeIgniter\HTTP\Response::negotiateLanguage()
#0 C:\alaragon\www\site\vendor\codeigniter4\framework\system\CodeIgniter.php(935): App\Controllers\Admin\Api->index()
#1 C:\alaragon\www\site\vendor\codeigniter4\framework\system\CodeIgniter.php(431): CodeIgniter\CodeIgniter->runController(Object(App\Controllers\Admin\Api))
#2 C:\alaragon\www\site\vendor\codeigniter4\framework\system\CodeIgniter.php(332): CodeIgniter\CodeIgniter->handleRequest(NULL, Object(Config\Cache), false)
#3 C:\alaragon\www\site\public\index.php(44): CodeIgniter\CodeIgniter->run()
#4 {main}
CRITICAL - 2021-10-06 13:46:46 --> Undefined variable: data
#0 C:\alaragon\www\site\app\Controllers\Admin\Api.php(21): CodeIgniter\Debug\Exceptions->errorHandler(8, 'Undefined varia...', 'C:\\alaragon\\www...', 21, Array)
#1 C:\alaragon\www\site\vendor\codeigniter4\framework\system\CodeIgniter.php(935): App\Controllers\Admin\Api->index()
#2 C:\alaragon\www\site\vendor\codeigniter4\framework\system\CodeIgniter.php(431): CodeIgniter\CodeIgniter->runController(Object(App\Controllers\Admin\Api))
#3 C:\alaragon\www\site\vendor\codeigniter4\framework\system\CodeIgniter.php(332): CodeIgniter\CodeIgniter->handleRequest(NULL, Object(Config\Cache), false)
#4 C:\alaragon\www\site\public\index.php(44): CodeIgniter\CodeIgniter->run()
#5 {main}
CRITICAL - 2021-10-06 13:49:40 --> Object of class CodeIgniter\HTTP\Response could not be converted to string
#0 C:\alaragon\www\site\vendor\codeigniter4\framework\system\CodeIgniter.php(935): App\Controllers\Admin\Api->index()
#1 C:\alaragon\www\site\vendor\codeigniter4\framework\system\CodeIgniter.php(431): CodeIgniter\CodeIgniter->runController(Object(App\Controllers\Admin\Api))
#2 C:\alaragon\www\site\vendor\codeigniter4\framework\system\CodeIgniter.php(332): CodeIgniter\CodeIgniter->handleRequest(NULL, Object(Config\Cache), false)
#3 C:\alaragon\www\site\public\index.php(44): CodeIgniter\CodeIgniter->run()
#4 {main}
CRITICAL - 2021-10-06 13:49:46 --> Object of class CodeIgniter\HTTP\Response could not be converted to string
#0 C:\alaragon\www\site\vendor\codeigniter4\framework\system\CodeIgniter.php(935): App\Controllers\Admin\Api->index()
#1 C:\alaragon\www\site\vendor\codeigniter4\framework\system\CodeIgniter.php(431): CodeIgniter\CodeIgniter->runController(Object(App\Controllers\Admin\Api))
#2 C:\alaragon\www\site\vendor\codeigniter4\framework\system\CodeIgniter.php(332): CodeIgniter\CodeIgniter->handleRequest(NULL, Object(Config\Cache), false)
#3 C:\alaragon\www\site\public\index.php(44): CodeIgniter\CodeIgniter->run()
#4 {main}
CRITICAL - 2021-10-06 13:50:34 --> json_decode() expects parameter 1 to be string, object given
#0 [internal function]: CodeIgniter\Debug\Exceptions->errorHandler(2, 'json_decode() e...', 'C:\\alaragon\\www...', 24, Array)
#1 C:\alaragon\www\site\app\Controllers\Admin\Api.php(24): json_decode(Object(CodeIgniter\HTTP\Response))
#2 C:\alaragon\www\site\vendor\codeigniter4\framework\system\CodeIgniter.php(935): App\Controllers\Admin\Api->index()
#3 C:\alaragon\www\site\vendor\codeigniter4\framework\system\CodeIgniter.php(431): CodeIgniter\CodeIgniter->runController(Object(App\Controllers\Admin\Api))
#4 C:\alaragon\www\site\vendor\codeigniter4\framework\system\CodeIgniter.php(332): CodeIgniter\CodeIgniter->handleRequest(NULL, Object(Config\Cache), false)
#5 C:\alaragon\www\site\public\index.php(44): CodeIgniter\CodeIgniter->run()
#6 {main}
CRITICAL - 2021-10-06 13:50:52 --> json_decode() expects parameter 1 to be string, object given
#0 [internal function]: CodeIgniter\Debug\Exceptions->errorHandler(2, 'json_decode() e...', 'C:\\alaragon\\www...', 24, Array)
#1 C:\alaragon\www\site\app\Controllers\Admin\Api.php(24): json_decode(Object(CodeIgniter\HTTP\Response))
#2 C:\alaragon\www\site\vendor\codeigniter4\framework\system\CodeIgniter.php(935): App\Controllers\Admin\Api->index()
#3 C:\alaragon\www\site\vendor\codeigniter4\framework\system\CodeIgniter.php(431): CodeIgniter\CodeIgniter->runController(Object(App\Controllers\Admin\Api))
#4 C:\alaragon\www\site\vendor\codeigniter4\framework\system\CodeIgniter.php(332): CodeIgniter\CodeIgniter->handleRequest(NULL, Object(Config\Cache), false)
#5 C:\alaragon\www\site\public\index.php(44): CodeIgniter\CodeIgniter->run()
#6 {main}
